[0.011s] Invoking command in '/home/sid/ros2_ws/build/parameter_handler': CMAKE_PREFIX_PATH=${CMAKE_PREFIX_PATH}:/home/sid/ros2_ws/install/my_first_pkg:/opt/ros/iron /home/sid/.local/bin/cmake /home/sid/ros2_ws/src/parameter_handler -DCMAKE_INSTALL_PREFIX=/home/sid/ros2_ws/install/parameter_handler
[0.122s] -- The C compiler identification is GNU 11.4.0
[0.201s] -- The CXX compiler identification is GNU 11.4.0
[0.210s] -- Detecting C compiler ABI info
[0.272s] -- Detecting C compiler ABI info - done
[0.281s] -- Check for working C compiler: /usr/bin/cc - skipped
[0.282s] -- Detecting C compile features
[0.282s] -- Detecting C compile features - done
[0.286s] -- Detecting CXX compiler ABI info
[0.345s] -- Detecting CXX compiler ABI info - done
[0.352s] -- Check for working CXX compiler: /usr/bin/c++ - skipped
[0.352s] -- Detecting CXX compile features
[0.353s] -- Detecting CXX compile features - done
[0.356s] -- Found ament_cmake: 2.0.3 (/opt/ros/iron/share/ament_cmake/cmake)
[0.794s] -- Found Python3: /usr/bin/python3.10 (found version "3.10.12") found components: Interpreter 
[0.889s] -- Found rclcpp: 21.0.1 (/opt/ros/iron/share/rclcpp/cmake)
[0.947s] -- Found rosidl_generator_c: 4.0.0 (/opt/ros/iron/share/rosidl_generator_c/cmake)
[0.962s] -- Found rosidl_generator_cpp: 4.0.0 (/opt/ros/iron/share/rosidl_generator_cpp/cmake)
[0.984s] -- Using all available rosidl_typesupport_c: rosidl_typesupport_fastrtps_c;rosidl_typesupport_introspection_c
[1.007s] -- Using all available rosidl_typesupport_cpp: rosidl_typesupport_fastrtps_cpp;rosidl_typesupport_introspection_cpp
[1.156s] -- Found rmw_implementation_cmake: 7.1.0 (/opt/ros/iron/share/rmw_implementation_cmake/cmake)
[1.160s] -- Found rmw_fastrtps_cpp: 7.1.1 (/opt/ros/iron/share/rmw_fastrtps_cpp/cmake)
[1.266s] -- Found OpenSSL: /usr/lib/x86_64-linux-gnu/libcrypto.so (found version "3.0.2")  
[1.291s] -- Found FastRTPS: /opt/ros/iron/include  
[1.331s] -- Using RMW implementation 'rmw_fastrtps_cpp' as default
[1.508s] -- Found ament_lint_auto: 0.14.1 (/opt/ros/iron/share/ament_lint_auto/cmake)
[1.582s] -- Added test 'cppcheck' to perform static code analysis on C / C++ code
[1.582s] -- Configured cppcheck include dirs: 
[1.582s] -- Configured cppcheck exclude dirs and/or files: 
[1.583s] -- Added test 'lint_cmake' to check CMake code style
[1.584s] -- Added test 'uncrustify' to check C / C++ code style
[1.584s] -- Configured uncrustify additional arguments: 
[1.585s] -- Added test 'xmllint' to check XML markup files
[1.586s] -- Configuring done (1.6s)
[1.589s] [31mCMake Error at CMakeLists.txt:12 (add_executable):
[1.589s]   Cannot find source file:
[1.589s] 
[1.589s]     src/parameter_handler.cpp
[1.589s] 
[1.589s]   Tried extensions .c .C .c++ .cc .cpp .cxx .cu .mpp .m .M .mm .ixx .cppm .h
[1.589s]   .hh .h++ .hm .hpp .hxx .in .txx .f .F .for .f77 .f90 .f95 .f03 .hip .ispc
[1.589s] 
[1.589s] [0m
[1.590s] [31mCMake Error at CMakeLists.txt:12 (add_executable):
[1.590s]   No SOURCES given to target: parameter_handler
[1.590s] 
[1.590s] [0m
[1.590s] [0mCMake Generate step failed.  Build files cannot be regenerated correctly.[0m
[1.600s] Invoked command in '/home/sid/ros2_ws/build/parameter_handler' returned '1': CMAKE_PREFIX_PATH=${CMAKE_PREFIX_PATH}:/home/sid/ros2_ws/install/my_first_pkg:/opt/ros/iron /home/sid/.local/bin/cmake /home/sid/ros2_ws/src/parameter_handler -DCMAKE_INSTALL_PREFIX=/home/sid/ros2_ws/install/parameter_handler
