[0.009s] Invoking command in '/home/sid/ros2_ws/build/ros2_control_demo_example_1': AMENT_PREFIX_PATH=/home/sid/ros2_ws/install/ros2_control_demo_description:${AMENT_PREFIX_PATH} CMAKE_PREFIX_PATH=/home/sid/ros2_ws/install/ros2_control_demo_description:/home/sid/ros2_ws/install/fib_test:/home/sid/ros2_ws/install/arm_checker:/home/sid/ros2_ws/install/tut_interfaces:/home/sid/ros2_ws/install/ros2_control_demo_example_2:/home/sid/ros2_ws/install/polygon_plugins:/home/sid/ros2_ws/install/polygon_base:/home/sid/ros2_ws/install/parameter_handler1:/home/sid/ros2_ws/install/parameter_handler:/home/sid/ros2_ws/install/my_package:/home/sid/ros2_ws/install/cpp_srvcli:/home/sid/ros2_ws/install/cpp_pubsub:/home/sid/ros2_ws/install/cpp_pub:/home/sid/ros2_ws/install/cpp_parameters:/home/sid/ros2_ws/install/my_first_pkg:/opt/ros/iron /home/sid/.local/bin/cmake /home/sid/ros2_ws/src/example_1 -DCMAKE_INSTALL_PREFIX=/home/sid/ros2_ws/install/ros2_control_demo_example_1
[0.070s] -- The CXX compiler identification is GNU 11.4.0
[0.077s] -- Detecting CXX compiler ABI info
[0.125s] -- Detecting CXX compiler ABI info - done
[0.132s] -- Check for working CXX compiler: /usr/bin/c++ - skipped
[0.133s] -- Detecting CXX compile features
[0.133s] -- Detecting CXX compile features - done
[0.136s] -- Found ament_cmake: 2.0.3 (/opt/ros/iron/share/ament_cmake/cmake)
[0.421s] -- Found Python3: /usr/bin/python3.10 (found version "3.10.12") found components: Interpreter 
[0.497s] -- Found hardware_interface: 3.17.0 (/opt/ros/iron/share/hardware_interface/cmake)
[0.537s] -- Found rosidl_generator_c: 4.0.0 (/opt/ros/iron/share/rosidl_generator_c/cmake)
[0.549s] -- Found rosidl_generator_cpp: 4.0.0 (/opt/ros/iron/share/rosidl_generator_cpp/cmake)
[0.565s] -- Using all available rosidl_typesupport_c: rosidl_typesupport_fastrtps_c;rosidl_typesupport_introspection_c
[0.583s] -- Using all available rosidl_typesupport_cpp: rosidl_typesupport_fastrtps_cpp;rosidl_typesupport_introspection_cpp
[1.234s] -- Found rmw_implementation_cmake: 7.1.0 (/opt/ros/iron/share/rmw_implementation_cmake/cmake)
[1.236s] -- Found rmw_fastrtps_cpp: 7.1.1 (/opt/ros/iron/share/rmw_fastrtps_cpp/cmake)
[1.315s] -- Found OpenSSL: /usr/lib/x86_64-linux-gnu/libcrypto.so (found version "3.0.2")  
[1.339s] -- Found FastRTPS: /opt/ros/iron/include  
[1.377s] -- Using RMW implementation 'rmw_fastrtps_cpp' as default
[1.559s] -- Found ament_cmake_gtest: 2.0.3 (/opt/ros/iron/share/ament_cmake_gtest/cmake)
[1.606s] -- Configuring done (1.6s)
[1.616s] -- Generating done (0.0s)
[1.617s] -- Build files have been written to: /home/sid/ros2_ws/build/ros2_control_demo_example_1
[1.627s] Invoked command in '/home/sid/ros2_ws/build/ros2_control_demo_example_1' returned '0': AMENT_PREFIX_PATH=/home/sid/ros2_ws/install/ros2_control_demo_description:${AMENT_PREFIX_PATH} CMAKE_PREFIX_PATH=/home/sid/ros2_ws/install/ros2_control_demo_description:/home/sid/ros2_ws/install/fib_test:/home/sid/ros2_ws/install/arm_checker:/home/sid/ros2_ws/install/tut_interfaces:/home/sid/ros2_ws/install/ros2_control_demo_example_2:/home/sid/ros2_ws/install/polygon_plugins:/home/sid/ros2_ws/install/polygon_base:/home/sid/ros2_ws/install/parameter_handler1:/home/sid/ros2_ws/install/parameter_handler:/home/sid/ros2_ws/install/my_package:/home/sid/ros2_ws/install/cpp_srvcli:/home/sid/ros2_ws/install/cpp_pubsub:/home/sid/ros2_ws/install/cpp_pub:/home/sid/ros2_ws/install/cpp_parameters:/home/sid/ros2_ws/install/my_first_pkg:/opt/ros/iron /home/sid/.local/bin/cmake /home/sid/ros2_ws/src/example_1 -DCMAKE_INSTALL_PREFIX=/home/sid/ros2_ws/install/ros2_control_demo_example_1
[1.628s] Invoking command in '/home/sid/ros2_ws/build/ros2_control_demo_example_1': AMENT_PREFIX_PATH=/home/sid/ros2_ws/install/ros2_control_demo_description:${AMENT_PREFIX_PATH} CMAKE_PREFIX_PATH=/home/sid/ros2_ws/install/ros2_control_demo_description:/home/sid/ros2_ws/install/fib_test:/home/sid/ros2_ws/install/arm_checker:/home/sid/ros2_ws/install/tut_interfaces:/home/sid/ros2_ws/install/ros2_control_demo_example_2:/home/sid/ros2_ws/install/polygon_plugins:/home/sid/ros2_ws/install/polygon_base:/home/sid/ros2_ws/install/parameter_handler1:/home/sid/ros2_ws/install/parameter_handler:/home/sid/ros2_ws/install/my_package:/home/sid/ros2_ws/install/cpp_srvcli:/home/sid/ros2_ws/install/cpp_pubsub:/home/sid/ros2_ws/install/cpp_pub:/home/sid/ros2_ws/install/cpp_parameters:/home/sid/ros2_ws/install/my_first_pkg:/opt/ros/iron /home/sid/.local/bin/cmake --build /home/sid/ros2_ws/build/ros2_control_demo_example_1 -- -j8 -l8
[1.665s] [ 50%] [32mBuilding CXX object CMakeFiles/ros2_control_demo_example_1.dir/hardware/rrbot.cpp.o[0m
[4.550s] [100%] [32m[1mLinking CXX shared library libros2_control_demo_example_1.so[0m
[4.659s] [100%] Built target ros2_control_demo_example_1
[4.672s] Invoked command in '/home/sid/ros2_ws/build/ros2_control_demo_example_1' returned '0': AMENT_PREFIX_PATH=/home/sid/ros2_ws/install/ros2_control_demo_description:${AMENT_PREFIX_PATH} CMAKE_PREFIX_PATH=/home/sid/ros2_ws/install/ros2_control_demo_description:/home/sid/ros2_ws/install/fib_test:/home/sid/ros2_ws/install/arm_checker:/home/sid/ros2_ws/install/tut_interfaces:/home/sid/ros2_ws/install/ros2_control_demo_example_2:/home/sid/ros2_ws/install/polygon_plugins:/home/sid/ros2_ws/install/polygon_base:/home/sid/ros2_ws/install/parameter_handler1:/home/sid/ros2_ws/install/parameter_handler:/home/sid/ros2_ws/install/my_package:/home/sid/ros2_ws/install/cpp_srvcli:/home/sid/ros2_ws/install/cpp_pubsub:/home/sid/ros2_ws/install/cpp_pub:/home/sid/ros2_ws/install/cpp_parameters:/home/sid/ros2_ws/install/my_first_pkg:/opt/ros/iron /home/sid/.local/bin/cmake --build /home/sid/ros2_ws/build/ros2_control_demo_example_1 -- -j8 -l8
[4.735s] Invoking command in '/home/sid/ros2_ws/build/ros2_control_demo_example_1': AMENT_PREFIX_PATH=/home/sid/ros2_ws/install/ros2_control_demo_description:${AMENT_PREFIX_PATH} CMAKE_PREFIX_PATH=/home/sid/ros2_ws/install/ros2_control_demo_description:/home/sid/ros2_ws/install/fib_test:/home/sid/ros2_ws/install/arm_checker:/home/sid/ros2_ws/install/tut_interfaces:/home/sid/ros2_ws/install/ros2_control_demo_example_2:/home/sid/ros2_ws/install/polygon_plugins:/home/sid/ros2_ws/install/polygon_base:/home/sid/ros2_ws/install/parameter_handler1:/home/sid/ros2_ws/install/parameter_handler:/home/sid/ros2_ws/install/my_package:/home/sid/ros2_ws/install/cpp_srvcli:/home/sid/ros2_ws/install/cpp_pubsub:/home/sid/ros2_ws/install/cpp_pub:/home/sid/ros2_ws/install/cpp_parameters:/home/sid/ros2_ws/install/my_first_pkg:/opt/ros/iron /home/sid/.local/bin/cmake --install /home/sid/ros2_ws/build/ros2_control_demo_example_1
[4.757s] -- Install configuration: ""
[4.757s] -- Installing: /home/sid/ros2_ws/install/ros2_control_demo_example_1/share/ros2_control_demo_example_1/ros2_control_demo_example_1.xml
[4.757s] -- Installing: /home/sid/ros2_ws/install/ros2_control_demo_example_1/include/ros2_control_demo_example_1
[4.758s] -- Installing: /home/sid/ros2_ws/install/ros2_control_demo_example_1/include/ros2_control_demo_example_1/ros2_control_demo_example_1
[4.758s] -- Installing: /home/sid/ros2_ws/install/ros2_control_demo_example_1/include/ros2_control_demo_example_1/ros2_control_demo_example_1/rrbot.hpp
[4.758s] -- Installing: /home/sid/ros2_ws/install/ros2_control_demo_example_1/include/ros2_control_demo_example_1/ros2_control_demo_example_1/visibility_control.h
[4.758s] -- Installing: /home/sid/ros2_ws/install/ros2_control_demo_example_1/share/ros2_control_demo_example_1/launch
[4.758s] -- Installing: /home/sid/ros2_ws/install/ros2_control_demo_example_1/share/ros2_control_demo_example_1/launch/view_robot.launch.py
[4.758s] -- Installing: /home/sid/ros2_ws/install/ros2_control_demo_example_1/share/ros2_control_demo_example_1/ros2_control
[4.758s] -- Installing: /home/sid/ros2_ws/install/ros2_control_demo_example_1/share/ros2_control_demo_example_1/ros2_control/rrbot.ros2_control.xacro
[4.758s] -- Installing: /home/sid/ros2_ws/install/ros2_control_demo_example_1/share/ros2_control_demo_example_1/urdf
[4.758s] -- Installing: /home/sid/ros2_ws/install/ros2_control_demo_example_1/share/ros2_control_demo_example_1/urdf/rrbot.urdf.xacro
[4.758s] -- Up-to-date: /home/sid/ros2_ws/install/ros2_control_demo_example_1/share/ros2_control_demo_example_1/launch
[4.758s] -- Installing: /home/sid/ros2_ws/install/ros2_control_demo_example_1/share/ros2_control_demo_example_1/launch/test_joint_trajectory_controller.launch.py
[4.758s] -- Installing: /home/sid/ros2_ws/install/ros2_control_demo_example_1/share/ros2_control_demo_example_1/launch/rrbot.launch.py
[4.758s] -- Installing: /home/sid/ros2_ws/install/ros2_control_demo_example_1/share/ros2_control_demo_example_1/launch/test_forward_position_controller.launch.py
[4.758s] -- Installing: /home/sid/ros2_ws/install/ros2_control_demo_example_1/share/ros2_control_demo_example_1/config
[4.759s] -- Installing: /home/sid/ros2_ws/install/ros2_control_demo_example_1/share/ros2_control_demo_example_1/config/rrbot_forward_position_publisher.yaml
[4.759s] -- Installing: /home/sid/ros2_ws/install/ros2_control_demo_example_1/share/ros2_control_demo_example_1/config/rrbot_joint_trajectory_publisher.yaml
[4.759s] -- Installing: /home/sid/ros2_ws/install/ros2_control_demo_example_1/share/ros2_control_demo_example_1/config/rrbot_controllers.yaml
[4.759s] -- Installing: /home/sid/ros2_ws/install/ros2_control_demo_example_1/lib/libros2_control_demo_example_1.so
[4.759s] -- Set runtime path of "/home/sid/ros2_ws/install/ros2_control_demo_example_1/lib/libros2_control_demo_example_1.so" to ""
[4.759s] -- Installing: /home/sid/ros2_ws/install/ros2_control_demo_example_1/share/ros2_control_demo_example_1/environment/library_path.sh
[4.759s] -- Installing: /home/sid/ros2_ws/install/ros2_control_demo_example_1/share/ros2_control_demo_example_1/environment/library_path.dsv
[4.759s] -- Installing: /home/sid/ros2_ws/install/ros2_control_demo_example_1/share/ament_index/resource_index/package_run_dependencies/ros2_control_demo_example_1
[4.760s] -- Installing: /home/sid/ros2_ws/install/ros2_control_demo_example_1/share/ament_index/resource_index/parent_prefix_path/ros2_control_demo_example_1
[4.760s] -- Installing: /home/sid/ros2_ws/install/ros2_control_demo_example_1/share/ros2_control_demo_example_1/environment/ament_prefix_path.sh
[4.760s] -- Installing: /home/sid/ros2_ws/install/ros2_control_demo_example_1/share/ros2_control_demo_example_1/environment/ament_prefix_path.dsv
[4.760s] -- Installing: /home/sid/ros2_ws/install/ros2_control_demo_example_1/share/ros2_control_demo_example_1/environment/path.sh
[4.760s] -- Installing: /home/sid/ros2_ws/install/ros2_control_demo_example_1/share/ros2_control_demo_example_1/environment/path.dsv
[4.760s] -- Installing: /home/sid/ros2_ws/install/ros2_control_demo_example_1/share/ros2_control_demo_example_1/local_setup.bash
[4.760s] -- Installing: /home/sid/ros2_ws/install/ros2_control_demo_example_1/share/ros2_control_demo_example_1/local_setup.sh
[4.760s] -- Installing: /home/sid/ros2_ws/install/ros2_control_demo_example_1/share/ros2_control_demo_example_1/local_setup.zsh
[4.760s] -- Installing: /home/sid/ros2_ws/install/ros2_control_demo_example_1/share/ros2_control_demo_example_1/local_setup.dsv
[4.760s] -- Installing: /home/sid/ros2_ws/install/ros2_control_demo_example_1/share/ros2_control_demo_example_1/package.dsv
[4.760s] -- Installing: /home/sid/ros2_ws/install/ros2_control_demo_example_1/share/ament_index/resource_index/packages/ros2_control_demo_example_1
[4.761s] -- Installing: /home/sid/ros2_ws/install/ros2_control_demo_example_1/share/ament_index/resource_index/hardware_interface__pluginlib__plugin/ros2_control_demo_example_1
[4.761s] -- Installing: /home/sid/ros2_ws/install/ros2_control_demo_example_1/share/ros2_control_demo_example_1/cmake/export_ros2_control_demo_example_1Export.cmake
[4.761s] -- Installing: /home/sid/ros2_ws/install/ros2_control_demo_example_1/share/ros2_control_demo_example_1/cmake/export_ros2_control_demo_example_1Export-noconfig.cmake
[4.761s] -- Installing: /home/sid/ros2_ws/install/ros2_control_demo_example_1/share/ros2_control_demo_example_1/cmake/ament_cmake_export_targets-extras.cmake
[4.761s] -- Installing: /home/sid/ros2_ws/install/ros2_control_demo_example_1/share/ros2_control_demo_example_1/cmake/ament_cmake_export_dependencies-extras.cmake
[4.761s] -- Installing: /home/sid/ros2_ws/install/ros2_control_demo_example_1/share/ros2_control_demo_example_1/cmake/ros2_control_demo_example_1Config.cmake
[4.761s] -- Installing: /home/sid/ros2_ws/install/ros2_control_demo_example_1/share/ros2_control_demo_example_1/cmake/ros2_control_demo_example_1Config-version.cmake
[4.761s] -- Installing: /home/sid/ros2_ws/install/ros2_control_demo_example_1/share/ros2_control_demo_example_1/package.xml
[4.766s] Invoked command in '/home/sid/ros2_ws/build/ros2_control_demo_example_1' returned '0': AMENT_PREFIX_PATH=/home/sid/ros2_ws/install/ros2_control_demo_description:${AMENT_PREFIX_PATH} CMAKE_PREFIX_PATH=/home/sid/ros2_ws/install/ros2_control_demo_description:/home/sid/ros2_ws/install/fib_test:/home/sid/ros2_ws/install/arm_checker:/home/sid/ros2_ws/install/tut_interfaces:/home/sid/ros2_ws/install/ros2_control_demo_example_2:/home/sid/ros2_ws/install/polygon_plugins:/home/sid/ros2_ws/install/polygon_base:/home/sid/ros2_ws/install/parameter_handler1:/home/sid/ros2_ws/install/parameter_handler:/home/sid/ros2_ws/install/my_package:/home/sid/ros2_ws/install/cpp_srvcli:/home/sid/ros2_ws/install/cpp_pubsub:/home/sid/ros2_ws/install/cpp_pub:/home/sid/ros2_ws/install/cpp_parameters:/home/sid/ros2_ws/install/my_first_pkg:/opt/ros/iron /home/sid/.local/bin/cmake --install /home/sid/ros2_ws/build/ros2_control_demo_example_1
