[0.013s] Invoking command in '/home/sid/ros2_ws/build/rviz_control': CMAKE_PREFIX_PATH=${CMAKE_PREFIX_PATH}:/home/sid/ros2_ws/install/my_first_pkg:/opt/ros/iron /home/sid/.local/bin/cmake /home/sid/ros2_ws/src/rviz_control -DCMAKE_INSTALL_PREFIX=/home/sid/ros2_ws/install/rviz_control
[0.110s] -- The C compiler identification is GNU 11.4.0
[0.185s] -- The CXX compiler identification is GNU 11.4.0
[0.194s] -- Detecting C compiler ABI info
[0.238s] -- Detecting C compiler ABI info - done
[0.245s] -- Check for working C compiler: /usr/bin/cc - skipped
[0.245s] -- Detecting C compile features
[0.246s] -- Detecting C compile features - done
[0.249s] -- Detecting CXX compiler ABI info
[0.297s] -- Detecting CXX compiler ABI info - done
[0.304s] -- Check for working CXX compiler: /usr/bin/c++ - skipped
[0.304s] -- Detecting CXX compile features
[0.305s] -- Detecting CXX compile features - done
[0.311s] -- Found ament_cmake: 2.0.3 (/opt/ros/iron/share/ament_cmake/cmake)
[0.752s] -- Found Python3: /usr/bin/python3.10 (found version "3.10.12") found components: Interpreter 
[0.851s] -- Found rclcpp: 21.0.2 (/opt/ros/iron/share/rclcpp/cmake)
[0.911s] -- Found rosidl_generator_c: 4.0.1 (/opt/ros/iron/share/rosidl_generator_c/cmake)
[0.925s] -- Found rosidl_generator_cpp: 4.0.1 (/opt/ros/iron/share/rosidl_generator_cpp/cmake)
[0.949s] -- Using all available rosidl_typesupport_c: rosidl_typesupport_fastrtps_c;rosidl_typesupport_introspection_c
[0.971s] -- Using all available rosidl_typesupport_cpp: rosidl_typesupport_fastrtps_cpp;rosidl_typesupport_introspection_cpp
[1.118s] -- Found rmw_implementation_cmake: 7.1.0 (/opt/ros/iron/share/rmw_implementation_cmake/cmake)
[1.123s] -- Found rmw_fastrtps_cpp: 7.1.1 (/opt/ros/iron/share/rmw_fastrtps_cpp/cmake)
[1.221s] -- Found OpenSSL: /usr/lib/x86_64-linux-gnu/libcrypto.so (found version "3.0.2")  
[1.246s] -- Found FastRTPS: /opt/ros/iron/include  
[1.286s] -- Using RMW implementation 'rmw_fastrtps_cpp' as default
[1.433s] -- Found geometry_msgs: 5.0.0 (/opt/ros/iron/share/geometry_msgs/cmake)
[1.514s] -- Found ament_lint_auto: 0.14.1 (/opt/ros/iron/share/ament_lint_auto/cmake)
[1.582s] -- Added test 'cppcheck' to perform static code analysis on C / C++ code
[1.582s] -- Configured cppcheck include dirs: 
[1.582s] -- Configured cppcheck exclude dirs and/or files: 
[1.583s] -- Added test 'lint_cmake' to check CMake code style
[1.584s] -- Added test 'uncrustify' to check C / C++ code style
[1.584s] -- Configured uncrustify additional arguments: 
[1.585s] -- Added test 'xmllint' to check XML markup files
[1.586s] -- Configuring done (1.5s)
[1.590s] -- Generating done (0.0s)
[1.591s] -- Build files have been written to: /home/sid/ros2_ws/build/rviz_control
[1.600s] Invoked command in '/home/sid/ros2_ws/build/rviz_control' returned '0': CMAKE_PREFIX_PATH=${CMAKE_PREFIX_PATH}:/home/sid/ros2_ws/install/my_first_pkg:/opt/ros/iron /home/sid/.local/bin/cmake /home/sid/ros2_ws/src/rviz_control -DCMAKE_INSTALL_PREFIX=/home/sid/ros2_ws/install/rviz_control
[1.601s] Invoking command in '/home/sid/ros2_ws/build/rviz_control': CMAKE_PREFIX_PATH=${CMAKE_PREFIX_PATH}:/home/sid/ros2_ws/install/my_first_pkg:/opt/ros/iron /home/sid/.local/bin/cmake --build /home/sid/ros2_ws/build/rviz_control -- -j8 -l8
[1.638s] Invoked command in '/home/sid/ros2_ws/build/rviz_control' returned '0': CMAKE_PREFIX_PATH=${CMAKE_PREFIX_PATH}:/home/sid/ros2_ws/install/my_first_pkg:/opt/ros/iron /home/sid/.local/bin/cmake --build /home/sid/ros2_ws/build/rviz_control -- -j8 -l8
[1.698s] Invoking command in '/home/sid/ros2_ws/build/rviz_control': CMAKE_PREFIX_PATH=${CMAKE_PREFIX_PATH}:/home/sid/ros2_ws/install/my_first_pkg:/opt/ros/iron /home/sid/.local/bin/cmake --install /home/sid/ros2_ws/build/rviz_control
[1.720s] -- Install configuration: ""
[1.720s] -- Installing: /home/sid/ros2_ws/install/rviz_control/share/ament_index/resource_index/package_run_dependencies/rviz_control
[1.720s] -- Installing: /home/sid/ros2_ws/install/rviz_control/share/ament_index/resource_index/parent_prefix_path/rviz_control
[1.720s] -- Installing: /home/sid/ros2_ws/install/rviz_control/share/rviz_control/environment/ament_prefix_path.sh
[1.720s] -- Installing: /home/sid/ros2_ws/install/rviz_control/share/rviz_control/environment/ament_prefix_path.dsv
[1.720s] -- Installing: /home/sid/ros2_ws/install/rviz_control/share/rviz_control/environment/path.sh
[1.720s] -- Installing: /home/sid/ros2_ws/install/rviz_control/share/rviz_control/environment/path.dsv
[1.720s] -- Installing: /home/sid/ros2_ws/install/rviz_control/share/rviz_control/local_setup.bash
[1.720s] -- Installing: /home/sid/ros2_ws/install/rviz_control/share/rviz_control/local_setup.sh
[1.720s] -- Installing: /home/sid/ros2_ws/install/rviz_control/share/rviz_control/local_setup.zsh
[1.721s] -- Installing: /home/sid/ros2_ws/install/rviz_control/share/rviz_control/local_setup.dsv
[1.721s] -- Installing: /home/sid/ros2_ws/install/rviz_control/share/rviz_control/package.dsv
[1.721s] -- Installing: /home/sid/ros2_ws/install/rviz_control/share/ament_index/resource_index/packages/rviz_control
[1.721s] -- Installing: /home/sid/ros2_ws/install/rviz_control/share/rviz_control/cmake/rviz_controlConfig.cmake
[1.721s] -- Installing: /home/sid/ros2_ws/install/rviz_control/share/rviz_control/cmake/rviz_controlConfig-version.cmake
[1.721s] -- Installing: /home/sid/ros2_ws/install/rviz_control/share/rviz_control/package.xml
[1.725s] Invoked command in '/home/sid/ros2_ws/build/rviz_control' returned '0': CMAKE_PREFIX_PATH=${CMAKE_PREFIX_PATH}:/home/sid/ros2_ws/install/my_first_pkg:/opt/ros/iron /home/sid/.local/bin/cmake --install /home/sid/ros2_ws/build/rviz_control
