[0.030s] Invoking command in '/home/sid/ros2_ws/build/model_4wd': CMAKE_PREFIX_PATH=${CMAKE_PREFIX_PATH}:/home/sid/ros2_ws/install/my_first_pkg:/opt/ros/iron /home/sid/.local/bin/cmake --build /home/sid/ros2_ws/build/model_4wd -- -j8 -l8
[0.128s] Invoked command in '/home/sid/ros2_ws/build/model_4wd' returned '0': CMAKE_PREFIX_PATH=${CMAKE_PREFIX_PATH}:/home/sid/ros2_ws/install/my_first_pkg:/opt/ros/iron /home/sid/.local/bin/cmake --build /home/sid/ros2_ws/build/model_4wd -- -j8 -l8
[0.309s] Invoking command in '/home/sid/ros2_ws/build/model_4wd': CMAKE_PREFIX_PATH=${CMAKE_PREFIX_PATH}:/home/sid/ros2_ws/install/my_first_pkg:/opt/ros/iron /home/sid/.local/bin/cmake --install /home/sid/ros2_ws/build/model_4wd
[0.375s] -- Install configuration: ""
[0.375s] -- Up-to-date: /home/sid/ros2_ws/install/model_4wd/share/model_4wd/config
[0.376s] -- Up-to-date: /home/sid/ros2_ws/install/model_4wd/share/model_4wd/launch
[0.376s] -- Installing: /home/sid/ros2_ws/install/model_4wd/share/model_4wd/launch/fwd.launch.py
[0.376s] -- Up-to-date: /home/sid/ros2_ws/install/model_4wd/share/model_4wd/maps
[0.376s] -- Up-to-date: /home/sid/ros2_ws/install/model_4wd/share/model_4wd/meshes
[0.376s] -- Up-to-date: /home/sid/ros2_ws/install/model_4wd/share/model_4wd/meshes/robot_base.stl
[0.376s] -- Up-to-date: /home/sid/ros2_ws/install/model_4wd/share/model_4wd/models
[0.377s] -- Up-to-date: /home/sid/ros2_ws/install/model_4wd/share/model_4wd/params
[0.377s] -- Up-to-date: /home/sid/ros2_ws/install/model_4wd/share/model_4wd/rviz
[0.377s] -- Up-to-date: /home/sid/ros2_ws/install/model_4wd/share/model_4wd/rviz/rviz_basic_settings.rviz
[0.377s] -- Up-to-date: /home/sid/ros2_ws/install/model_4wd/share/model_4wd/src
[0.377s] -- Up-to-date: /home/sid/ros2_ws/install/model_4wd/share/model_4wd/urdf
[0.377s] -- Up-to-date: /home/sid/ros2_ws/install/model_4wd/share/model_4wd/urdf/model.urdf
[0.377s] -- Up-to-date: /home/sid/ros2_ws/install/model_4wd/share/model_4wd/worlds
[0.377s] -- Up-to-date: /home/sid/ros2_ws/install/model_4wd/share/ament_index/resource_index/package_run_dependencies/model_4wd
[0.378s] -- Up-to-date: /home/sid/ros2_ws/install/model_4wd/share/ament_index/resource_index/parent_prefix_path/model_4wd
[0.378s] -- Up-to-date: /home/sid/ros2_ws/install/model_4wd/share/model_4wd/environment/ament_prefix_path.sh
[0.378s] -- Up-to-date: /home/sid/ros2_ws/install/model_4wd/share/model_4wd/environment/ament_prefix_path.dsv
[0.378s] -- Up-to-date: /home/sid/ros2_ws/install/model_4wd/share/model_4wd/environment/path.sh
[0.378s] -- Up-to-date: /home/sid/ros2_ws/install/model_4wd/share/model_4wd/environment/path.dsv
[0.378s] -- Up-to-date: /home/sid/ros2_ws/install/model_4wd/share/model_4wd/local_setup.bash
[0.378s] -- Up-to-date: /home/sid/ros2_ws/install/model_4wd/share/model_4wd/local_setup.sh
[0.378s] -- Up-to-date: /home/sid/ros2_ws/install/model_4wd/share/model_4wd/local_setup.zsh
[0.378s] -- Up-to-date: /home/sid/ros2_ws/install/model_4wd/share/model_4wd/local_setup.dsv
[0.379s] -- Installing: /home/sid/ros2_ws/install/model_4wd/share/model_4wd/package.dsv
[0.379s] -- Up-to-date: /home/sid/ros2_ws/install/model_4wd/share/ament_index/resource_index/packages/model_4wd
[0.379s] -- Up-to-date: /home/sid/ros2_ws/install/model_4wd/share/model_4wd/cmake/model_4wdConfig.cmake
[0.379s] -- Up-to-date: /home/sid/ros2_ws/install/model_4wd/share/model_4wd/cmake/model_4wdConfig-version.cmake
[0.379s] -- Up-to-date: /home/sid/ros2_ws/install/model_4wd/share/model_4wd/package.xml
[0.390s] Invoked command in '/home/sid/ros2_ws/build/model_4wd' returned '0': CMAKE_PREFIX_PATH=${CMAKE_PREFIX_PATH}:/home/sid/ros2_ws/install/my_first_pkg:/opt/ros/iron /home/sid/.local/bin/cmake --install /home/sid/ros2_ws/build/model_4wd
