[0.010s] Invoking command in '/home/sid/ros2_ws/build/cpp_srvcli': CMAKE_PREFIX_PATH=${CMAKE_PREFIX_PATH}:/home/sid/ros2_ws/install/my_first_pkg:/opt/ros/iron /home/sid/.local/bin/cmake --build /home/sid/ros2_ws/build/cpp_srvcli -- -j8 -l8
[0.046s] [ 50%] Built target server
[0.049s] [100%] Built target client
[0.056s] Invoked command in '/home/sid/ros2_ws/build/cpp_srvcli' returned '0': CMAKE_PREFIX_PATH=${CMAKE_PREFIX_PATH}:/home/sid/ros2_ws/install/my_first_pkg:/opt/ros/iron /home/sid/.local/bin/cmake --build /home/sid/ros2_ws/build/cpp_srvcli -- -j8 -l8
[0.112s] Invoking command in '/home/sid/ros2_ws/build/cpp_srvcli': CMAKE_PREFIX_PATH=${CMAKE_PREFIX_PATH}:/home/sid/ros2_ws/install/my_first_pkg:/opt/ros/iron /home/sid/.local/bin/cmake --install /home/sid/ros2_ws/build/cpp_srvcli
[0.131s] -- Install configuration: ""
[0.131s] -- Up-to-date: /home/sid/ros2_ws/install/cpp_srvcli/bin/server
[0.132s] -- Up-to-date: /home/sid/ros2_ws/install/cpp_srvcli/bin/client
[0.132s] -- Up-to-date: /home/sid/ros2_ws/install/cpp_srvcli/share/ament_index/resource_index/package_run_dependencies/cpp_srvcli
[0.132s] -- Up-to-date: /home/sid/ros2_ws/install/cpp_srvcli/share/ament_index/resource_index/parent_prefix_path/cpp_srvcli
[0.132s] -- Up-to-date: /home/sid/ros2_ws/install/cpp_srvcli/share/cpp_srvcli/environment/ament_prefix_path.sh
[0.132s] -- Up-to-date: /home/sid/ros2_ws/install/cpp_srvcli/share/cpp_srvcli/environment/ament_prefix_path.dsv
[0.132s] -- Up-to-date: /home/sid/ros2_ws/install/cpp_srvcli/share/cpp_srvcli/environment/path.sh
[0.132s] -- Up-to-date: /home/sid/ros2_ws/install/cpp_srvcli/share/cpp_srvcli/environment/path.dsv
[0.132s] -- Up-to-date: /home/sid/ros2_ws/install/cpp_srvcli/share/cpp_srvcli/local_setup.bash
[0.132s] -- Up-to-date: /home/sid/ros2_ws/install/cpp_srvcli/share/cpp_srvcli/local_setup.sh
[0.132s] -- Up-to-date: /home/sid/ros2_ws/install/cpp_srvcli/share/cpp_srvcli/local_setup.zsh
[0.132s] -- Up-to-date: /home/sid/ros2_ws/install/cpp_srvcli/share/cpp_srvcli/local_setup.dsv
[0.132s] -- Installing: /home/sid/ros2_ws/install/cpp_srvcli/share/cpp_srvcli/package.dsv
[0.132s] -- Up-to-date: /home/sid/ros2_ws/install/cpp_srvcli/share/ament_index/resource_index/packages/cpp_srvcli
[0.132s] -- Up-to-date: /home/sid/ros2_ws/install/cpp_srvcli/share/cpp_srvcli/cmake/cpp_srvcliConfig.cmake
[0.132s] -- Up-to-date: /home/sid/ros2_ws/install/cpp_srvcli/share/cpp_srvcli/cmake/cpp_srvcliConfig-version.cmake
[0.132s] -- Up-to-date: /home/sid/ros2_ws/install/cpp_srvcli/share/cpp_srvcli/package.xml
[0.136s] Invoked command in '/home/sid/ros2_ws/build/cpp_srvcli' returned '0': CMAKE_PREFIX_PATH=${CMAKE_PREFIX_PATH}:/home/sid/ros2_ws/install/my_first_pkg:/opt/ros/iron /home/sid/.local/bin/cmake --install /home/sid/ros2_ws/build/cpp_srvcli
