[0.252s] DEBUG:colcon:Command line arguments: ['/usr/bin/colcon', 'build', '--packages-select', 'cpp_parameters']
[0.252s] DEBUG:colcon:Parsed command line arguments: Namespace(log_base=None, log_level=None, verb_name='build', build_base='build', install_base='install', merge_install=False, symlink_install=False, test_result_base=None, continue_on_error=False, executor='parallel', parallel_workers=8, event_handlers=None, ignore_user_meta=False, metas=['./colcon.meta'], base_paths=['.'], packages_ignore=None, packages_ignore_regex=None, paths=None, packages_up_to=None, packages_up_to_regex=None, packages_above=None, packages_above_and_dependencies=None, packages_above_depth=None, packages_select_by_dep=None, packages_skip_by_dep=None, packages_skip_up_to=None, packages_select_build_failed=False, packages_skip_build_finished=False, packages_select_test_failures=False, packages_skip_test_passed=False, packages_select=['cpp_parameters'], packages_skip=None, packages_select_regex=None, packages_skip_regex=None, packages_start=None, packages_end=None, allow_overriding=[], cmake_args=None, cmake_target=None, cmake_target_skip_unavailable=False, cmake_clean_cache=False, cmake_clean_first=False, cmake_force_configure=False, ament_cmake_args=None, catkin_cmake_args=None, catkin_skip_building_tests=False, verb_parser=<colcon_defaults.argument_parser.defaults.DefaultArgumentsDecorator object at 0x7f9c860fec80>, verb_extension=<colcon_core.verb.build.BuildVerb object at 0x7f9c860fe710>, main=<bound method BuildVerb.main of <colcon_core.verb.build.BuildVerb object at 0x7f9c860fe710>>)
[0.275s] Level 1:colcon.colcon_core.package_discovery:discover_packages(colcon_meta) check parameters
[0.275s] Level 1:colcon.colcon_core.package_discovery:discover_packages(recursive) check parameters
[0.275s] Level 1:colcon.colcon_core.package_discovery:discover_packages(ignore) check parameters
[0.275s] Level 1:colcon.colcon_core.package_discovery:discover_packages(path) check parameters
[0.275s] Level 1:colcon.colcon_core.package_discovery:discover_packages(colcon_meta) discover
[0.275s] Level 1:colcon.colcon_core.package_discovery:discover_packages(recursive) discover
[0.275s] INFO:colcon.colcon_core.package_discovery:Crawling recursively for packages in '/home/sid/ros2_ws'
[0.275s] Level 1:colcon.colcon_core.package_identification:_identify(.) by extensions ['ignore', 'ignore_ament_install']
[0.275s] Level 1:colcon.colcon_core.package_identification:_identify(.) by extension 'ignore'
[0.275s] Level 1:colcon.colcon_core.package_identification:_identify(.) by extension 'ignore_ament_install'
[0.275s] Level 1:colcon.colcon_core.package_identification:_identify(.) by extensions ['colcon_pkg']
[0.275s] Level 1:colcon.colcon_core.package_identification:_identify(.) by extension 'colcon_pkg'
[0.275s] Level 1:colcon.colcon_core.package_identification:_identify(.) by extensions ['colcon_meta']
[0.275s] Level 1:colcon.colcon_core.package_identification:_identify(.) by extension 'colcon_meta'
[0.275s] Level 1:colcon.colcon_core.package_identification:_identify(.) by extensions ['ros']
[0.275s] Level 1:colcon.colcon_core.package_identification:_identify(.) by extension 'ros'
[0.282s] Level 1:colcon.colcon_core.package_identification:_identify(.) by extensions ['cmake', 'python']
[0.282s] Level 1:colcon.colcon_core.package_identification:_identify(.) by extension 'cmake'
[0.282s] Level 1:colcon.colcon_core.package_identification:_identify(.) by extension 'python'
[0.282s] Level 1:colcon.colcon_core.package_identification:_identify(.) by extensions ['python_setup_py']
[0.282s] Level 1:colcon.colcon_core.package_identification:_identify(.) by extension 'python_setup_py'
[0.282s] Level 1:colcon.colcon_core.package_identification:_identify(build) by extensions ['ignore', 'ignore_ament_install']
[0.282s] Level 1:colcon.colcon_core.package_identification:_identify(build) by extension 'ignore'
[0.282s] Level 1:colcon.colcon_core.package_identification:_identify(build) ignored
[0.282s] Level 1:colcon.colcon_core.package_identification:_identify(install) by extensions ['ignore', 'ignore_ament_install']
[0.282s] Level 1:colcon.colcon_core.package_identification:_identify(install) by extension 'ignore'
[0.282s] Level 1:colcon.colcon_core.package_identification:_identify(install) ignored
[0.283s] Level 1:colcon.colcon_core.package_identification:_identify(log) by extensions ['ignore', 'ignore_ament_install']
[0.283s] Level 1:colcon.colcon_core.package_identification:_identify(log) by extension 'ignore'
[0.283s] Level 1:colcon.colcon_core.package_identification:_identify(log) ignored
[0.283s] Level 1:colcon.colcon_core.package_identification:_identify(src) by extensions ['ignore', 'ignore_ament_install']
[0.283s] Level 1:colcon.colcon_core.package_identification:_identify(src) by extension 'ignore'
[0.283s] Level 1:colcon.colcon_core.package_identification:_identify(src) by extension 'ignore_ament_install'
[0.283s] Level 1:colcon.colcon_core.package_identification:_identify(src) by extensions ['colcon_pkg']
[0.283s] Level 1:colcon.colcon_core.package_identification:_identify(src) by extension 'colcon_pkg'
[0.283s] Level 1:colcon.colcon_core.package_identification:_identify(src) by extensions ['colcon_meta']
[0.283s] Level 1:colcon.colcon_core.package_identification:_identify(src) by extension 'colcon_meta'
[0.283s] Level 1:colcon.colcon_core.package_identification:_identify(src) by extensions ['ros']
[0.283s] Level 1:colcon.colcon_core.package_identification:_identify(src) by extension 'ros'
[0.283s] Level 1:colcon.colcon_core.package_identification:_identify(src) by extensions ['cmake', 'python']
[0.283s] Level 1:colcon.colcon_core.package_identification:_identify(src) by extension 'cmake'
[0.283s] Level 1:colcon.colcon_core.package_identification:_identify(src) by extension 'python'
[0.283s] Level 1:colcon.colcon_core.package_identification:_identify(src) by extensions ['python_setup_py']
[0.283s] Level 1:colcon.colcon_core.package_identification:_identify(src) by extension 'python_setup_py'
[0.283s] Level 1:colcon.colcon_core.package_identification:_identify(src/cpp_parameters) by extensions ['ignore', 'ignore_ament_install']
[0.283s] Level 1:colcon.colcon_core.package_identification:_identify(src/cpp_parameters) by extension 'ignore'
[0.283s] Level 1:colcon.colcon_core.package_identification:_identify(src/cpp_parameters) by extension 'ignore_ament_install'
[0.283s] Level 1:colcon.colcon_core.package_identification:_identify(src/cpp_parameters) by extensions ['colcon_pkg']
[0.283s] Level 1:colcon.colcon_core.package_identification:_identify(src/cpp_parameters) by extension 'colcon_pkg'
[0.283s] Level 1:colcon.colcon_core.package_identification:_identify(src/cpp_parameters) by extensions ['colcon_meta']
[0.283s] Level 1:colcon.colcon_core.package_identification:_identify(src/cpp_parameters) by extension 'colcon_meta'
[0.283s] Level 1:colcon.colcon_core.package_identification:_identify(src/cpp_parameters) by extensions ['ros']
[0.283s] Level 1:colcon.colcon_core.package_identification:_identify(src/cpp_parameters) by extension 'ros'
[0.285s] DEBUG:colcon.colcon_core.package_identification:Package 'src/cpp_parameters' with type 'ros.ament_cmake' and name 'cpp_parameters'
[0.285s] Level 1:colcon.colcon_core.package_identification:_identify(src/cpp_pub) by extensions ['ignore', 'ignore_ament_install']
[0.285s] Level 1:colcon.colcon_core.package_identification:_identify(src/cpp_pub) by extension 'ignore'
[0.285s] Level 1:colcon.colcon_core.package_identification:_identify(src/cpp_pub) by extension 'ignore_ament_install'
[0.285s] Level 1:colcon.colcon_core.package_identification:_identify(src/cpp_pub) by extensions ['colcon_pkg']
[0.285s] Level 1:colcon.colcon_core.package_identification:_identify(src/cpp_pub) by extension 'colcon_pkg'
[0.285s] Level 1:colcon.colcon_core.package_identification:_identify(src/cpp_pub) by extensions ['colcon_meta']
[0.285s] Level 1:colcon.colcon_core.package_identification:_identify(src/cpp_pub) by extension 'colcon_meta'
[0.285s] Level 1:colcon.colcon_core.package_identification:_identify(src/cpp_pub) by extensions ['ros']
[0.285s] Level 1:colcon.colcon_core.package_identification:_identify(src/cpp_pub) by extension 'ros'
[0.285s] DEBUG:colcon.colcon_core.package_identification:Package 'src/cpp_pub' with type 'ros.ament_cmake' and name 'cpp_pub'
[0.286s] Level 1:colcon.colcon_core.package_identification:_identify(src/cpp_srvcli) by extensions ['ignore', 'ignore_ament_install']
[0.286s] Level 1:colcon.colcon_core.package_identification:_identify(src/cpp_srvcli) by extension 'ignore'
[0.286s] Level 1:colcon.colcon_core.package_identification:_identify(src/cpp_srvcli) by extension 'ignore_ament_install'
[0.286s] Level 1:colcon.colcon_core.package_identification:_identify(src/cpp_srvcli) by extensions ['colcon_pkg']
[0.286s] Level 1:colcon.colcon_core.package_identification:_identify(src/cpp_srvcli) by extension 'colcon_pkg'
[0.286s] Level 1:colcon.colcon_core.package_identification:_identify(src/cpp_srvcli) by extensions ['colcon_meta']
[0.286s] Level 1:colcon.colcon_core.package_identification:_identify(src/cpp_srvcli) by extension 'colcon_meta'
[0.286s] Level 1:colcon.colcon_core.package_identification:_identify(src/cpp_srvcli) by extensions ['ros']
[0.286s] Level 1:colcon.colcon_core.package_identification:_identify(src/cpp_srvcli) by extension 'ros'
[0.286s] DEBUG:colcon.colcon_core.package_identification:Package 'src/cpp_srvcli' with type 'ros.ament_cmake' and name 'cpp_srvcli'
[0.286s] Level 1:colcon.colcon_core.package_identification:_identify(src/fib_checker) by extensions ['ignore', 'ignore_ament_install']
[0.286s] Level 1:colcon.colcon_core.package_identification:_identify(src/fib_checker) by extension 'ignore'
[0.286s] Level 1:colcon.colcon_core.package_identification:_identify(src/fib_checker) by extension 'ignore_ament_install'
[0.286s] Level 1:colcon.colcon_core.package_identification:_identify(src/fib_checker) by extensions ['colcon_pkg']
[0.286s] Level 1:colcon.colcon_core.package_identification:_identify(src/fib_checker) by extension 'colcon_pkg'
[0.286s] Level 1:colcon.colcon_core.package_identification:_identify(src/fib_checker) by extensions ['colcon_meta']
[0.286s] Level 1:colcon.colcon_core.package_identification:_identify(src/fib_checker) by extension 'colcon_meta'
[0.286s] Level 1:colcon.colcon_core.package_identification:_identify(src/fib_checker) by extensions ['ros']
[0.286s] Level 1:colcon.colcon_core.package_identification:_identify(src/fib_checker) by extension 'ros'
[0.287s] DEBUG:colcon.colcon_core.package_identification:Package 'src/fib_checker' with type 'ros.ament_cmake' and name 'arm_checker'
[0.287s] Level 1:colcon.colcon_core.package_identification:_identify(src/my_first_pkg) by extensions ['ignore', 'ignore_ament_install']
[0.287s] Level 1:colcon.colcon_core.package_identification:_identify(src/my_first_pkg) by extension 'ignore'
[0.287s] Level 1:colcon.colcon_core.package_identification:_identify(src/my_first_pkg) by extension 'ignore_ament_install'
[0.287s] Level 1:colcon.colcon_core.package_identification:_identify(src/my_first_pkg) by extensions ['colcon_pkg']
[0.287s] Level 1:colcon.colcon_core.package_identification:_identify(src/my_first_pkg) by extension 'colcon_pkg'
[0.287s] Level 1:colcon.colcon_core.package_identification:_identify(src/my_first_pkg) by extensions ['colcon_meta']
[0.287s] Level 1:colcon.colcon_core.package_identification:_identify(src/my_first_pkg) by extension 'colcon_meta'
[0.287s] Level 1:colcon.colcon_core.package_identification:_identify(src/my_first_pkg) by extensions ['ros']
[0.287s] Level 1:colcon.colcon_core.package_identification:_identify(src/my_first_pkg) by extension 'ros'
[0.287s] DEBUG:colcon.colcon_core.package_identification:Package 'src/my_first_pkg' with type 'ros.ament_python' and name 'my_first_pkg'
[0.287s] Level 1:colcon.colcon_core.package_identification:_identify(src/my_package) by extensions ['ignore', 'ignore_ament_install']
[0.287s] Level 1:colcon.colcon_core.package_identification:_identify(src/my_package) by extension 'ignore'
[0.287s] Level 1:colcon.colcon_core.package_identification:_identify(src/my_package) by extension 'ignore_ament_install'
[0.287s] Level 1:colcon.colcon_core.package_identification:_identify(src/my_package) by extensions ['colcon_pkg']
[0.287s] Level 1:colcon.colcon_core.package_identification:_identify(src/my_package) by extension 'colcon_pkg'
[0.287s] Level 1:colcon.colcon_core.package_identification:_identify(src/my_package) by extensions ['colcon_meta']
[0.287s] Level 1:colcon.colcon_core.package_identification:_identify(src/my_package) by extension 'colcon_meta'
[0.287s] Level 1:colcon.colcon_core.package_identification:_identify(src/my_package) by extensions ['ros']
[0.287s] Level 1:colcon.colcon_core.package_identification:_identify(src/my_package) by extension 'ros'
[0.288s] DEBUG:colcon.colcon_core.package_identification:Package 'src/my_package' with type 'ros.ament_cmake' and name 'my_package'
[0.289s] Level 1:colcon.colcon_core.package_identification:_identify(src/tut_interfaces) by extensions ['ignore', 'ignore_ament_install']
[0.289s] Level 1:colcon.colcon_core.package_identification:_identify(src/tut_interfaces) by extension 'ignore'
[0.289s] Level 1:colcon.colcon_core.package_identification:_identify(src/tut_interfaces) by extension 'ignore_ament_install'
[0.289s] Level 1:colcon.colcon_core.package_identification:_identify(src/tut_interfaces) by extensions ['colcon_pkg']
[0.289s] Level 1:colcon.colcon_core.package_identification:_identify(src/tut_interfaces) by extension 'colcon_pkg'
[0.289s] Level 1:colcon.colcon_core.package_identification:_identify(src/tut_interfaces) by extensions ['colcon_meta']
[0.289s] Level 1:colcon.colcon_core.package_identification:_identify(src/tut_interfaces) by extension 'colcon_meta'
[0.289s] Level 1:colcon.colcon_core.package_identification:_identify(src/tut_interfaces) by extensions ['ros']
[0.289s] Level 1:colcon.colcon_core.package_identification:_identify(src/tut_interfaces) by extension 'ros'
[0.289s] DEBUG:colcon.colcon_core.package_identification:Package 'src/tut_interfaces' with type 'ros.ament_cmake' and name 'tut_interfaces'
[0.289s] Level 1:colcon.colcon_core.package_discovery:discover_packages(recursive) using defaults
[0.289s] Level 1:colcon.colcon_core.package_discovery:discover_packages(ignore) discover
[0.289s] Level 1:colcon.colcon_core.package_discovery:discover_packages(ignore) using defaults
[0.289s] Level 1:colcon.colcon_core.package_discovery:discover_packages(path) discover
[0.289s] Level 1:colcon.colcon_core.package_discovery:discover_packages(path) using defaults
[0.309s] INFO:colcon.colcon_core.package_selection:Skipping not selected package 'cpp_pub' in 'src/cpp_pub'
[0.309s] INFO:colcon.colcon_core.package_selection:Skipping not selected package 'cpp_srvcli' in 'src/cpp_srvcli'
[0.309s] INFO:colcon.colcon_core.package_selection:Skipping not selected package 'my_first_pkg' in 'src/my_first_pkg'
[0.309s] INFO:colcon.colcon_core.package_selection:Skipping not selected package 'my_package' in 'src/my_package'
[0.309s] INFO:colcon.colcon_core.package_selection:Skipping not selected package 'tut_interfaces' in 'src/tut_interfaces'
[0.309s] INFO:colcon.colcon_core.package_selection:Skipping not selected package 'arm_checker' in 'src/fib_checker'
[0.310s] Level 1:colcon.colcon_core.package_discovery:discover_packages(prefix_path) check parameters
[0.310s] Level 1:colcon.colcon_core.package_discovery:discover_packages(prefix_path) discover
[0.313s] DEBUG:colcon.colcon_installed_package_information.package_discovery:Found 9 installed packages in /home/sid/ros2_ws/install
[0.314s] DEBUG:colcon.colcon_installed_package_information.package_discovery:Found 382 installed packages in /opt/ros/iron
[0.315s] Level 1:colcon.colcon_core.package_discovery:discover_packages(prefix_path) using defaults
[0.373s] Level 5:colcon.colcon_core.verb:set package 'cpp_parameters' build argument 'cmake_args' from command line to 'None'
[0.373s] Level 5:colcon.colcon_core.verb:set package 'cpp_parameters' build argument 'cmake_target' from command line to 'None'
[0.373s] Level 5:colcon.colcon_core.verb:set package 'cpp_parameters' build argument 'cmake_target_skip_unavailable' from command line to 'False'
[0.373s] Level 5:colcon.colcon_core.verb:set package 'cpp_parameters' build argument 'cmake_clean_cache' from command line to 'False'
[0.373s] Level 5:colcon.colcon_core.verb:set package 'cpp_parameters' build argument 'cmake_clean_first' from command line to 'False'
[0.373s] Level 5:colcon.colcon_core.verb:set package 'cpp_parameters' build argument 'cmake_force_configure' from command line to 'False'
[0.373s] Level 5:colcon.colcon_core.verb:set package 'cpp_parameters' build argument 'ament_cmake_args' from command line to 'None'
[0.373s] Level 5:colcon.colcon_core.verb:set package 'cpp_parameters' build argument 'catkin_cmake_args' from command line to 'None'
[0.373s] Level 5:colcon.colcon_core.verb:set package 'cpp_parameters' build argument 'catkin_skip_building_tests' from command line to 'False'
[0.373s] DEBUG:colcon.colcon_core.verb:Building package 'cpp_parameters' with the following arguments: {'ament_cmake_args': None, 'build_base': '/home/sid/ros2_ws/build/cpp_parameters', 'catkin_cmake_args': None, 'catkin_skip_building_tests': False, 'cmake_args': None, 'cmake_clean_cache': False, 'cmake_clean_first': False, 'cmake_force_configure': False, 'cmake_target': None, 'cmake_target_skip_unavailable': False, 'install_base': '/home/sid/ros2_ws/install/cpp_parameters', 'merge_install': False, 'path': '/home/sid/ros2_ws/src/cpp_parameters', 'symlink_install': False, 'test_result_base': None}
[0.374s] INFO:colcon.colcon_core.executor:Executing jobs using 'parallel' executor
[0.376s] DEBUG:colcon.colcon_parallel_executor.executor.parallel:run_until_complete
[0.376s] INFO:colcon.colcon_ros.task.ament_cmake.build:Building ROS package in '/home/sid/ros2_ws/src/cpp_parameters' with build type 'ament_cmake'
[0.376s] INFO:colcon.colcon_cmake.task.cmake.build:Building CMake package in '/home/sid/ros2_ws/src/cpp_parameters'
[0.380s] INFO:colcon.colcon_core.plugin_system:Skipping extension 'colcon_core.shell.bat': Not used on non-Windows systems
[0.380s] INFO:colcon.colcon_core.shell:Skip shell extension 'powershell' for command environment: Not usable outside of PowerShell
[0.380s] DEBUG:colcon.colcon_core.shell:Skip shell extension 'dsv' for command environment
[0.387s] DEBUG:colcon.colcon_core.event_handler.log_command:Invoking command in '/home/sid/ros2_ws/build/cpp_parameters': CMAKE_PREFIX_PATH=${CMAKE_PREFIX_PATH}:/home/sid/ros2_ws/install/my_first_pkg:/opt/ros/iron /home/sid/.local/bin/cmake --build /home/sid/ros2_ws/build/cpp_parameters -- -j8 -l8
[3.450s] DEBUG:colcon.colcon_core.event_handler.log_command:Invoked command in '/home/sid/ros2_ws/build/cpp_parameters' returned '0': CMAKE_PREFIX_PATH=${CMAKE_PREFIX_PATH}:/home/sid/ros2_ws/install/my_first_pkg:/opt/ros/iron /home/sid/.local/bin/cmake --build /home/sid/ros2_ws/build/cpp_parameters -- -j8 -l8
[3.524s] DEBUG:colcon.colcon_core.event_handler.log_command:Invoking command in '/home/sid/ros2_ws/build/cpp_parameters': CMAKE_PREFIX_PATH=${CMAKE_PREFIX_PATH}:/home/sid/ros2_ws/install/my_first_pkg:/opt/ros/iron /home/sid/.local/bin/cmake --install /home/sid/ros2_ws/build/cpp_parameters
[3.554s] Level 1:colcon.colcon_core.environment:create_environment_scripts_only(cpp_parameters)
[3.555s] DEBUG:colcon.colcon_core.event_handler.log_command:Invoked command in '/home/sid/ros2_ws/build/cpp_parameters' returned '0': CMAKE_PREFIX_PATH=${CMAKE_PREFIX_PATH}:/home/sid/ros2_ws/install/my_first_pkg:/opt/ros/iron /home/sid/.local/bin/cmake --install /home/sid/ros2_ws/build/cpp_parameters
[3.562s] Level 1:colcon.colcon_core.environment:checking '/home/sid/ros2_ws/install/cpp_parameters' for CMake module files
[3.562s] Level 1:colcon.colcon_core.environment:checking '/home/sid/ros2_ws/install/cpp_parameters' for CMake config files
[3.562s] Level 1:colcon.colcon_core.shell:create_environment_hook('cpp_parameters', 'cmake_prefix_path')
[3.564s] INFO:colcon.colcon_core.shell:Creating environment hook '/home/sid/ros2_ws/install/cpp_parameters/share/cpp_parameters/hook/cmake_prefix_path.ps1'
[3.565s] INFO:colcon.colcon_core.shell:Creating environment descriptor '/home/sid/ros2_ws/install/cpp_parameters/share/cpp_parameters/hook/cmake_prefix_path.dsv'
[3.565s] INFO:colcon.colcon_core.shell:Creating environment hook '/home/sid/ros2_ws/install/cpp_parameters/share/cpp_parameters/hook/cmake_prefix_path.sh'
[3.566s] Level 1:colcon.colcon_core.environment:checking '/home/sid/ros2_ws/install/cpp_parameters/lib'
[3.567s] Level 1:colcon.colcon_core.environment:checking '/home/sid/ros2_ws/install/cpp_parameters/bin'
[3.567s] Level 1:colcon.colcon_core.environment:checking '/home/sid/ros2_ws/install/cpp_parameters/lib/pkgconfig/cpp_parameters.pc'
[3.567s] Level 1:colcon.colcon_core.environment:checking '/home/sid/ros2_ws/install/cpp_parameters/lib/python3.10/site-packages'
[3.567s] Level 1:colcon.colcon_core.environment:checking '/home/sid/ros2_ws/install/cpp_parameters/bin'
[3.568s] INFO:colcon.colcon_core.shell:Creating package script '/home/sid/ros2_ws/install/cpp_parameters/share/cpp_parameters/package.ps1'
[3.569s] INFO:colcon.colcon_core.shell:Creating package descriptor '/home/sid/ros2_ws/install/cpp_parameters/share/cpp_parameters/package.dsv'
[3.570s] INFO:colcon.colcon_core.shell:Creating package script '/home/sid/ros2_ws/install/cpp_parameters/share/cpp_parameters/package.sh'
[3.570s] INFO:colcon.colcon_core.shell:Creating package script '/home/sid/ros2_ws/install/cpp_parameters/share/cpp_parameters/package.bash'
[3.571s] INFO:colcon.colcon_core.shell:Creating package script '/home/sid/ros2_ws/install/cpp_parameters/share/cpp_parameters/package.zsh'
[3.571s] Level 1:colcon.colcon_core.environment:create_file_with_runtime_dependencies(/home/sid/ros2_ws/install/cpp_parameters/share/colcon-core/packages/cpp_parameters)
[3.606s] Level 1:colcon.colcon_core.environment:create_environment_scripts_only(cpp_parameters)
[3.607s] Level 1:colcon.colcon_core.environment:checking '/home/sid/ros2_ws/install/cpp_parameters' for CMake module files
[3.608s] Level 1:colcon.colcon_core.environment:checking '/home/sid/ros2_ws/install/cpp_parameters' for CMake config files
[3.608s] Level 1:colcon.colcon_core.shell:create_environment_hook('cpp_parameters', 'cmake_prefix_path')
[3.609s] INFO:colcon.colcon_core.shell:Creating environment hook '/home/sid/ros2_ws/install/cpp_parameters/share/cpp_parameters/hook/cmake_prefix_path.ps1'
[3.609s] INFO:colcon.colcon_core.shell:Creating environment descriptor '/home/sid/ros2_ws/install/cpp_parameters/share/cpp_parameters/hook/cmake_prefix_path.dsv'
[3.609s] INFO:colcon.colcon_core.shell:Creating environment hook '/home/sid/ros2_ws/install/cpp_parameters/share/cpp_parameters/hook/cmake_prefix_path.sh'
[3.609s] Level 1:colcon.colcon_core.environment:checking '/home/sid/ros2_ws/install/cpp_parameters/lib'
[3.610s] Level 1:colcon.colcon_core.environment:checking '/home/sid/ros2_ws/install/cpp_parameters/bin'
[3.610s] Level 1:colcon.colcon_core.environment:checking '/home/sid/ros2_ws/install/cpp_parameters/lib/pkgconfig/cpp_parameters.pc'
[3.610s] Level 1:colcon.colcon_core.environment:checking '/home/sid/ros2_ws/install/cpp_parameters/lib/python3.10/site-packages'
[3.610s] Level 1:colcon.colcon_core.environment:checking '/home/sid/ros2_ws/install/cpp_parameters/bin'
[3.611s] INFO:colcon.colcon_core.shell:Creating package script '/home/sid/ros2_ws/install/cpp_parameters/share/cpp_parameters/package.ps1'
[3.611s] INFO:colcon.colcon_core.shell:Creating package descriptor '/home/sid/ros2_ws/install/cpp_parameters/share/cpp_parameters/package.dsv'
[3.611s] INFO:colcon.colcon_core.shell:Creating package script '/home/sid/ros2_ws/install/cpp_parameters/share/cpp_parameters/package.sh'
[3.611s] INFO:colcon.colcon_core.shell:Creating package script '/home/sid/ros2_ws/install/cpp_parameters/share/cpp_parameters/package.bash'
[3.612s] INFO:colcon.colcon_core.shell:Creating package script '/home/sid/ros2_ws/install/cpp_parameters/share/cpp_parameters/package.zsh'
[3.612s] Level 1:colcon.colcon_core.environment:create_file_with_runtime_dependencies(/home/sid/ros2_ws/install/cpp_parameters/share/colcon-core/packages/cpp_parameters)
[3.612s] DEBUG:colcon.colcon_parallel_executor.executor.parallel:closing loop
[3.612s] DEBUG:colcon.colcon_parallel_executor.executor.parallel:loop closed
[3.612s] DEBUG:colcon.colcon_parallel_executor.executor.parallel:run_until_complete finished with '0'
[3.612s] DEBUG:colcon.colcon_core.event_reactor:joining thread
[3.623s] INFO:colcon.colcon_core.plugin_system:Skipping extension 'colcon_notification.desktop_notification.terminal_notifier': Not used on non-Darwin systems
[3.623s] INFO:colcon.colcon_core.plugin_system:Skipping extension 'colcon_notification.desktop_notification.win32': Not used on non-Windows systems
[3.623s] INFO:colcon.colcon_notification.desktop_notification:Sending desktop notification using 'notify2'
[3.634s] DEBUG:colcon.colcon_core.event_reactor:joined thread
[3.635s] INFO:colcon.colcon_core.shell:Creating prefix script '/home/sid/ros2_ws/install/local_setup.ps1'
[3.636s] INFO:colcon.colcon_core.shell:Creating prefix util module '/home/sid/ros2_ws/install/_local_setup_util_ps1.py'
[3.638s] INFO:colcon.colcon_core.shell:Creating prefix chain script '/home/sid/ros2_ws/install/setup.ps1'
[3.641s] INFO:colcon.colcon_core.shell:Creating prefix script '/home/sid/ros2_ws/install/local_setup.sh'
[3.641s] INFO:colcon.colcon_core.shell:Creating prefix util module '/home/sid/ros2_ws/install/_local_setup_util_sh.py'
[3.642s] INFO:colcon.colcon_core.shell:Creating prefix chain script '/home/sid/ros2_ws/install/setup.sh'
[3.643s] INFO:colcon.colcon_core.shell:Creating prefix script '/home/sid/ros2_ws/install/local_setup.bash'
[3.644s] INFO:colcon.colcon_core.shell:Creating prefix chain script '/home/sid/ros2_ws/install/setup.bash'
[3.645s] INFO:colcon.colcon_core.shell:Creating prefix script '/home/sid/ros2_ws/install/local_setup.zsh'
[3.646s] INFO:colcon.colcon_core.shell:Creating prefix chain script '/home/sid/ros2_ws/install/setup.zsh'
