-- The C compiler identification is GNU 11.4.0
-- The CXX compiler identification is GNU 11.4.0
-- Detecting C compiler ABI info
-- Detecting C compiler ABI info - done
-- Check for working C compiler: /usr/bin/cc - skipped
-- Detecting C compile features
-- Detecting C compile features - done
-- Detecting CXX compiler ABI info
-- Detecting CXX compiler ABI info - done
-- Check for working CXX compiler: /usr/bin/c++ - skipped
-- Detecting CXX compile features
-- Detecting CXX compile features - done
-- Found ament_cmake: 2.0.3 (/opt/ros/iron/share/ament_cmake/cmake)
-- Found Python3: /usr/bin/python3.10 (found version "3.10.12") found components: Interpreter 
-- Found xacro: 2.0.9 (/opt/ros/iron/share/xacro/cmake)
-- xacro: determining deps for: /home/sid/ros2_ws/src/bocbot/urdf/bocbot.urdf.xacro ...
-- Found ament_lint_auto: 0.14.1 (/opt/ros/iron/share/ament_lint_auto/cmake)
-- Added test 'copyright' to check source files copyright and LICENSE
-- Added test 'lint_cmake' to check CMake code style
-- Added test 'xmllint' to check XML markup files
-- Configuring done (1.0s)
-- Generating done (0.0s)
-- Build files have been written to: /home/sid/ros2_ws/build/bocbot
[100%] [34m[1mxacro: generating /home/sid/ros2_ws/src/bocbot/urdf/bocbot.urdf from /home/sid/ros2_ws/src/bocbot/urdf/bocbot.urdf.xacro[0m
[100%] Built target media_files
-- Install configuration: ""
[31mCMake Error at cmake_install.cmake:46 (file):
  file INSTALL cannot find "/home/sid/ros2_ws/src/bocbot/worlds": No such
  file or directory.

[0m
