[0.012s] Invoking command in '/home/sid/ros2_ws/build/bocbot': CMAKE_PREFIX_PATH=${CMAKE_PREFIX_PATH}:/home/sid/ros2_ws/install/my_first_pkg:/opt/ros/iron /home/sid/.local/bin/cmake /home/sid/ros2_ws/src/bocbot -DCMAKE_INSTALL_PREFIX=/home/sid/ros2_ws/install/bocbot
[0.108s] -- The C compiler identification is GNU 11.4.0
[0.166s] -- The CXX compiler identification is GNU 11.4.0
[0.175s] -- Detecting C compiler ABI info
[0.226s] -- Detecting C compiler ABI info - done
[0.234s] -- Check for working C compiler: /usr/bin/cc - skipped
[0.234s] -- Detecting C compile features
[0.234s] -- Detecting C compile features - done
[0.238s] -- Detecting CXX compiler ABI info
[0.290s] -- Detecting CXX compiler ABI info - done
[0.297s] -- Check for working CXX compiler: /usr/bin/c++ - skipped
[0.298s] -- Detecting CXX compile features
[0.298s] -- Detecting CXX compile features - done
[0.302s] -- Found ament_cmake: 2.0.3 (/opt/ros/iron/share/ament_cmake/cmake)
[0.754s] -- Found Python3: /usr/bin/python3.10 (found version "3.10.12") found components: Interpreter 
[0.859s] -- Found xacro: 2.0.9 (/opt/ros/iron/share/xacro/cmake)
[0.859s] -- xacro: determining deps for: /home/sid/ros2_ws/src/bocbot/urdf/bocbot.urdf.xacro ...
[0.919s] -- Found ament_lint_auto: 0.14.1 (/opt/ros/iron/share/ament_lint_auto/cmake)
[0.991s] -- Added test 'copyright' to check source files copyright and LICENSE
[0.994s] -- Added test 'lint_cmake' to check CMake code style
[0.995s] -- Added test 'xmllint' to check XML markup files
[0.997s] -- Configuring done (1.0s)
[0.999s] -- Generating done (0.0s)
[1.000s] -- Build files have been written to: /home/sid/ros2_ws/build/bocbot
[1.008s] Invoked command in '/home/sid/ros2_ws/build/bocbot' returned '0': CMAKE_PREFIX_PATH=${CMAKE_PREFIX_PATH}:/home/sid/ros2_ws/install/my_first_pkg:/opt/ros/iron /home/sid/.local/bin/cmake /home/sid/ros2_ws/src/bocbot -DCMAKE_INSTALL_PREFIX=/home/sid/ros2_ws/install/bocbot
[1.008s] Invoking command in '/home/sid/ros2_ws/build/bocbot': CMAKE_PREFIX_PATH=${CMAKE_PREFIX_PATH}:/home/sid/ros2_ws/install/my_first_pkg:/opt/ros/iron /home/sid/.local/bin/cmake --build /home/sid/ros2_ws/build/bocbot -- -j8 -l8
[1.044s] [100%] [34m[1mxacro: generating /home/sid/ros2_ws/src/bocbot/urdf/bocbot.urdf from /home/sid/ros2_ws/src/bocbot/urdf/bocbot.urdf.xacro[0m
[1.106s] [100%] Built target media_files
[1.118s] Invoked command in '/home/sid/ros2_ws/build/bocbot' returned '0': CMAKE_PREFIX_PATH=${CMAKE_PREFIX_PATH}:/home/sid/ros2_ws/install/my_first_pkg:/opt/ros/iron /home/sid/.local/bin/cmake --build /home/sid/ros2_ws/build/bocbot -- -j8 -l8
[1.183s] Invoking command in '/home/sid/ros2_ws/build/bocbot': CMAKE_PREFIX_PATH=${CMAKE_PREFIX_PATH}:/home/sid/ros2_ws/install/my_first_pkg:/opt/ros/iron /home/sid/.local/bin/cmake --install /home/sid/ros2_ws/build/bocbot
[1.204s] -- Install configuration: ""
[1.204s] [31mCMake Error at cmake_install.cmake:46 (file):
[1.204s]   file INSTALL cannot find "/home/sid/ros2_ws/src/bocbot/worlds": No such
[1.204s]   file or directory.
[1.204s] 
[1.204s] [0m
[1.208s] Invoked command in '/home/sid/ros2_ws/build/bocbot' returned '1': CMAKE_PREFIX_PATH=${CMAKE_PREFIX_PATH}:/home/sid/ros2_ws/install/my_first_pkg:/opt/ros/iron /home/sid/.local/bin/cmake --install /home/sid/ros2_ws/build/bocbot
