[0.012s] Invoking command in '/home/sid/ros2_ws/build/tut_interfaces': CMAKE_PREFIX_PATH=${CMAKE_PREFIX_PATH}:/home/sid/ros2_ws/install/my_first_pkg:/opt/ros/iron /home/sid/.local/bin/cmake /home/sid/ros2_ws/src/tut_interfaces -DCMAKE_INSTALL_PREFIX=/home/sid/ros2_ws/install/tut_interfaces
[0.113s] -- The C compiler identification is GNU 11.3.0
[0.177s] -- The CXX compiler identification is GNU 11.3.0
[0.185s] -- Detecting C compiler ABI info
[0.226s] -- Detecting C compiler ABI info - done
[0.233s] -- Check for working C compiler: /usr/bin/cc - skipped
[0.234s] -- Detecting C compile features
[0.234s] -- Detecting C compile features - done
[0.237s] -- Detecting CXX compiler ABI info
[0.284s] -- Detecting CXX compiler ABI info - done
[0.291s] -- Check for working CXX compiler: /usr/bin/c++ - skipped
[0.292s] -- Detecting CXX compile features
[0.292s] -- Detecting CXX compile features - done
[0.299s] -- Found ament_cmake: 2.0.3 (/opt/ros/iron/share/ament_cmake/cmake)
[0.559s] -- Found Python3: /usr/bin/python3.10 (found version "3.10.6") found components: Interpreter 
[0.640s] -- Found rosidl_default_generators: 1.5.0 (/opt/ros/iron/share/rosidl_default_generators/cmake)
[0.647s] -- Using all available rosidl_typesupport_c: rosidl_typesupport_fastrtps_c;rosidl_typesupport_introspection_c
[0.700s] -- Using all available rosidl_typesupport_cpp: rosidl_typesupport_fastrtps_cpp;rosidl_typesupport_introspection_cpp
[0.749s] -- Found rosidl_adapter: 4.0.0 (/opt/ros/iron/share/rosidl_adapter/cmake)
[0.850s] [31mCMake Error at /opt/ros/iron/share/rosidl_adapter/cmake/rosidl_adapt_interfaces.cmake:57 (message):
[0.850s]   execute_process(/usr/bin/python3.10 -m rosidl_adapter --package-name
[0.850s]   tut_interfaces --arguments-file
[0.850s]   /home/sid/ros2_ws/build/tut_interfaces/rosidl_adapter__arguments__$(PROJECT_NAME).json
[0.850s]   --output-dir
[0.850s]   /home/sid/ros2_ws/build/tut_interfaces/rosidl_adapter/tut_interfaces
[0.851s]   --output-file
[0.851s]   /home/sid/ros2_ws/build/tut_interfaces/rosidl_adapter/$(PROJECT_NAME).idls)
[0.851s]   returned error code 1:
[0.851s] 
[0.851s]   Traceback (most recent call last):
[0.851s] 
[0.851s]     File "/usr/lib/python3.10/runpy.py", line 196, in _run_module_as_main
[0.851s]       return _run_code(code, main_globals, None,
[0.851s]     File "/usr/lib/python3.10/runpy.py", line 86, in _run_code
[0.851s]       exec(code, run_globals)
[0.851s]     File "/opt/ros/iron/lib/python3.10/site-packages/rosidl_adapter/__main__.py", line 19, in <module>
[0.851s]       sys.exit(main())
[0.851s]     File "/opt/ros/iron/lib/python3.10/site-packages/rosidl_adapter/main.py", line 53, in main
[0.851s]       abs_idl_file = convert_to_idl(
[0.851s]     File "/opt/ros/iron/lib/python3.10/site-packages/rosidl_adapter/__init__.py", line 19, in convert_to_idl
[0.851s]       return convert_msg_to_idl(
[0.851s]     File "/opt/ros/iron/lib/python3.10/site-packages/rosidl_adapter/msg/__init__.py", line 28, in convert_msg_to_idl
[0.851s]       msg = parse_message_string(package_name, input_file.stem, content)
[0.851s]     File "/opt/ros/iron/lib/python3.10/site-packages/rosidl_adapter/parser.py", line 545, in parse_message_string
[0.852s]       msg = MessageSpecification(pkg_name, msg_name, fields, constants)
[0.852s]     File "/opt/ros/iron/lib/python3.10/site-packages/rosidl_adapter/parser.py", line 389, in __init__
[0.852s]       self.base_type = BaseType(
[0.852s]     File "/opt/ros/iron/lib/python3.10/site-packages/rosidl_adapter/parser.py", line 206, in __init__
[0.852s]       raise InvalidResourceName(
[0.852s] 
[0.852s]   rosidl_adapter.parser.InvalidResourceName: 'ans' is an invalid message
[0.852s]   name.  It should have the pattern '^[A-Z][A-Za-z0-9]*$'
[0.852s] 
[0.852s] Call Stack (most recent call first):
[0.852s]   /opt/ros/iron/share/rosidl_cmake/cmake/rosidl_generate_interfaces.cmake:132 (rosidl_adapt_interfaces)
[0.852s]   CMakeLists.txt:16 (rosidl_generate_interfaces)
[0.852s] 
[0.852s] [0m
[0.852s] -- Configuring incomplete, errors occurred!
[0.861s] Invoked command in '/home/sid/ros2_ws/build/tut_interfaces' returned '1': CMAKE_PREFIX_PATH=${CMAKE_PREFIX_PATH}:/home/sid/ros2_ws/install/my_first_pkg:/opt/ros/iron /home/sid/.local/bin/cmake /home/sid/ros2_ws/src/tut_interfaces -DCMAKE_INSTALL_PREFIX=/home/sid/ros2_ws/install/tut_interfaces
