[0.457s] Invoking command in '/home/sid/ros2_ws/src/my_first_pkg': PYTHONPATH=/home/sid/ros2_ws/build/my_first_pkg/prefix_override:/home/sid/ros2_ws/install/my_first_pkg/lib/python3.10/site-packages:${PYTHONPATH} /usr/bin/python3 setup.py egg_info --egg-base ../../build/my_first_pkg build --build-base /home/sid/ros2_ws/build/my_first_pkg/build install --record /home/sid/ros2_ws/build/my_first_pkg/install.log --single-version-externally-managed
[0.626s] running egg_info
[0.626s] writing ../../build/my_first_pkg/my_first_pkg.egg-info/PKG-INFO
[0.626s] writing dependency_links to ../../build/my_first_pkg/my_first_pkg.egg-info/dependency_links.txt
[0.626s] writing entry points to ../../build/my_first_pkg/my_first_pkg.egg-info/entry_points.txt
[0.626s] writing requirements to ../../build/my_first_pkg/my_first_pkg.egg-info/requires.txt
[0.626s] writing top-level names to ../../build/my_first_pkg/my_first_pkg.egg-info/top_level.txt
[0.628s] reading manifest file '../../build/my_first_pkg/my_first_pkg.egg-info/SOURCES.txt'
[0.628s] writing manifest file '../../build/my_first_pkg/my_first_pkg.egg-info/SOURCES.txt'
[0.628s] running build
[0.628s] running build_py
[0.628s] copying my_first_pkg/my_first_node.py -> /home/sid/ros2_ws/build/my_first_pkg/build/lib/my_first_pkg
[0.629s] running install
[0.629s] running install_lib
[0.629s] copying /home/sid/ros2_ws/build/my_first_pkg/build/lib/my_first_pkg/my_first_node.py -> /home/sid/ros2_ws/install/my_first_pkg/lib/python3.10/site-packages/my_first_pkg
[0.630s] byte-compiling /home/sid/ros2_ws/install/my_first_pkg/lib/python3.10/site-packages/my_first_pkg/my_first_node.py to my_first_node.cpython-310.pyc
[0.630s] running install_data
[0.631s] running install_egg_info
[0.632s] removing '/home/sid/ros2_ws/install/my_first_pkg/lib/python3.10/site-packages/my_first_pkg-0.0.0-py3.10.egg-info' (and everything under it)
[0.632s] Copying ../../build/my_first_pkg/my_first_pkg.egg-info to /home/sid/ros2_ws/install/my_first_pkg/lib/python3.10/site-packages/my_first_pkg-0.0.0-py3.10.egg-info
[0.632s] running install_scripts
[0.647s] Installing test_node script to /home/sid/ros2_ws/install/my_first_pkg/lib/my_first_pkg
[0.647s] writing list of installed files to '/home/sid/ros2_ws/build/my_first_pkg/install.log'
[0.671s] Invoked command in '/home/sid/ros2_ws/src/my_first_pkg' returned '0': PYTHONPATH=/home/sid/ros2_ws/build/my_first_pkg/prefix_override:/home/sid/ros2_ws/install/my_first_pkg/lib/python3.10/site-packages:${PYTHONPATH} /usr/bin/python3 setup.py egg_info --egg-base ../../build/my_first_pkg build --build-base /home/sid/ros2_ws/build/my_first_pkg/build install --record /home/sid/ros2_ws/build/my_first_pkg/install.log --single-version-externally-managed
