[0.260s] DEBUG:colcon:Command line arguments: ['/usr/bin/colcon', 'build']
[0.260s] DEBUG:colcon:Parsed command line arguments: Namespace(log_base=None, log_level=None, verb_name='build', build_base='build', install_base='install', merge_install=False, symlink_install=False, test_result_base=None, continue_on_error=False, executor='parallel', parallel_workers=8, event_handlers=None, ignore_user_meta=False, metas=['./colcon.meta'], base_paths=['.'], packages_ignore=None, packages_ignore_regex=None, paths=None, packages_up_to=None, packages_up_to_regex=None, packages_above=None, packages_above_and_dependencies=None, packages_above_depth=None, packages_select_by_dep=None, packages_skip_by_dep=None, packages_skip_up_to=None, packages_select_build_failed=False, packages_skip_build_finished=False, packages_select_test_failures=False, packages_skip_test_passed=False, packages_select=None, packages_skip=None, packages_select_regex=None, packages_skip_regex=None, packages_start=None, packages_end=None, allow_overriding=[], cmake_args=None, cmake_target=None, cmake_target_skip_unavailable=False, cmake_clean_cache=False, cmake_clean_first=False, cmake_force_configure=False, ament_cmake_args=None, catkin_cmake_args=None, catkin_skip_building_tests=False, verb_parser=<colcon_defaults.argument_parser.defaults.DefaultArgumentsDecorator object at 0x7f7fd071a740>, verb_extension=<colcon_core.verb.build.BuildVerb object at 0x7f7fd071a1d0>, main=<bound method BuildVerb.main of <colcon_core.verb.build.BuildVerb object at 0x7f7fd071a1d0>>)
[0.277s] Level 1:colcon.colcon_core.package_discovery:discover_packages(colcon_meta) check parameters
[0.277s] Level 1:colcon.colcon_core.package_discovery:discover_packages(recursive) check parameters
[0.277s] Level 1:colcon.colcon_core.package_discovery:discover_packages(ignore) check parameters
[0.277s] Level 1:colcon.colcon_core.package_discovery:discover_packages(path) check parameters
[0.277s] Level 1:colcon.colcon_core.package_discovery:discover_packages(colcon_meta) discover
[0.277s] Level 1:colcon.colcon_core.package_discovery:discover_packages(recursive) discover
[0.277s] INFO:colcon.colcon_core.package_discovery:Crawling recursively for packages in '/home/sid/ros2_ws'
[0.277s] Level 1:colcon.colcon_core.package_identification:_identify(.) by extensions ['ignore', 'ignore_ament_install']
[0.277s] Level 1:colcon.colcon_core.package_identification:_identify(.) by extension 'ignore'
[0.277s] Level 1:colcon.colcon_core.package_identification:_identify(.) by extension 'ignore_ament_install'
[0.277s] Level 1:colcon.colcon_core.package_identification:_identify(.) by extensions ['colcon_pkg']
[0.277s] Level 1:colcon.colcon_core.package_identification:_identify(.) by extension 'colcon_pkg'
[0.277s] Level 1:colcon.colcon_core.package_identification:_identify(.) by extensions ['colcon_meta']
[0.277s] Level 1:colcon.colcon_core.package_identification:_identify(.) by extension 'colcon_meta'
[0.277s] Level 1:colcon.colcon_core.package_identification:_identify(.) by extensions ['ros']
[0.277s] Level 1:colcon.colcon_core.package_identification:_identify(.) by extension 'ros'
[0.284s] Level 1:colcon.colcon_core.package_identification:_identify(.) by extensions ['cmake', 'python']
[0.284s] Level 1:colcon.colcon_core.package_identification:_identify(.) by extension 'cmake'
[0.284s] Level 1:colcon.colcon_core.package_identification:_identify(.) by extension 'python'
[0.284s] Level 1:colcon.colcon_core.package_identification:_identify(.) by extensions ['python_setup_py']
[0.284s] Level 1:colcon.colcon_core.package_identification:_identify(.) by extension 'python_setup_py'
[0.285s] Level 1:colcon.colcon_core.package_identification:_identify(build) by extensions ['ignore', 'ignore_ament_install']
[0.285s] Level 1:colcon.colcon_core.package_identification:_identify(build) by extension 'ignore'
[0.285s] Level 1:colcon.colcon_core.package_identification:_identify(build) ignored
[0.285s] Level 1:colcon.colcon_core.package_identification:_identify(install) by extensions ['ignore', 'ignore_ament_install']
[0.285s] Level 1:colcon.colcon_core.package_identification:_identify(install) by extension 'ignore'
[0.285s] Level 1:colcon.colcon_core.package_identification:_identify(install) ignored
[0.285s] Level 1:colcon.colcon_core.package_identification:_identify(log) by extensions ['ignore', 'ignore_ament_install']
[0.285s] Level 1:colcon.colcon_core.package_identification:_identify(log) by extension 'ignore'
[0.285s] Level 1:colcon.colcon_core.package_identification:_identify(log) ignored
[0.285s] Level 1:colcon.colcon_core.package_identification:_identify(src) by extensions ['ignore', 'ignore_ament_install']
[0.285s] Level 1:colcon.colcon_core.package_identification:_identify(src) by extension 'ignore'
[0.285s] Level 1:colcon.colcon_core.package_identification:_identify(src) by extension 'ignore_ament_install'
[0.285s] Level 1:colcon.colcon_core.package_identification:_identify(src) by extensions ['colcon_pkg']
[0.285s] Level 1:colcon.colcon_core.package_identification:_identify(src) by extension 'colcon_pkg'
[0.285s] Level 1:colcon.colcon_core.package_identification:_identify(src) by extensions ['colcon_meta']
[0.285s] Level 1:colcon.colcon_core.package_identification:_identify(src) by extension 'colcon_meta'
[0.285s] Level 1:colcon.colcon_core.package_identification:_identify(src) by extensions ['ros']
[0.285s] Level 1:colcon.colcon_core.package_identification:_identify(src) by extension 'ros'
[0.285s] Level 1:colcon.colcon_core.package_identification:_identify(src) by extensions ['cmake', 'python']
[0.285s] Level 1:colcon.colcon_core.package_identification:_identify(src) by extension 'cmake'
[0.285s] Level 1:colcon.colcon_core.package_identification:_identify(src) by extension 'python'
[0.285s] Level 1:colcon.colcon_core.package_identification:_identify(src) by extensions ['python_setup_py']
[0.285s] Level 1:colcon.colcon_core.package_identification:_identify(src) by extension 'python_setup_py'
[0.285s] Level 1:colcon.colcon_core.package_identification:_identify(src/build) by extensions ['ignore', 'ignore_ament_install']
[0.285s] Level 1:colcon.colcon_core.package_identification:_identify(src/build) by extension 'ignore'
[0.285s] Level 1:colcon.colcon_core.package_identification:_identify(src/build) ignored
[0.285s] Level 1:colcon.colcon_core.package_identification:_identify(src/cpp_pubsub) by extensions ['ignore', 'ignore_ament_install']
[0.285s] Level 1:colcon.colcon_core.package_identification:_identify(src/cpp_pubsub) by extension 'ignore'
[0.286s] Level 1:colcon.colcon_core.package_identification:_identify(src/cpp_pubsub) by extension 'ignore_ament_install'
[0.286s] Level 1:colcon.colcon_core.package_identification:_identify(src/cpp_pubsub) by extensions ['colcon_pkg']
[0.286s] Level 1:colcon.colcon_core.package_identification:_identify(src/cpp_pubsub) by extension 'colcon_pkg'
[0.286s] Level 1:colcon.colcon_core.package_identification:_identify(src/cpp_pubsub) by extensions ['colcon_meta']
[0.286s] Level 1:colcon.colcon_core.package_identification:_identify(src/cpp_pubsub) by extension 'colcon_meta'
[0.286s] Level 1:colcon.colcon_core.package_identification:_identify(src/cpp_pubsub) by extensions ['ros']
[0.286s] Level 1:colcon.colcon_core.package_identification:_identify(src/cpp_pubsub) by extension 'ros'
[0.287s] DEBUG:colcon.colcon_core.package_identification:Package 'src/cpp_pubsub' with type 'ros.ament_cmake' and name 'cpp_pubsub'
[0.287s] Level 1:colcon.colcon_core.package_identification:_identify(src/install) by extensions ['ignore', 'ignore_ament_install']
[0.287s] Level 1:colcon.colcon_core.package_identification:_identify(src/install) by extension 'ignore'
[0.287s] Level 1:colcon.colcon_core.package_identification:_identify(src/install) ignored
[0.287s] Level 1:colcon.colcon_core.package_identification:_identify(src/log) by extensions ['ignore', 'ignore_ament_install']
[0.287s] Level 1:colcon.colcon_core.package_identification:_identify(src/log) by extension 'ignore'
[0.287s] Level 1:colcon.colcon_core.package_identification:_identify(src/log) ignored
[0.287s] Level 1:colcon.colcon_core.package_identification:_identify(src/my_first_pkg) by extensions ['ignore', 'ignore_ament_install']
[0.287s] Level 1:colcon.colcon_core.package_identification:_identify(src/my_first_pkg) by extension 'ignore'
[0.288s] Level 1:colcon.colcon_core.package_identification:_identify(src/my_first_pkg) by extension 'ignore_ament_install'
[0.288s] Level 1:colcon.colcon_core.package_identification:_identify(src/my_first_pkg) by extensions ['colcon_pkg']
[0.288s] Level 1:colcon.colcon_core.package_identification:_identify(src/my_first_pkg) by extension 'colcon_pkg'
[0.288s] Level 1:colcon.colcon_core.package_identification:_identify(src/my_first_pkg) by extensions ['colcon_meta']
[0.288s] Level 1:colcon.colcon_core.package_identification:_identify(src/my_first_pkg) by extension 'colcon_meta'
[0.288s] Level 1:colcon.colcon_core.package_identification:_identify(src/my_first_pkg) by extensions ['ros']
[0.288s] Level 1:colcon.colcon_core.package_identification:_identify(src/my_first_pkg) by extension 'ros'
[0.288s] DEBUG:colcon.colcon_core.package_identification:Package 'src/my_first_pkg' with type 'ros.ament_python' and name 'my_first_pkg'
[0.288s] Level 1:colcon.colcon_core.package_identification:_identify(src/my_package) by extensions ['ignore', 'ignore_ament_install']
[0.288s] Level 1:colcon.colcon_core.package_identification:_identify(src/my_package) by extension 'ignore'
[0.288s] Level 1:colcon.colcon_core.package_identification:_identify(src/my_package) by extension 'ignore_ament_install'
[0.288s] Level 1:colcon.colcon_core.package_identification:_identify(src/my_package) by extensions ['colcon_pkg']
[0.288s] Level 1:colcon.colcon_core.package_identification:_identify(src/my_package) by extension 'colcon_pkg'
[0.288s] Level 1:colcon.colcon_core.package_identification:_identify(src/my_package) by extensions ['colcon_meta']
[0.288s] Level 1:colcon.colcon_core.package_identification:_identify(src/my_package) by extension 'colcon_meta'
[0.288s] Level 1:colcon.colcon_core.package_identification:_identify(src/my_package) by extensions ['ros']
[0.288s] Level 1:colcon.colcon_core.package_identification:_identify(src/my_package) by extension 'ros'
[0.289s] DEBUG:colcon.colcon_core.package_identification:Package 'src/my_package' with type 'ros.ament_cmake' and name 'my_package'
[0.289s] Level 1:colcon.colcon_core.package_discovery:discover_packages(recursive) using defaults
[0.289s] Level 1:colcon.colcon_core.package_discovery:discover_packages(ignore) discover
[0.289s] Level 1:colcon.colcon_core.package_discovery:discover_packages(ignore) using defaults
[0.289s] Level 1:colcon.colcon_core.package_discovery:discover_packages(path) discover
[0.289s] Level 1:colcon.colcon_core.package_discovery:discover_packages(path) using defaults
[0.308s] Level 1:colcon.colcon_core.package_discovery:discover_packages(prefix_path) check parameters
[0.308s] Level 1:colcon.colcon_core.package_discovery:discover_packages(prefix_path) discover
[0.311s] DEBUG:colcon.colcon_installed_package_information.package_discovery:Found 2 installed packages in /home/sid/ros2_ws/install
[0.312s] DEBUG:colcon.colcon_installed_package_information.package_discovery:Found 347 installed packages in /opt/ros/iron
[0.313s] Level 1:colcon.colcon_core.package_discovery:discover_packages(prefix_path) using defaults
[0.349s] Level 5:colcon.colcon_core.verb:set package 'cpp_pubsub' build argument 'cmake_args' from command line to 'None'
[0.349s] Level 5:colcon.colcon_core.verb:set package 'cpp_pubsub' build argument 'cmake_target' from command line to 'None'
[0.349s] Level 5:colcon.colcon_core.verb:set package 'cpp_pubsub' build argument 'cmake_target_skip_unavailable' from command line to 'False'
[0.349s] Level 5:colcon.colcon_core.verb:set package 'cpp_pubsub' build argument 'cmake_clean_cache' from command line to 'False'
[0.349s] Level 5:colcon.colcon_core.verb:set package 'cpp_pubsub' build argument 'cmake_clean_first' from command line to 'False'
[0.349s] Level 5:colcon.colcon_core.verb:set package 'cpp_pubsub' build argument 'cmake_force_configure' from command line to 'False'
[0.349s] Level 5:colcon.colcon_core.verb:set package 'cpp_pubsub' build argument 'ament_cmake_args' from command line to 'None'
[0.349s] Level 5:colcon.colcon_core.verb:set package 'cpp_pubsub' build argument 'catkin_cmake_args' from command line to 'None'
[0.349s] Level 5:colcon.colcon_core.verb:set package 'cpp_pubsub' build argument 'catkin_skip_building_tests' from command line to 'False'
[0.349s] DEBUG:colcon.colcon_core.verb:Building package 'cpp_pubsub' with the following arguments: {'ament_cmake_args': None, 'build_base': '/home/sid/ros2_ws/build/cpp_pubsub', 'catkin_cmake_args': None, 'catkin_skip_building_tests': False, 'cmake_args': None, 'cmake_clean_cache': False, 'cmake_clean_first': False, 'cmake_force_configure': False, 'cmake_target': None, 'cmake_target_skip_unavailable': False, 'install_base': '/home/sid/ros2_ws/install/cpp_pubsub', 'merge_install': False, 'path': '/home/sid/ros2_ws/src/cpp_pubsub', 'symlink_install': False, 'test_result_base': None}
[0.349s] Level 5:colcon.colcon_core.verb:set package 'my_first_pkg' build argument 'cmake_args' from command line to 'None'
[0.350s] Level 5:colcon.colcon_core.verb:set package 'my_first_pkg' build argument 'cmake_target' from command line to 'None'
[0.350s] Level 5:colcon.colcon_core.verb:set package 'my_first_pkg' build argument 'cmake_target_skip_unavailable' from command line to 'False'
[0.350s] Level 5:colcon.colcon_core.verb:set package 'my_first_pkg' build argument 'cmake_clean_cache' from command line to 'False'
[0.350s] Level 5:colcon.colcon_core.verb:set package 'my_first_pkg' build argument 'cmake_clean_first' from command line to 'False'
[0.350s] Level 5:colcon.colcon_core.verb:set package 'my_first_pkg' build argument 'cmake_force_configure' from command line to 'False'
[0.350s] Level 5:colcon.colcon_core.verb:set package 'my_first_pkg' build argument 'ament_cmake_args' from command line to 'None'
[0.350s] Level 5:colcon.colcon_core.verb:set package 'my_first_pkg' build argument 'catkin_cmake_args' from command line to 'None'
[0.350s] Level 5:colcon.colcon_core.verb:set package 'my_first_pkg' build argument 'catkin_skip_building_tests' from command line to 'False'
[0.350s] DEBUG:colcon.colcon_core.verb:Building package 'my_first_pkg' with the following arguments: {'ament_cmake_args': None, 'build_base': '/home/sid/ros2_ws/build/my_first_pkg', 'catkin_cmake_args': None, 'catkin_skip_building_tests': False, 'cmake_args': None, 'cmake_clean_cache': False, 'cmake_clean_first': False, 'cmake_force_configure': False, 'cmake_target': None, 'cmake_target_skip_unavailable': False, 'install_base': '/home/sid/ros2_ws/install/my_first_pkg', 'merge_install': False, 'path': '/home/sid/ros2_ws/src/my_first_pkg', 'symlink_install': False, 'test_result_base': None}
[0.350s] Level 5:colcon.colcon_core.verb:set package 'my_package' build argument 'cmake_args' from command line to 'None'
[0.350s] Level 5:colcon.colcon_core.verb:set package 'my_package' build argument 'cmake_target' from command line to 'None'
[0.350s] Level 5:colcon.colcon_core.verb:set package 'my_package' build argument 'cmake_target_skip_unavailable' from command line to 'False'
[0.350s] Level 5:colcon.colcon_core.verb:set package 'my_package' build argument 'cmake_clean_cache' from command line to 'False'
[0.350s] Level 5:colcon.colcon_core.verb:set package 'my_package' build argument 'cmake_clean_first' from command line to 'False'
[0.350s] Level 5:colcon.colcon_core.verb:set package 'my_package' build argument 'cmake_force_configure' from command line to 'False'
[0.350s] Level 5:colcon.colcon_core.verb:set package 'my_package' build argument 'ament_cmake_args' from command line to 'None'
[0.350s] Level 5:colcon.colcon_core.verb:set package 'my_package' build argument 'catkin_cmake_args' from command line to 'None'
[0.350s] Level 5:colcon.colcon_core.verb:set package 'my_package' build argument 'catkin_skip_building_tests' from command line to 'False'
[0.350s] DEBUG:colcon.colcon_core.verb:Building package 'my_package' with the following arguments: {'ament_cmake_args': None, 'build_base': '/home/sid/ros2_ws/build/my_package', 'catkin_cmake_args': None, 'catkin_skip_building_tests': False, 'cmake_args': None, 'cmake_clean_cache': False, 'cmake_clean_first': False, 'cmake_force_configure': False, 'cmake_target': None, 'cmake_target_skip_unavailable': False, 'install_base': '/home/sid/ros2_ws/install/my_package', 'merge_install': False, 'path': '/home/sid/ros2_ws/src/my_package', 'symlink_install': False, 'test_result_base': None}
[0.351s] INFO:colcon.colcon_core.executor:Executing jobs using 'parallel' executor
[0.353s] DEBUG:colcon.colcon_parallel_executor.executor.parallel:run_until_complete
[0.353s] INFO:colcon.colcon_ros.task.ament_cmake.build:Building ROS package in '/home/sid/ros2_ws/src/cpp_pubsub' with build type 'ament_cmake'
[0.354s] INFO:colcon.colcon_cmake.task.cmake.build:Building CMake package in '/home/sid/ros2_ws/src/cpp_pubsub'
[0.358s] INFO:colcon.colcon_core.plugin_system:Skipping extension 'colcon_core.shell.bat': Not used on non-Windows systems
[0.358s] INFO:colcon.colcon_core.shell:Skip shell extension 'powershell' for command environment: Not usable outside of PowerShell
[0.358s] DEBUG:colcon.colcon_core.shell:Skip shell extension 'dsv' for command environment
[0.361s] INFO:colcon.colcon_ros.task.ament_python.build:Building ROS package in '/home/sid/ros2_ws/src/my_first_pkg' with build type 'ament_python'
[0.361s] Level 1:colcon.colcon_core.shell:create_environment_hook('my_first_pkg', 'ament_prefix_path')
[0.362s] INFO:colcon.colcon_core.shell:Creating environment hook '/home/sid/ros2_ws/install/my_first_pkg/share/my_first_pkg/hook/ament_prefix_path.ps1'
[0.363s] INFO:colcon.colcon_core.shell:Creating environment descriptor '/home/sid/ros2_ws/install/my_first_pkg/share/my_first_pkg/hook/ament_prefix_path.dsv'
[0.363s] INFO:colcon.colcon_core.shell:Creating environment hook '/home/sid/ros2_ws/install/my_first_pkg/share/my_first_pkg/hook/ament_prefix_path.sh'
[0.365s] INFO:colcon.colcon_core.shell:Skip shell extension 'powershell' for command environment: Not usable outside of PowerShell
[0.365s] DEBUG:colcon.colcon_core.shell:Skip shell extension 'dsv' for command environment
[0.368s] INFO:colcon.colcon_ros.task.ament_cmake.build:Building ROS package in '/home/sid/ros2_ws/src/my_package' with build type 'ament_cmake'
[0.368s] INFO:colcon.colcon_cmake.task.cmake.build:Building CMake package in '/home/sid/ros2_ws/src/my_package'
[0.369s] INFO:colcon.colcon_core.shell:Skip shell extension 'powershell' for command environment: Not usable outside of PowerShell
[0.369s] DEBUG:colcon.colcon_core.shell:Skip shell extension 'dsv' for command environment
[0.374s] DEBUG:colcon.colcon_core.event_handler.log_command:Invoking command in '/home/sid/ros2_ws/build/cpp_pubsub': CMAKE_PREFIX_PATH=${CMAKE_PREFIX_PATH}:/home/sid/ros2_ws/install/my_first_pkg:/opt/ros/iron /home/sid/.local/bin/cmake /home/sid/ros2_ws/src/cpp_pubsub -DCMAKE_INSTALL_PREFIX=/home/sid/ros2_ws/install/cpp_pubsub
[0.613s] INFO:colcon.colcon_core.task.python.build:Building Python package in '/home/sid/ros2_ws/src/my_first_pkg'
[0.614s] INFO:colcon.colcon_core.shell:Skip shell extension 'powershell' for command environment: Not usable outside of PowerShell
[0.615s] DEBUG:colcon.colcon_core.shell:Skip shell extension 'dsv' for command environment
[0.624s] DEBUG:colcon.colcon_core.event_handler.log_command:Invoking command in '/home/sid/ros2_ws/build/my_package': CMAKE_PREFIX_PATH=${CMAKE_PREFIX_PATH}:/home/sid/ros2_ws/install/my_first_pkg:/opt/ros/iron /home/sid/.local/bin/cmake --build /home/sid/ros2_ws/build/my_package -- -j8 -l8
[0.719s] DEBUG:colcon.colcon_core.event_handler.log_command:Invoked command in '/home/sid/ros2_ws/build/my_package' returned '0': CMAKE_PREFIX_PATH=${CMAKE_PREFIX_PATH}:/home/sid/ros2_ws/install/my_first_pkg:/opt/ros/iron /home/sid/.local/bin/cmake --build /home/sid/ros2_ws/build/my_package -- -j8 -l8
[0.775s] DEBUG:colcon.colcon_core.event_handler.log_command:Invoking command in '/home/sid/ros2_ws/build/my_package': CMAKE_PREFIX_PATH=${CMAKE_PREFIX_PATH}:/home/sid/ros2_ws/install/my_first_pkg:/opt/ros/iron /home/sid/.local/bin/cmake --install /home/sid/ros2_ws/build/my_package
[0.809s] Level 1:colcon.colcon_core.environment:create_environment_scripts_only(my_package)
[0.810s] DEBUG:colcon.colcon_core.event_handler.log_command:Invoked command in '/home/sid/ros2_ws/build/my_package' returned '0': CMAKE_PREFIX_PATH=${CMAKE_PREFIX_PATH}:/home/sid/ros2_ws/install/my_first_pkg:/opt/ros/iron /home/sid/.local/bin/cmake --install /home/sid/ros2_ws/build/my_package
[0.813s] Level 1:colcon.colcon_core.environment:checking '/home/sid/ros2_ws/install/my_package' for CMake module files
[0.813s] Level 1:colcon.colcon_core.environment:checking '/home/sid/ros2_ws/install/my_package' for CMake config files
[0.814s] Level 1:colcon.colcon_core.shell:create_environment_hook('my_package', 'cmake_prefix_path')
[0.815s] INFO:colcon.colcon_core.shell:Creating environment hook '/home/sid/ros2_ws/install/my_package/share/my_package/hook/cmake_prefix_path.ps1'
[0.815s] INFO:colcon.colcon_core.shell:Creating environment descriptor '/home/sid/ros2_ws/install/my_package/share/my_package/hook/cmake_prefix_path.dsv'
[0.815s] INFO:colcon.colcon_core.shell:Creating environment hook '/home/sid/ros2_ws/install/my_package/share/my_package/hook/cmake_prefix_path.sh'
[0.816s] Level 1:colcon.colcon_core.environment:checking '/home/sid/ros2_ws/install/my_package/lib'
[0.816s] Level 1:colcon.colcon_core.environment:checking '/home/sid/ros2_ws/install/my_package/bin'
[0.816s] Level 1:colcon.colcon_core.environment:checking '/home/sid/ros2_ws/install/my_package/lib/pkgconfig/my_package.pc'
[0.816s] Level 1:colcon.colcon_core.environment:checking '/home/sid/ros2_ws/install/my_package/lib/python3.10/site-packages'
[0.816s] Level 1:colcon.colcon_core.environment:checking '/home/sid/ros2_ws/install/my_package/bin'
[0.818s] INFO:colcon.colcon_core.shell:Creating package script '/home/sid/ros2_ws/install/my_package/share/my_package/package.ps1'
[0.818s] INFO:colcon.colcon_core.shell:Creating package descriptor '/home/sid/ros2_ws/install/my_package/share/my_package/package.dsv'
[0.818s] INFO:colcon.colcon_core.shell:Creating package script '/home/sid/ros2_ws/install/my_package/share/my_package/package.sh'
[0.819s] INFO:colcon.colcon_core.shell:Creating package script '/home/sid/ros2_ws/install/my_package/share/my_package/package.bash'
[0.819s] INFO:colcon.colcon_core.shell:Creating package script '/home/sid/ros2_ws/install/my_package/share/my_package/package.zsh'
[0.820s] Level 1:colcon.colcon_core.environment:create_file_with_runtime_dependencies(/home/sid/ros2_ws/install/my_package/share/colcon-core/packages/my_package)
[0.853s] Level 1:colcon.colcon_core.environment:create_environment_scripts_only(my_package)
[0.854s] Level 1:colcon.colcon_core.environment:checking '/home/sid/ros2_ws/install/my_package' for CMake module files
[0.855s] Level 1:colcon.colcon_core.environment:checking '/home/sid/ros2_ws/install/my_package' for CMake config files
[0.855s] Level 1:colcon.colcon_core.shell:create_environment_hook('my_package', 'cmake_prefix_path')
[0.856s] INFO:colcon.colcon_core.shell:Creating environment hook '/home/sid/ros2_ws/install/my_package/share/my_package/hook/cmake_prefix_path.ps1'
[0.856s] INFO:colcon.colcon_core.shell:Creating environment descriptor '/home/sid/ros2_ws/install/my_package/share/my_package/hook/cmake_prefix_path.dsv'
[0.856s] INFO:colcon.colcon_core.shell:Creating environment hook '/home/sid/ros2_ws/install/my_package/share/my_package/hook/cmake_prefix_path.sh'
[0.857s] Level 1:colcon.colcon_core.environment:checking '/home/sid/ros2_ws/install/my_package/lib'
[0.857s] Level 1:colcon.colcon_core.environment:checking '/home/sid/ros2_ws/install/my_package/bin'
[0.857s] Level 1:colcon.colcon_core.environment:checking '/home/sid/ros2_ws/install/my_package/lib/pkgconfig/my_package.pc'
[0.857s] Level 1:colcon.colcon_core.environment:checking '/home/sid/ros2_ws/install/my_package/lib/python3.10/site-packages'
[0.857s] Level 1:colcon.colcon_core.environment:checking '/home/sid/ros2_ws/install/my_package/bin'
[0.858s] INFO:colcon.colcon_core.shell:Creating package script '/home/sid/ros2_ws/install/my_package/share/my_package/package.ps1'
[0.858s] INFO:colcon.colcon_core.shell:Creating package descriptor '/home/sid/ros2_ws/install/my_package/share/my_package/package.dsv'
[0.859s] INFO:colcon.colcon_core.shell:Creating package script '/home/sid/ros2_ws/install/my_package/share/my_package/package.sh'
[0.859s] INFO:colcon.colcon_core.shell:Creating package script '/home/sid/ros2_ws/install/my_package/share/my_package/package.bash'
[0.859s] INFO:colcon.colcon_core.shell:Creating package script '/home/sid/ros2_ws/install/my_package/share/my_package/package.zsh'
[0.859s] Level 1:colcon.colcon_core.environment:create_file_with_runtime_dependencies(/home/sid/ros2_ws/install/my_package/share/colcon-core/packages/my_package)
[0.969s] DEBUG:colcon.colcon_core.event_handler.log_command:Invoking command in '/home/sid/ros2_ws/build/my_first_pkg': PYTHONPATH=/home/sid/ros2_ws/build/my_first_pkg/prefix_override:/home/sid/ros2_ws/install/my_first_pkg/lib/python3.10/site-packages:${PYTHONPATH} /usr/bin/python3 setup.py develop --uninstall --editable --build-directory /home/sid/ros2_ws/build/my_first_pkg/build
[0.999s] DEBUG:colcon.colcon_core.event_handler.log_command:Invoked command in '/home/sid/ros2_ws/build/cpp_pubsub' returned '0': CMAKE_PREFIX_PATH=${CMAKE_PREFIX_PATH}:/home/sid/ros2_ws/install/my_first_pkg:/opt/ros/iron /home/sid/.local/bin/cmake /home/sid/ros2_ws/src/cpp_pubsub -DCMAKE_INSTALL_PREFIX=/home/sid/ros2_ws/install/cpp_pubsub
[1.001s] DEBUG:colcon.colcon_core.event_handler.log_command:Invoking command in '/home/sid/ros2_ws/build/cpp_pubsub': CMAKE_PREFIX_PATH=${CMAKE_PREFIX_PATH}:/home/sid/ros2_ws/install/my_first_pkg:/opt/ros/iron /home/sid/.local/bin/cmake --build /home/sid/ros2_ws/build/cpp_pubsub -- -j8 -l8
[1.032s] DEBUG:colcon.colcon_core.event_handler.log_command:Invoked command in '/home/sid/ros2_ws/build/cpp_pubsub' returned '0': CMAKE_PREFIX_PATH=${CMAKE_PREFIX_PATH}:/home/sid/ros2_ws/install/my_first_pkg:/opt/ros/iron /home/sid/.local/bin/cmake --build /home/sid/ros2_ws/build/cpp_pubsub -- -j8 -l8
[1.064s] DEBUG:colcon.colcon_core.event_handler.log_command:Invoking command in '/home/sid/ros2_ws/build/cpp_pubsub': CMAKE_PREFIX_PATH=${CMAKE_PREFIX_PATH}:/home/sid/ros2_ws/install/my_first_pkg:/opt/ros/iron /home/sid/.local/bin/cmake --install /home/sid/ros2_ws/build/cpp_pubsub
[1.089s] Level 1:colcon.colcon_core.environment:create_environment_scripts_only(cpp_pubsub)
[1.091s] Level 1:colcon.colcon_core.environment:checking '/home/sid/ros2_ws/install/cpp_pubsub' for CMake module files
[1.091s] DEBUG:colcon.colcon_core.event_handler.log_command:Invoked command in '/home/sid/ros2_ws/build/cpp_pubsub' returned '0': CMAKE_PREFIX_PATH=${CMAKE_PREFIX_PATH}:/home/sid/ros2_ws/install/my_first_pkg:/opt/ros/iron /home/sid/.local/bin/cmake --install /home/sid/ros2_ws/build/cpp_pubsub
[1.092s] Level 1:colcon.colcon_core.environment:checking '/home/sid/ros2_ws/install/cpp_pubsub' for CMake config files
[1.092s] Level 1:colcon.colcon_core.shell:create_environment_hook('cpp_pubsub', 'cmake_prefix_path')
[1.093s] INFO:colcon.colcon_core.shell:Creating environment hook '/home/sid/ros2_ws/install/cpp_pubsub/share/cpp_pubsub/hook/cmake_prefix_path.ps1'
[1.093s] INFO:colcon.colcon_core.shell:Creating environment descriptor '/home/sid/ros2_ws/install/cpp_pubsub/share/cpp_pubsub/hook/cmake_prefix_path.dsv'
[1.094s] INFO:colcon.colcon_core.shell:Creating environment hook '/home/sid/ros2_ws/install/cpp_pubsub/share/cpp_pubsub/hook/cmake_prefix_path.sh'
[1.094s] Level 1:colcon.colcon_core.environment:checking '/home/sid/ros2_ws/install/cpp_pubsub/bin'
[1.094s] Level 1:colcon.colcon_core.environment:checking '/home/sid/ros2_ws/install/cpp_pubsub/lib/pkgconfig/cpp_pubsub.pc'
[1.094s] Level 1:colcon.colcon_core.environment:checking '/home/sid/ros2_ws/install/cpp_pubsub/lib/python3.10/site-packages'
[1.094s] Level 1:colcon.colcon_core.environment:checking '/home/sid/ros2_ws/install/cpp_pubsub/bin'
[1.095s] INFO:colcon.colcon_core.shell:Creating package script '/home/sid/ros2_ws/install/cpp_pubsub/share/cpp_pubsub/package.ps1'
[1.095s] INFO:colcon.colcon_core.shell:Creating package descriptor '/home/sid/ros2_ws/install/cpp_pubsub/share/cpp_pubsub/package.dsv'
[1.096s] INFO:colcon.colcon_core.shell:Creating package script '/home/sid/ros2_ws/install/cpp_pubsub/share/cpp_pubsub/package.sh'
[1.096s] INFO:colcon.colcon_core.shell:Creating package script '/home/sid/ros2_ws/install/cpp_pubsub/share/cpp_pubsub/package.bash'
[1.096s] INFO:colcon.colcon_core.shell:Creating package script '/home/sid/ros2_ws/install/cpp_pubsub/share/cpp_pubsub/package.zsh'
[1.096s] Level 1:colcon.colcon_core.environment:create_file_with_runtime_dependencies(/home/sid/ros2_ws/install/cpp_pubsub/share/colcon-core/packages/cpp_pubsub)
[1.128s] Level 1:colcon.colcon_core.environment:create_environment_scripts_only(cpp_pubsub)
[1.129s] Level 1:colcon.colcon_core.environment:checking '/home/sid/ros2_ws/install/cpp_pubsub' for CMake module files
[1.130s] Level 1:colcon.colcon_core.environment:checking '/home/sid/ros2_ws/install/cpp_pubsub' for CMake config files
[1.130s] Level 1:colcon.colcon_core.shell:create_environment_hook('cpp_pubsub', 'cmake_prefix_path')
[1.131s] INFO:colcon.colcon_core.shell:Creating environment hook '/home/sid/ros2_ws/install/cpp_pubsub/share/cpp_pubsub/hook/cmake_prefix_path.ps1'
[1.131s] INFO:colcon.colcon_core.shell:Creating environment descriptor '/home/sid/ros2_ws/install/cpp_pubsub/share/cpp_pubsub/hook/cmake_prefix_path.dsv'
[1.131s] INFO:colcon.colcon_core.shell:Creating environment hook '/home/sid/ros2_ws/install/cpp_pubsub/share/cpp_pubsub/hook/cmake_prefix_path.sh'
[1.132s] Level 1:colcon.colcon_core.environment:checking '/home/sid/ros2_ws/install/cpp_pubsub/bin'
[1.132s] Level 1:colcon.colcon_core.environment:checking '/home/sid/ros2_ws/install/cpp_pubsub/lib/pkgconfig/cpp_pubsub.pc'
[1.132s] Level 1:colcon.colcon_core.environment:checking '/home/sid/ros2_ws/install/cpp_pubsub/lib/python3.10/site-packages'
[1.132s] Level 1:colcon.colcon_core.environment:checking '/home/sid/ros2_ws/install/cpp_pubsub/bin'
[1.133s] INFO:colcon.colcon_core.shell:Creating package script '/home/sid/ros2_ws/install/cpp_pubsub/share/cpp_pubsub/package.ps1'
[1.133s] INFO:colcon.colcon_core.shell:Creating package descriptor '/home/sid/ros2_ws/install/cpp_pubsub/share/cpp_pubsub/package.dsv'
[1.134s] INFO:colcon.colcon_core.shell:Creating package script '/home/sid/ros2_ws/install/cpp_pubsub/share/cpp_pubsub/package.sh'
[1.134s] INFO:colcon.colcon_core.shell:Creating package script '/home/sid/ros2_ws/install/cpp_pubsub/share/cpp_pubsub/package.bash'
[1.134s] INFO:colcon.colcon_core.shell:Creating package script '/home/sid/ros2_ws/install/cpp_pubsub/share/cpp_pubsub/package.zsh'
[1.134s] Level 1:colcon.colcon_core.environment:create_file_with_runtime_dependencies(/home/sid/ros2_ws/install/cpp_pubsub/share/colcon-core/packages/cpp_pubsub)
[1.410s] DEBUG:colcon.colcon_core.event_handler.log_command:Invoked command in '/home/sid/ros2_ws/build/my_first_pkg' returned '0': PYTHONPATH=/home/sid/ros2_ws/build/my_first_pkg/prefix_override:/home/sid/ros2_ws/install/my_first_pkg/lib/python3.10/site-packages:${PYTHONPATH} /usr/bin/python3 setup.py develop --uninstall --editable --build-directory /home/sid/ros2_ws/build/my_first_pkg/build
[1.411s] DEBUG:colcon.colcon_core.event_handler.log_command:Invoking command in '/home/sid/ros2_ws/src/my_first_pkg': PYTHONPATH=/home/sid/ros2_ws/build/my_first_pkg/prefix_override:/home/sid/ros2_ws/install/my_first_pkg/lib/python3.10/site-packages:${PYTHONPATH} /usr/bin/python3 setup.py egg_info --egg-base ../../build/my_first_pkg build --build-base /home/sid/ros2_ws/build/my_first_pkg/build install --record /home/sid/ros2_ws/build/my_first_pkg/install.log --single-version-externally-managed
[1.678s] Level 1:colcon.colcon_core.environment:checking '/home/sid/ros2_ws/install/my_first_pkg' for CMake module files
[1.678s] DEBUG:colcon.colcon_core.event_handler.log_command:Invoked command in '/home/sid/ros2_ws/src/my_first_pkg' returned '0': PYTHONPATH=/home/sid/ros2_ws/build/my_first_pkg/prefix_override:/home/sid/ros2_ws/install/my_first_pkg/lib/python3.10/site-packages:${PYTHONPATH} /usr/bin/python3 setup.py egg_info --egg-base ../../build/my_first_pkg build --build-base /home/sid/ros2_ws/build/my_first_pkg/build install --record /home/sid/ros2_ws/build/my_first_pkg/install.log --single-version-externally-managed
[1.678s] Level 1:colcon.colcon_core.environment:checking '/home/sid/ros2_ws/install/my_first_pkg' for CMake config files
[1.679s] Level 1:colcon.colcon_core.environment:checking '/home/sid/ros2_ws/install/my_first_pkg/lib'
[1.679s] Level 1:colcon.colcon_core.environment:checking '/home/sid/ros2_ws/install/my_first_pkg/bin'
[1.679s] Level 1:colcon.colcon_core.environment:checking '/home/sid/ros2_ws/install/my_first_pkg/lib/pkgconfig/my_first_pkg.pc'
[1.680s] Level 1:colcon.colcon_core.environment:checking '/home/sid/ros2_ws/install/my_first_pkg/lib/python3.10/site-packages'
[1.680s] Level 1:colcon.colcon_core.shell:create_environment_hook('my_first_pkg', 'pythonpath')
[1.681s] INFO:colcon.colcon_core.shell:Creating environment hook '/home/sid/ros2_ws/install/my_first_pkg/share/my_first_pkg/hook/pythonpath.ps1'
[1.681s] INFO:colcon.colcon_core.shell:Creating environment descriptor '/home/sid/ros2_ws/install/my_first_pkg/share/my_first_pkg/hook/pythonpath.dsv'
[1.681s] INFO:colcon.colcon_core.shell:Creating environment hook '/home/sid/ros2_ws/install/my_first_pkg/share/my_first_pkg/hook/pythonpath.sh'
[1.682s] Level 1:colcon.colcon_core.environment:checking '/home/sid/ros2_ws/install/my_first_pkg/bin'
[1.682s] Level 1:colcon.colcon_core.environment:create_environment_scripts_only(my_first_pkg)
[1.683s] INFO:colcon.colcon_core.shell:Creating package script '/home/sid/ros2_ws/install/my_first_pkg/share/my_first_pkg/package.ps1'
[1.683s] INFO:colcon.colcon_core.shell:Creating package descriptor '/home/sid/ros2_ws/install/my_first_pkg/share/my_first_pkg/package.dsv'
[1.683s] INFO:colcon.colcon_core.shell:Creating package script '/home/sid/ros2_ws/install/my_first_pkg/share/my_first_pkg/package.sh'
[1.684s] INFO:colcon.colcon_core.shell:Creating package script '/home/sid/ros2_ws/install/my_first_pkg/share/my_first_pkg/package.bash'
[1.684s] INFO:colcon.colcon_core.shell:Creating package script '/home/sid/ros2_ws/install/my_first_pkg/share/my_first_pkg/package.zsh'
[1.684s] Level 1:colcon.colcon_core.environment:create_file_with_runtime_dependencies(/home/sid/ros2_ws/install/my_first_pkg/share/colcon-core/packages/my_first_pkg)
[1.684s] DEBUG:colcon.colcon_parallel_executor.executor.parallel:closing loop
[1.685s] DEBUG:colcon.colcon_parallel_executor.executor.parallel:loop closed
[1.685s] DEBUG:colcon.colcon_parallel_executor.executor.parallel:run_until_complete finished with '0'
[1.685s] DEBUG:colcon.colcon_core.event_reactor:joining thread
[1.690s] INFO:colcon.colcon_core.plugin_system:Skipping extension 'colcon_notification.desktop_notification.terminal_notifier': Not used on non-Darwin systems
[1.690s] INFO:colcon.colcon_core.plugin_system:Skipping extension 'colcon_notification.desktop_notification.win32': Not used on non-Windows systems
[1.690s] INFO:colcon.colcon_notification.desktop_notification:Sending desktop notification using 'notify2'
[1.698s] DEBUG:colcon.colcon_core.event_reactor:joined thread
[1.700s] INFO:colcon.colcon_core.shell:Creating prefix script '/home/sid/ros2_ws/install/local_setup.ps1'
[1.701s] INFO:colcon.colcon_core.shell:Creating prefix util module '/home/sid/ros2_ws/install/_local_setup_util_ps1.py'
[1.703s] INFO:colcon.colcon_core.shell:Creating prefix chain script '/home/sid/ros2_ws/install/setup.ps1'
[1.704s] INFO:colcon.colcon_core.shell:Creating prefix script '/home/sid/ros2_ws/install/local_setup.sh'
[1.704s] INFO:colcon.colcon_core.shell:Creating prefix util module '/home/sid/ros2_ws/install/_local_setup_util_sh.py'
[1.705s] INFO:colcon.colcon_core.shell:Creating prefix chain script '/home/sid/ros2_ws/install/setup.sh'
[1.706s] INFO:colcon.colcon_core.shell:Creating prefix script '/home/sid/ros2_ws/install/local_setup.bash'
[1.706s] INFO:colcon.colcon_core.shell:Creating prefix chain script '/home/sid/ros2_ws/install/setup.bash'
[1.707s] INFO:colcon.colcon_core.shell:Creating prefix script '/home/sid/ros2_ws/install/local_setup.zsh'
[1.707s] INFO:colcon.colcon_core.shell:Creating prefix chain script '/home/sid/ros2_ws/install/setup.zsh'
