[0.023s] Invoking command in '/home/sid/ros2_ws/build/cpp_pub': CMAKE_PREFIX_PATH=${CMAKE_PREFIX_PATH}:/home/sid/ros2_ws/install/my_first_pkg:/opt/ros/iron /home/sid/.local/bin/cmake --build /home/sid/ros2_ws/build/cpp_pub -- -j8 -l8
[0.281s] -- Found ament_cmake: 2.0.3 (/opt/ros/iron/share/ament_cmake/cmake)
[0.281s] -- Override CMake install command with custom implementation using symlinks instead of copying resources
[0.281s] -- Found rclcpp: 21.0.1 (/opt/ros/iron/share/rclcpp/cmake)
[0.282s] -- Found rosidl_generator_c: 4.0.0 (/opt/ros/iron/share/rosidl_generator_c/cmake)
[0.282s] -- Found rosidl_generator_cpp: 4.0.0 (/opt/ros/iron/share/rosidl_generator_cpp/cmake)
[0.282s] -- Using all available rosidl_typesupport_c: rosidl_typesupport_fastrtps_c;rosidl_typesupport_introspection_c
[0.282s] -- Using all available rosidl_typesupport_cpp: rosidl_typesupport_fastrtps_cpp;rosidl_typesupport_introspection_cpp
[0.340s] -- Found rmw_implementation_cmake: 7.1.0 (/opt/ros/iron/share/rmw_implementation_cmake/cmake)
[0.342s] -- Found rmw_fastrtps_cpp: 7.1.1 (/opt/ros/iron/share/rmw_fastrtps_cpp/cmake)
[0.485s] -- Using RMW implementation 'rmw_fastrtps_cpp' as default
[0.627s] -- Found std_msgs: 5.0.0 (/opt/ros/iron/share/std_msgs/cmake)
[0.659s] [31mCMake Error at /opt/ros/iron/share/ament_cmake_target_dependencies/cmake/ament_target_dependencies.cmake:42 (message):
[0.659s]   ament_target_dependencies() the first argument must be a valid target name
[0.659s] Call Stack (most recent call first):
[0.659s]   CMakeLists.txt:14 (ament_target_dependencies)
[0.659s] 
[0.659s] [0m
[0.659s] -- Configuring incomplete, errors occurred!
[0.669s] gmake: *** [Makefile:267: cmake_check_build_system] Error 1
[0.677s] Invoked command in '/home/sid/ros2_ws/build/cpp_pub' returned '2': CMAKE_PREFIX_PATH=${CMAKE_PREFIX_PATH}:/home/sid/ros2_ws/install/my_first_pkg:/opt/ros/iron /home/sid/.local/bin/cmake --build /home/sid/ros2_ws/build/cpp_pub -- -j8 -l8
