[0.019s] Invoking command in '/home/sid/ros2_ws/build/cpp_pubsub': CMAKE_PREFIX_PATH=${CMAKE_PREFIX_PATH}:/home/sid/ros2_ws/install/my_first_pkg:/opt/ros/iron /home/sid/.local/bin/cmake --build /home/sid/ros2_ws/build/cpp_pubsub -- -j8 -l8
[0.252s] [31mCMake Error at CMakeLists.txt:14 (add_executable):
[0.252s]   Cannot find source file:
[0.252s] 
[0.252s]     publisher_member_function.cpp
[0.252s] 
[0.252s]   Tried extensions .c .C .c++ .cc .cpp .cxx .cu .mpp .m .M .mm .ixx .cppm .h
[0.252s]   .hh .h++ .hm .hpp .hxx .in .txx .f .F .for .f77 .f90 .f95 .f03 .hip .ispc
[0.252s] 
[0.252s] [0m
[0.252s] [31mCMake Error at CMakeLists.txt:14 (add_executable):
[0.252s]   No SOURCES given to target: simple_pub
[0.252s] 
[0.252s] [0m
[0.252s] [0mCMake Generate step failed.  Build files cannot be regenerated correctly.[0m
[0.252s] gmake: *** [Makefile:226: cmake_check_build_system] Error 1
[0.252s] -- Found ament_cmake: 2.0.3 (/opt/ros/iron/share/ament_cmake/cmake)
[0.252s] -- Found ament_lint_auto: 0.14.1 (/opt/ros/iron/share/ament_lint_auto/cmake)
[0.252s] -- Added test 'cppcheck' to perform static code analysis on C / C++ code
[0.252s] -- Configured cppcheck include dirs: 
[0.252s] -- Configured cppcheck exclude dirs and/or files: 
[0.253s] -- Added test 'lint_cmake' to check CMake code style
[0.253s] -- Added test 'uncrustify' to check C / C++ code style
[0.253s] -- Configured uncrustify additional arguments: 
[0.253s] -- Added test 'xmllint' to check XML markup files
[0.253s] -- Configuring done (0.1s)
[0.255s] Invoked command in '/home/sid/ros2_ws/build/cpp_pubsub' returned '2': CMAKE_PREFIX_PATH=${CMAKE_PREFIX_PATH}:/home/sid/ros2_ws/install/my_first_pkg:/opt/ros/iron /home/sid/.local/bin/cmake --build /home/sid/ros2_ws/build/cpp_pubsub -- -j8 -l8
