[0.295s] Invoking command in '/home/sid/ros2_ws/build/my_package': CMAKE_PREFIX_PATH=${CMAKE_PREFIX_PATH}:/home/sid/ros2_ws/install/my_first_pkg:/opt/ros/iron /home/sid/.local/bin/cmake /home/sid/ros2_ws/src/my_package -DCMAKE_INSTALL_PREFIX=/home/sid/ros2_ws/install/my_package
[0.323s] -- Found ament_cmake: 2.0.3 (/opt/ros/iron/share/ament_cmake/cmake)
[0.411s] -- Override CMake install command with custom implementation using symlinks instead of copying resources
[0.416s] -- Found rclcpp: 21.0.1 (/opt/ros/iron/share/rclcpp/cmake)
[0.442s] -- Found rosidl_generator_c: 4.0.0 (/opt/ros/iron/share/rosidl_generator_c/cmake)
[0.450s] -- Found rosidl_generator_cpp: 4.0.0 (/opt/ros/iron/share/rosidl_generator_cpp/cmake)
[0.460s] -- Using all available rosidl_typesupport_c: rosidl_typesupport_fastrtps_c;rosidl_typesupport_introspection_c
[0.474s] -- Using all available rosidl_typesupport_cpp: rosidl_typesupport_fastrtps_cpp;rosidl_typesupport_introspection_cpp
[0.602s] -- Found rmw_implementation_cmake: 7.1.0 (/opt/ros/iron/share/rmw_implementation_cmake/cmake)
[0.603s] -- Found rmw_fastrtps_cpp: 7.1.1 (/opt/ros/iron/share/rmw_fastrtps_cpp/cmake)
[0.728s] -- Using RMW implementation 'rmw_fastrtps_cpp' as default
[0.878s] -- Found std_msgs: 5.0.0 (/opt/ros/iron/share/std_msgs/cmake)
[0.907s] -- Found ament_lint_auto: 0.14.1 (/opt/ros/iron/share/ament_lint_auto/cmake)
[0.975s] -- Added test 'cppcheck' to perform static code analysis on C / C++ code
[0.975s] -- Configured cppcheck include dirs: 
[0.975s] -- Configured cppcheck exclude dirs and/or files: 
[0.976s] -- Added test 'lint_cmake' to check CMake code style
[0.976s] -- Added test 'uncrustify' to check C / C++ code style
[0.976s] -- Configured uncrustify additional arguments: 
[0.976s] -- Added test 'xmllint' to check XML markup files
[0.978s] -- Configuring done (0.7s)
[0.988s] -- Generating done (0.0s)
[0.990s] -- Build files have been written to: /home/sid/ros2_ws/build/my_package
[1.001s] Invoked command in '/home/sid/ros2_ws/build/my_package' returned '0': CMAKE_PREFIX_PATH=${CMAKE_PREFIX_PATH}:/home/sid/ros2_ws/install/my_first_pkg:/opt/ros/iron /home/sid/.local/bin/cmake /home/sid/ros2_ws/src/my_package -DCMAKE_INSTALL_PREFIX=/home/sid/ros2_ws/install/my_package
[1.003s] Invoking command in '/home/sid/ros2_ws/build/my_package': CMAKE_PREFIX_PATH=${CMAKE_PREFIX_PATH}:/home/sid/ros2_ws/install/my_first_pkg:/opt/ros/iron /home/sid/.local/bin/cmake --build /home/sid/ros2_ws/build/my_package -- -j8 -l8
[1.049s] [100%] Built target simple
[1.057s] Invoked command in '/home/sid/ros2_ws/build/my_package' returned '0': CMAKE_PREFIX_PATH=${CMAKE_PREFIX_PATH}:/home/sid/ros2_ws/install/my_first_pkg:/opt/ros/iron /home/sid/.local/bin/cmake --build /home/sid/ros2_ws/build/my_package -- -j8 -l8
[1.129s] Invoking command in '/home/sid/ros2_ws/build/my_package': CMAKE_PREFIX_PATH=${CMAKE_PREFIX_PATH}:/home/sid/ros2_ws/install/my_first_pkg:/opt/ros/iron /home/sid/.local/bin/cmake --install /home/sid/ros2_ws/build/my_package
[1.155s] -- Install configuration: ""
[1.155s] -- Execute custom install script
[1.156s] -- Up-to-date symlink: /home/sid/ros2_ws/install/my_package/lib/my_package/simple
[1.157s] -- Up-to-date symlink: /home/sid/ros2_ws/install/my_package/share/ament_index/resource_index/package_run_dependencies/my_package
[1.157s] -- Up-to-date symlink: /home/sid/ros2_ws/install/my_package/share/ament_index/resource_index/parent_prefix_path/my_package
[1.158s] -- Up-to-date symlink: /home/sid/ros2_ws/install/my_package/share/my_package/environment/ament_prefix_path.sh
[1.158s] -- Up-to-date symlink: /home/sid/ros2_ws/install/my_package/share/my_package/environment/ament_prefix_path.dsv
[1.158s] -- Up-to-date symlink: /home/sid/ros2_ws/install/my_package/share/my_package/environment/path.sh
[1.158s] -- Up-to-date symlink: /home/sid/ros2_ws/install/my_package/share/my_package/environment/path.dsv
[1.159s] -- Up-to-date symlink: /home/sid/ros2_ws/install/my_package/share/my_package/local_setup.bash
[1.159s] -- Up-to-date symlink: /home/sid/ros2_ws/install/my_package/share/my_package/local_setup.sh
[1.159s] -- Up-to-date symlink: /home/sid/ros2_ws/install/my_package/share/my_package/local_setup.zsh
[1.159s] -- Up-to-date symlink: /home/sid/ros2_ws/install/my_package/share/my_package/local_setup.dsv
[1.160s] -- Symlinking: /home/sid/ros2_ws/install/my_package/share/my_package/package.dsv
[1.166s] -- Up-to-date symlink: /home/sid/ros2_ws/install/my_package/share/ament_index/resource_index/packages/my_package
[1.166s] -- Up-to-date symlink: /home/sid/ros2_ws/install/my_package/share/my_package/cmake/my_packageConfig.cmake
[1.166s] -- Up-to-date symlink: /home/sid/ros2_ws/install/my_package/share/my_package/cmake/my_packageConfig-version.cmake
[1.166s] -- Up-to-date symlink: /home/sid/ros2_ws/install/my_package/share/my_package/package.xml
[1.174s] Invoked command in '/home/sid/ros2_ws/build/my_package' returned '0': CMAKE_PREFIX_PATH=${CMAKE_PREFIX_PATH}:/home/sid/ros2_ws/install/my_first_pkg:/opt/ros/iron /home/sid/.local/bin/cmake --install /home/sid/ros2_ws/build/my_package
