[0.025s] Invoking command in '/home/sid/ros2_ws/build/cpp_pub': CMAKE_PREFIX_PATH=${CMAKE_PREFIX_PATH}:/home/sid/ros2_ws/install/my_first_pkg:/opt/ros/iron /home/sid/.local/bin/cmake --build /home/sid/ros2_ws/build/cpp_pub -- -j8 -l8
[0.274s] [ 50%] Built target simple_sub
[0.274s] [100%] Built target simple_pub
[0.275s] Invoked command in '/home/sid/ros2_ws/build/cpp_pub' returned '0': CMAKE_PREFIX_PATH=${CMAKE_PREFIX_PATH}:/home/sid/ros2_ws/install/my_first_pkg:/opt/ros/iron /home/sid/.local/bin/cmake --build /home/sid/ros2_ws/build/cpp_pub -- -j8 -l8
[0.339s] Invoking command in '/home/sid/ros2_ws/build/cpp_pub': CMAKE_PREFIX_PATH=${CMAKE_PREFIX_PATH}:/home/sid/ros2_ws/install/my_first_pkg:/opt/ros/iron /home/sid/.local/bin/cmake --install /home/sid/ros2_ws/build/cpp_pub
[0.360s] -- Install configuration: ""
[0.360s] -- Execute custom install script
[0.360s] -- Up-to-date symlink: /home/sid/ros2_ws/install/cpp_pub/lib/cpp_pub/simple_pub
[0.360s] -- Up-to-date symlink: /home/sid/ros2_ws/install/cpp_pub/lib/cpp_pub/simple_sub
[0.360s] -- Up-to-date symlink: /home/sid/ros2_ws/install/cpp_pub/share/ament_index/resource_index/package_run_dependencies/cpp_pub
[0.360s] -- Up-to-date symlink: /home/sid/ros2_ws/install/cpp_pub/share/ament_index/resource_index/parent_prefix_path/cpp_pub
[0.360s] -- Up-to-date symlink: /home/sid/ros2_ws/install/cpp_pub/share/cpp_pub/environment/ament_prefix_path.sh
[0.361s] -- Up-to-date symlink: /home/sid/ros2_ws/install/cpp_pub/share/cpp_pub/environment/ament_prefix_path.dsv
[0.361s] -- Up-to-date symlink: /home/sid/ros2_ws/install/cpp_pub/share/cpp_pub/environment/path.sh
[0.361s] -- Up-to-date symlink: /home/sid/ros2_ws/install/cpp_pub/share/cpp_pub/environment/path.dsv
[0.361s] -- Up-to-date symlink: /home/sid/ros2_ws/install/cpp_pub/share/cpp_pub/local_setup.bash
[0.361s] -- Up-to-date symlink: /home/sid/ros2_ws/install/cpp_pub/share/cpp_pub/local_setup.sh
[0.361s] -- Up-to-date symlink: /home/sid/ros2_ws/install/cpp_pub/share/cpp_pub/local_setup.zsh
[0.361s] -- Up-to-date symlink: /home/sid/ros2_ws/install/cpp_pub/share/cpp_pub/local_setup.dsv
[0.361s] -- Symlinking: /home/sid/ros2_ws/install/cpp_pub/share/cpp_pub/package.dsv
[0.364s] -- Up-to-date symlink: /home/sid/ros2_ws/install/cpp_pub/share/ament_index/resource_index/packages/cpp_pub
[0.364s] -- Up-to-date symlink: /home/sid/ros2_ws/install/cpp_pub/share/cpp_pub/cmake/cpp_pubConfig.cmake
[0.364s] -- Up-to-date symlink: /home/sid/ros2_ws/install/cpp_pub/share/cpp_pub/cmake/cpp_pubConfig-version.cmake
[0.364s] -- Up-to-date symlink: /home/sid/ros2_ws/install/cpp_pub/share/cpp_pub/package.xml
[0.369s] Invoked command in '/home/sid/ros2_ws/build/cpp_pub' returned '0': CMAKE_PREFIX_PATH=${CMAKE_PREFIX_PATH}:/home/sid/ros2_ws/install/my_first_pkg:/opt/ros/iron /home/sid/.local/bin/cmake --install /home/sid/ros2_ws/build/cpp_pub
