[0.010s] Invoking command in '/home/sid/ros2_ws/build/parameter_handler1': CMAKE_PREFIX_PATH=${CMAKE_PREFIX_PATH}:/home/sid/ros2_ws/install/my_first_pkg:/opt/ros/iron /home/sid/.local/bin/cmake --build /home/sid/ros2_ws/build/parameter_handler1 -- -j8 -l8
[0.040s] -- Found ament_cmake: 2.0.3 (/opt/ros/iron/share/ament_cmake/cmake)
[0.129s] -- Found rclcpp: 21.0.1 (/opt/ros/iron/share/rclcpp/cmake)
[0.152s] -- Found rosidl_generator_c: 4.0.0 (/opt/ros/iron/share/rosidl_generator_c/cmake)
[0.159s] -- Found rosidl_generator_cpp: 4.0.0 (/opt/ros/iron/share/rosidl_generator_cpp/cmake)
[0.169s] -- Using all available rosidl_typesupport_c: rosidl_typesupport_fastrtps_c;rosidl_typesupport_introspection_c
[0.182s] -- Using all available rosidl_typesupport_cpp: rosidl_typesupport_fastrtps_cpp;rosidl_typesupport_introspection_cpp
[0.302s] -- Found rmw_implementation_cmake: 7.1.0 (/opt/ros/iron/share/rmw_implementation_cmake/cmake)
[0.303s] -- Found rmw_fastrtps_cpp: 7.1.1 (/opt/ros/iron/share/rmw_fastrtps_cpp/cmake)
[0.402s] -- Using RMW implementation 'rmw_fastrtps_cpp' as default
[0.527s] -- Found ament_lint_auto: 0.14.1 (/opt/ros/iron/share/ament_lint_auto/cmake)
[0.576s] -- Added test 'cppcheck' to perform static code analysis on C / C++ code
[0.576s] -- Configured cppcheck include dirs: 
[0.576s] -- Configured cppcheck exclude dirs and/or files: 
[0.576s] -- Added test 'lint_cmake' to check CMake code style
[0.577s] -- Added test 'uncrustify' to check C / C++ code style
[0.577s] -- Configured uncrustify additional arguments: 
[0.577s] -- Added test 'xmllint' to check XML markup files
[0.577s] -- Configuring done (0.5s)
[0.584s] -- Generating done (0.0s)
[0.585s] -- Build files have been written to: /home/sid/ros2_ws/build/parameter_handler1
[0.604s] [100%] Built target parameter_handler1
[0.611s] Invoked command in '/home/sid/ros2_ws/build/parameter_handler1' returned '0': CMAKE_PREFIX_PATH=${CMAKE_PREFIX_PATH}:/home/sid/ros2_ws/install/my_first_pkg:/opt/ros/iron /home/sid/.local/bin/cmake --build /home/sid/ros2_ws/build/parameter_handler1 -- -j8 -l8
[0.677s] Invoking command in '/home/sid/ros2_ws/build/parameter_handler1': CMAKE_PREFIX_PATH=${CMAKE_PREFIX_PATH}:/home/sid/ros2_ws/install/my_first_pkg:/opt/ros/iron /home/sid/.local/bin/cmake --install /home/sid/ros2_ws/build/parameter_handler1
[0.698s] -- Install configuration: ""
[0.698s] -- Up-to-date: /home/sid/ros2_ws/install/parameter_handler1/lib/parameter_handler1/parameter_handler1
[0.698s] -- Up-to-date: /home/sid/ros2_ws/install/parameter_handler1/share/ament_index/resource_index/package_run_dependencies/parameter_handler1
[0.698s] -- Installing: /home/sid/ros2_ws/install/parameter_handler1/share/ament_index/resource_index/parent_prefix_path/parameter_handler1
[0.699s] -- Up-to-date: /home/sid/ros2_ws/install/parameter_handler1/share/parameter_handler1/environment/ament_prefix_path.sh
[0.699s] -- Up-to-date: /home/sid/ros2_ws/install/parameter_handler1/share/parameter_handler1/environment/ament_prefix_path.dsv
[0.699s] -- Up-to-date: /home/sid/ros2_ws/install/parameter_handler1/share/parameter_handler1/environment/path.sh
[0.699s] -- Up-to-date: /home/sid/ros2_ws/install/parameter_handler1/share/parameter_handler1/environment/path.dsv
[0.699s] -- Up-to-date: /home/sid/ros2_ws/install/parameter_handler1/share/parameter_handler1/local_setup.bash
[0.699s] -- Up-to-date: /home/sid/ros2_ws/install/parameter_handler1/share/parameter_handler1/local_setup.sh
[0.699s] -- Up-to-date: /home/sid/ros2_ws/install/parameter_handler1/share/parameter_handler1/local_setup.zsh
[0.699s] -- Up-to-date: /home/sid/ros2_ws/install/parameter_handler1/share/parameter_handler1/local_setup.dsv
[0.699s] -- Installing: /home/sid/ros2_ws/install/parameter_handler1/share/parameter_handler1/package.dsv
[0.699s] -- Up-to-date: /home/sid/ros2_ws/install/parameter_handler1/share/ament_index/resource_index/packages/parameter_handler1
[0.699s] -- Up-to-date: /home/sid/ros2_ws/install/parameter_handler1/share/parameter_handler1/cmake/parameter_handler1Config.cmake
[0.699s] -- Up-to-date: /home/sid/ros2_ws/install/parameter_handler1/share/parameter_handler1/cmake/parameter_handler1Config-version.cmake
[0.699s] -- Installing: /home/sid/ros2_ws/install/parameter_handler1/share/parameter_handler1/package.xml
[0.704s] Invoked command in '/home/sid/ros2_ws/build/parameter_handler1' returned '0': CMAKE_PREFIX_PATH=${CMAKE_PREFIX_PATH}:/home/sid/ros2_ws/install/my_first_pkg:/opt/ros/iron /home/sid/.local/bin/cmake --install /home/sid/ros2_ws/build/parameter_handler1
