[0.176s] Invoking command in '/home/sid/ros2_ws/build/my_package': CMAKE_PREFIX_PATH=${CMAKE_PREFIX_PATH}:/home/sid/ros2_ws/install/my_first_pkg:/opt/ros/iron /usr/bin/cmake --build /home/sid/ros2_ws/build/my_package -- -j8 -l8
[0.191s] -- Found ament_cmake: 2.0.3 (/opt/ros/iron/share/ament_cmake/cmake)
[0.294s] -- Override CMake install command with custom implementation using symlinks instead of copying resources
[0.299s] -- Found rclcpp: 21.0.1 (/opt/ros/iron/share/rclcpp/cmake)
[0.320s] -- Found rosidl_generator_c: 4.0.0 (/opt/ros/iron/share/rosidl_generator_c/cmake)
[0.326s] -- Found rosidl_generator_cpp: 4.0.0 (/opt/ros/iron/share/rosidl_generator_cpp/cmake)
[0.335s] -- Using all available rosidl_typesupport_c: rosidl_typesupport_fastrtps_c;rosidl_typesupport_introspection_c
[0.346s] -- Using all available rosidl_typesupport_cpp: rosidl_typesupport_fastrtps_cpp;rosidl_typesupport_introspection_cpp
[0.450s] -- Found rmw_implementation_cmake: 7.1.0 (/opt/ros/iron/share/rmw_implementation_cmake/cmake)
[0.451s] -- Found rmw_fastrtps_cpp: 7.1.1 (/opt/ros/iron/share/rmw_fastrtps_cpp/cmake)
[0.536s] -- Using RMW implementation 'rmw_fastrtps_cpp' as default
[0.654s] -- Found std_msgs: 5.0.0 (/opt/ros/iron/share/std_msgs/cmake)
[0.674s] -- Found ament_lint_auto: 0.14.1 (/opt/ros/iron/share/ament_lint_auto/cmake)
[0.724s] -- Added test 'cppcheck' to perform static code analysis on C / C++ code
[0.724s] -- Configured cppcheck include dirs: 
[0.724s] -- Configured cppcheck exclude dirs and/or files: 
[0.725s] -- Added test 'lint_cmake' to check CMake code style
[0.725s] -- Added test 'uncrustify' to check C / C++ code style
[0.725s] -- Configured uncrustify additional arguments: 
[0.726s] -- Added test 'xmllint' to check XML markup files
[0.726s] -- Configuring done
[0.729s] [31mCMake Error at CMakeLists.txt:13 (add_executable):
[0.729s]   Cannot find source file:
[0.729s] 
[0.729s]     src/talker.cpp
[0.729s] 
[0.729s]   Tried extensions .c .C .c++ .cc .cpp .cxx .cu .mpp .m .M .mm .ixx .cppm .h
[0.729s]   .hh .h++ .hm .hpp .hxx .in .txx .f .F .for .f77 .f90 .f95 .f03 .hip .ispc
[0.729s] 
[0.729s] [0m
[0.729s] [31mCMake Error at CMakeLists.txt:13 (add_executable):
[0.730s]   No SOURCES given to target: talker
[0.730s] 
[0.730s] [0m
[0.730s] [0mCMake Generate step failed.  Build files cannot be regenerated correctly.[0m
[0.736s] gmake: *** [Makefile:267: cmake_check_build_system] Error 1
[0.738s] Invoked command in '/home/sid/ros2_ws/build/my_package' returned '2': CMAKE_PREFIX_PATH=${CMAKE_PREFIX_PATH}:/home/sid/ros2_ws/install/my_first_pkg:/opt/ros/iron /usr/bin/cmake --build /home/sid/ros2_ws/build/my_package -- -j8 -l8
