[ 50%] [32mBuilding CXX object CMakeFiles/param_test.dir/src/cpp_param_node.cpp.o[0m
[100%] [32m[1mLinking CXX executable param_test[0m
[100%] Built target param_test
-- Install configuration: ""
-- Installing: /home/sid/ros2_ws/install/cpp_parameters/lib/cpp_parameters/param_test
-- Set runtime path of "/home/sid/ros2_ws/install/cpp_parameters/lib/cpp_parameters/param_test" to ""
-- Up-to-date: /home/sid/ros2_ws/install/cpp_parameters/share/ament_index/resource_index/package_run_dependencies/cpp_parameters
-- Up-to-date: /home/sid/ros2_ws/install/cpp_parameters/share/ament_index/resource_index/parent_prefix_path/cpp_parameters
-- Up-to-date: /home/sid/ros2_ws/install/cpp_parameters/share/cpp_parameters/environment/ament_prefix_path.sh
-- Up-to-date: /home/sid/ros2_ws/install/cpp_parameters/share/cpp_parameters/environment/ament_prefix_path.dsv
-- Up-to-date: /home/sid/ros2_ws/install/cpp_parameters/share/cpp_parameters/environment/path.sh
-- Up-to-date: /home/sid/ros2_ws/install/cpp_parameters/share/cpp_parameters/environment/path.dsv
-- Up-to-date: /home/sid/ros2_ws/install/cpp_parameters/share/cpp_parameters/local_setup.bash
-- Up-to-date: /home/sid/ros2_ws/install/cpp_parameters/share/cpp_parameters/local_setup.sh
-- Up-to-date: /home/sid/ros2_ws/install/cpp_parameters/share/cpp_parameters/local_setup.zsh
-- Up-to-date: /home/sid/ros2_ws/install/cpp_parameters/share/cpp_parameters/local_setup.dsv
-- Installing: /home/sid/ros2_ws/install/cpp_parameters/share/cpp_parameters/package.dsv
-- Up-to-date: /home/sid/ros2_ws/install/cpp_parameters/share/ament_index/resource_index/packages/cpp_parameters
-- Up-to-date: /home/sid/ros2_ws/install/cpp_parameters/share/cpp_parameters/cmake/cpp_parametersConfig.cmake
-- Up-to-date: /home/sid/ros2_ws/install/cpp_parameters/share/cpp_parameters/cmake/cpp_parametersConfig-version.cmake
-- Up-to-date: /home/sid/ros2_ws/install/cpp_parameters/share/cpp_parameters/package.xml
