[0.020s] Invoking command in '/home/sid/ros2_ws/build/cpp_pub': CMAKE_PREFIX_PATH=${CMAKE_PREFIX_PATH}:/home/sid/ros2_ws/install/my_first_pkg:/opt/ros/iron /home/sid/.local/bin/cmake --build /home/sid/ros2_ws/build/cpp_pub -- -j8 -l8
[0.250s] [ 25%] [32mBuilding CXX object CMakeFiles/simple_pub.dir/src/simple_pub.cpp.o[0m
[0.251s] [ 75%] Built target simple_sub
[3.239s] [100%] [32m[1mLinking CXX executable simple_pub[0m
[3.359s] [100%] Built target simple_pub
[3.372s] Invoked command in '/home/sid/ros2_ws/build/cpp_pub' returned '0': CMAKE_PREFIX_PATH=${CMAKE_PREFIX_PATH}:/home/sid/ros2_ws/install/my_first_pkg:/opt/ros/iron /home/sid/.local/bin/cmake --build /home/sid/ros2_ws/build/cpp_pub -- -j8 -l8
[3.407s] Invoking command in '/home/sid/ros2_ws/build/cpp_pub': CMAKE_PREFIX_PATH=${CMAKE_PREFIX_PATH}:/home/sid/ros2_ws/install/my_first_pkg:/opt/ros/iron /home/sid/.local/bin/cmake --install /home/sid/ros2_ws/build/cpp_pub
[3.429s] -- Install configuration: ""
[3.429s] -- Execute custom install script
[3.430s] -- Up-to-date symlink: /home/sid/ros2_ws/install/cpp_pub/lib/cpp_pub/simple_pub
[3.430s] -- Up-to-date symlink: /home/sid/ros2_ws/install/cpp_pub/lib/cpp_pub/simple_sub
[3.430s] -- Up-to-date symlink: /home/sid/ros2_ws/install/cpp_pub/share/ament_index/resource_index/package_run_dependencies/cpp_pub
[3.430s] -- Up-to-date symlink: /home/sid/ros2_ws/install/cpp_pub/share/ament_index/resource_index/parent_prefix_path/cpp_pub
[3.430s] -- Up-to-date symlink: /home/sid/ros2_ws/install/cpp_pub/share/cpp_pub/environment/ament_prefix_path.sh
[3.430s] -- Up-to-date symlink: /home/sid/ros2_ws/install/cpp_pub/share/cpp_pub/environment/ament_prefix_path.dsv
[3.430s] -- Up-to-date symlink: /home/sid/ros2_ws/install/cpp_pub/share/cpp_pub/environment/path.sh
[3.430s] -- Up-to-date symlink: /home/sid/ros2_ws/install/cpp_pub/share/cpp_pub/environment/path.dsv
[3.430s] -- Up-to-date symlink: /home/sid/ros2_ws/install/cpp_pub/share/cpp_pub/local_setup.bash
[3.430s] -- Up-to-date symlink: /home/sid/ros2_ws/install/cpp_pub/share/cpp_pub/local_setup.sh
[3.431s] -- Up-to-date symlink: /home/sid/ros2_ws/install/cpp_pub/share/cpp_pub/local_setup.zsh
[3.431s] -- Up-to-date symlink: /home/sid/ros2_ws/install/cpp_pub/share/cpp_pub/local_setup.dsv
[3.431s] -- Symlinking: /home/sid/ros2_ws/install/cpp_pub/share/cpp_pub/package.dsv
[3.433s] -- Up-to-date symlink: /home/sid/ros2_ws/install/cpp_pub/share/ament_index/resource_index/packages/cpp_pub
[3.433s] -- Up-to-date symlink: /home/sid/ros2_ws/install/cpp_pub/share/cpp_pub/cmake/cpp_pubConfig.cmake
[3.433s] -- Up-to-date symlink: /home/sid/ros2_ws/install/cpp_pub/share/cpp_pub/cmake/cpp_pubConfig-version.cmake
[3.433s] -- Up-to-date symlink: /home/sid/ros2_ws/install/cpp_pub/share/cpp_pub/package.xml
[3.439s] Invoked command in '/home/sid/ros2_ws/build/cpp_pub' returned '0': CMAKE_PREFIX_PATH=${CMAKE_PREFIX_PATH}:/home/sid/ros2_ws/install/my_first_pkg:/opt/ros/iron /home/sid/.local/bin/cmake --install /home/sid/ros2_ws/build/cpp_pub
