[0.017s] Invoking command in '/home/sid/ros2_ws/build/tut_interfaces': CMAKE_PREFIX_PATH=${CMAKE_PREFIX_PATH}:/home/sid/ros2_ws/install/my_first_pkg:/opt/ros/iron /home/sid/.local/bin/cmake /home/sid/ros2_ws/src/tut_interfaces -DCMAKE_INSTALL_PREFIX=/home/sid/ros2_ws/install/tut_interfaces
[0.041s] -- Found ament_cmake: 2.0.3 (/opt/ros/iron/share/ament_cmake/cmake)
[0.126s] -- Found rosidl_default_generators: 1.5.0 (/opt/ros/iron/share/rosidl_default_generators/cmake)
[0.128s] -- Using all available rosidl_typesupport_c: rosidl_typesupport_fastrtps_c;rosidl_typesupport_introspection_c
[0.159s] -- Using all available rosidl_typesupport_cpp: rosidl_typesupport_fastrtps_cpp;rosidl_typesupport_introspection_cpp
[0.183s] -- Found rosidl_adapter: 4.0.0 (/opt/ros/iron/share/rosidl_adapter/cmake)
[0.283s] [31mCMake Error at /opt/ros/iron/share/rosidl_adapter/cmake/rosidl_adapt_interfaces.cmake:57 (message):
[0.283s]   execute_process(/usr/bin/python3.10 -m rosidl_adapter --package-name
[0.283s]   tut_interfaces --arguments-file
[0.283s]   /home/sid/ros2_ws/build/tut_interfaces/rosidl_adapter__arguments__$(PROJECT_NAME).json
[0.284s]   --output-dir
[0.284s]   /home/sid/ros2_ws/build/tut_interfaces/rosidl_adapter/tut_interfaces
[0.284s]   --output-file
[0.284s]   /home/sid/ros2_ws/build/tut_interfaces/rosidl_adapter/$(PROJECT_NAME).idls)
[0.284s]   returned error code 1:
[0.284s] 
[0.284s]   Traceback (most recent call last):
[0.284s] 
[0.284s]     File "/usr/lib/python3.10/runpy.py", line 196, in _run_module_as_main
[0.284s]       return _run_code(code, main_globals, None,
[0.284s]     File "/usr/lib/python3.10/runpy.py", line 86, in _run_code
[0.284s]       exec(code, run_globals)
[0.284s]     File "/opt/ros/iron/lib/python3.10/site-packages/rosidl_adapter/__main__.py", line 19, in <module>
[0.284s]       sys.exit(main())
[0.284s]     File "/opt/ros/iron/lib/python3.10/site-packages/rosidl_adapter/main.py", line 53, in main
[0.284s]       abs_idl_file = convert_to_idl(
[0.284s]     File "/opt/ros/iron/lib/python3.10/site-packages/rosidl_adapter/__init__.py", line 24, in convert_to_idl
[0.284s]       return convert_srv_to_idl(
[0.284s]     File "/opt/ros/iron/lib/python3.10/site-packages/rosidl_adapter/srv/__init__.py", line 28, in convert_srv_to_idl
[0.284s]       srv = parse_service_string(package_name, input_file.stem, content)
[0.284s]     File "/opt/ros/iron/lib/python3.10/site-packages/rosidl_adapter/parser.py", line 860, in parse_service_string
[0.284s]       request_message = parse_message_string(
[0.284s]     File "/opt/ros/iron/lib/python3.10/site-packages/rosidl_adapter/parser.py", line 545, in parse_message_string
[0.284s]       msg = MessageSpecification(pkg_name, msg_name, fields, constants)
[0.284s]     File "/opt/ros/iron/lib/python3.10/site-packages/rosidl_adapter/parser.py", line 389, in __init__
[0.284s]       self.base_type = BaseType(
[0.284s]     File "/opt/ros/iron/lib/python3.10/site-packages/rosidl_adapter/parser.py", line 206, in __init__
[0.284s]       raise InvalidResourceName(
[0.284s] 
[0.284s]   rosidl_adapter.parser.InvalidResourceName: 'checkfib_Request' is an invalid
[0.285s]   message name.  It should have the pattern '^[A-Z][A-Za-z0-9]*$'
[0.285s] 
[0.285s] Call Stack (most recent call first):
[0.285s]   /opt/ros/iron/share/rosidl_cmake/cmake/rosidl_generate_interfaces.cmake:132 (rosidl_adapt_interfaces)
[0.285s]   CMakeLists.txt:16 (rosidl_generate_interfaces)
[0.285s] 
[0.285s] [0m
[0.285s] -- Configuring incomplete, errors occurred!
[0.291s] Invoked command in '/home/sid/ros2_ws/build/tut_interfaces' returned '1': CMAKE_PREFIX_PATH=${CMAKE_PREFIX_PATH}:/home/sid/ros2_ws/install/my_first_pkg:/opt/ros/iron /home/sid/.local/bin/cmake /home/sid/ros2_ws/src/tut_interfaces -DCMAKE_INSTALL_PREFIX=/home/sid/ros2_ws/install/tut_interfaces
