[0.038s] Invoking command in '/home/sid/ros2_ws/build/model_4wd': CMAKE_PREFIX_PATH=${CMAKE_PREFIX_PATH}:/home/sid/ros2_ws/install/my_first_pkg:/opt/ros/iron /home/sid/.local/bin/cmake --build /home/sid/ros2_ws/build/model_4wd -- -j8 -l8
[0.167s] -- Found ament_cmake: 2.0.3 (/opt/ros/iron/share/ament_cmake/cmake)
[0.481s] -- Found ament_lint_auto: 0.14.1 (/opt/ros/iron/share/ament_lint_auto/cmake)
[0.642s] -- Added test 'flake8' to check Python code syntax and style conventions
[0.643s] -- Configured 'flake8' exclude dirs and/or files: 
[0.645s] -- Added test 'lint_cmake' to check CMake code style
[0.646s] -- Added test 'pep257' to check Python code against some of the docstring style conventions in PEP 257
[0.650s] -- Added test 'xmllint' to check XML markup files
[0.653s] -- Configuring done (0.5s)
[0.662s] -- Generating done (0.0s)
[0.663s] -- Build files have been written to: /home/sid/ros2_ws/build/model_4wd
[0.690s] Invoked command in '/home/sid/ros2_ws/build/model_4wd' returned '0': CMAKE_PREFIX_PATH=${CMAKE_PREFIX_PATH}:/home/sid/ros2_ws/install/my_first_pkg:/opt/ros/iron /home/sid/.local/bin/cmake --build /home/sid/ros2_ws/build/model_4wd -- -j8 -l8
[0.873s] Invoking command in '/home/sid/ros2_ws/build/model_4wd': CMAKE_PREFIX_PATH=${CMAKE_PREFIX_PATH}:/home/sid/ros2_ws/install/my_first_pkg:/opt/ros/iron /home/sid/.local/bin/cmake --install /home/sid/ros2_ws/build/model_4wd
[0.940s] -- Install configuration: ""
[0.948s] -- Installing: /home/sid/ros2_ws/install/model_4wd/share/model_4wd/config
[0.948s] -- Installing: /home/sid/ros2_ws/install/model_4wd/share/model_4wd/launch
[0.948s] -- Installing: /home/sid/ros2_ws/install/model_4wd/share/model_4wd/launch/fwd.launch.py
[0.949s] -- Installing: /home/sid/ros2_ws/install/model_4wd/share/model_4wd/maps
[0.949s] -- Installing: /home/sid/ros2_ws/install/model_4wd/share/model_4wd/meshes
[0.949s] -- Installing: /home/sid/ros2_ws/install/model_4wd/share/model_4wd/meshes/robot_base.stl
[0.949s] -- Installing: /home/sid/ros2_ws/install/model_4wd/share/model_4wd/models
[0.949s] -- Installing: /home/sid/ros2_ws/install/model_4wd/share/model_4wd/params
[0.950s] -- Installing: /home/sid/ros2_ws/install/model_4wd/share/model_4wd/rviz
[0.950s] -- Installing: /home/sid/ros2_ws/install/model_4wd/share/model_4wd/rviz/rviz_basic_settings.rviz
[0.950s] -- Installing: /home/sid/ros2_ws/install/model_4wd/share/model_4wd/src
[0.950s] -- Installing: /home/sid/ros2_ws/install/model_4wd/share/model_4wd/urdf
[0.950s] -- Installing: /home/sid/ros2_ws/install/model_4wd/share/model_4wd/urdf/model.urdf
[0.950s] -- Installing: /home/sid/ros2_ws/install/model_4wd/share/model_4wd/worlds
[0.950s] -- Installing: /home/sid/ros2_ws/install/model_4wd/share/ament_index/resource_index/package_run_dependencies/model_4wd
[0.950s] -- Installing: /home/sid/ros2_ws/install/model_4wd/share/ament_index/resource_index/parent_prefix_path/model_4wd
[0.951s] -- Up-to-date: /home/sid/ros2_ws/install/model_4wd/share/model_4wd/environment/ament_prefix_path.sh
[0.951s] -- Up-to-date: /home/sid/ros2_ws/install/model_4wd/share/model_4wd/environment/ament_prefix_path.dsv
[0.951s] -- Up-to-date: /home/sid/ros2_ws/install/model_4wd/share/model_4wd/environment/path.sh
[0.951s] -- Up-to-date: /home/sid/ros2_ws/install/model_4wd/share/model_4wd/environment/path.dsv
[0.951s] -- Up-to-date: /home/sid/ros2_ws/install/model_4wd/share/model_4wd/local_setup.bash
[0.951s] -- Up-to-date: /home/sid/ros2_ws/install/model_4wd/share/model_4wd/local_setup.sh
[0.951s] -- Up-to-date: /home/sid/ros2_ws/install/model_4wd/share/model_4wd/local_setup.zsh
[0.952s] -- Up-to-date: /home/sid/ros2_ws/install/model_4wd/share/model_4wd/local_setup.dsv
[0.952s] -- Up-to-date: /home/sid/ros2_ws/install/model_4wd/share/model_4wd/package.dsv
[0.952s] -- Up-to-date: /home/sid/ros2_ws/install/model_4wd/share/ament_index/resource_index/packages/model_4wd
[0.952s] -- Up-to-date: /home/sid/ros2_ws/install/model_4wd/share/model_4wd/cmake/model_4wdConfig.cmake
[0.952s] -- Up-to-date: /home/sid/ros2_ws/install/model_4wd/share/model_4wd/cmake/model_4wdConfig-version.cmake
[0.952s] -- Installing: /home/sid/ros2_ws/install/model_4wd/share/model_4wd/package.xml
[0.964s] Invoked command in '/home/sid/ros2_ws/build/model_4wd' returned '0': CMAKE_PREFIX_PATH=${CMAKE_PREFIX_PATH}:/home/sid/ros2_ws/install/my_first_pkg:/opt/ros/iron /home/sid/.local/bin/cmake --install /home/sid/ros2_ws/build/model_4wd
