[0.336s] Invoking command in '/home/sid/ros2_ws/build/my_package': CMAKE_PREFIX_PATH=${CMAKE_PREFIX_PATH}:/home/sid/ros2_ws/install/my_first_pkg:/opt/ros/iron /home/sid/.local/bin/cmake --build /home/sid/ros2_ws/build/my_package -- -j8 -l8
[0.395s] [100%] Built target simple
[0.416s] Invoked command in '/home/sid/ros2_ws/build/my_package' returned '0': CMAKE_PREFIX_PATH=${CMAKE_PREFIX_PATH}:/home/sid/ros2_ws/install/my_first_pkg:/opt/ros/iron /home/sid/.local/bin/cmake --build /home/sid/ros2_ws/build/my_package -- -j8 -l8
[0.491s] Invoking command in '/home/sid/ros2_ws/build/my_package': CMAKE_PREFIX_PATH=${CMAKE_PREFIX_PATH}:/home/sid/ros2_ws/install/my_first_pkg:/opt/ros/iron /home/sid/.local/bin/cmake --install /home/sid/ros2_ws/build/my_package
[0.531s] -- Install configuration: ""
[0.531s] -- Execute custom install script
[0.532s] -- Up-to-date symlink: /home/sid/ros2_ws/install/my_package/lib/my_package/simple
[0.532s] -- Up-to-date symlink: /home/sid/ros2_ws/install/my_package/share/ament_index/resource_index/package_run_dependencies/my_package
[0.532s] -- Up-to-date symlink: /home/sid/ros2_ws/install/my_package/share/ament_index/resource_index/parent_prefix_path/my_package
[0.533s] -- Up-to-date symlink: /home/sid/ros2_ws/install/my_package/share/my_package/environment/ament_prefix_path.sh
[0.536s] -- Up-to-date symlink: /home/sid/ros2_ws/install/my_package/share/my_package/environment/ament_prefix_path.dsv
[0.536s] -- Up-to-date symlink: /home/sid/ros2_ws/install/my_package/share/my_package/environment/path.sh
[0.536s] -- Up-to-date symlink: /home/sid/ros2_ws/install/my_package/share/my_package/environment/path.dsv
[0.536s] -- Up-to-date symlink: /home/sid/ros2_ws/install/my_package/share/my_package/local_setup.bash
[0.536s] -- Up-to-date symlink: /home/sid/ros2_ws/install/my_package/share/my_package/local_setup.sh
[0.537s] -- Up-to-date symlink: /home/sid/ros2_ws/install/my_package/share/my_package/local_setup.zsh
[0.537s] -- Up-to-date symlink: /home/sid/ros2_ws/install/my_package/share/my_package/local_setup.dsv
[0.537s] -- Symlinking: /home/sid/ros2_ws/install/my_package/share/my_package/package.dsv
[0.541s] -- Up-to-date symlink: /home/sid/ros2_ws/install/my_package/share/ament_index/resource_index/packages/my_package
[0.541s] -- Up-to-date symlink: /home/sid/ros2_ws/install/my_package/share/my_package/cmake/my_packageConfig.cmake
[0.541s] -- Up-to-date symlink: /home/sid/ros2_ws/install/my_package/share/my_package/cmake/my_packageConfig-version.cmake
[0.541s] -- Up-to-date symlink: /home/sid/ros2_ws/install/my_package/share/my_package/package.xml
[0.556s] Invoked command in '/home/sid/ros2_ws/build/my_package' returned '0': CMAKE_PREFIX_PATH=${CMAKE_PREFIX_PATH}:/home/sid/ros2_ws/install/my_first_pkg:/opt/ros/iron /home/sid/.local/bin/cmake --install /home/sid/ros2_ws/build/my_package
