[0.026s] Invoking command in '/home/sid/ros2_ws/build/cpp_srvcli': CMAKE_PREFIX_PATH=${CMAKE_PREFIX_PATH}:/home/sid/ros2_ws/install/my_first_pkg:/opt/ros/iron /home/sid/.local/bin/cmake --build /home/sid/ros2_ws/build/cpp_srvcli -- -j8 -l8
[0.280s] -- Found ament_cmake: 2.0.3 (/opt/ros/iron/share/ament_cmake/cmake)
[0.280s] -- Found rclcpp: 21.0.1 (/opt/ros/iron/share/rclcpp/cmake)
[0.280s] -- Found rosidl_generator_c: 4.0.0 (/opt/ros/iron/share/rosidl_generator_c/cmake)
[0.280s] -- Found rosidl_generator_cpp: 4.0.0 (/opt/ros/iron/share/rosidl_generator_cpp/cmake)
[0.280s] -- Using all available rosidl_typesupport_c: rosidl_typesupport_fastrtps_c;rosidl_typesupport_introspection_c
[0.305s] -- Using all available rosidl_typesupport_cpp: rosidl_typesupport_fastrtps_cpp;rosidl_typesupport_introspection_cpp
[0.467s] -- Found rmw_implementation_cmake: 7.1.0 (/opt/ros/iron/share/rmw_implementation_cmake/cmake)
[0.470s] -- Found rmw_fastrtps_cpp: 7.1.1 (/opt/ros/iron/share/rmw_fastrtps_cpp/cmake)
[0.597s] -- Using RMW implementation 'rmw_fastrtps_cpp' as default
[0.751s] -- Found example_interfaces: 0.10.2 (/opt/ros/iron/share/example_interfaces/cmake)
[0.922s] -- Found ament_lint_auto: 0.14.1 (/opt/ros/iron/share/ament_lint_auto/cmake)
[0.983s] -- Added test 'cppcheck' to perform static code analysis on C / C++ code
[0.983s] -- Configured cppcheck include dirs: 
[0.983s] -- Configured cppcheck exclude dirs and/or files: 
[0.983s] -- Added test 'lint_cmake' to check CMake code style
[0.984s] -- Added test 'uncrustify' to check C / C++ code style
[0.984s] -- Configured uncrustify additional arguments: 
[0.985s] -- Added test 'xmllint' to check XML markup files
[0.986s] -- Configuring done (0.9s)
[1.003s] -- Generating done (0.0s)
[1.005s] -- Build files have been written to: /home/sid/ros2_ws/build/cpp_srvcli
[1.027s] [ 50%] [32mBuilding CXX object CMakeFiles/client.dir/src/add_two_ints_client.cpp.o[0m
[1.027s] [ 50%] [32mBuilding CXX object CMakeFiles/server.dir/src/add_two_ints_server.cpp.o[0m
[4.652s] [ 75%] [32m[1mLinking CXX executable server[0m
[4.787s] [100%] [32m[1mLinking CXX executable client[0m
[4.875s] [100%] Built target server
[4.955s] [100%] Built target client
[4.965s] Invoked command in '/home/sid/ros2_ws/build/cpp_srvcli' returned '0': CMAKE_PREFIX_PATH=${CMAKE_PREFIX_PATH}:/home/sid/ros2_ws/install/my_first_pkg:/opt/ros/iron /home/sid/.local/bin/cmake --build /home/sid/ros2_ws/build/cpp_srvcli -- -j8 -l8
[5.002s] Invoking command in '/home/sid/ros2_ws/build/cpp_srvcli': CMAKE_PREFIX_PATH=${CMAKE_PREFIX_PATH}:/home/sid/ros2_ws/install/my_first_pkg:/opt/ros/iron /home/sid/.local/bin/cmake --install /home/sid/ros2_ws/build/cpp_srvcli
[5.023s] -- Install configuration: ""
[5.025s] -- Installing: /home/sid/ros2_ws/install/cpp_srvcli/lib/cpp_srvcli/server
[5.026s] -- Set runtime path of "/home/sid/ros2_ws/install/cpp_srvcli/lib/cpp_srvcli/server" to ""
[5.026s] -- Installing: /home/sid/ros2_ws/install/cpp_srvcli/lib/cpp_srvcli/client
[5.027s] -- Set runtime path of "/home/sid/ros2_ws/install/cpp_srvcli/lib/cpp_srvcli/client" to ""
[5.027s] -- Up-to-date: /home/sid/ros2_ws/install/cpp_srvcli/share/ament_index/resource_index/package_run_dependencies/cpp_srvcli
[5.027s] -- Installing: /home/sid/ros2_ws/install/cpp_srvcli/share/ament_index/resource_index/parent_prefix_path/cpp_srvcli
[5.027s] -- Up-to-date: /home/sid/ros2_ws/install/cpp_srvcli/share/cpp_srvcli/environment/ament_prefix_path.sh
[5.027s] -- Up-to-date: /home/sid/ros2_ws/install/cpp_srvcli/share/cpp_srvcli/environment/ament_prefix_path.dsv
[5.027s] -- Up-to-date: /home/sid/ros2_ws/install/cpp_srvcli/share/cpp_srvcli/environment/path.sh
[5.027s] -- Up-to-date: /home/sid/ros2_ws/install/cpp_srvcli/share/cpp_srvcli/environment/path.dsv
[5.028s] -- Up-to-date: /home/sid/ros2_ws/install/cpp_srvcli/share/cpp_srvcli/local_setup.bash
[5.028s] -- Up-to-date: /home/sid/ros2_ws/install/cpp_srvcli/share/cpp_srvcli/local_setup.sh
[5.028s] -- Up-to-date: /home/sid/ros2_ws/install/cpp_srvcli/share/cpp_srvcli/local_setup.zsh
[5.028s] -- Up-to-date: /home/sid/ros2_ws/install/cpp_srvcli/share/cpp_srvcli/local_setup.dsv
[5.028s] -- Installing: /home/sid/ros2_ws/install/cpp_srvcli/share/cpp_srvcli/package.dsv
[5.028s] -- Up-to-date: /home/sid/ros2_ws/install/cpp_srvcli/share/ament_index/resource_index/packages/cpp_srvcli
[5.028s] -- Up-to-date: /home/sid/ros2_ws/install/cpp_srvcli/share/cpp_srvcli/cmake/cpp_srvcliConfig.cmake
[5.029s] -- Up-to-date: /home/sid/ros2_ws/install/cpp_srvcli/share/cpp_srvcli/cmake/cpp_srvcliConfig-version.cmake
[5.029s] -- Up-to-date: /home/sid/ros2_ws/install/cpp_srvcli/share/cpp_srvcli/package.xml
[5.035s] Invoked command in '/home/sid/ros2_ws/build/cpp_srvcli' returned '0': CMAKE_PREFIX_PATH=${CMAKE_PREFIX_PATH}:/home/sid/ros2_ws/install/my_first_pkg:/opt/ros/iron /home/sid/.local/bin/cmake --install /home/sid/ros2_ws/build/cpp_srvcli
