[0.273s] Invoking command in '/home/sid/ros2_ws/build/my_package': CMAKE_PREFIX_PATH=${CMAKE_PREFIX_PATH}:/home/sid/ros2_ws/install/my_first_pkg:/opt/ros/iron /home/sid/.local/bin/cmake --build /home/sid/ros2_ws/build/my_package -- -j8 -l8
[0.313s] [100%] Built target simple
[0.320s] Invoked command in '/home/sid/ros2_ws/build/my_package' returned '0': CMAKE_PREFIX_PATH=${CMAKE_PREFIX_PATH}:/home/sid/ros2_ws/install/my_first_pkg:/opt/ros/iron /home/sid/.local/bin/cmake --build /home/sid/ros2_ws/build/my_package -- -j8 -l8
[0.380s] Invoking command in '/home/sid/ros2_ws/build/my_package': CMAKE_PREFIX_PATH=${CMAKE_PREFIX_PATH}:/home/sid/ros2_ws/install/my_first_pkg:/opt/ros/iron /home/sid/.local/bin/cmake --install /home/sid/ros2_ws/build/my_package
[0.403s] -- Install configuration: ""
[0.403s] -- Execute custom install script
[0.403s] -- Up-to-date symlink: /home/sid/ros2_ws/install/my_package/lib/my_package/simple
[0.404s] -- Up-to-date symlink: /home/sid/ros2_ws/install/my_package/share/ament_index/resource_index/package_run_dependencies/my_package
[0.404s] -- Up-to-date symlink: /home/sid/ros2_ws/install/my_package/share/ament_index/resource_index/parent_prefix_path/my_package
[0.404s] -- Up-to-date symlink: /home/sid/ros2_ws/install/my_package/share/my_package/environment/ament_prefix_path.sh
[0.404s] -- Up-to-date symlink: /home/sid/ros2_ws/install/my_package/share/my_package/environment/ament_prefix_path.dsv
[0.404s] -- Up-to-date symlink: /home/sid/ros2_ws/install/my_package/share/my_package/environment/path.sh
[0.404s] -- Up-to-date symlink: /home/sid/ros2_ws/install/my_package/share/my_package/environment/path.dsv
[0.404s] -- Up-to-date symlink: /home/sid/ros2_ws/install/my_package/share/my_package/local_setup.bash
[0.404s] -- Up-to-date symlink: /home/sid/ros2_ws/install/my_package/share/my_package/local_setup.sh
[0.404s] -- Up-to-date symlink: /home/sid/ros2_ws/install/my_package/share/my_package/local_setup.zsh
[0.404s] -- Up-to-date symlink: /home/sid/ros2_ws/install/my_package/share/my_package/local_setup.dsv
[0.405s] -- Symlinking: /home/sid/ros2_ws/install/my_package/share/my_package/package.dsv
[0.407s] -- Up-to-date symlink: /home/sid/ros2_ws/install/my_package/share/ament_index/resource_index/packages/my_package
[0.407s] -- Up-to-date symlink: /home/sid/ros2_ws/install/my_package/share/my_package/cmake/my_packageConfig.cmake
[0.407s] -- Up-to-date symlink: /home/sid/ros2_ws/install/my_package/share/my_package/cmake/my_packageConfig-version.cmake
[0.407s] -- Up-to-date symlink: /home/sid/ros2_ws/install/my_package/share/my_package/package.xml
[0.415s] Invoked command in '/home/sid/ros2_ws/build/my_package' returned '0': CMAKE_PREFIX_PATH=${CMAKE_PREFIX_PATH}:/home/sid/ros2_ws/install/my_first_pkg:/opt/ros/iron /home/sid/.local/bin/cmake --install /home/sid/ros2_ws/build/my_package
