-- Found ament_cmake: 2.0.3 (/opt/ros/iron/share/ament_cmake/cmake)
-- Found rclcpp: 21.0.1 (/opt/ros/iron/share/rclcpp/cmake)
-- Found rosidl_generator_c: 4.0.0 (/opt/ros/iron/share/rosidl_generator_c/cmake)
-- Found rosidl_generator_cpp: 4.0.0 (/opt/ros/iron/share/rosidl_generator_cpp/cmake)
-- Using all available rosidl_typesupport_c: rosidl_typesupport_fastrtps_c;rosidl_typesupport_introspection_c
-- Using all available rosidl_typesupport_cpp: rosidl_typesupport_fastrtps_cpp;rosidl_typesupport_introspection_cpp
-- Found rmw_implementation_cmake: 7.1.0 (/opt/ros/iron/share/rmw_implementation_cmake/cmake)
-- Found rmw_fastrtps_cpp: 7.1.1 (/opt/ros/iron/share/rmw_fastrtps_cpp/cmake)
-- Found OpenSSL: /usr/lib/x86_64-linux-gnu/libcrypto.so (found version "3.0.2")  
-- Found FastRTPS: /opt/ros/iron/include  
-- Using RMW implementation 'rmw_fastrtps_cpp' as default
-- Found rosidl_default_generators: 1.5.0 (/opt/ros/iron/share/rosidl_default_generators/cmake)
-- Found rosidl_adapter: 4.0.0 (/opt/ros/iron/share/rosidl_adapter/cmake)
-- Found ament_cmake_ros: 0.11.2 (/opt/ros/iron/share/ament_cmake_ros/cmake)
-- Using all available rosidl_typesupport_c: rosidl_typesupport_fastrtps_c;rosidl_typesupport_introspection_c
-- Using all available rosidl_typesupport_cpp: rosidl_typesupport_fastrtps_cpp;rosidl_typesupport_introspection_cpp
-- Found python_cmake_module: 0.10.2 (/opt/ros/iron/share/python_cmake_module/cmake)
-- Using PYTHON_EXECUTABLE: /usr/bin/python3
-- Using PYTHON_INCLUDE_DIRS: /usr/include/python3.10
-- Using PYTHON_LIBRARIES: /usr/lib/x86_64-linux-gnu/libpython3.10.so
-- Found ament_lint_auto: 0.14.1 (/opt/ros/iron/share/ament_lint_auto/cmake)
-- Added test 'lint_cmake' to check CMake code style
-- Added test 'xmllint' to check XML markup files
-- Configuring done (1.0s)
-- Generating done (0.0s)
-- Build files have been written to: /home/sid/ros2_ws/build/tut_interfaces
[  2%] [34m[1mGenerating type hashes for ROS interfaces[0m
[  2%] Built target ament_cmake_python_copy_tut_interfaces
[  2%] Built target tut_interfaces__rosidl_generator_type_description
[  4%] [34m[1mGenerating C code for ROS interfaces[0m
[  6%] [34m[1mGenerating C++ code for ROS interfaces[0m
running egg_info
writing tut_interfaces.egg-info/PKG-INFO
writing dependency_links to tut_interfaces.egg-info/dependency_links.txt
writing top-level names to tut_interfaces.egg-info/top_level.txt
reading manifest file 'tut_interfaces.egg-info/SOURCES.txt'
writing manifest file 'tut_interfaces.egg-info/SOURCES.txt'
[  6%] Built target ament_cmake_python_build_tut_interfaces_egg
[  6%] Built target tut_interfaces__cpp
[ 11%] [32mBuilding C object CMakeFiles/tut_interfaces__rosidl_generator_c.dir/rosidl_generator_c/tut_interfaces/msg/detail/message__functions.c.o[0m
[ 11%] [32mBuilding C object CMakeFiles/tut_interfaces__rosidl_generator_c.dir/rosidl_generator_c/tut_interfaces/msg/detail/message__description.c.o[0m
[ 13%] [32mBuilding C object CMakeFiles/tut_interfaces__rosidl_generator_c.dir/rosidl_generator_c/tut_interfaces/msg/detail/message__type_support.c.o[0m
[ 15%] [32mBuilding C object CMakeFiles/tut_interfaces__rosidl_generator_c.dir/rosidl_generator_c/tut_interfaces/srv/detail/check_fib__description.c.o[0m
[ 18%] [32mBuilding C object CMakeFiles/tut_interfaces__rosidl_generator_c.dir/rosidl_generator_c/tut_interfaces/srv/detail/check_fib__functions.c.o[0m
[ 20%] [32mBuilding C object CMakeFiles/tut_interfaces__rosidl_generator_c.dir/rosidl_generator_c/tut_interfaces/srv/detail/check_fib__type_support.c.o[0m
[ 22%] [32m[1mLinking C shared library libtut_interfaces__rosidl_generator_c.so[0m
[ 22%] Built target tut_interfaces__rosidl_generator_c
[ 31%] [34m[1mGenerating C++ type support for eProsima Fast-RTPS[0m
[ 31%] [34m[1mGenerating C introspection for ROS interfaces[0m
[ 31%] [34m[1mGenerating C type support dispatch for ROS interfaces[0m
[ 31%] [34m[1mGenerating C++ introspection for ROS interfaces[0m
[ 34%] [34m[1mGenerating C++ type support dispatch for ROS interfaces[0m
[ 36%] [34m[1mGenerating C type support for eProsima Fast-RTPS[0m
[ 38%] [32mBuilding C object CMakeFiles/tut_interfaces__rosidl_typesupport_introspection_c.dir/rosidl_typesupport_introspection_c/tut_interfaces/msg/detail/message__type_support.c.o[0m
[ 40%] [32mBuilding C object CMakeFiles/tut_interfaces__rosidl_typesupport_introspection_c.dir/rosidl_typesupport_introspection_c/tut_interfaces/srv/detail/check_fib__type_support.c.o[0m
[ 43%] [32mBuilding CXX object CMakeFiles/tut_interfaces__rosidl_typesupport_fastrtps_cpp.dir/rosidl_typesupport_fastrtps_cpp/tut_interfaces/msg/detail/dds_fastrtps/message__type_support.cpp.o[0m
[ 45%] [32mBuilding CXX object CMakeFiles/tut_interfaces__rosidl_typesupport_fastrtps_cpp.dir/rosidl_typesupport_fastrtps_cpp/tut_interfaces/srv/detail/dds_fastrtps/check_fib__type_support.cpp.o[0m
[ 47%] [32m[1mLinking C shared library libtut_interfaces__rosidl_typesupport_introspection_c.so[0m
[ 47%] Built target tut_interfaces__rosidl_typesupport_introspection_c
[ 52%] [32mBuilding CXX object CMakeFiles/tut_interfaces__rosidl_typesupport_cpp.dir/rosidl_typesupport_cpp/tut_interfaces/srv/check_fib__type_support.cpp.o[0m
[ 52%] [32mBuilding CXX object CMakeFiles/tut_interfaces__rosidl_typesupport_cpp.dir/rosidl_typesupport_cpp/tut_interfaces/msg/message__type_support.cpp.o[0m
[ 54%] [32mBuilding CXX object CMakeFiles/tut_interfaces__rosidl_typesupport_c.dir/rosidl_typesupport_c/tut_interfaces/msg/message__type_support.cpp.o[0m
[ 56%] [32mBuilding CXX object CMakeFiles/tut_interfaces__rosidl_typesupport_c.dir/rosidl_typesupport_c/tut_interfaces/srv/check_fib__type_support.cpp.o[0m
[ 59%] [32mBuilding CXX object CMakeFiles/tut_interfaces__rosidl_typesupport_introspection_cpp.dir/rosidl_typesupport_introspection_cpp/tut_interfaces/msg/detail/message__type_support.cpp.o[0m
[ 61%] [32m[1mLinking CXX shared library libtut_interfaces__rosidl_typesupport_c.so[0m
[ 63%] [32mBuilding CXX object CMakeFiles/tut_interfaces__rosidl_typesupport_introspection_cpp.dir/rosidl_typesupport_introspection_cpp/tut_interfaces/srv/detail/check_fib__type_support.cpp.o[0m
[ 65%] [32mBuilding CXX object CMakeFiles/tut_interfaces__rosidl_typesupport_fastrtps_c.dir/rosidl_typesupport_fastrtps_c/tut_interfaces/msg/detail/message__type_support_c.cpp.o[0m
[ 65%] Built target tut_interfaces__rosidl_typesupport_c
[ 68%] [32mBuilding CXX object CMakeFiles/tut_interfaces__rosidl_typesupport_fastrtps_c.dir/rosidl_typesupport_fastrtps_c/tut_interfaces/srv/detail/check_fib__type_support_c.cpp.o[0m
[ 70%] [32m[1mLinking CXX shared library libtut_interfaces__rosidl_typesupport_fastrtps_c.so[0m
[ 72%] [32m[1mLinking CXX shared library libtut_interfaces__rosidl_typesupport_cpp.so[0m
[ 72%] Built target tut_interfaces__rosidl_typesupport_fastrtps_c
[ 72%] Built target tut_interfaces__rosidl_typesupport_cpp
[ 75%] [32m[1mLinking CXX shared library libtut_interfaces__rosidl_typesupport_introspection_cpp.so[0m
[ 77%] [32m[1mLinking CXX shared library libtut_interfaces__rosidl_typesupport_fastrtps_cpp.so[0m
[ 77%] Built target tut_interfaces__rosidl_typesupport_introspection_cpp
[ 77%] Built target tut_interfaces__rosidl_typesupport_fastrtps_cpp
[ 77%] Built target tut_interfaces
[ 79%] [34m[1mGenerating Python code for ROS interfaces[0m
[ 79%] Built target tut_interfaces__py
[ 81%] [32mBuilding C object CMakeFiles/tut_interfaces__rosidl_generator_py.dir/rosidl_generator_py/tut_interfaces/msg/_message_s.c.o[0m
[ 84%] [32mBuilding C object CMakeFiles/tut_interfaces__rosidl_generator_py.dir/rosidl_generator_py/tut_interfaces/srv/_check_fib_s.c.o[0m
[ 86%] [32m[1mLinking C shared library rosidl_generator_py/tut_interfaces/libtut_interfaces__rosidl_generator_py.so[0m
[ 86%] Built target tut_interfaces__rosidl_generator_py
[ 93%] [32mBuilding C object CMakeFiles/tut_interfaces__rosidl_typesupport_fastrtps_c__pyext.dir/rosidl_generator_py/tut_interfaces/_tut_interfaces_s.ep.rosidl_typesupport_fastrtps_c.c.o[0m
[ 93%] [32mBuilding C object CMakeFiles/tut_interfaces__rosidl_typesupport_introspection_c__pyext.dir/rosidl_generator_py/tut_interfaces/_tut_interfaces_s.ep.rosidl_typesupport_introspection_c.c.o[0m
[ 93%] [32mBuilding C object CMakeFiles/tut_interfaces__rosidl_typesupport_c__pyext.dir/rosidl_generator_py/tut_interfaces/_tut_interfaces_s.ep.rosidl_typesupport_c.c.o[0m
[100%] [32m[1mLinking C shared library rosidl_generator_py/tut_interfaces/tut_interfaces_s__rosidl_typesupport_introspection_c.cpython-310-x86_64-linux-gnu.so[0m
[100%] [32m[1mLinking C shared library rosidl_generator_py/tut_interfaces/tut_interfaces_s__rosidl_typesupport_fastrtps_c.cpython-310-x86_64-linux-gnu.so[0m
[100%] [32m[1mLinking C shared library rosidl_generator_py/tut_interfaces/tut_interfaces_s__rosidl_typesupport_c.cpython-310-x86_64-linux-gnu.so[0m
[100%] Built target tut_interfaces__rosidl_typesupport_c__pyext
[100%] Built target tut_interfaces__rosidl_typesupport_introspection_c__pyext
[100%] Built target tut_interfaces__rosidl_typesupport_fastrtps_c__pyext
-- Install configuration: ""
-- Installing: /home/sid/ros2_ws/install/tut_interfaces/share/ament_index/resource_index/rosidl_interfaces/tut_interfaces
-- Installing: /home/sid/ros2_ws/install/tut_interfaces/share/tut_interfaces/msg/Message.json
-- Installing: /home/sid/ros2_ws/install/tut_interfaces/share/tut_interfaces/srv/CheckFib.json
-- Up-to-date: /home/sid/ros2_ws/install/tut_interfaces/include/tut_interfaces/tut_interfaces
-- Up-to-date: /home/sid/ros2_ws/install/tut_interfaces/include/tut_interfaces/tut_interfaces/srv
-- Installing: /home/sid/ros2_ws/install/tut_interfaces/include/tut_interfaces/tut_interfaces/srv/check_fib.h
-- Up-to-date: /home/sid/ros2_ws/install/tut_interfaces/include/tut_interfaces/tut_interfaces/srv/detail
-- Installing: /home/sid/ros2_ws/install/tut_interfaces/include/tut_interfaces/tut_interfaces/srv/detail/check_fib__functions.c
-- Installing: /home/sid/ros2_ws/install/tut_interfaces/include/tut_interfaces/tut_interfaces/srv/detail/check_fib__struct.h
-- Installing: /home/sid/ros2_ws/install/tut_interfaces/include/tut_interfaces/tut_interfaces/srv/detail/check_fib__type_support.h
-- Installing: /home/sid/ros2_ws/install/tut_interfaces/include/tut_interfaces/tut_interfaces/srv/detail/check_fib__description.c
-- Installing: /home/sid/ros2_ws/install/tut_interfaces/include/tut_interfaces/tut_interfaces/srv/detail/check_fib__type_support.c
-- Installing: /home/sid/ros2_ws/install/tut_interfaces/include/tut_interfaces/tut_interfaces/srv/detail/check_fib__functions.h
-- Up-to-date: /home/sid/ros2_ws/install/tut_interfaces/include/tut_interfaces/tut_interfaces/msg
-- Installing: /home/sid/ros2_ws/install/tut_interfaces/include/tut_interfaces/tut_interfaces/msg/message.h
-- Up-to-date: /home/sid/ros2_ws/install/tut_interfaces/include/tut_interfaces/tut_interfaces/msg/detail
-- Installing: /home/sid/ros2_ws/install/tut_interfaces/include/tut_interfaces/tut_interfaces/msg/detail/message__functions.c
-- Up-to-date: /home/sid/ros2_ws/install/tut_interfaces/include/tut_interfaces/tut_interfaces/msg/detail/ans__functions.h
-- Installing: /home/sid/ros2_ws/install/tut_interfaces/include/tut_interfaces/tut_interfaces/msg/detail/message__description.c
-- Up-to-date: /home/sid/ros2_ws/install/tut_interfaces/include/tut_interfaces/tut_interfaces/msg/detail/ans__functions.c
-- Installing: /home/sid/ros2_ws/install/tut_interfaces/include/tut_interfaces/tut_interfaces/msg/detail/message__functions.h
-- Up-to-date: /home/sid/ros2_ws/install/tut_interfaces/include/tut_interfaces/tut_interfaces/msg/detail/ans__struct.h
-- Installing: /home/sid/ros2_ws/install/tut_interfaces/include/tut_interfaces/tut_interfaces/msg/detail/message__struct.h
-- Installing: /home/sid/ros2_ws/install/tut_interfaces/include/tut_interfaces/tut_interfaces/msg/detail/message__type_support.c
-- Installing: /home/sid/ros2_ws/install/tut_interfaces/include/tut_interfaces/tut_interfaces/msg/detail/message__type_support.h
-- Up-to-date: /home/sid/ros2_ws/install/tut_interfaces/include/tut_interfaces/tut_interfaces/msg/detail/ans__description.c
-- Up-to-date: /home/sid/ros2_ws/install/tut_interfaces/include/tut_interfaces/tut_interfaces/msg/detail/ans__type_support.c
-- Up-to-date: /home/sid/ros2_ws/install/tut_interfaces/include/tut_interfaces/tut_interfaces/msg/detail/ans__type_support.h
-- Up-to-date: /home/sid/ros2_ws/install/tut_interfaces/include/tut_interfaces/tut_interfaces/msg/rosidl_generator_c__visibility_control.h
-- Up-to-date: /home/sid/ros2_ws/install/tut_interfaces/include/tut_interfaces/tut_interfaces/msg/ans.h
-- Up-to-date: /home/sid/ros2_ws/install/tut_interfaces/share/tut_interfaces/environment/library_path.sh
-- Up-to-date: /home/sid/ros2_ws/install/tut_interfaces/share/tut_interfaces/environment/library_path.dsv
-- Installing: /home/sid/ros2_ws/install/tut_interfaces/lib/libtut_interfaces__rosidl_generator_c.so
-- Set runtime path of "/home/sid/ros2_ws/install/tut_interfaces/lib/libtut_interfaces__rosidl_generator_c.so" to ""
-- Up-to-date: /home/sid/ros2_ws/install/tut_interfaces/include/tut_interfaces/tut_interfaces
-- Up-to-date: /home/sid/ros2_ws/install/tut_interfaces/include/tut_interfaces/tut_interfaces/srv
-- Up-to-date: /home/sid/ros2_ws/install/tut_interfaces/include/tut_interfaces/tut_interfaces/srv/detail
-- Installing: /home/sid/ros2_ws/install/tut_interfaces/include/tut_interfaces/tut_interfaces/srv/detail/check_fib__rosidl_typesupport_fastrtps_c.h
-- Up-to-date: /home/sid/ros2_ws/install/tut_interfaces/include/tut_interfaces/tut_interfaces/msg
-- Up-to-date: /home/sid/ros2_ws/install/tut_interfaces/include/tut_interfaces/tut_interfaces/msg/detail
-- Installing: /home/sid/ros2_ws/install/tut_interfaces/include/tut_interfaces/tut_interfaces/msg/detail/message__rosidl_typesupport_fastrtps_c.h
-- Up-to-date: /home/sid/ros2_ws/install/tut_interfaces/include/tut_interfaces/tut_interfaces/msg/detail/ans__rosidl_typesupport_fastrtps_c.h
-- Up-to-date: /home/sid/ros2_ws/install/tut_interfaces/include/tut_interfaces/tut_interfaces/msg/rosidl_typesupport_fastrtps_c__visibility_control.h
-- Installing: /home/sid/ros2_ws/install/tut_interfaces/lib/libtut_interfaces__rosidl_typesupport_fastrtps_c.so
-- Set runtime path of "/home/sid/ros2_ws/install/tut_interfaces/lib/libtut_interfaces__rosidl_typesupport_fastrtps_c.so" to ""
-- Up-to-date: /home/sid/ros2_ws/install/tut_interfaces/include/tut_interfaces/tut_interfaces
-- Up-to-date: /home/sid/ros2_ws/install/tut_interfaces/include/tut_interfaces/tut_interfaces/srv
-- Up-to-date: /home/sid/ros2_ws/install/tut_interfaces/include/tut_interfaces/tut_interfaces/srv/detail
-- Installing: /home/sid/ros2_ws/install/tut_interfaces/include/tut_interfaces/tut_interfaces/srv/detail/check_fib__builder.hpp
-- Installing: /home/sid/ros2_ws/install/tut_interfaces/include/tut_interfaces/tut_interfaces/srv/detail/check_fib__traits.hpp
-- Installing: /home/sid/ros2_ws/install/tut_interfaces/include/tut_interfaces/tut_interfaces/srv/detail/check_fib__struct.hpp
-- Installing: /home/sid/ros2_ws/install/tut_interfaces/include/tut_interfaces/tut_interfaces/srv/check_fib.hpp
-- Up-to-date: /home/sid/ros2_ws/install/tut_interfaces/include/tut_interfaces/tut_interfaces/msg
-- Up-to-date: /home/sid/ros2_ws/install/tut_interfaces/include/tut_interfaces/tut_interfaces/msg/detail
-- Installing: /home/sid/ros2_ws/install/tut_interfaces/include/tut_interfaces/tut_interfaces/msg/detail/message__struct.hpp
-- Up-to-date: /home/sid/ros2_ws/install/tut_interfaces/include/tut_interfaces/tut_interfaces/msg/detail/ans__builder.hpp
-- Up-to-date: /home/sid/ros2_ws/install/tut_interfaces/include/tut_interfaces/tut_interfaces/msg/detail/ans__traits.hpp
-- Installing: /home/sid/ros2_ws/install/tut_interfaces/include/tut_interfaces/tut_interfaces/msg/detail/message__builder.hpp
-- Up-to-date: /home/sid/ros2_ws/install/tut_interfaces/include/tut_interfaces/tut_interfaces/msg/detail/ans__struct.hpp
-- Installing: /home/sid/ros2_ws/install/tut_interfaces/include/tut_interfaces/tut_interfaces/msg/detail/message__traits.hpp
-- Installing: /home/sid/ros2_ws/install/tut_interfaces/include/tut_interfaces/tut_interfaces/msg/message.hpp
-- Up-to-date: /home/sid/ros2_ws/install/tut_interfaces/include/tut_interfaces/tut_interfaces/msg/ans.hpp
-- Up-to-date: /home/sid/ros2_ws/install/tut_interfaces/include/tut_interfaces/tut_interfaces
-- Up-to-date: /home/sid/ros2_ws/install/tut_interfaces/include/tut_interfaces/tut_interfaces/srv
-- Up-to-date: /home/sid/ros2_ws/install/tut_interfaces/include/tut_interfaces/tut_interfaces/srv/detail
-- Up-to-date: /home/sid/ros2_ws/install/tut_interfaces/include/tut_interfaces/tut_interfaces/srv/detail/dds_fastrtps
-- Installing: /home/sid/ros2_ws/install/tut_interfaces/include/tut_interfaces/tut_interfaces/srv/detail/check_fib__rosidl_typesupport_fastrtps_cpp.hpp
-- Up-to-date: /home/sid/ros2_ws/install/tut_interfaces/include/tut_interfaces/tut_interfaces/msg
-- Up-to-date: /home/sid/ros2_ws/install/tut_interfaces/include/tut_interfaces/tut_interfaces/msg/detail
-- Up-to-date: /home/sid/ros2_ws/install/tut_interfaces/include/tut_interfaces/tut_interfaces/msg/detail/dds_fastrtps
-- Up-to-date: /home/sid/ros2_ws/install/tut_interfaces/include/tut_interfaces/tut_interfaces/msg/detail/ans__rosidl_typesupport_fastrtps_cpp.hpp
-- Installing: /home/sid/ros2_ws/install/tut_interfaces/include/tut_interfaces/tut_interfaces/msg/detail/message__rosidl_typesupport_fastrtps_cpp.hpp
-- Up-to-date: /home/sid/ros2_ws/install/tut_interfaces/include/tut_interfaces/tut_interfaces/msg/rosidl_typesupport_fastrtps_cpp__visibility_control.h
-- Installing: /home/sid/ros2_ws/install/tut_interfaces/lib/libtut_interfaces__rosidl_typesupport_fastrtps_cpp.so
-- Set runtime path of "/home/sid/ros2_ws/install/tut_interfaces/lib/libtut_interfaces__rosidl_typesupport_fastrtps_cpp.so" to ""
-- Up-to-date: /home/sid/ros2_ws/install/tut_interfaces/include/tut_interfaces/tut_interfaces
-- Up-to-date: /home/sid/ros2_ws/install/tut_interfaces/include/tut_interfaces/tut_interfaces/srv
-- Up-to-date: /home/sid/ros2_ws/install/tut_interfaces/include/tut_interfaces/tut_interfaces/srv/detail
-- Up-to-date: /home/sid/ros2_ws/install/tut_interfaces/include/tut_interfaces/tut_interfaces/srv/detail/check_fib__type_support.c
-- Installing: /home/sid/ros2_ws/install/tut_interfaces/include/tut_interfaces/tut_interfaces/srv/detail/check_fib__rosidl_typesupport_introspection_c.h
-- Up-to-date: /home/sid/ros2_ws/install/tut_interfaces/include/tut_interfaces/tut_interfaces/msg
-- Up-to-date: /home/sid/ros2_ws/install/tut_interfaces/include/tut_interfaces/tut_interfaces/msg/rosidl_typesupport_introspection_c__visibility_control.h
-- Up-to-date: /home/sid/ros2_ws/install/tut_interfaces/include/tut_interfaces/tut_interfaces/msg/detail
-- Up-to-date: /home/sid/ros2_ws/install/tut_interfaces/include/tut_interfaces/tut_interfaces/msg/detail/ans__rosidl_typesupport_introspection_c.h
-- Installing: /home/sid/ros2_ws/install/tut_interfaces/include/tut_interfaces/tut_interfaces/msg/detail/message__rosidl_typesupport_introspection_c.h
-- Up-to-date: /home/sid/ros2_ws/install/tut_interfaces/include/tut_interfaces/tut_interfaces/msg/detail/message__type_support.c
-- Up-to-date: /home/sid/ros2_ws/install/tut_interfaces/include/tut_interfaces/tut_interfaces/msg/detail/ans__type_support.c
-- Installing: /home/sid/ros2_ws/install/tut_interfaces/lib/libtut_interfaces__rosidl_typesupport_introspection_c.so
-- Set runtime path of "/home/sid/ros2_ws/install/tut_interfaces/lib/libtut_interfaces__rosidl_typesupport_introspection_c.so" to ""
-- Installing: /home/sid/ros2_ws/install/tut_interfaces/lib/libtut_interfaces__rosidl_typesupport_c.so
-- Set runtime path of "/home/sid/ros2_ws/install/tut_interfaces/lib/libtut_interfaces__rosidl_typesupport_c.so" to ""
-- Up-to-date: /home/sid/ros2_ws/install/tut_interfaces/include/tut_interfaces/tut_interfaces
-- Up-to-date: /home/sid/ros2_ws/install/tut_interfaces/include/tut_interfaces/tut_interfaces/srv
-- Up-to-date: /home/sid/ros2_ws/install/tut_interfaces/include/tut_interfaces/tut_interfaces/srv/detail
-- Installing: /home/sid/ros2_ws/install/tut_interfaces/include/tut_interfaces/tut_interfaces/srv/detail/check_fib__type_support.cpp
-- Installing: /home/sid/ros2_ws/install/tut_interfaces/include/tut_interfaces/tut_interfaces/srv/detail/check_fib__rosidl_typesupport_introspection_cpp.hpp
-- Up-to-date: /home/sid/ros2_ws/install/tut_interfaces/include/tut_interfaces/tut_interfaces/msg
-- Up-to-date: /home/sid/ros2_ws/install/tut_interfaces/include/tut_interfaces/tut_interfaces/msg/detail
-- Up-to-date: /home/sid/ros2_ws/install/tut_interfaces/include/tut_interfaces/tut_interfaces/msg/detail/ans__type_support.cpp
-- Installing: /home/sid/ros2_ws/install/tut_interfaces/include/tut_interfaces/tut_interfaces/msg/detail/message__type_support.cpp
-- Installing: /home/sid/ros2_ws/install/tut_interfaces/include/tut_interfaces/tut_interfaces/msg/detail/message__rosidl_typesupport_introspection_cpp.hpp
-- Up-to-date: /home/sid/ros2_ws/install/tut_interfaces/include/tut_interfaces/tut_interfaces/msg/detail/ans__rosidl_typesupport_introspection_cpp.hpp
-- Installing: /home/sid/ros2_ws/install/tut_interfaces/lib/libtut_interfaces__rosidl_typesupport_introspection_cpp.so
-- Set runtime path of "/home/sid/ros2_ws/install/tut_interfaces/lib/libtut_interfaces__rosidl_typesupport_introspection_cpp.so" to ""
-- Installing: /home/sid/ros2_ws/install/tut_interfaces/lib/libtut_interfaces__rosidl_typesupport_cpp.so
-- Set runtime path of "/home/sid/ros2_ws/install/tut_interfaces/lib/libtut_interfaces__rosidl_typesupport_cpp.so" to ""
-- Up-to-date: /home/sid/ros2_ws/install/tut_interfaces/share/tut_interfaces/environment/pythonpath.sh
-- Up-to-date: /home/sid/ros2_ws/install/tut_interfaces/share/tut_interfaces/environment/pythonpath.dsv
-- Up-to-date: /home/sid/ros2_ws/install/tut_interfaces/lib/python3.10/site-packages/tut_interfaces-0.0.0-py3.10.egg-info
-- Installing: /home/sid/ros2_ws/install/tut_interfaces/lib/python3.10/site-packages/tut_interfaces-0.0.0-py3.10.egg-info/SOURCES.txt
-- Installing: /home/sid/ros2_ws/install/tut_interfaces/lib/python3.10/site-packages/tut_interfaces-0.0.0-py3.10.egg-info/dependency_links.txt
-- Installing: /home/sid/ros2_ws/install/tut_interfaces/lib/python3.10/site-packages/tut_interfaces-0.0.0-py3.10.egg-info/top_level.txt
-- Installing: /home/sid/ros2_ws/install/tut_interfaces/lib/python3.10/site-packages/tut_interfaces-0.0.0-py3.10.egg-info/PKG-INFO
-- Up-to-date: /home/sid/ros2_ws/install/tut_interfaces/lib/python3.10/site-packages/tut_interfaces
-- Installing: /home/sid/ros2_ws/install/tut_interfaces/lib/python3.10/site-packages/tut_interfaces/libtut_interfaces__rosidl_generator_py.so
-- Up-to-date: /home/sid/ros2_ws/install/tut_interfaces/lib/python3.10/site-packages/tut_interfaces/srv
-- Installing: /home/sid/ros2_ws/install/tut_interfaces/lib/python3.10/site-packages/tut_interfaces/srv/_check_fib.py
-- Installing: /home/sid/ros2_ws/install/tut_interfaces/lib/python3.10/site-packages/tut_interfaces/srv/__init__.py
-- Installing: /home/sid/ros2_ws/install/tut_interfaces/lib/python3.10/site-packages/tut_interfaces/srv/_check_fib_s.c
-- Installing: /home/sid/ros2_ws/install/tut_interfaces/lib/python3.10/site-packages/tut_interfaces/_tut_interfaces_s.ep.rosidl_typesupport_c.c
-- Installing: /home/sid/ros2_ws/install/tut_interfaces/lib/python3.10/site-packages/tut_interfaces/tut_interfaces_s__rosidl_typesupport_fastrtps_c.cpython-310-x86_64-linux-gnu.so
-- Installing: /home/sid/ros2_ws/install/tut_interfaces/lib/python3.10/site-packages/tut_interfaces/tut_interfaces_s__rosidl_typesupport_introspection_c.cpython-310-x86_64-linux-gnu.so
-- Installing: /home/sid/ros2_ws/install/tut_interfaces/lib/python3.10/site-packages/tut_interfaces/tut_interfaces_s__rosidl_typesupport_c.cpython-310-x86_64-linux-gnu.so
-- Installing: /home/sid/ros2_ws/install/tut_interfaces/lib/python3.10/site-packages/tut_interfaces/__init__.py
-- Installing: /home/sid/ros2_ws/install/tut_interfaces/lib/python3.10/site-packages/tut_interfaces/_tut_interfaces_s.ep.rosidl_typesupport_fastrtps_c.c
-- Up-to-date: /home/sid/ros2_ws/install/tut_interfaces/lib/python3.10/site-packages/tut_interfaces/msg
-- Installing: /home/sid/ros2_ws/install/tut_interfaces/lib/python3.10/site-packages/tut_interfaces/msg/_message.py
-- Installing: /home/sid/ros2_ws/install/tut_interfaces/lib/python3.10/site-packages/tut_interfaces/msg/__init__.py
-- Installing: /home/sid/ros2_ws/install/tut_interfaces/lib/python3.10/site-packages/tut_interfaces/msg/_message_s.c
-- Up-to-date: /home/sid/ros2_ws/install/tut_interfaces/lib/python3.10/site-packages/tut_interfaces/msg/_ans.py
-- Up-to-date: /home/sid/ros2_ws/install/tut_interfaces/lib/python3.10/site-packages/tut_interfaces/msg/_ans_s.c
-- Installing: /home/sid/ros2_ws/install/tut_interfaces/lib/python3.10/site-packages/tut_interfaces/_tut_interfaces_s.ep.rosidl_typesupport_introspection_c.c
Listing '/home/sid/ros2_ws/install/tut_interfaces/lib/python3.10/site-packages/tut_interfaces'...
Compiling '/home/sid/ros2_ws/install/tut_interfaces/lib/python3.10/site-packages/tut_interfaces/__init__.py'...
Listing '/home/sid/ros2_ws/install/tut_interfaces/lib/python3.10/site-packages/tut_interfaces/msg'...
Compiling '/home/sid/ros2_ws/install/tut_interfaces/lib/python3.10/site-packages/tut_interfaces/msg/__init__.py'...
Compiling '/home/sid/ros2_ws/install/tut_interfaces/lib/python3.10/site-packages/tut_interfaces/msg/_message.py'...
Listing '/home/sid/ros2_ws/install/tut_interfaces/lib/python3.10/site-packages/tut_interfaces/srv'...
Compiling '/home/sid/ros2_ws/install/tut_interfaces/lib/python3.10/site-packages/tut_interfaces/srv/__init__.py'...
Compiling '/home/sid/ros2_ws/install/tut_interfaces/lib/python3.10/site-packages/tut_interfaces/srv/_check_fib.py'...
-- Installing: /home/sid/ros2_ws/install/tut_interfaces/lib/python3.10/site-packages/tut_interfaces/tut_interfaces_s__rosidl_typesupport_fastrtps_c.cpython-310-x86_64-linux-gnu.so
-- Set runtime path of "/home/sid/ros2_ws/install/tut_interfaces/lib/python3.10/site-packages/tut_interfaces/tut_interfaces_s__rosidl_typesupport_fastrtps_c.cpython-310-x86_64-linux-gnu.so" to ""
-- Installing: /home/sid/ros2_ws/install/tut_interfaces/lib/python3.10/site-packages/tut_interfaces/tut_interfaces_s__rosidl_typesupport_introspection_c.cpython-310-x86_64-linux-gnu.so
-- Set runtime path of "/home/sid/ros2_ws/install/tut_interfaces/lib/python3.10/site-packages/tut_interfaces/tut_interfaces_s__rosidl_typesupport_introspection_c.cpython-310-x86_64-linux-gnu.so" to ""
-- Installing: /home/sid/ros2_ws/install/tut_interfaces/lib/python3.10/site-packages/tut_interfaces/tut_interfaces_s__rosidl_typesupport_c.cpython-310-x86_64-linux-gnu.so
-- Set runtime path of "/home/sid/ros2_ws/install/tut_interfaces/lib/python3.10/site-packages/tut_interfaces/tut_interfaces_s__rosidl_typesupport_c.cpython-310-x86_64-linux-gnu.so" to ""
-- Installing: /home/sid/ros2_ws/install/tut_interfaces/lib/libtut_interfaces__rosidl_generator_py.so
-- Set runtime path of "/home/sid/ros2_ws/install/tut_interfaces/lib/libtut_interfaces__rosidl_generator_py.so" to ""
-- Installing: /home/sid/ros2_ws/install/tut_interfaces/share/tut_interfaces/msg/Message.idl
-- Installing: /home/sid/ros2_ws/install/tut_interfaces/share/tut_interfaces/srv/CheckFib.idl
-- Installing: /home/sid/ros2_ws/install/tut_interfaces/share/tut_interfaces/msg/Message.msg
-- Installing: /home/sid/ros2_ws/install/tut_interfaces/share/tut_interfaces/srv/CheckFib.srv
-- Installing: /home/sid/ros2_ws/install/tut_interfaces/share/tut_interfaces/srv/CheckFib_Request.msg
-- Installing: /home/sid/ros2_ws/install/tut_interfaces/share/tut_interfaces/srv/CheckFib_Response.msg
-- Installing: /home/sid/ros2_ws/install/tut_interfaces/share/ament_index/resource_index/package_run_dependencies/tut_interfaces
-- Installing: /home/sid/ros2_ws/install/tut_interfaces/share/ament_index/resource_index/parent_prefix_path/tut_interfaces
-- Up-to-date: /home/sid/ros2_ws/install/tut_interfaces/share/tut_interfaces/environment/ament_prefix_path.sh
-- Up-to-date: /home/sid/ros2_ws/install/tut_interfaces/share/tut_interfaces/environment/ament_prefix_path.dsv
-- Up-to-date: /home/sid/ros2_ws/install/tut_interfaces/share/tut_interfaces/environment/path.sh
-- Up-to-date: /home/sid/ros2_ws/install/tut_interfaces/share/tut_interfaces/environment/path.dsv
-- Up-to-date: /home/sid/ros2_ws/install/tut_interfaces/share/tut_interfaces/local_setup.bash
-- Up-to-date: /home/sid/ros2_ws/install/tut_interfaces/share/tut_interfaces/local_setup.sh
-- Up-to-date: /home/sid/ros2_ws/install/tut_interfaces/share/tut_interfaces/local_setup.zsh
-- Up-to-date: /home/sid/ros2_ws/install/tut_interfaces/share/tut_interfaces/local_setup.dsv
-- Installing: /home/sid/ros2_ws/install/tut_interfaces/share/tut_interfaces/package.dsv
-- Up-to-date: /home/sid/ros2_ws/install/tut_interfaces/share/ament_index/resource_index/packages/tut_interfaces
-- Up-to-date: /home/sid/ros2_ws/install/tut_interfaces/share/tut_interfaces/cmake/export_tut_interfaces__rosidl_generator_cExport.cmake
-- Up-to-date: /home/sid/ros2_ws/install/tut_interfaces/share/tut_interfaces/cmake/export_tut_interfaces__rosidl_generator_cExport-noconfig.cmake
-- Up-to-date: /home/sid/ros2_ws/install/tut_interfaces/share/tut_interfaces/cmake/export_tut_interfaces__rosidl_typesupport_fastrtps_cExport.cmake
-- Up-to-date: /home/sid/ros2_ws/install/tut_interfaces/share/tut_interfaces/cmake/export_tut_interfaces__rosidl_typesupport_fastrtps_cExport-noconfig.cmake
-- Up-to-date: /home/sid/ros2_ws/install/tut_interfaces/share/tut_interfaces/cmake/export_tut_interfaces__rosidl_generator_cppExport.cmake
-- Up-to-date: /home/sid/ros2_ws/install/tut_interfaces/share/tut_interfaces/cmake/export_tut_interfaces__rosidl_typesupport_fastrtps_cppExport.cmake
-- Up-to-date: /home/sid/ros2_ws/install/tut_interfaces/share/tut_interfaces/cmake/export_tut_interfaces__rosidl_typesupport_fastrtps_cppExport-noconfig.cmake
-- Up-to-date: /home/sid/ros2_ws/install/tut_interfaces/share/tut_interfaces/cmake/tut_interfaces__rosidl_typesupport_introspection_cExport.cmake
-- Up-to-date: /home/sid/ros2_ws/install/tut_interfaces/share/tut_interfaces/cmake/tut_interfaces__rosidl_typesupport_introspection_cExport-noconfig.cmake
-- Up-to-date: /home/sid/ros2_ws/install/tut_interfaces/share/tut_interfaces/cmake/tut_interfaces__rosidl_typesupport_cExport.cmake
-- Up-to-date: /home/sid/ros2_ws/install/tut_interfaces/share/tut_interfaces/cmake/tut_interfaces__rosidl_typesupport_cExport-noconfig.cmake
-- Up-to-date: /home/sid/ros2_ws/install/tut_interfaces/share/tut_interfaces/cmake/tut_interfaces__rosidl_typesupport_introspection_cppExport.cmake
-- Up-to-date: /home/sid/ros2_ws/install/tut_interfaces/share/tut_interfaces/cmake/tut_interfaces__rosidl_typesupport_introspection_cppExport-noconfig.cmake
-- Up-to-date: /home/sid/ros2_ws/install/tut_interfaces/share/tut_interfaces/cmake/tut_interfaces__rosidl_typesupport_cppExport.cmake
-- Up-to-date: /home/sid/ros2_ws/install/tut_interfaces/share/tut_interfaces/cmake/tut_interfaces__rosidl_typesupport_cppExport-noconfig.cmake
-- Up-to-date: /home/sid/ros2_ws/install/tut_interfaces/share/tut_interfaces/cmake/export_tut_interfaces__rosidl_generator_pyExport.cmake
-- Up-to-date: /home/sid/ros2_ws/install/tut_interfaces/share/tut_interfaces/cmake/export_tut_interfaces__rosidl_generator_pyExport-noconfig.cmake
-- Installing: /home/sid/ros2_ws/install/tut_interfaces/share/tut_interfaces/cmake/rosidl_cmake-extras.cmake
-- Installing: /home/sid/ros2_ws/install/tut_interfaces/share/tut_interfaces/cmake/ament_cmake_export_dependencies-extras.cmake
-- Up-to-date: /home/sid/ros2_ws/install/tut_interfaces/share/tut_interfaces/cmake/ament_cmake_export_include_directories-extras.cmake
-- Up-to-date: /home/sid/ros2_ws/install/tut_interfaces/share/tut_interfaces/cmake/ament_cmake_export_libraries-extras.cmake
-- Installing: /home/sid/ros2_ws/install/tut_interfaces/share/tut_interfaces/cmake/ament_cmake_export_targets-extras.cmake
-- Installing: /home/sid/ros2_ws/install/tut_interfaces/share/tut_interfaces/cmake/rosidl_cmake_export_typesupport_targets-extras.cmake
-- Up-to-date: /home/sid/ros2_ws/install/tut_interfaces/share/tut_interfaces/cmake/rosidl_cmake_export_typesupport_libraries-extras.cmake
-- Up-to-date: /home/sid/ros2_ws/install/tut_interfaces/share/tut_interfaces/cmake/tut_interfacesConfig.cmake
-- Up-to-date: /home/sid/ros2_ws/install/tut_interfaces/share/tut_interfaces/cmake/tut_interfacesConfig-version.cmake
-- Installing: /home/sid/ros2_ws/install/tut_interfaces/share/tut_interfaces/package.xml
