[0.010s] Invoking command in '/home/sid/ros2_ws/build/tut_interfaces': CMAKE_PREFIX_PATH=${CMAKE_PREFIX_PATH}:/home/sid/ros2_ws/install/my_first_pkg:/opt/ros/iron /home/sid/.local/bin/cmake --build /home/sid/ros2_ws/build/tut_interfaces -- -j8 -l8
[0.050s] -- Found ament_cmake: 2.0.3 (/opt/ros/iron/share/ament_cmake/cmake)
[0.139s] -- Found rclcpp: 21.0.1 (/opt/ros/iron/share/rclcpp/cmake)
[0.165s] -- Found rosidl_generator_c: 4.0.0 (/opt/ros/iron/share/rosidl_generator_c/cmake)
[0.172s] -- Found rosidl_generator_cpp: 4.0.0 (/opt/ros/iron/share/rosidl_generator_cpp/cmake)
[0.181s] -- Using all available rosidl_typesupport_c: rosidl_typesupport_fastrtps_c;rosidl_typesupport_introspection_c
[0.195s] -- Using all available rosidl_typesupport_cpp: rosidl_typesupport_fastrtps_cpp;rosidl_typesupport_introspection_cpp
[0.324s] -- Found rmw_implementation_cmake: 7.1.0 (/opt/ros/iron/share/rmw_implementation_cmake/cmake)
[0.326s] -- Found rmw_fastrtps_cpp: 7.1.1 (/opt/ros/iron/share/rmw_fastrtps_cpp/cmake)
[0.403s] -- Found OpenSSL: /usr/lib/x86_64-linux-gnu/libcrypto.so (found version "3.0.2")  
[0.426s] -- Found FastRTPS: /opt/ros/iron/include  
[0.462s] -- Using RMW implementation 'rmw_fastrtps_cpp' as default
[0.593s] -- Found rosidl_default_generators: 1.5.0 (/opt/ros/iron/share/rosidl_default_generators/cmake)
[0.603s] -- Found rosidl_adapter: 4.0.0 (/opt/ros/iron/share/rosidl_adapter/cmake)
[0.768s] -- Found ament_cmake_ros: 0.11.2 (/opt/ros/iron/share/ament_cmake_ros/cmake)
[0.888s] -- Using all available rosidl_typesupport_c: rosidl_typesupport_fastrtps_c;rosidl_typesupport_introspection_c
[0.932s] -- Using all available rosidl_typesupport_cpp: rosidl_typesupport_fastrtps_cpp;rosidl_typesupport_introspection_cpp
[0.952s] -- Found python_cmake_module: 0.10.2 (/opt/ros/iron/share/python_cmake_module/cmake)
[0.972s] -- Using PYTHON_EXECUTABLE: /usr/bin/python3
[0.972s] -- Using PYTHON_INCLUDE_DIRS: /usr/include/python3.10
[0.973s] -- Using PYTHON_LIBRARIES: /usr/lib/x86_64-linux-gnu/libpython3.10.so
[0.988s] -- Found ament_lint_auto: 0.14.1 (/opt/ros/iron/share/ament_lint_auto/cmake)
[0.997s] -- Added test 'lint_cmake' to check CMake code style
[0.998s] -- Added test 'xmllint' to check XML markup files
[1.001s] -- Configuring done (1.0s)
[1.047s] -- Generating done (0.0s)
[1.051s] -- Build files have been written to: /home/sid/ros2_ws/build/tut_interfaces
[1.067s] [  2%] [34m[1mGenerating type hashes for ROS interfaces[0m
[1.073s] [  2%] Built target ament_cmake_python_copy_tut_interfaces
[1.209s] [  2%] Built target tut_interfaces__rosidl_generator_type_description
[1.213s] [  4%] [34m[1mGenerating C code for ROS interfaces[0m
[1.216s] [  6%] [34m[1mGenerating C++ code for ROS interfaces[0m
[1.290s] running egg_info
[1.290s] writing tut_interfaces.egg-info/PKG-INFO
[1.290s] writing dependency_links to tut_interfaces.egg-info/dependency_links.txt
[1.290s] writing top-level names to tut_interfaces.egg-info/top_level.txt
[1.293s] reading manifest file 'tut_interfaces.egg-info/SOURCES.txt'
[1.293s] writing manifest file 'tut_interfaces.egg-info/SOURCES.txt'
[1.312s] [  6%] Built target ament_cmake_python_build_tut_interfaces_egg
[1.441s] [  6%] Built target tut_interfaces__cpp
[1.483s] [ 11%] [32mBuilding C object CMakeFiles/tut_interfaces__rosidl_generator_c.dir/rosidl_generator_c/tut_interfaces/msg/detail/message__functions.c.o[0m
[1.483s] [ 11%] [32mBuilding C object CMakeFiles/tut_interfaces__rosidl_generator_c.dir/rosidl_generator_c/tut_interfaces/msg/detail/message__description.c.o[0m
[1.483s] [ 13%] [32mBuilding C object CMakeFiles/tut_interfaces__rosidl_generator_c.dir/rosidl_generator_c/tut_interfaces/msg/detail/message__type_support.c.o[0m
[1.484s] [ 15%] [32mBuilding C object CMakeFiles/tut_interfaces__rosidl_generator_c.dir/rosidl_generator_c/tut_interfaces/srv/detail/check_fib__description.c.o[0m
[1.484s] [ 18%] [32mBuilding C object CMakeFiles/tut_interfaces__rosidl_generator_c.dir/rosidl_generator_c/tut_interfaces/srv/detail/check_fib__functions.c.o[0m
[1.484s] [ 20%] [32mBuilding C object CMakeFiles/tut_interfaces__rosidl_generator_c.dir/rosidl_generator_c/tut_interfaces/srv/detail/check_fib__type_support.c.o[0m
[1.551s] [ 22%] [32m[1mLinking C shared library libtut_interfaces__rosidl_generator_c.so[0m
[1.573s] [ 22%] Built target tut_interfaces__rosidl_generator_c
[1.577s] [ 31%] [34m[1mGenerating C++ type support for eProsima Fast-RTPS[0m
[1.577s] [ 31%] [34m[1mGenerating C introspection for ROS interfaces[0m
[1.577s] [ 31%] [34m[1mGenerating C type support dispatch for ROS interfaces[0m
[1.577s] [ 31%] [34m[1mGenerating C++ introspection for ROS interfaces[0m
[1.578s] [ 34%] [34m[1mGenerating C++ type support dispatch for ROS interfaces[0m
[1.578s] [ 36%] [34m[1mGenerating C type support for eProsima Fast-RTPS[0m
[1.816s] [ 38%] [32mBuilding C object CMakeFiles/tut_interfaces__rosidl_typesupport_introspection_c.dir/rosidl_typesupport_introspection_c/tut_interfaces/msg/detail/message__type_support.c.o[0m
[1.817s] [ 40%] [32mBuilding C object CMakeFiles/tut_interfaces__rosidl_typesupport_introspection_c.dir/rosidl_typesupport_introspection_c/tut_interfaces/srv/detail/check_fib__type_support.c.o[0m
[1.831s] [ 43%] [32mBuilding CXX object CMakeFiles/tut_interfaces__rosidl_typesupport_fastrtps_cpp.dir/rosidl_typesupport_fastrtps_cpp/tut_interfaces/msg/detail/dds_fastrtps/message__type_support.cpp.o[0m
[1.834s] [ 45%] [32mBuilding CXX object CMakeFiles/tut_interfaces__rosidl_typesupport_fastrtps_cpp.dir/rosidl_typesupport_fastrtps_cpp/tut_interfaces/srv/detail/dds_fastrtps/check_fib__type_support.cpp.o[0m
[1.855s] [ 47%] [32m[1mLinking C shared library libtut_interfaces__rosidl_typesupport_introspection_c.so[0m
[1.870s] [ 47%] Built target tut_interfaces__rosidl_typesupport_introspection_c
[1.898s] [ 52%] [32mBuilding CXX object CMakeFiles/tut_interfaces__rosidl_typesupport_cpp.dir/rosidl_typesupport_cpp/tut_interfaces/srv/check_fib__type_support.cpp.o[0m
[1.898s] [ 52%] [32mBuilding CXX object CMakeFiles/tut_interfaces__rosidl_typesupport_cpp.dir/rosidl_typesupport_cpp/tut_interfaces/msg/message__type_support.cpp.o[0m
[1.900s] [ 54%] [32mBuilding CXX object CMakeFiles/tut_interfaces__rosidl_typesupport_c.dir/rosidl_typesupport_c/tut_interfaces/msg/message__type_support.cpp.o[0m
[1.901s] [ 56%] [32mBuilding CXX object CMakeFiles/tut_interfaces__rosidl_typesupport_c.dir/rosidl_typesupport_c/tut_interfaces/srv/check_fib__type_support.cpp.o[0m
[1.962s] [ 59%] [32mBuilding CXX object CMakeFiles/tut_interfaces__rosidl_typesupport_introspection_cpp.dir/rosidl_typesupport_introspection_cpp/tut_interfaces/msg/detail/message__type_support.cpp.o[0m
[1.965s] [ 61%] [32m[1mLinking CXX shared library libtut_interfaces__rosidl_typesupport_c.so[0m
[1.965s] [ 63%] [32mBuilding CXX object CMakeFiles/tut_interfaces__rosidl_typesupport_introspection_cpp.dir/rosidl_typesupport_introspection_cpp/tut_interfaces/srv/detail/check_fib__type_support.cpp.o[0m
[1.975s] [ 65%] [32mBuilding CXX object CMakeFiles/tut_interfaces__rosidl_typesupport_fastrtps_c.dir/rosidl_typesupport_fastrtps_c/tut_interfaces/msg/detail/message__type_support_c.cpp.o[0m
[2.003s] [ 65%] Built target tut_interfaces__rosidl_typesupport_c
[2.007s] [ 68%] [32mBuilding CXX object CMakeFiles/tut_interfaces__rosidl_typesupport_fastrtps_c.dir/rosidl_typesupport_fastrtps_c/tut_interfaces/srv/detail/check_fib__type_support_c.cpp.o[0m
[2.456s] [ 70%] [32m[1mLinking CXX shared library libtut_interfaces__rosidl_typesupport_fastrtps_c.so[0m
[2.472s] [ 72%] [32m[1mLinking CXX shared library libtut_interfaces__rosidl_typesupport_cpp.so[0m
[2.540s] [ 72%] Built target tut_interfaces__rosidl_typesupport_fastrtps_c
[2.551s] [ 72%] Built target tut_interfaces__rosidl_typesupport_cpp
[2.610s] [ 75%] [32m[1mLinking CXX shared library libtut_interfaces__rosidl_typesupport_introspection_cpp.so[0m
[2.620s] [ 77%] [32m[1mLinking CXX shared library libtut_interfaces__rosidl_typesupport_fastrtps_cpp.so[0m
[2.677s] [ 77%] Built target tut_interfaces__rosidl_typesupport_introspection_cpp
[2.688s] [ 77%] Built target tut_interfaces__rosidl_typesupport_fastrtps_cpp
[2.695s] [ 77%] Built target tut_interfaces
[2.701s] [ 79%] [34m[1mGenerating Python code for ROS interfaces[0m
[3.004s] [ 79%] Built target tut_interfaces__py
[3.014s] [ 81%] [32mBuilding C object CMakeFiles/tut_interfaces__rosidl_generator_py.dir/rosidl_generator_py/tut_interfaces/msg/_message_s.c.o[0m
[3.014s] [ 84%] [32mBuilding C object CMakeFiles/tut_interfaces__rosidl_generator_py.dir/rosidl_generator_py/tut_interfaces/srv/_check_fib_s.c.o[0m
[3.108s] [ 86%] [32m[1mLinking C shared library rosidl_generator_py/tut_interfaces/libtut_interfaces__rosidl_generator_py.so[0m
[3.129s] [ 86%] Built target tut_interfaces__rosidl_generator_py
[3.139s] [ 93%] [32mBuilding C object CMakeFiles/tut_interfaces__rosidl_typesupport_fastrtps_c__pyext.dir/rosidl_generator_py/tut_interfaces/_tut_interfaces_s.ep.rosidl_typesupport_fastrtps_c.c.o[0m
[3.139s] [ 93%] [32mBuilding C object CMakeFiles/tut_interfaces__rosidl_typesupport_introspection_c__pyext.dir/rosidl_generator_py/tut_interfaces/_tut_interfaces_s.ep.rosidl_typesupport_introspection_c.c.o[0m
[3.139s] [ 93%] [32mBuilding C object CMakeFiles/tut_interfaces__rosidl_typesupport_c__pyext.dir/rosidl_generator_py/tut_interfaces/_tut_interfaces_s.ep.rosidl_typesupport_c.c.o[0m
[3.212s] [100%] [32m[1mLinking C shared library rosidl_generator_py/tut_interfaces/tut_interfaces_s__rosidl_typesupport_introspection_c.cpython-310-x86_64-linux-gnu.so[0m
[3.212s] [100%] [32m[1mLinking C shared library rosidl_generator_py/tut_interfaces/tut_interfaces_s__rosidl_typesupport_fastrtps_c.cpython-310-x86_64-linux-gnu.so[0m
[3.212s] [100%] [32m[1mLinking C shared library rosidl_generator_py/tut_interfaces/tut_interfaces_s__rosidl_typesupport_c.cpython-310-x86_64-linux-gnu.so[0m
[3.230s] [100%] Built target tut_interfaces__rosidl_typesupport_c__pyext
[3.230s] [100%] Built target tut_interfaces__rosidl_typesupport_introspection_c__pyext
[3.230s] [100%] Built target tut_interfaces__rosidl_typesupport_fastrtps_c__pyext
[3.238s] Invoked command in '/home/sid/ros2_ws/build/tut_interfaces' returned '0': CMAKE_PREFIX_PATH=${CMAKE_PREFIX_PATH}:/home/sid/ros2_ws/install/my_first_pkg:/opt/ros/iron /home/sid/.local/bin/cmake --build /home/sid/ros2_ws/build/tut_interfaces -- -j8 -l8
[3.330s] Invoking command in '/home/sid/ros2_ws/build/tut_interfaces': CMAKE_PREFIX_PATH=${CMAKE_PREFIX_PATH}:/home/sid/ros2_ws/install/my_first_pkg:/opt/ros/iron /home/sid/.local/bin/cmake --install /home/sid/ros2_ws/build/tut_interfaces
[3.348s] -- Install configuration: ""
[3.348s] -- Installing: /home/sid/ros2_ws/install/tut_interfaces/share/ament_index/resource_index/rosidl_interfaces/tut_interfaces
[3.349s] -- Installing: /home/sid/ros2_ws/install/tut_interfaces/share/tut_interfaces/msg/Message.json
[3.349s] -- Installing: /home/sid/ros2_ws/install/tut_interfaces/share/tut_interfaces/srv/CheckFib.json
[3.349s] -- Up-to-date: /home/sid/ros2_ws/install/tut_interfaces/include/tut_interfaces/tut_interfaces
[3.349s] -- Up-to-date: /home/sid/ros2_ws/install/tut_interfaces/include/tut_interfaces/tut_interfaces/srv
[3.349s] -- Installing: /home/sid/ros2_ws/install/tut_interfaces/include/tut_interfaces/tut_interfaces/srv/check_fib.h
[3.349s] -- Up-to-date: /home/sid/ros2_ws/install/tut_interfaces/include/tut_interfaces/tut_interfaces/srv/detail
[3.349s] -- Installing: /home/sid/ros2_ws/install/tut_interfaces/include/tut_interfaces/tut_interfaces/srv/detail/check_fib__functions.c
[3.350s] -- Installing: /home/sid/ros2_ws/install/tut_interfaces/include/tut_interfaces/tut_interfaces/srv/detail/check_fib__struct.h
[3.350s] -- Installing: /home/sid/ros2_ws/install/tut_interfaces/include/tut_interfaces/tut_interfaces/srv/detail/check_fib__type_support.h
[3.350s] -- Installing: /home/sid/ros2_ws/install/tut_interfaces/include/tut_interfaces/tut_interfaces/srv/detail/check_fib__description.c
[3.350s] -- Installing: /home/sid/ros2_ws/install/tut_interfaces/include/tut_interfaces/tut_interfaces/srv/detail/check_fib__type_support.c
[3.350s] -- Installing: /home/sid/ros2_ws/install/tut_interfaces/include/tut_interfaces/tut_interfaces/srv/detail/check_fib__functions.h
[3.350s] -- Up-to-date: /home/sid/ros2_ws/install/tut_interfaces/include/tut_interfaces/tut_interfaces/msg
[3.350s] -- Installing: /home/sid/ros2_ws/install/tut_interfaces/include/tut_interfaces/tut_interfaces/msg/message.h
[3.351s] -- Up-to-date: /home/sid/ros2_ws/install/tut_interfaces/include/tut_interfaces/tut_interfaces/msg/detail
[3.351s] -- Installing: /home/sid/ros2_ws/install/tut_interfaces/include/tut_interfaces/tut_interfaces/msg/detail/message__functions.c
[3.351s] -- Up-to-date: /home/sid/ros2_ws/install/tut_interfaces/include/tut_interfaces/tut_interfaces/msg/detail/ans__functions.h
[3.351s] -- Installing: /home/sid/ros2_ws/install/tut_interfaces/include/tut_interfaces/tut_interfaces/msg/detail/message__description.c
[3.351s] -- Up-to-date: /home/sid/ros2_ws/install/tut_interfaces/include/tut_interfaces/tut_interfaces/msg/detail/ans__functions.c
[3.351s] -- Installing: /home/sid/ros2_ws/install/tut_interfaces/include/tut_interfaces/tut_interfaces/msg/detail/message__functions.h
[3.351s] -- Up-to-date: /home/sid/ros2_ws/install/tut_interfaces/include/tut_interfaces/tut_interfaces/msg/detail/ans__struct.h
[3.351s] -- Installing: /home/sid/ros2_ws/install/tut_interfaces/include/tut_interfaces/tut_interfaces/msg/detail/message__struct.h
[3.351s] -- Installing: /home/sid/ros2_ws/install/tut_interfaces/include/tut_interfaces/tut_interfaces/msg/detail/message__type_support.c
[3.352s] -- Installing: /home/sid/ros2_ws/install/tut_interfaces/include/tut_interfaces/tut_interfaces/msg/detail/message__type_support.h
[3.352s] -- Up-to-date: /home/sid/ros2_ws/install/tut_interfaces/include/tut_interfaces/tut_interfaces/msg/detail/ans__description.c
[3.352s] -- Up-to-date: /home/sid/ros2_ws/install/tut_interfaces/include/tut_interfaces/tut_interfaces/msg/detail/ans__type_support.c
[3.352s] -- Up-to-date: /home/sid/ros2_ws/install/tut_interfaces/include/tut_interfaces/tut_interfaces/msg/detail/ans__type_support.h
[3.352s] -- Up-to-date: /home/sid/ros2_ws/install/tut_interfaces/include/tut_interfaces/tut_interfaces/msg/rosidl_generator_c__visibility_control.h
[3.352s] -- Up-to-date: /home/sid/ros2_ws/install/tut_interfaces/include/tut_interfaces/tut_interfaces/msg/ans.h
[3.352s] -- Up-to-date: /home/sid/ros2_ws/install/tut_interfaces/share/tut_interfaces/environment/library_path.sh
[3.352s] -- Up-to-date: /home/sid/ros2_ws/install/tut_interfaces/share/tut_interfaces/environment/library_path.dsv
[3.353s] -- Installing: /home/sid/ros2_ws/install/tut_interfaces/lib/libtut_interfaces__rosidl_generator_c.so
[3.353s] -- Set runtime path of "/home/sid/ros2_ws/install/tut_interfaces/lib/libtut_interfaces__rosidl_generator_c.so" to ""
[3.353s] -- Up-to-date: /home/sid/ros2_ws/install/tut_interfaces/include/tut_interfaces/tut_interfaces
[3.353s] -- Up-to-date: /home/sid/ros2_ws/install/tut_interfaces/include/tut_interfaces/tut_interfaces/srv
[3.353s] -- Up-to-date: /home/sid/ros2_ws/install/tut_interfaces/include/tut_interfaces/tut_interfaces/srv/detail
[3.353s] -- Installing: /home/sid/ros2_ws/install/tut_interfaces/include/tut_interfaces/tut_interfaces/srv/detail/check_fib__rosidl_typesupport_fastrtps_c.h
[3.353s] -- Up-to-date: /home/sid/ros2_ws/install/tut_interfaces/include/tut_interfaces/tut_interfaces/msg
[3.353s] -- Up-to-date: /home/sid/ros2_ws/install/tut_interfaces/include/tut_interfaces/tut_interfaces/msg/detail
[3.353s] -- Installing: /home/sid/ros2_ws/install/tut_interfaces/include/tut_interfaces/tut_interfaces/msg/detail/message__rosidl_typesupport_fastrtps_c.h
[3.353s] -- Up-to-date: /home/sid/ros2_ws/install/tut_interfaces/include/tut_interfaces/tut_interfaces/msg/detail/ans__rosidl_typesupport_fastrtps_c.h
[3.353s] -- Up-to-date: /home/sid/ros2_ws/install/tut_interfaces/include/tut_interfaces/tut_interfaces/msg/rosidl_typesupport_fastrtps_c__visibility_control.h
[3.353s] -- Installing: /home/sid/ros2_ws/install/tut_interfaces/lib/libtut_interfaces__rosidl_typesupport_fastrtps_c.so
[3.353s] -- Set runtime path of "/home/sid/ros2_ws/install/tut_interfaces/lib/libtut_interfaces__rosidl_typesupport_fastrtps_c.so" to ""
[3.354s] -- Up-to-date: /home/sid/ros2_ws/install/tut_interfaces/include/tut_interfaces/tut_interfaces
[3.354s] -- Up-to-date: /home/sid/ros2_ws/install/tut_interfaces/include/tut_interfaces/tut_interfaces/srv
[3.354s] -- Up-to-date: /home/sid/ros2_ws/install/tut_interfaces/include/tut_interfaces/tut_interfaces/srv/detail
[3.354s] -- Installing: /home/sid/ros2_ws/install/tut_interfaces/include/tut_interfaces/tut_interfaces/srv/detail/check_fib__builder.hpp
[3.354s] -- Installing: /home/sid/ros2_ws/install/tut_interfaces/include/tut_interfaces/tut_interfaces/srv/detail/check_fib__traits.hpp
[3.354s] -- Installing: /home/sid/ros2_ws/install/tut_interfaces/include/tut_interfaces/tut_interfaces/srv/detail/check_fib__struct.hpp
[3.354s] -- Installing: /home/sid/ros2_ws/install/tut_interfaces/include/tut_interfaces/tut_interfaces/srv/check_fib.hpp
[3.354s] -- Up-to-date: /home/sid/ros2_ws/install/tut_interfaces/include/tut_interfaces/tut_interfaces/msg
[3.354s] -- Up-to-date: /home/sid/ros2_ws/install/tut_interfaces/include/tut_interfaces/tut_interfaces/msg/detail
[3.354s] -- Installing: /home/sid/ros2_ws/install/tut_interfaces/include/tut_interfaces/tut_interfaces/msg/detail/message__struct.hpp
[3.355s] -- Up-to-date: /home/sid/ros2_ws/install/tut_interfaces/include/tut_interfaces/tut_interfaces/msg/detail/ans__builder.hpp
[3.355s] -- Up-to-date: /home/sid/ros2_ws/install/tut_interfaces/include/tut_interfaces/tut_interfaces/msg/detail/ans__traits.hpp
[3.355s] -- Installing: /home/sid/ros2_ws/install/tut_interfaces/include/tut_interfaces/tut_interfaces/msg/detail/message__builder.hpp
[3.355s] -- Up-to-date: /home/sid/ros2_ws/install/tut_interfaces/include/tut_interfaces/tut_interfaces/msg/detail/ans__struct.hpp
[3.355s] -- Installing: /home/sid/ros2_ws/install/tut_interfaces/include/tut_interfaces/tut_interfaces/msg/detail/message__traits.hpp
[3.355s] -- Installing: /home/sid/ros2_ws/install/tut_interfaces/include/tut_interfaces/tut_interfaces/msg/message.hpp
[3.355s] -- Up-to-date: /home/sid/ros2_ws/install/tut_interfaces/include/tut_interfaces/tut_interfaces/msg/ans.hpp
[3.355s] -- Up-to-date: /home/sid/ros2_ws/install/tut_interfaces/include/tut_interfaces/tut_interfaces
[3.355s] -- Up-to-date: /home/sid/ros2_ws/install/tut_interfaces/include/tut_interfaces/tut_interfaces/srv
[3.355s] -- Up-to-date: /home/sid/ros2_ws/install/tut_interfaces/include/tut_interfaces/tut_interfaces/srv/detail
[3.355s] -- Up-to-date: /home/sid/ros2_ws/install/tut_interfaces/include/tut_interfaces/tut_interfaces/srv/detail/dds_fastrtps
[3.355s] -- Installing: /home/sid/ros2_ws/install/tut_interfaces/include/tut_interfaces/tut_interfaces/srv/detail/check_fib__rosidl_typesupport_fastrtps_cpp.hpp
[3.355s] -- Up-to-date: /home/sid/ros2_ws/install/tut_interfaces/include/tut_interfaces/tut_interfaces/msg
[3.355s] -- Up-to-date: /home/sid/ros2_ws/install/tut_interfaces/include/tut_interfaces/tut_interfaces/msg/detail
[3.355s] -- Up-to-date: /home/sid/ros2_ws/install/tut_interfaces/include/tut_interfaces/tut_interfaces/msg/detail/dds_fastrtps
[3.355s] -- Up-to-date: /home/sid/ros2_ws/install/tut_interfaces/include/tut_interfaces/tut_interfaces/msg/detail/ans__rosidl_typesupport_fastrtps_cpp.hpp
[3.355s] -- Installing: /home/sid/ros2_ws/install/tut_interfaces/include/tut_interfaces/tut_interfaces/msg/detail/message__rosidl_typesupport_fastrtps_cpp.hpp
[3.355s] -- Up-to-date: /home/sid/ros2_ws/install/tut_interfaces/include/tut_interfaces/tut_interfaces/msg/rosidl_typesupport_fastrtps_cpp__visibility_control.h
[3.356s] -- Installing: /home/sid/ros2_ws/install/tut_interfaces/lib/libtut_interfaces__rosidl_typesupport_fastrtps_cpp.so
[3.356s] -- Set runtime path of "/home/sid/ros2_ws/install/tut_interfaces/lib/libtut_interfaces__rosidl_typesupport_fastrtps_cpp.so" to ""
[3.356s] -- Up-to-date: /home/sid/ros2_ws/install/tut_interfaces/include/tut_interfaces/tut_interfaces
[3.356s] -- Up-to-date: /home/sid/ros2_ws/install/tut_interfaces/include/tut_interfaces/tut_interfaces/srv
[3.356s] -- Up-to-date: /home/sid/ros2_ws/install/tut_interfaces/include/tut_interfaces/tut_interfaces/srv/detail
[3.356s] -- Up-to-date: /home/sid/ros2_ws/install/tut_interfaces/include/tut_interfaces/tut_interfaces/srv/detail/check_fib__type_support.c
[3.356s] -- Installing: /home/sid/ros2_ws/install/tut_interfaces/include/tut_interfaces/tut_interfaces/srv/detail/check_fib__rosidl_typesupport_introspection_c.h
[3.356s] -- Up-to-date: /home/sid/ros2_ws/install/tut_interfaces/include/tut_interfaces/tut_interfaces/msg
[3.356s] -- Up-to-date: /home/sid/ros2_ws/install/tut_interfaces/include/tut_interfaces/tut_interfaces/msg/rosidl_typesupport_introspection_c__visibility_control.h
[3.356s] -- Up-to-date: /home/sid/ros2_ws/install/tut_interfaces/include/tut_interfaces/tut_interfaces/msg/detail
[3.356s] -- Up-to-date: /home/sid/ros2_ws/install/tut_interfaces/include/tut_interfaces/tut_interfaces/msg/detail/ans__rosidl_typesupport_introspection_c.h
[3.357s] -- Installing: /home/sid/ros2_ws/install/tut_interfaces/include/tut_interfaces/tut_interfaces/msg/detail/message__rosidl_typesupport_introspection_c.h
[3.357s] -- Up-to-date: /home/sid/ros2_ws/install/tut_interfaces/include/tut_interfaces/tut_interfaces/msg/detail/message__type_support.c
[3.357s] -- Up-to-date: /home/sid/ros2_ws/install/tut_interfaces/include/tut_interfaces/tut_interfaces/msg/detail/ans__type_support.c
[3.357s] -- Installing: /home/sid/ros2_ws/install/tut_interfaces/lib/libtut_interfaces__rosidl_typesupport_introspection_c.so
[3.357s] -- Set runtime path of "/home/sid/ros2_ws/install/tut_interfaces/lib/libtut_interfaces__rosidl_typesupport_introspection_c.so" to ""
[3.357s] -- Installing: /home/sid/ros2_ws/install/tut_interfaces/lib/libtut_interfaces__rosidl_typesupport_c.so
[3.357s] -- Set runtime path of "/home/sid/ros2_ws/install/tut_interfaces/lib/libtut_interfaces__rosidl_typesupport_c.so" to ""
[3.357s] -- Up-to-date: /home/sid/ros2_ws/install/tut_interfaces/include/tut_interfaces/tut_interfaces
[3.357s] -- Up-to-date: /home/sid/ros2_ws/install/tut_interfaces/include/tut_interfaces/tut_interfaces/srv
[3.357s] -- Up-to-date: /home/sid/ros2_ws/install/tut_interfaces/include/tut_interfaces/tut_interfaces/srv/detail
[3.357s] -- Installing: /home/sid/ros2_ws/install/tut_interfaces/include/tut_interfaces/tut_interfaces/srv/detail/check_fib__type_support.cpp
[3.357s] -- Installing: /home/sid/ros2_ws/install/tut_interfaces/include/tut_interfaces/tut_interfaces/srv/detail/check_fib__rosidl_typesupport_introspection_cpp.hpp
[3.358s] -- Up-to-date: /home/sid/ros2_ws/install/tut_interfaces/include/tut_interfaces/tut_interfaces/msg
[3.358s] -- Up-to-date: /home/sid/ros2_ws/install/tut_interfaces/include/tut_interfaces/tut_interfaces/msg/detail
[3.358s] -- Up-to-date: /home/sid/ros2_ws/install/tut_interfaces/include/tut_interfaces/tut_interfaces/msg/detail/ans__type_support.cpp
[3.358s] -- Installing: /home/sid/ros2_ws/install/tut_interfaces/include/tut_interfaces/tut_interfaces/msg/detail/message__type_support.cpp
[3.358s] -- Installing: /home/sid/ros2_ws/install/tut_interfaces/include/tut_interfaces/tut_interfaces/msg/detail/message__rosidl_typesupport_introspection_cpp.hpp
[3.358s] -- Up-to-date: /home/sid/ros2_ws/install/tut_interfaces/include/tut_interfaces/tut_interfaces/msg/detail/ans__rosidl_typesupport_introspection_cpp.hpp
[3.358s] -- Installing: /home/sid/ros2_ws/install/tut_interfaces/lib/libtut_interfaces__rosidl_typesupport_introspection_cpp.so
[3.358s] -- Set runtime path of "/home/sid/ros2_ws/install/tut_interfaces/lib/libtut_interfaces__rosidl_typesupport_introspection_cpp.so" to ""
[3.359s] -- Installing: /home/sid/ros2_ws/install/tut_interfaces/lib/libtut_interfaces__rosidl_typesupport_cpp.so
[3.359s] -- Set runtime path of "/home/sid/ros2_ws/install/tut_interfaces/lib/libtut_interfaces__rosidl_typesupport_cpp.so" to ""
[3.359s] -- Up-to-date: /home/sid/ros2_ws/install/tut_interfaces/share/tut_interfaces/environment/pythonpath.sh
[3.359s] -- Up-to-date: /home/sid/ros2_ws/install/tut_interfaces/share/tut_interfaces/environment/pythonpath.dsv
[3.359s] -- Up-to-date: /home/sid/ros2_ws/install/tut_interfaces/lib/python3.10/site-packages/tut_interfaces-0.0.0-py3.10.egg-info
[3.359s] -- Installing: /home/sid/ros2_ws/install/tut_interfaces/lib/python3.10/site-packages/tut_interfaces-0.0.0-py3.10.egg-info/SOURCES.txt
[3.359s] -- Installing: /home/sid/ros2_ws/install/tut_interfaces/lib/python3.10/site-packages/tut_interfaces-0.0.0-py3.10.egg-info/dependency_links.txt
[3.359s] -- Installing: /home/sid/ros2_ws/install/tut_interfaces/lib/python3.10/site-packages/tut_interfaces-0.0.0-py3.10.egg-info/top_level.txt
[3.360s] -- Installing: /home/sid/ros2_ws/install/tut_interfaces/lib/python3.10/site-packages/tut_interfaces-0.0.0-py3.10.egg-info/PKG-INFO
[3.360s] -- Up-to-date: /home/sid/ros2_ws/install/tut_interfaces/lib/python3.10/site-packages/tut_interfaces
[3.360s] -- Installing: /home/sid/ros2_ws/install/tut_interfaces/lib/python3.10/site-packages/tut_interfaces/libtut_interfaces__rosidl_generator_py.so
[3.360s] -- Up-to-date: /home/sid/ros2_ws/install/tut_interfaces/lib/python3.10/site-packages/tut_interfaces/srv
[3.360s] -- Installing: /home/sid/ros2_ws/install/tut_interfaces/lib/python3.10/site-packages/tut_interfaces/srv/_check_fib.py
[3.360s] -- Installing: /home/sid/ros2_ws/install/tut_interfaces/lib/python3.10/site-packages/tut_interfaces/srv/__init__.py
[3.360s] -- Installing: /home/sid/ros2_ws/install/tut_interfaces/lib/python3.10/site-packages/tut_interfaces/srv/_check_fib_s.c
[3.360s] -- Installing: /home/sid/ros2_ws/install/tut_interfaces/lib/python3.10/site-packages/tut_interfaces/_tut_interfaces_s.ep.rosidl_typesupport_c.c
[3.361s] -- Installing: /home/sid/ros2_ws/install/tut_interfaces/lib/python3.10/site-packages/tut_interfaces/tut_interfaces_s__rosidl_typesupport_fastrtps_c.cpython-310-x86_64-linux-gnu.so
[3.361s] -- Installing: /home/sid/ros2_ws/install/tut_interfaces/lib/python3.10/site-packages/tut_interfaces/tut_interfaces_s__rosidl_typesupport_introspection_c.cpython-310-x86_64-linux-gnu.so
[3.361s] -- Installing: /home/sid/ros2_ws/install/tut_interfaces/lib/python3.10/site-packages/tut_interfaces/tut_interfaces_s__rosidl_typesupport_c.cpython-310-x86_64-linux-gnu.so
[3.361s] -- Installing: /home/sid/ros2_ws/install/tut_interfaces/lib/python3.10/site-packages/tut_interfaces/__init__.py
[3.361s] -- Installing: /home/sid/ros2_ws/install/tut_interfaces/lib/python3.10/site-packages/tut_interfaces/_tut_interfaces_s.ep.rosidl_typesupport_fastrtps_c.c
[3.361s] -- Up-to-date: /home/sid/ros2_ws/install/tut_interfaces/lib/python3.10/site-packages/tut_interfaces/msg
[3.361s] -- Installing: /home/sid/ros2_ws/install/tut_interfaces/lib/python3.10/site-packages/tut_interfaces/msg/_message.py
[3.361s] -- Installing: /home/sid/ros2_ws/install/tut_interfaces/lib/python3.10/site-packages/tut_interfaces/msg/__init__.py
[3.361s] -- Installing: /home/sid/ros2_ws/install/tut_interfaces/lib/python3.10/site-packages/tut_interfaces/msg/_message_s.c
[3.361s] -- Up-to-date: /home/sid/ros2_ws/install/tut_interfaces/lib/python3.10/site-packages/tut_interfaces/msg/_ans.py
[3.361s] -- Up-to-date: /home/sid/ros2_ws/install/tut_interfaces/lib/python3.10/site-packages/tut_interfaces/msg/_ans_s.c
[3.361s] -- Installing: /home/sid/ros2_ws/install/tut_interfaces/lib/python3.10/site-packages/tut_interfaces/_tut_interfaces_s.ep.rosidl_typesupport_introspection_c.c
[3.388s] Listing '/home/sid/ros2_ws/install/tut_interfaces/lib/python3.10/site-packages/tut_interfaces'...
[3.388s] Compiling '/home/sid/ros2_ws/install/tut_interfaces/lib/python3.10/site-packages/tut_interfaces/__init__.py'...
[3.388s] Listing '/home/sid/ros2_ws/install/tut_interfaces/lib/python3.10/site-packages/tut_interfaces/msg'...
[3.388s] Compiling '/home/sid/ros2_ws/install/tut_interfaces/lib/python3.10/site-packages/tut_interfaces/msg/__init__.py'...
[3.388s] Compiling '/home/sid/ros2_ws/install/tut_interfaces/lib/python3.10/site-packages/tut_interfaces/msg/_message.py'...
[3.388s] Listing '/home/sid/ros2_ws/install/tut_interfaces/lib/python3.10/site-packages/tut_interfaces/srv'...
[3.388s] Compiling '/home/sid/ros2_ws/install/tut_interfaces/lib/python3.10/site-packages/tut_interfaces/srv/__init__.py'...
[3.388s] Compiling '/home/sid/ros2_ws/install/tut_interfaces/lib/python3.10/site-packages/tut_interfaces/srv/_check_fib.py'...
[3.391s] -- Installing: /home/sid/ros2_ws/install/tut_interfaces/lib/python3.10/site-packages/tut_interfaces/tut_interfaces_s__rosidl_typesupport_fastrtps_c.cpython-310-x86_64-linux-gnu.so
[3.391s] -- Set runtime path of "/home/sid/ros2_ws/install/tut_interfaces/lib/python3.10/site-packages/tut_interfaces/tut_interfaces_s__rosidl_typesupport_fastrtps_c.cpython-310-x86_64-linux-gnu.so" to ""
[3.391s] -- Installing: /home/sid/ros2_ws/install/tut_interfaces/lib/python3.10/site-packages/tut_interfaces/tut_interfaces_s__rosidl_typesupport_introspection_c.cpython-310-x86_64-linux-gnu.so
[3.391s] -- Set runtime path of "/home/sid/ros2_ws/install/tut_interfaces/lib/python3.10/site-packages/tut_interfaces/tut_interfaces_s__rosidl_typesupport_introspection_c.cpython-310-x86_64-linux-gnu.so" to ""
[3.392s] -- Installing: /home/sid/ros2_ws/install/tut_interfaces/lib/python3.10/site-packages/tut_interfaces/tut_interfaces_s__rosidl_typesupport_c.cpython-310-x86_64-linux-gnu.so
[3.392s] -- Set runtime path of "/home/sid/ros2_ws/install/tut_interfaces/lib/python3.10/site-packages/tut_interfaces/tut_interfaces_s__rosidl_typesupport_c.cpython-310-x86_64-linux-gnu.so" to ""
[3.392s] -- Installing: /home/sid/ros2_ws/install/tut_interfaces/lib/libtut_interfaces__rosidl_generator_py.so
[3.393s] -- Set runtime path of "/home/sid/ros2_ws/install/tut_interfaces/lib/libtut_interfaces__rosidl_generator_py.so" to ""
[3.393s] -- Installing: /home/sid/ros2_ws/install/tut_interfaces/share/tut_interfaces/msg/Message.idl
[3.393s] -- Installing: /home/sid/ros2_ws/install/tut_interfaces/share/tut_interfaces/srv/CheckFib.idl
[3.393s] -- Installing: /home/sid/ros2_ws/install/tut_interfaces/share/tut_interfaces/msg/Message.msg
[3.393s] -- Installing: /home/sid/ros2_ws/install/tut_interfaces/share/tut_interfaces/srv/CheckFib.srv
[3.393s] -- Installing: /home/sid/ros2_ws/install/tut_interfaces/share/tut_interfaces/srv/CheckFib_Request.msg
[3.393s] -- Installing: /home/sid/ros2_ws/install/tut_interfaces/share/tut_interfaces/srv/CheckFib_Response.msg
[3.394s] -- Installing: /home/sid/ros2_ws/install/tut_interfaces/share/ament_index/resource_index/package_run_dependencies/tut_interfaces
[3.394s] -- Installing: /home/sid/ros2_ws/install/tut_interfaces/share/ament_index/resource_index/parent_prefix_path/tut_interfaces
[3.394s] -- Up-to-date: /home/sid/ros2_ws/install/tut_interfaces/share/tut_interfaces/environment/ament_prefix_path.sh
[3.394s] -- Up-to-date: /home/sid/ros2_ws/install/tut_interfaces/share/tut_interfaces/environment/ament_prefix_path.dsv
[3.395s] -- Up-to-date: /home/sid/ros2_ws/install/tut_interfaces/share/tut_interfaces/environment/path.sh
[3.395s] -- Up-to-date: /home/sid/ros2_ws/install/tut_interfaces/share/tut_interfaces/environment/path.dsv
[3.395s] -- Up-to-date: /home/sid/ros2_ws/install/tut_interfaces/share/tut_interfaces/local_setup.bash
[3.395s] -- Up-to-date: /home/sid/ros2_ws/install/tut_interfaces/share/tut_interfaces/local_setup.sh
[3.395s] -- Up-to-date: /home/sid/ros2_ws/install/tut_interfaces/share/tut_interfaces/local_setup.zsh
[3.395s] -- Up-to-date: /home/sid/ros2_ws/install/tut_interfaces/share/tut_interfaces/local_setup.dsv
[3.395s] -- Installing: /home/sid/ros2_ws/install/tut_interfaces/share/tut_interfaces/package.dsv
[3.395s] -- Up-to-date: /home/sid/ros2_ws/install/tut_interfaces/share/ament_index/resource_index/packages/tut_interfaces
[3.395s] -- Up-to-date: /home/sid/ros2_ws/install/tut_interfaces/share/tut_interfaces/cmake/export_tut_interfaces__rosidl_generator_cExport.cmake
[3.395s] -- Up-to-date: /home/sid/ros2_ws/install/tut_interfaces/share/tut_interfaces/cmake/export_tut_interfaces__rosidl_generator_cExport-noconfig.cmake
[3.396s] -- Up-to-date: /home/sid/ros2_ws/install/tut_interfaces/share/tut_interfaces/cmake/export_tut_interfaces__rosidl_typesupport_fastrtps_cExport.cmake
[3.396s] -- Up-to-date: /home/sid/ros2_ws/install/tut_interfaces/share/tut_interfaces/cmake/export_tut_interfaces__rosidl_typesupport_fastrtps_cExport-noconfig.cmake
[3.396s] -- Up-to-date: /home/sid/ros2_ws/install/tut_interfaces/share/tut_interfaces/cmake/export_tut_interfaces__rosidl_generator_cppExport.cmake
[3.397s] -- Up-to-date: /home/sid/ros2_ws/install/tut_interfaces/share/tut_interfaces/cmake/export_tut_interfaces__rosidl_typesupport_fastrtps_cppExport.cmake
[3.397s] -- Up-to-date: /home/sid/ros2_ws/install/tut_interfaces/share/tut_interfaces/cmake/export_tut_interfaces__rosidl_typesupport_fastrtps_cppExport-noconfig.cmake
[3.397s] -- Up-to-date: /home/sid/ros2_ws/install/tut_interfaces/share/tut_interfaces/cmake/tut_interfaces__rosidl_typesupport_introspection_cExport.cmake
[3.397s] -- Up-to-date: /home/sid/ros2_ws/install/tut_interfaces/share/tut_interfaces/cmake/tut_interfaces__rosidl_typesupport_introspection_cExport-noconfig.cmake
[3.397s] -- Up-to-date: /home/sid/ros2_ws/install/tut_interfaces/share/tut_interfaces/cmake/tut_interfaces__rosidl_typesupport_cExport.cmake
[3.397s] -- Up-to-date: /home/sid/ros2_ws/install/tut_interfaces/share/tut_interfaces/cmake/tut_interfaces__rosidl_typesupport_cExport-noconfig.cmake
[3.397s] -- Up-to-date: /home/sid/ros2_ws/install/tut_interfaces/share/tut_interfaces/cmake/tut_interfaces__rosidl_typesupport_introspection_cppExport.cmake
[3.397s] -- Up-to-date: /home/sid/ros2_ws/install/tut_interfaces/share/tut_interfaces/cmake/tut_interfaces__rosidl_typesupport_introspection_cppExport-noconfig.cmake
[3.397s] -- Up-to-date: /home/sid/ros2_ws/install/tut_interfaces/share/tut_interfaces/cmake/tut_interfaces__rosidl_typesupport_cppExport.cmake
[3.397s] -- Up-to-date: /home/sid/ros2_ws/install/tut_interfaces/share/tut_interfaces/cmake/tut_interfaces__rosidl_typesupport_cppExport-noconfig.cmake
[3.397s] -- Up-to-date: /home/sid/ros2_ws/install/tut_interfaces/share/tut_interfaces/cmake/export_tut_interfaces__rosidl_generator_pyExport.cmake
[3.398s] -- Up-to-date: /home/sid/ros2_ws/install/tut_interfaces/share/tut_interfaces/cmake/export_tut_interfaces__rosidl_generator_pyExport-noconfig.cmake
[3.398s] -- Installing: /home/sid/ros2_ws/install/tut_interfaces/share/tut_interfaces/cmake/rosidl_cmake-extras.cmake
[3.398s] -- Installing: /home/sid/ros2_ws/install/tut_interfaces/share/tut_interfaces/cmake/ament_cmake_export_dependencies-extras.cmake
[3.398s] -- Up-to-date: /home/sid/ros2_ws/install/tut_interfaces/share/tut_interfaces/cmake/ament_cmake_export_include_directories-extras.cmake
[3.398s] -- Up-to-date: /home/sid/ros2_ws/install/tut_interfaces/share/tut_interfaces/cmake/ament_cmake_export_libraries-extras.cmake
[3.398s] -- Installing: /home/sid/ros2_ws/install/tut_interfaces/share/tut_interfaces/cmake/ament_cmake_export_targets-extras.cmake
[3.398s] -- Installing: /home/sid/ros2_ws/install/tut_interfaces/share/tut_interfaces/cmake/rosidl_cmake_export_typesupport_targets-extras.cmake
[3.398s] -- Up-to-date: /home/sid/ros2_ws/install/tut_interfaces/share/tut_interfaces/cmake/rosidl_cmake_export_typesupport_libraries-extras.cmake
[3.398s] -- Up-to-date: /home/sid/ros2_ws/install/tut_interfaces/share/tut_interfaces/cmake/tut_interfacesConfig.cmake
[3.398s] -- Up-to-date: /home/sid/ros2_ws/install/tut_interfaces/share/tut_interfaces/cmake/tut_interfacesConfig-version.cmake
[3.398s] -- Installing: /home/sid/ros2_ws/install/tut_interfaces/share/tut_interfaces/package.xml
[3.403s] Invoked command in '/home/sid/ros2_ws/build/tut_interfaces' returned '0': CMAKE_PREFIX_PATH=${CMAKE_PREFIX_PATH}:/home/sid/ros2_ws/install/my_first_pkg:/opt/ros/iron /home/sid/.local/bin/cmake --install /home/sid/ros2_ws/build/tut_interfaces
