[0.010s] Invoking command in '/home/sid/ros2_ws/build/parameter_handler': CMAKE_PREFIX_PATH=${CMAKE_PREFIX_PATH}:/home/sid/ros2_ws/install/my_first_pkg:/opt/ros/iron /home/sid/.local/bin/cmake --build /home/sid/ros2_ws/build/parameter_handler -- -j8 -l8
[0.054s] [ 50%] [32mBuilding CXX object CMakeFiles/parameter_handler.dir/src/cpp_parameter_handler.cpp.o[0m
[1.985s] [01m[K/home/sid/ros2_ws/src/parameter_handler/src/cpp_parameter_handler.cpp:[m[K In constructor ‘[01m[KSampleNodewithParam::SampleNodewithParam()[m[K’:
[1.985s] [01m[K/home/sid/ros2_ws/src/parameter_handler/src/cpp_parameter_handler.cpp:17:14:[m[K [01;35m[Kwarning: [m[Kvariable ‘[01m[Kcb2[m[K’ set but not used [[01;35m[K]8;;https://gcc.gnu.org/onlinedocs/gcc/Warning-Options.html#index-Wunused-but-set-variable-Wunused-but-set-variable]8;;[m[K]
[1.985s]    17 |         auto [01;35m[Kcb2[m[K = [this] (const rclcpp::Parameter &p) {
[1.985s]       |              [01;35m[K^~~[m[K
[5.400s] [100%] [32m[1mLinking CXX executable parameter_handler[0m
[5.685s] [100%] Built target parameter_handler
[5.698s] Invoked command in '/home/sid/ros2_ws/build/parameter_handler' returned '0': CMAKE_PREFIX_PATH=${CMAKE_PREFIX_PATH}:/home/sid/ros2_ws/install/my_first_pkg:/opt/ros/iron /home/sid/.local/bin/cmake --build /home/sid/ros2_ws/build/parameter_handler -- -j8 -l8
[5.762s] Invoking command in '/home/sid/ros2_ws/build/parameter_handler': CMAKE_PREFIX_PATH=${CMAKE_PREFIX_PATH}:/home/sid/ros2_ws/install/my_first_pkg:/opt/ros/iron /home/sid/.local/bin/cmake --install /home/sid/ros2_ws/build/parameter_handler
[5.784s] -- Install configuration: ""
[5.784s] -- Execute custom install script
[5.784s] -- Up-to-date symlink: /home/sid/ros2_ws/install/parameter_handler/lib/parameter_handler/parameter_handler
[5.784s] -- Up-to-date symlink: /home/sid/ros2_ws/install/parameter_handler/share/ament_index/resource_index/package_run_dependencies/parameter_handler
[5.784s] -- Up-to-date symlink: /home/sid/ros2_ws/install/parameter_handler/share/ament_index/resource_index/parent_prefix_path/parameter_handler
[5.784s] -- Up-to-date symlink: /home/sid/ros2_ws/install/parameter_handler/share/parameter_handler/environment/ament_prefix_path.sh
[5.784s] -- Up-to-date symlink: /home/sid/ros2_ws/install/parameter_handler/share/parameter_handler/environment/ament_prefix_path.dsv
[5.785s] -- Up-to-date symlink: /home/sid/ros2_ws/install/parameter_handler/share/parameter_handler/environment/path.sh
[5.785s] -- Up-to-date symlink: /home/sid/ros2_ws/install/parameter_handler/share/parameter_handler/environment/path.dsv
[5.785s] -- Up-to-date symlink: /home/sid/ros2_ws/install/parameter_handler/share/parameter_handler/local_setup.bash
[5.785s] -- Up-to-date symlink: /home/sid/ros2_ws/install/parameter_handler/share/parameter_handler/local_setup.sh
[5.785s] -- Up-to-date symlink: /home/sid/ros2_ws/install/parameter_handler/share/parameter_handler/local_setup.zsh
[5.785s] -- Up-to-date symlink: /home/sid/ros2_ws/install/parameter_handler/share/parameter_handler/local_setup.dsv
[5.785s] -- Symlinking: /home/sid/ros2_ws/install/parameter_handler/share/parameter_handler/package.dsv
[5.787s] -- Up-to-date symlink: /home/sid/ros2_ws/install/parameter_handler/share/ament_index/resource_index/packages/parameter_handler
[5.787s] -- Up-to-date symlink: /home/sid/ros2_ws/install/parameter_handler/share/parameter_handler/cmake/parameter_handlerConfig.cmake
[5.787s] -- Up-to-date symlink: /home/sid/ros2_ws/install/parameter_handler/share/parameter_handler/cmake/parameter_handlerConfig-version.cmake
[5.788s] -- Up-to-date symlink: /home/sid/ros2_ws/install/parameter_handler/share/parameter_handler/package.xml
[5.792s] Invoked command in '/home/sid/ros2_ws/build/parameter_handler' returned '0': CMAKE_PREFIX_PATH=${CMAKE_PREFIX_PATH}:/home/sid/ros2_ws/install/my_first_pkg:/opt/ros/iron /home/sid/.local/bin/cmake --install /home/sid/ros2_ws/build/parameter_handler
