[0.779s] Invoking command in '/home/sid/ros2_ws/build/my_first_pkg': PYTHONPATH=/home/sid/ros2_ws/build/my_first_pkg/prefix_override:/home/sid/ros2_ws/install/my_first_pkg/lib/python3.10/site-packages:${PYTHONPATH} /usr/bin/python3 setup.py develop --uninstall --editable --build-directory /home/sid/ros2_ws/build/my_first_pkg/build
[1.000s] running develop
[1.185s] Invoked command in '/home/sid/ros2_ws/build/my_first_pkg' returned '0': PYTHONPATH=/home/sid/ros2_ws/build/my_first_pkg/prefix_override:/home/sid/ros2_ws/install/my_first_pkg/lib/python3.10/site-packages:${PYTHONPATH} /usr/bin/python3 setup.py develop --uninstall --editable --build-directory /home/sid/ros2_ws/build/my_first_pkg/build
[1.186s] Invoking command in '/home/sid/ros2_ws/src/my_first_pkg': PYTHONPATH=/home/sid/ros2_ws/build/my_first_pkg/prefix_override:/home/sid/ros2_ws/install/my_first_pkg/lib/python3.10/site-packages:${PYTHONPATH} /usr/bin/python3 setup.py egg_info --egg-base ../../build/my_first_pkg build --build-base /home/sid/ros2_ws/build/my_first_pkg/build install --record /home/sid/ros2_ws/build/my_first_pkg/install.log --single-version-externally-managed
[1.383s] running egg_info
[1.384s] writing ../../build/my_first_pkg/my_first_pkg.egg-info/PKG-INFO
[1.384s] writing dependency_links to ../../build/my_first_pkg/my_first_pkg.egg-info/dependency_links.txt
[1.384s] writing entry points to ../../build/my_first_pkg/my_first_pkg.egg-info/entry_points.txt
[1.384s] writing requirements to ../../build/my_first_pkg/my_first_pkg.egg-info/requires.txt
[1.384s] writing top-level names to ../../build/my_first_pkg/my_first_pkg.egg-info/top_level.txt
[1.386s] reading manifest file '../../build/my_first_pkg/my_first_pkg.egg-info/SOURCES.txt'
[1.387s] writing manifest file '../../build/my_first_pkg/my_first_pkg.egg-info/SOURCES.txt'
[1.387s] running build
[1.387s] running build_py
[1.388s] running install
[1.388s] running install_lib
[1.389s] running install_data
[1.390s] running install_egg_info
[1.391s] removing '/home/sid/ros2_ws/install/my_first_pkg/lib/python3.10/site-packages/my_first_pkg-0.0.0-py3.10.egg-info' (and everything under it)
[1.391s] Copying ../../build/my_first_pkg/my_first_pkg.egg-info to /home/sid/ros2_ws/install/my_first_pkg/lib/python3.10/site-packages/my_first_pkg-0.0.0-py3.10.egg-info
[1.392s] running install_scripts
[1.406s] Installing test_node script to /home/sid/ros2_ws/install/my_first_pkg/lib/my_first_pkg
[1.406s] writing list of installed files to '/home/sid/ros2_ws/build/my_first_pkg/install.log'
[1.434s] Invoked command in '/home/sid/ros2_ws/src/my_first_pkg' returned '0': PYTHONPATH=/home/sid/ros2_ws/build/my_first_pkg/prefix_override:/home/sid/ros2_ws/install/my_first_pkg/lib/python3.10/site-packages:${PYTHONPATH} /usr/bin/python3 setup.py egg_info --egg-base ../../build/my_first_pkg build --build-base /home/sid/ros2_ws/build/my_first_pkg/build install --record /home/sid/ros2_ws/build/my_first_pkg/install.log --single-version-externally-managed
