[0.010s] Invoking command in '/home/sid/ros2_ws/build/model_4wd': CMAKE_PREFIX_PATH=${CMAKE_PREFIX_PATH}:/home/sid/ros2_ws/install/my_first_pkg:/opt/ros/iron /home/sid/.local/bin/cmake /home/sid/ros2_ws/src/model_4wd -DCMAKE_INSTALL_PREFIX=/home/sid/ros2_ws/install/model_4wd
[0.064s] -- The C compiler identification is GNU 11.4.0
[0.102s] -- The CXX compiler identification is GNU 11.4.0
[0.109s] -- Detecting C compiler ABI info
[0.151s] -- Detecting C compiler ABI info - done
[0.158s] -- Check for working C compiler: /usr/bin/cc - skipped
[0.159s] -- Detecting C compile features
[0.159s] -- Detecting C compile features - done
[0.162s] -- Detecting CXX compiler ABI info
[0.209s] -- Detecting CXX compiler ABI info - done
[0.216s] -- Check for working CXX compiler: /usr/bin/c++ - skipped
[0.216s] -- Detecting CXX compile features
[0.217s] -- Detecting CXX compile features - done
[0.219s] -- Found ament_cmake: 2.0.3 (/opt/ros/iron/share/ament_cmake/cmake)
[0.664s] -- Found Python3: /usr/bin/python3.10 (found version "3.10.12") found components: Interpreter 
[0.738s] -- Found ament_lint_auto: 0.14.1 (/opt/ros/iron/share/ament_lint_auto/cmake)
[0.799s] -- Added test 'lint_cmake' to check CMake code style
[0.800s] -- Added test 'xmllint' to check XML markup files
[0.801s] -- Configuring done (0.8s)
[0.803s] -- Generating done (0.0s)
[0.804s] -- Build files have been written to: /home/sid/ros2_ws/build/model_4wd
[0.810s] Invoked command in '/home/sid/ros2_ws/build/model_4wd' returned '0': CMAKE_PREFIX_PATH=${CMAKE_PREFIX_PATH}:/home/sid/ros2_ws/install/my_first_pkg:/opt/ros/iron /home/sid/.local/bin/cmake /home/sid/ros2_ws/src/model_4wd -DCMAKE_INSTALL_PREFIX=/home/sid/ros2_ws/install/model_4wd
[0.811s] Invoking command in '/home/sid/ros2_ws/build/model_4wd': CMAKE_PREFIX_PATH=${CMAKE_PREFIX_PATH}:/home/sid/ros2_ws/install/my_first_pkg:/opt/ros/iron /home/sid/.local/bin/cmake --build /home/sid/ros2_ws/build/model_4wd -- -j8 -l8
[0.846s] Invoked command in '/home/sid/ros2_ws/build/model_4wd' returned '0': CMAKE_PREFIX_PATH=${CMAKE_PREFIX_PATH}:/home/sid/ros2_ws/install/my_first_pkg:/opt/ros/iron /home/sid/.local/bin/cmake --build /home/sid/ros2_ws/build/model_4wd -- -j8 -l8
[0.907s] Invoking command in '/home/sid/ros2_ws/build/model_4wd': CMAKE_PREFIX_PATH=${CMAKE_PREFIX_PATH}:/home/sid/ros2_ws/install/my_first_pkg:/opt/ros/iron /home/sid/.local/bin/cmake --install /home/sid/ros2_ws/build/model_4wd
[0.928s] -- Install configuration: ""
[0.928s] -- Installing: /home/sid/ros2_ws/install/model_4wd/share/ament_index/resource_index/package_run_dependencies/model_4wd
[0.929s] -- Installing: /home/sid/ros2_ws/install/model_4wd/share/ament_index/resource_index/parent_prefix_path/model_4wd
[0.929s] -- Installing: /home/sid/ros2_ws/install/model_4wd/share/model_4wd/environment/ament_prefix_path.sh
[0.929s] -- Installing: /home/sid/ros2_ws/install/model_4wd/share/model_4wd/environment/ament_prefix_path.dsv
[0.929s] -- Installing: /home/sid/ros2_ws/install/model_4wd/share/model_4wd/environment/path.sh
[0.929s] -- Installing: /home/sid/ros2_ws/install/model_4wd/share/model_4wd/environment/path.dsv
[0.929s] -- Installing: /home/sid/ros2_ws/install/model_4wd/share/model_4wd/local_setup.bash
[0.929s] -- Installing: /home/sid/ros2_ws/install/model_4wd/share/model_4wd/local_setup.sh
[0.929s] -- Installing: /home/sid/ros2_ws/install/model_4wd/share/model_4wd/local_setup.zsh
[0.929s] -- Installing: /home/sid/ros2_ws/install/model_4wd/share/model_4wd/local_setup.dsv
[0.929s] -- Installing: /home/sid/ros2_ws/install/model_4wd/share/model_4wd/package.dsv
[0.929s] -- Installing: /home/sid/ros2_ws/install/model_4wd/share/ament_index/resource_index/packages/model_4wd
[0.929s] -- Installing: /home/sid/ros2_ws/install/model_4wd/share/model_4wd/cmake/model_4wdConfig.cmake
[0.930s] -- Installing: /home/sid/ros2_ws/install/model_4wd/share/model_4wd/cmake/model_4wdConfig-version.cmake
[0.930s] -- Installing: /home/sid/ros2_ws/install/model_4wd/share/model_4wd/package.xml
[0.935s] Invoked command in '/home/sid/ros2_ws/build/model_4wd' returned '0': CMAKE_PREFIX_PATH=${CMAKE_PREFIX_PATH}:/home/sid/ros2_ws/install/my_first_pkg:/opt/ros/iron /home/sid/.local/bin/cmake --install /home/sid/ros2_ws/build/model_4wd
