In file included from [01m[K/opt/ros/iron/include/rclcpp/rclcpp/logging.hpp:24[m[K,
                 from [01m[K/opt/ros/iron/include/rclcpp/rclcpp/client.hpp:43[m[K,
                 from [01m[K/opt/ros/iron/include/rclcpp/rclcpp/callback_group.hpp:24[m[K,
                 from [01m[K/opt/ros/iron/include/rclcpp/rclcpp/any_executable.hpp:20[m[K,
                 from [01m[K/opt/ros/iron/include/rclcpp/rclcpp/memory_strategy.hpp:25[m[K,
                 from [01m[K/opt/ros/iron/include/rclcpp/rclcpp/memory_strategies.hpp:18[m[K,
                 from [01m[K/opt/ros/iron/include/rclcpp/rclcpp/executor_options.hpp:20[m[K,
                 from [01m[K/opt/ros/iron/include/rclcpp/rclcpp/executor.hpp:37[m[K,
                 from [01m[K/opt/ros/iron/include/rclcpp/rclcpp/executors/multi_threaded_executor.hpp:25[m[K,
                 from [01m[K/opt/ros/iron/include/rclcpp/rclcpp/executors.hpp:21[m[K,
                 from [01m[K/opt/ros/iron/include/rclcpp/rclcpp/rclcpp.hpp:167[m[K,
                 from [01m[K/home/sid/ros2_ws/src/parameter_handler/src/cpp_parameter_handler.cpp:2[m[K:
[01m[K/home/sid/ros2_ws/src/parameter_handler/src/cpp_parameter_handler.cpp:[m[K In lambda function:
[01m[K/home/sid/ros2_ws/src/parameter_handler/src/cpp_parameter_handler.cpp:14:45:[m[K [01;35m[Kwarning: [m[Kformat ‘[01m[K%d[m[K’ expects argument of type ‘[01m[Kint[m[K’, but argument 7 has type ‘[01m[Kint64_t[m[K’ {aka ‘[01m[Klong int[m[K’} [[01;35m[K]8;;https://gcc.gnu.org/onlinedocs/gcc/Warning-Options.html#index-Wformat=-Wformat=]8;;[m[K]
   14 |             RCLCPP_INFO(this->get_logger(), [01;35m[K"Received an update to parameter \"%s\" of type %s: \"%d\""[m[K,p.get_name().c_str(), p.get_type_name().c_str(), [32m[Kp.as_int()[m[K);
      |                                             [01;35m[K^~~~~~~~~~~~~~~~~~~~~~~~~~~~~~~~~~~~~~~~~~~~~~~~~~~~~~~~~~~[m[K                                                  [32m[K~~~~~~~~~~[m[K
      |                                                                                                                                                                  [32m[K|[m[K
      |                                                                                                                                                                  [32m[Kint64_t {aka long int}[m[K
[01m[K/home/sid/ros2_ws/src/parameter_handler/src/cpp_parameter_handler.cpp:14:100:[m[K [01;36m[Knote: [m[Kformat string is defined here
   14 | _INFO(this->get_logger(), "Received an update to parameter \"%s\" of type %s: \"[01;36m[K%d[m[K\"",p.get_name().c_str(), p.get_type_name().c_str(), p.as_int());
      |                                                                                 [01;36m[K~^[m[K
      |                                                                                  [01;36m[K|[m[K
      |                                                                                  [01;36m[Kint[m[K
      |                                                                                 [32m[K%ld[m[K
