[0.011s] Invoking command in '/home/sid/ros2_ws/build/parameter_handler': CMAKE_PREFIX_PATH=${CMAKE_PREFIX_PATH}:/home/sid/ros2_ws/install/my_first_pkg:/opt/ros/iron /home/sid/.local/bin/cmake --build /home/sid/ros2_ws/build/parameter_handler -- -j8 -l8
[0.054s] [ 50%] [32mBuilding CXX object CMakeFiles/parameter_handler.dir/src/cpp_parameter_handler.cpp.o[0m
[1.823s] In file included from [01m[K/opt/ros/iron/include/rclcpp/rclcpp/logging.hpp:24[m[K,
[1.823s]                  from [01m[K/opt/ros/iron/include/rclcpp/rclcpp/client.hpp:43[m[K,
[1.823s]                  from [01m[K/opt/ros/iron/include/rclcpp/rclcpp/callback_group.hpp:24[m[K,
[1.823s]                  from [01m[K/opt/ros/iron/include/rclcpp/rclcpp/any_executable.hpp:20[m[K,
[1.823s]                  from [01m[K/opt/ros/iron/include/rclcpp/rclcpp/memory_strategy.hpp:25[m[K,
[1.823s]                  from [01m[K/opt/ros/iron/include/rclcpp/rclcpp/memory_strategies.hpp:18[m[K,
[1.823s]                  from [01m[K/opt/ros/iron/include/rclcpp/rclcpp/executor_options.hpp:20[m[K,
[1.823s]                  from [01m[K/opt/ros/iron/include/rclcpp/rclcpp/executor.hpp:37[m[K,
[1.823s]                  from [01m[K/opt/ros/iron/include/rclcpp/rclcpp/executors/multi_threaded_executor.hpp:25[m[K,
[1.823s]                  from [01m[K/opt/ros/iron/include/rclcpp/rclcpp/executors.hpp:21[m[K,
[1.823s]                  from [01m[K/opt/ros/iron/include/rclcpp/rclcpp/rclcpp.hpp:167[m[K,
[1.823s]                  from [01m[K/home/sid/ros2_ws/src/parameter_handler/src/cpp_parameter_handler.cpp:2[m[K:
[1.823s] [01m[K/home/sid/ros2_ws/src/parameter_handler/src/cpp_parameter_handler.cpp:[m[K In lambda function:
[1.823s] [01m[K/home/sid/ros2_ws/src/parameter_handler/src/cpp_parameter_handler.cpp:14:45:[m[K [01;35m[Kwarning: [m[Kformat ‘[01m[K%d[m[K’ expects argument of type ‘[01m[Kint[m[K’, but argument 7 has type ‘[01m[Kint64_t[m[K’ {aka ‘[01m[Klong int[m[K’} [[01;35m[K]8;;https://gcc.gnu.org/onlinedocs/gcc/Warning-Options.html#index-Wformat=-Wformat=]8;;[m[K]
[1.823s]    14 |             RCLCPP_INFO(this->get_logger(), [01;35m[K"Received an update to parameter \"%s\" of type %s: \"%d\""[m[K,p.get_name().c_str(), p.get_type_name().c_str(), [32m[Kp.as_int()[m[K);
[1.824s]       |                                             [01;35m[K^~~~~~~~~~~~~~~~~~~~~~~~~~~~~~~~~~~~~~~~~~~~~~~~~~~~~~~~~~~[m[K                                                  [32m[K~~~~~~~~~~[m[K
[1.824s]       |                                                                                                                                                                  [32m[K|[m[K
[1.824s]       |                                                                                                                                                                  [32m[Kint64_t {aka long int}[m[K
[1.824s] [01m[K/home/sid/ros2_ws/src/parameter_handler/src/cpp_parameter_handler.cpp:14:100:[m[K [01;36m[Knote: [m[Kformat string is defined here
[1.824s]    14 | _INFO(this->get_logger(), "Received an update to parameter \"%s\" of type %s: \"[01;36m[K%d[m[K\"",p.get_name().c_str(), p.get_type_name().c_str(), p.as_int());
[1.824s]       |                                                                                 [01;36m[K~^[m[K
[1.824s]       |                                                                                  [01;36m[K|[m[K
[1.824s]       |                                                                                  [01;36m[Kint[m[K
[1.824s]       |                                                                                 [32m[K%ld[m[K
[5.068s] [100%] [32m[1mLinking CXX executable parameter_handler[0m
[5.319s] [100%] Built target parameter_handler
[5.332s] Invoked command in '/home/sid/ros2_ws/build/parameter_handler' returned '0': CMAKE_PREFIX_PATH=${CMAKE_PREFIX_PATH}:/home/sid/ros2_ws/install/my_first_pkg:/opt/ros/iron /home/sid/.local/bin/cmake --build /home/sid/ros2_ws/build/parameter_handler -- -j8 -l8
[5.398s] Invoking command in '/home/sid/ros2_ws/build/parameter_handler': CMAKE_PREFIX_PATH=${CMAKE_PREFIX_PATH}:/home/sid/ros2_ws/install/my_first_pkg:/opt/ros/iron /home/sid/.local/bin/cmake --install /home/sid/ros2_ws/build/parameter_handler
[5.419s] -- Install configuration: ""
[5.419s] -- Execute custom install script
[5.420s] -- Up-to-date symlink: /home/sid/ros2_ws/install/parameter_handler/lib/parameter_handler/parameter_handler
[5.420s] -- Up-to-date symlink: /home/sid/ros2_ws/install/parameter_handler/share/ament_index/resource_index/package_run_dependencies/parameter_handler
[5.420s] -- Up-to-date symlink: /home/sid/ros2_ws/install/parameter_handler/share/ament_index/resource_index/parent_prefix_path/parameter_handler
[5.420s] -- Up-to-date symlink: /home/sid/ros2_ws/install/parameter_handler/share/parameter_handler/environment/ament_prefix_path.sh
[5.420s] -- Up-to-date symlink: /home/sid/ros2_ws/install/parameter_handler/share/parameter_handler/environment/ament_prefix_path.dsv
[5.420s] -- Up-to-date symlink: /home/sid/ros2_ws/install/parameter_handler/share/parameter_handler/environment/path.sh
[5.420s] -- Up-to-date symlink: /home/sid/ros2_ws/install/parameter_handler/share/parameter_handler/environment/path.dsv
[5.420s] -- Up-to-date symlink: /home/sid/ros2_ws/install/parameter_handler/share/parameter_handler/local_setup.bash
[5.420s] -- Up-to-date symlink: /home/sid/ros2_ws/install/parameter_handler/share/parameter_handler/local_setup.sh
[5.420s] -- Up-to-date symlink: /home/sid/ros2_ws/install/parameter_handler/share/parameter_handler/local_setup.zsh
[5.421s] -- Up-to-date symlink: /home/sid/ros2_ws/install/parameter_handler/share/parameter_handler/local_setup.dsv
[5.421s] -- Symlinking: /home/sid/ros2_ws/install/parameter_handler/share/parameter_handler/package.dsv
[5.423s] -- Up-to-date symlink: /home/sid/ros2_ws/install/parameter_handler/share/ament_index/resource_index/packages/parameter_handler
[5.423s] -- Up-to-date symlink: /home/sid/ros2_ws/install/parameter_handler/share/parameter_handler/cmake/parameter_handlerConfig.cmake
[5.423s] -- Up-to-date symlink: /home/sid/ros2_ws/install/parameter_handler/share/parameter_handler/cmake/parameter_handlerConfig-version.cmake
[5.423s] -- Up-to-date symlink: /home/sid/ros2_ws/install/parameter_handler/share/parameter_handler/package.xml
[5.429s] Invoked command in '/home/sid/ros2_ws/build/parameter_handler' returned '0': CMAKE_PREFIX_PATH=${CMAKE_PREFIX_PATH}:/home/sid/ros2_ws/install/my_first_pkg:/opt/ros/iron /home/sid/.local/bin/cmake --install /home/sid/ros2_ws/build/parameter_handler
