-- Found ament_cmake: 2.0.3 (/opt/ros/iron/share/ament_cmake/cmake)
-- Found rclcpp: 21.0.1 (/opt/ros/iron/share/rclcpp/cmake)
-- Found rosidl_generator_c: 4.0.0 (/opt/ros/iron/share/rosidl_generator_c/cmake)
-- Found rosidl_generator_cpp: 4.0.0 (/opt/ros/iron/share/rosidl_generator_cpp/cmake)
-- Using all available rosidl_typesupport_c: rosidl_typesupport_fastrtps_c;rosidl_typesupport_introspection_c
-- Using all available rosidl_typesupport_cpp: rosidl_typesupport_fastrtps_cpp;rosidl_typesupport_introspection_cpp
-- Found rmw_implementation_cmake: 7.1.0 (/opt/ros/iron/share/rmw_implementation_cmake/cmake)
-- Found rmw_fastrtps_cpp: 7.1.1 (/opt/ros/iron/share/rmw_fastrtps_cpp/cmake)
-- Using RMW implementation 'rmw_fastrtps_cpp' as default
-- Found ament_lint_auto: 0.14.1 (/opt/ros/iron/share/ament_lint_auto/cmake)
-- Added test 'cppcheck' to perform static code analysis on C / C++ code
-- Configured cppcheck include dirs: 
-- Configured cppcheck exclude dirs and/or files: 
-- Added test 'lint_cmake' to check CMake code style
-- Added test 'uncrustify' to check C / C++ code style
-- Configured uncrustify additional arguments: 
-- Added test 'xmllint' to check XML markup files
-- Configuring done (0.6s)
-- Generating done (0.0s)
-- Build files have been written to: /home/sid/ros2_ws/build/parameter_handler1
[ 50%] [32mBuilding CXX object CMakeFiles/parameter_handler1.dir/src/cpp_parameter_handler.cpp.o[0m
[100%] [32m[1mLinking CXX executable parameter_handler1[0m
[100%] Built target parameter_handler1
-- Install configuration: ""
-- Installing: /home/sid/ros2_ws/install/parameter_handler1/lib/parameter_handler1/parameter_handler1
-- Set runtime path of "/home/sid/ros2_ws/install/parameter_handler1/lib/parameter_handler1/parameter_handler1" to ""
-- Installing: /home/sid/ros2_ws/install/parameter_handler1/share/ament_index/resource_index/package_run_dependencies/parameter_handler1
-- Installing: /home/sid/ros2_ws/install/parameter_handler1/share/ament_index/resource_index/parent_prefix_path/parameter_handler1
-- Installing: /home/sid/ros2_ws/install/parameter_handler1/share/parameter_handler1/environment/ament_prefix_path.sh
-- Installing: /home/sid/ros2_ws/install/parameter_handler1/share/parameter_handler1/environment/ament_prefix_path.dsv
-- Installing: /home/sid/ros2_ws/install/parameter_handler1/share/parameter_handler1/environment/path.sh
-- Installing: /home/sid/ros2_ws/install/parameter_handler1/share/parameter_handler1/environment/path.dsv
-- Installing: /home/sid/ros2_ws/install/parameter_handler1/share/parameter_handler1/local_setup.bash
-- Installing: /home/sid/ros2_ws/install/parameter_handler1/share/parameter_handler1/local_setup.sh
-- Installing: /home/sid/ros2_ws/install/parameter_handler1/share/parameter_handler1/local_setup.zsh
-- Installing: /home/sid/ros2_ws/install/parameter_handler1/share/parameter_handler1/local_setup.dsv
-- Installing: /home/sid/ros2_ws/install/parameter_handler1/share/parameter_handler1/package.dsv
-- Installing: /home/sid/ros2_ws/install/parameter_handler1/share/ament_index/resource_index/packages/parameter_handler1
-- Installing: /home/sid/ros2_ws/install/parameter_handler1/share/parameter_handler1/cmake/parameter_handler1Config.cmake
-- Installing: /home/sid/ros2_ws/install/parameter_handler1/share/parameter_handler1/cmake/parameter_handler1Config-version.cmake
-- Installing: /home/sid/ros2_ws/install/parameter_handler1/share/parameter_handler1/package.xml
