[0.009s] Invoking command in '/home/sid/ros2_ws/build/parameter_handler1': CMAKE_PREFIX_PATH=${CMAKE_PREFIX_PATH}:/home/sid/ros2_ws/install/my_first_pkg:/opt/ros/iron /home/sid/.local/bin/cmake /home/sid/ros2_ws/src/parameter_handler -DCMAKE_INSTALL_PREFIX=/home/sid/ros2_ws/install/parameter_handler1
[0.035s] -- Found ament_cmake: 2.0.3 (/opt/ros/iron/share/ament_cmake/cmake)
[0.125s] -- Found rclcpp: 21.0.1 (/opt/ros/iron/share/rclcpp/cmake)
[0.149s] -- Found rosidl_generator_c: 4.0.0 (/opt/ros/iron/share/rosidl_generator_c/cmake)
[0.156s] -- Found rosidl_generator_cpp: 4.0.0 (/opt/ros/iron/share/rosidl_generator_cpp/cmake)
[0.166s] -- Using all available rosidl_typesupport_c: rosidl_typesupport_fastrtps_c;rosidl_typesupport_introspection_c
[0.179s] -- Using all available rosidl_typesupport_cpp: rosidl_typesupport_fastrtps_cpp;rosidl_typesupport_introspection_cpp
[0.294s] -- Found rmw_implementation_cmake: 7.1.0 (/opt/ros/iron/share/rmw_implementation_cmake/cmake)
[0.295s] -- Found rmw_fastrtps_cpp: 7.1.1 (/opt/ros/iron/share/rmw_fastrtps_cpp/cmake)
[0.393s] -- Using RMW implementation 'rmw_fastrtps_cpp' as default
[0.517s] -- Found ament_lint_auto: 0.14.1 (/opt/ros/iron/share/ament_lint_auto/cmake)
[0.581s] -- Added test 'cppcheck' to perform static code analysis on C / C++ code
[0.581s] -- Configured cppcheck include dirs: 
[0.581s] -- Configured cppcheck exclude dirs and/or files: 
[0.582s] -- Added test 'lint_cmake' to check CMake code style
[0.583s] -- Added test 'uncrustify' to check C / C++ code style
[0.583s] -- Configured uncrustify additional arguments: 
[0.584s] -- Added test 'xmllint' to check XML markup files
[0.585s] -- Configuring done (0.6s)
[0.591s] -- Generating done (0.0s)
[0.592s] -- Build files have been written to: /home/sid/ros2_ws/build/parameter_handler1
[0.601s] Invoked command in '/home/sid/ros2_ws/build/parameter_handler1' returned '0': CMAKE_PREFIX_PATH=${CMAKE_PREFIX_PATH}:/home/sid/ros2_ws/install/my_first_pkg:/opt/ros/iron /home/sid/.local/bin/cmake /home/sid/ros2_ws/src/parameter_handler -DCMAKE_INSTALL_PREFIX=/home/sid/ros2_ws/install/parameter_handler1
[0.603s] Invoking command in '/home/sid/ros2_ws/build/parameter_handler1': CMAKE_PREFIX_PATH=${CMAKE_PREFIX_PATH}:/home/sid/ros2_ws/install/my_first_pkg:/opt/ros/iron /home/sid/.local/bin/cmake --build /home/sid/ros2_ws/build/parameter_handler1 -- -j8 -l8
[0.643s] [ 50%] [32mBuilding CXX object CMakeFiles/parameter_handler1.dir/src/cpp_parameter_handler.cpp.o[0m
[6.755s] [100%] [32m[1mLinking CXX executable parameter_handler1[0m
[7.049s] [100%] Built target parameter_handler1
[7.062s] Invoked command in '/home/sid/ros2_ws/build/parameter_handler1' returned '0': CMAKE_PREFIX_PATH=${CMAKE_PREFIX_PATH}:/home/sid/ros2_ws/install/my_first_pkg:/opt/ros/iron /home/sid/.local/bin/cmake --build /home/sid/ros2_ws/build/parameter_handler1 -- -j8 -l8
[7.127s] Invoking command in '/home/sid/ros2_ws/build/parameter_handler1': CMAKE_PREFIX_PATH=${CMAKE_PREFIX_PATH}:/home/sid/ros2_ws/install/my_first_pkg:/opt/ros/iron /home/sid/.local/bin/cmake --install /home/sid/ros2_ws/build/parameter_handler1
[7.149s] -- Install configuration: ""
[7.149s] -- Installing: /home/sid/ros2_ws/install/parameter_handler1/lib/parameter_handler1/parameter_handler1
[7.152s] -- Set runtime path of "/home/sid/ros2_ws/install/parameter_handler1/lib/parameter_handler1/parameter_handler1" to ""
[7.152s] -- Installing: /home/sid/ros2_ws/install/parameter_handler1/share/ament_index/resource_index/package_run_dependencies/parameter_handler1
[7.152s] -- Installing: /home/sid/ros2_ws/install/parameter_handler1/share/ament_index/resource_index/parent_prefix_path/parameter_handler1
[7.152s] -- Installing: /home/sid/ros2_ws/install/parameter_handler1/share/parameter_handler1/environment/ament_prefix_path.sh
[7.152s] -- Installing: /home/sid/ros2_ws/install/parameter_handler1/share/parameter_handler1/environment/ament_prefix_path.dsv
[7.152s] -- Installing: /home/sid/ros2_ws/install/parameter_handler1/share/parameter_handler1/environment/path.sh
[7.152s] -- Installing: /home/sid/ros2_ws/install/parameter_handler1/share/parameter_handler1/environment/path.dsv
[7.153s] -- Installing: /home/sid/ros2_ws/install/parameter_handler1/share/parameter_handler1/local_setup.bash
[7.153s] -- Installing: /home/sid/ros2_ws/install/parameter_handler1/share/parameter_handler1/local_setup.sh
[7.153s] -- Installing: /home/sid/ros2_ws/install/parameter_handler1/share/parameter_handler1/local_setup.zsh
[7.153s] -- Installing: /home/sid/ros2_ws/install/parameter_handler1/share/parameter_handler1/local_setup.dsv
[7.153s] -- Installing: /home/sid/ros2_ws/install/parameter_handler1/share/parameter_handler1/package.dsv
[7.153s] -- Installing: /home/sid/ros2_ws/install/parameter_handler1/share/ament_index/resource_index/packages/parameter_handler1
[7.153s] -- Installing: /home/sid/ros2_ws/install/parameter_handler1/share/parameter_handler1/cmake/parameter_handler1Config.cmake
[7.153s] -- Installing: /home/sid/ros2_ws/install/parameter_handler1/share/parameter_handler1/cmake/parameter_handler1Config-version.cmake
[7.153s] -- Installing: /home/sid/ros2_ws/install/parameter_handler1/share/parameter_handler1/package.xml
[7.158s] Invoked command in '/home/sid/ros2_ws/build/parameter_handler1' returned '0': CMAKE_PREFIX_PATH=${CMAKE_PREFIX_PATH}:/home/sid/ros2_ws/install/my_first_pkg:/opt/ros/iron /home/sid/.local/bin/cmake --install /home/sid/ros2_ws/build/parameter_handler1
