[0.011s] Invoking command in '/home/sid/ros2_ws/build/parameter_handler': CMAKE_PREFIX_PATH=${CMAKE_PREFIX_PATH}:/home/sid/ros2_ws/install/my_first_pkg:/opt/ros/iron /home/sid/.local/bin/cmake /home/sid/ros2_ws/src/parameter_handler -DCMAKE_INSTALL_PREFIX=/home/sid/ros2_ws/install/parameter_handler
[0.038s] -- Found ament_cmake: 2.0.3 (/opt/ros/iron/share/ament_cmake/cmake)
[0.130s] -- Found rclcpp: 21.0.1 (/opt/ros/iron/share/rclcpp/cmake)
[0.154s] -- Found rosidl_generator_c: 4.0.0 (/opt/ros/iron/share/rosidl_generator_c/cmake)
[0.160s] -- Found rosidl_generator_cpp: 4.0.0 (/opt/ros/iron/share/rosidl_generator_cpp/cmake)
[0.170s] -- Using all available rosidl_typesupport_c: rosidl_typesupport_fastrtps_c;rosidl_typesupport_introspection_c
[0.183s] -- Using all available rosidl_typesupport_cpp: rosidl_typesupport_fastrtps_cpp;rosidl_typesupport_introspection_cpp
[0.298s] -- Found rmw_implementation_cmake: 7.1.0 (/opt/ros/iron/share/rmw_implementation_cmake/cmake)
[0.299s] -- Found rmw_fastrtps_cpp: 7.1.1 (/opt/ros/iron/share/rmw_fastrtps_cpp/cmake)
[0.397s] -- Using RMW implementation 'rmw_fastrtps_cpp' as default
[0.521s] -- Found ament_lint_auto: 0.14.1 (/opt/ros/iron/share/ament_lint_auto/cmake)
[0.570s] -- Added test 'cppcheck' to perform static code analysis on C / C++ code
[0.570s] -- Configured cppcheck include dirs: 
[0.570s] -- Configured cppcheck exclude dirs and/or files: 
[0.570s] -- Added test 'lint_cmake' to check CMake code style
[0.571s] -- Added test 'uncrustify' to check C / C++ code style
[0.571s] -- Configured uncrustify additional arguments: 
[0.571s] -- Added test 'xmllint' to check XML markup files
[0.571s] -- Configuring done (0.5s)
[0.579s] -- Generating done (0.0s)
[0.579s] -- Build files have been written to: /home/sid/ros2_ws/build/parameter_handler
[0.589s] Invoked command in '/home/sid/ros2_ws/build/parameter_handler' returned '0': CMAKE_PREFIX_PATH=${CMAKE_PREFIX_PATH}:/home/sid/ros2_ws/install/my_first_pkg:/opt/ros/iron /home/sid/.local/bin/cmake /home/sid/ros2_ws/src/parameter_handler -DCMAKE_INSTALL_PREFIX=/home/sid/ros2_ws/install/parameter_handler
[0.590s] Invoking command in '/home/sid/ros2_ws/build/parameter_handler': CMAKE_PREFIX_PATH=${CMAKE_PREFIX_PATH}:/home/sid/ros2_ws/install/my_first_pkg:/opt/ros/iron /home/sid/.local/bin/cmake --build /home/sid/ros2_ws/build/parameter_handler -- -j8 -l8
[0.628s] [ 50%] [32mBuilding CXX object CMakeFiles/parameter_handler.dir/src/cpp_parameter_handler.cpp.o[0m
[5.848s] [100%] [32m[1mLinking CXX executable parameter_handler[0m
[6.129s] [100%] Built target parameter_handler
[6.136s] Invoked command in '/home/sid/ros2_ws/build/parameter_handler' returned '0': CMAKE_PREFIX_PATH=${CMAKE_PREFIX_PATH}:/home/sid/ros2_ws/install/my_first_pkg:/opt/ros/iron /home/sid/.local/bin/cmake --build /home/sid/ros2_ws/build/parameter_handler -- -j8 -l8
[6.206s] Invoking command in '/home/sid/ros2_ws/build/parameter_handler': CMAKE_PREFIX_PATH=${CMAKE_PREFIX_PATH}:/home/sid/ros2_ws/install/my_first_pkg:/opt/ros/iron /home/sid/.local/bin/cmake --install /home/sid/ros2_ws/build/parameter_handler
[6.229s] -- Install configuration: ""
[6.229s] -- Installing: /home/sid/ros2_ws/install/parameter_handler/lib/parameter_handler/parameter_handler
[6.233s] -- Set runtime path of "/home/sid/ros2_ws/install/parameter_handler/lib/parameter_handler/parameter_handler" to ""
[6.233s] -- Installing: /home/sid/ros2_ws/install/parameter_handler/share/ament_index/resource_index/package_run_dependencies/parameter_handler
[6.233s] -- Installing: /home/sid/ros2_ws/install/parameter_handler/share/ament_index/resource_index/parent_prefix_path/parameter_handler
[6.234s] -- Installing: /home/sid/ros2_ws/install/parameter_handler/share/parameter_handler/environment/ament_prefix_path.sh
[6.234s] -- Installing: /home/sid/ros2_ws/install/parameter_handler/share/parameter_handler/environment/ament_prefix_path.dsv
[6.234s] -- Installing: /home/sid/ros2_ws/install/parameter_handler/share/parameter_handler/environment/path.sh
[6.234s] -- Installing: /home/sid/ros2_ws/install/parameter_handler/share/parameter_handler/environment/path.dsv
[6.234s] -- Installing: /home/sid/ros2_ws/install/parameter_handler/share/parameter_handler/local_setup.bash
[6.234s] -- Installing: /home/sid/ros2_ws/install/parameter_handler/share/parameter_handler/local_setup.sh
[6.234s] -- Installing: /home/sid/ros2_ws/install/parameter_handler/share/parameter_handler/local_setup.zsh
[6.234s] -- Installing: /home/sid/ros2_ws/install/parameter_handler/share/parameter_handler/local_setup.dsv
[6.234s] -- Installing: /home/sid/ros2_ws/install/parameter_handler/share/parameter_handler/package.dsv
[6.235s] -- Installing: /home/sid/ros2_ws/install/parameter_handler/share/ament_index/resource_index/packages/parameter_handler
[6.235s] -- Installing: /home/sid/ros2_ws/install/parameter_handler/share/parameter_handler/cmake/parameter_handlerConfig.cmake
[6.235s] -- Installing: /home/sid/ros2_ws/install/parameter_handler/share/parameter_handler/cmake/parameter_handlerConfig-version.cmake
[6.235s] -- Installing: /home/sid/ros2_ws/install/parameter_handler/share/parameter_handler/package.xml
[6.240s] Invoked command in '/home/sid/ros2_ws/build/parameter_handler' returned '0': CMAKE_PREFIX_PATH=${CMAKE_PREFIX_PATH}:/home/sid/ros2_ws/install/my_first_pkg:/opt/ros/iron /home/sid/.local/bin/cmake --install /home/sid/ros2_ws/build/parameter_handler
