[ 50%] [32mBuilding CXX object CMakeFiles/server.dir/src/arm_server.cpp.o[0m
[ 50%] [32mBuilding CXX object CMakeFiles/client.dir/src/arm_client.cpp.o[0m
[01m[K/home/sid/ros2_ws/src/fib_checker/src/arm_server.cpp:[m[K In function ‘[01m[Kbool armstrong(std::shared_ptr<tut_interfaces::srv::CheckFib_Request_<std::allocator<void> > >, std::shared_ptr<tut_interfaces::srv::CheckFib_Response_<std::allocator<void> > >)[m[K’:
[01m[K/home/sid/ros2_ws/src/fib_checker/src/arm_server.cpp:17:1:[m[K [01;35m[Kwarning: [m[Kno return statement in function returning non-void [[01;35m[K]8;;https://gcc.gnu.org/onlinedocs/gcc/Warning-Options.html#index-Wreturn-type-Wreturn-type]8;;[m[K]
   17 | [01;35m[K}[m[K
      | [01;35m[K^[m[K
[ 75%] [32m[1mLinking CXX executable server[0m
[ 75%] Built target server
[100%] [32m[1mLinking CXX executable client[0m
[100%] Built target client
-- Install configuration: ""
-- Installing: /home/sid/ros2_ws/install/arm_checker/lib/arm_checker/server
-- Set runtime path of "/home/sid/ros2_ws/install/arm_checker/lib/arm_checker/server" to ""
-- Installing: /home/sid/ros2_ws/install/arm_checker/lib/arm_checker/client
-- Set runtime path of "/home/sid/ros2_ws/install/arm_checker/lib/arm_checker/client" to ""
-- Up-to-date: /home/sid/ros2_ws/install/arm_checker/share/ament_index/resource_index/package_run_dependencies/arm_checker
-- Up-to-date: /home/sid/ros2_ws/install/arm_checker/share/ament_index/resource_index/parent_prefix_path/arm_checker
-- Up-to-date: /home/sid/ros2_ws/install/arm_checker/share/arm_checker/environment/ament_prefix_path.sh
-- Up-to-date: /home/sid/ros2_ws/install/arm_checker/share/arm_checker/environment/ament_prefix_path.dsv
-- Up-to-date: /home/sid/ros2_ws/install/arm_checker/share/arm_checker/environment/path.sh
-- Up-to-date: /home/sid/ros2_ws/install/arm_checker/share/arm_checker/environment/path.dsv
-- Up-to-date: /home/sid/ros2_ws/install/arm_checker/share/arm_checker/local_setup.bash
-- Up-to-date: /home/sid/ros2_ws/install/arm_checker/share/arm_checker/local_setup.sh
-- Up-to-date: /home/sid/ros2_ws/install/arm_checker/share/arm_checker/local_setup.zsh
-- Up-to-date: /home/sid/ros2_ws/install/arm_checker/share/arm_checker/local_setup.dsv
-- Installing: /home/sid/ros2_ws/install/arm_checker/share/arm_checker/package.dsv
-- Up-to-date: /home/sid/ros2_ws/install/arm_checker/share/ament_index/resource_index/packages/arm_checker
-- Up-to-date: /home/sid/ros2_ws/install/arm_checker/share/arm_checker/cmake/arm_checkerConfig.cmake
-- Up-to-date: /home/sid/ros2_ws/install/arm_checker/share/arm_checker/cmake/arm_checkerConfig-version.cmake
-- Up-to-date: /home/sid/ros2_ws/install/arm_checker/share/arm_checker/package.xml
