[0.008s] Invoking command in '/home/sid/ros2_ws/build/arm_checker': CMAKE_PREFIX_PATH=/home/sid/ros2_ws/install/tut_interfaces:/home/sid/ros2_ws/install/arm_checker:/home/sid/ros2_ws/install/fib_test:/home/sid/ros2_ws/install/my_package:/home/sid/ros2_ws/install/cpp_srvcli:/home/sid/ros2_ws/install/cpp_pubsub:/home/sid/ros2_ws/install/cpp_pub:/home/sid/ros2_ws/install/my_first_pkg:/opt/ros/iron /home/sid/.local/bin/cmake --build /home/sid/ros2_ws/build/arm_checker -- -j8 -l8
[0.046s] [ 50%] [32mBuilding CXX object CMakeFiles/server.dir/src/arm_server.cpp.o[0m
[0.046s] [ 50%] [32mBuilding CXX object CMakeFiles/client.dir/src/arm_client.cpp.o[0m
[3.136s] [ 75%] [32m[1mLinking CXX executable server[0m
[3.250s] [ 75%] Built target server
[3.310s] [100%] [32m[1mLinking CXX executable client[0m
[3.418s] [100%] Built target client
[3.425s] Invoked command in '/home/sid/ros2_ws/build/arm_checker' returned '0': CMAKE_PREFIX_PATH=/home/sid/ros2_ws/install/tut_interfaces:/home/sid/ros2_ws/install/arm_checker:/home/sid/ros2_ws/install/fib_test:/home/sid/ros2_ws/install/my_package:/home/sid/ros2_ws/install/cpp_srvcli:/home/sid/ros2_ws/install/cpp_pubsub:/home/sid/ros2_ws/install/cpp_pub:/home/sid/ros2_ws/install/my_first_pkg:/opt/ros/iron /home/sid/.local/bin/cmake --build /home/sid/ros2_ws/build/arm_checker -- -j8 -l8
[3.459s] Invoking command in '/home/sid/ros2_ws/build/arm_checker': CMAKE_PREFIX_PATH=/home/sid/ros2_ws/install/tut_interfaces:/home/sid/ros2_ws/install/arm_checker:/home/sid/ros2_ws/install/fib_test:/home/sid/ros2_ws/install/my_package:/home/sid/ros2_ws/install/cpp_srvcli:/home/sid/ros2_ws/install/cpp_pubsub:/home/sid/ros2_ws/install/cpp_pub:/home/sid/ros2_ws/install/my_first_pkg:/opt/ros/iron /home/sid/.local/bin/cmake --install /home/sid/ros2_ws/build/arm_checker
[3.477s] -- Install configuration: ""
[3.478s] -- Installing: /home/sid/ros2_ws/install/arm_checker/lib/arm_checker/server
[3.478s] -- Set runtime path of "/home/sid/ros2_ws/install/arm_checker/lib/arm_checker/server" to ""
[3.479s] -- Installing: /home/sid/ros2_ws/install/arm_checker/lib/arm_checker/client
[3.479s] -- Set runtime path of "/home/sid/ros2_ws/install/arm_checker/lib/arm_checker/client" to ""
[3.479s] -- Up-to-date: /home/sid/ros2_ws/install/arm_checker/share/ament_index/resource_index/package_run_dependencies/arm_checker
[3.479s] -- Up-to-date: /home/sid/ros2_ws/install/arm_checker/share/ament_index/resource_index/parent_prefix_path/arm_checker
[3.479s] -- Up-to-date: /home/sid/ros2_ws/install/arm_checker/share/arm_checker/environment/ament_prefix_path.sh
[3.480s] -- Up-to-date: /home/sid/ros2_ws/install/arm_checker/share/arm_checker/environment/ament_prefix_path.dsv
[3.480s] -- Up-to-date: /home/sid/ros2_ws/install/arm_checker/share/arm_checker/environment/path.sh
[3.480s] -- Up-to-date: /home/sid/ros2_ws/install/arm_checker/share/arm_checker/environment/path.dsv
[3.480s] -- Up-to-date: /home/sid/ros2_ws/install/arm_checker/share/arm_checker/local_setup.bash
[3.480s] -- Up-to-date: /home/sid/ros2_ws/install/arm_checker/share/arm_checker/local_setup.sh
[3.480s] -- Up-to-date: /home/sid/ros2_ws/install/arm_checker/share/arm_checker/local_setup.zsh
[3.480s] -- Up-to-date: /home/sid/ros2_ws/install/arm_checker/share/arm_checker/local_setup.dsv
[3.480s] -- Installing: /home/sid/ros2_ws/install/arm_checker/share/arm_checker/package.dsv
[3.480s] -- Up-to-date: /home/sid/ros2_ws/install/arm_checker/share/ament_index/resource_index/packages/arm_checker
[3.480s] -- Up-to-date: /home/sid/ros2_ws/install/arm_checker/share/arm_checker/cmake/arm_checkerConfig.cmake
[3.480s] -- Up-to-date: /home/sid/ros2_ws/install/arm_checker/share/arm_checker/cmake/arm_checkerConfig-version.cmake
[3.480s] -- Up-to-date: /home/sid/ros2_ws/install/arm_checker/share/arm_checker/package.xml
[3.485s] Invoked command in '/home/sid/ros2_ws/build/arm_checker' returned '0': CMAKE_PREFIX_PATH=/home/sid/ros2_ws/install/tut_interfaces:/home/sid/ros2_ws/install/arm_checker:/home/sid/ros2_ws/install/fib_test:/home/sid/ros2_ws/install/my_package:/home/sid/ros2_ws/install/cpp_srvcli:/home/sid/ros2_ws/install/cpp_pubsub:/home/sid/ros2_ws/install/cpp_pub:/home/sid/ros2_ws/install/my_first_pkg:/opt/ros/iron /home/sid/.local/bin/cmake --install /home/sid/ros2_ws/build/arm_checker
