-- Found ament_cmake: 2.0.3 (/opt/ros/iron/share/ament_cmake/cmake)
-- Found rclcpp: 21.0.2 (/opt/ros/iron/share/rclcpp/cmake)
-- Found rosidl_generator_c: 4.0.1 (/opt/ros/iron/share/rosidl_generator_c/cmake)
-- Found rosidl_generator_cpp: 4.0.1 (/opt/ros/iron/share/rosidl_generator_cpp/cmake)
-- Using all available rosidl_typesupport_c: rosidl_typesupport_fastrtps_c;rosidl_typesupport_introspection_c
-- Using all available rosidl_typesupport_cpp: rosidl_typesupport_fastrtps_cpp;rosidl_typesupport_introspection_cpp
-- Found rmw_implementation_cmake: 7.1.0 (/opt/ros/iron/share/rmw_implementation_cmake/cmake)
-- Found rmw_fastrtps_cpp: 7.1.1 (/opt/ros/iron/share/rmw_fastrtps_cpp/cmake)
-- Using RMW implementation 'rmw_fastrtps_cpp' as default
-- Found geometry_msgs: 5.0.0 (/opt/ros/iron/share/geometry_msgs/cmake)
-- Found ament_lint_auto: 0.14.1 (/opt/ros/iron/share/ament_lint_auto/cmake)
-- Added test 'cppcheck' to perform static code analysis on C / C++ code
-- Configured cppcheck include dirs: 
-- Configured cppcheck exclude dirs and/or files: 
-- Added test 'lint_cmake' to check CMake code style
-- Added test 'uncrustify' to check C / C++ code style
-- Configured uncrustify additional arguments: 
-- Added test 'xmllint' to check XML markup files
-- Configuring done (0.7s)
-- Generating done (0.0s)
-- Build files have been written to: /home/sid/ros2_ws/build/rviz_control
[ 50%] [32mBuilding CXX object CMakeFiles/move.dir/src/publish_move.cpp.o[0m
[100%] [32m[1mLinking CXX executable move[0m
[100%] Built target move
-- Install configuration: ""
-- Installing: /home/sid/ros2_ws/install/rviz_control/lib/rviz_control/move
-- Set runtime path of "/home/sid/ros2_ws/install/rviz_control/lib/rviz_control/move" to ""
-- Up-to-date: /home/sid/ros2_ws/install/rviz_control/share/ament_index/resource_index/package_run_dependencies/rviz_control
-- Installing: /home/sid/ros2_ws/install/rviz_control/share/ament_index/resource_index/parent_prefix_path/rviz_control
-- Up-to-date: /home/sid/ros2_ws/install/rviz_control/share/rviz_control/environment/ament_prefix_path.sh
-- Up-to-date: /home/sid/ros2_ws/install/rviz_control/share/rviz_control/environment/ament_prefix_path.dsv
-- Up-to-date: /home/sid/ros2_ws/install/rviz_control/share/rviz_control/environment/path.sh
-- Up-to-date: /home/sid/ros2_ws/install/rviz_control/share/rviz_control/environment/path.dsv
-- Up-to-date: /home/sid/ros2_ws/install/rviz_control/share/rviz_control/local_setup.bash
-- Up-to-date: /home/sid/ros2_ws/install/rviz_control/share/rviz_control/local_setup.sh
-- Up-to-date: /home/sid/ros2_ws/install/rviz_control/share/rviz_control/local_setup.zsh
-- Up-to-date: /home/sid/ros2_ws/install/rviz_control/share/rviz_control/local_setup.dsv
-- Installing: /home/sid/ros2_ws/install/rviz_control/share/rviz_control/package.dsv
-- Up-to-date: /home/sid/ros2_ws/install/rviz_control/share/ament_index/resource_index/packages/rviz_control
-- Up-to-date: /home/sid/ros2_ws/install/rviz_control/share/rviz_control/cmake/rviz_controlConfig.cmake
-- Up-to-date: /home/sid/ros2_ws/install/rviz_control/share/rviz_control/cmake/rviz_controlConfig-version.cmake
-- Up-to-date: /home/sid/ros2_ws/install/rviz_control/share/rviz_control/package.xml
