[0.014s] Invoking command in '/home/sid/ros2_ws/build/rviz_control': CMAKE_PREFIX_PATH=${CMAKE_PREFIX_PATH}:/home/sid/ros2_ws/install/my_first_pkg:/opt/ros/iron /home/sid/.local/bin/cmake --build /home/sid/ros2_ws/build/rviz_control -- -j8 -l8
[0.085s] -- Found ament_cmake: 2.0.3 (/opt/ros/iron/share/ament_cmake/cmake)
[0.202s] -- Found rclcpp: 21.0.2 (/opt/ros/iron/share/rclcpp/cmake)
[0.241s] -- Found rosidl_generator_c: 4.0.1 (/opt/ros/iron/share/rosidl_generator_c/cmake)
[0.250s] -- Found rosidl_generator_cpp: 4.0.1 (/opt/ros/iron/share/rosidl_generator_cpp/cmake)
[0.265s] -- Using all available rosidl_typesupport_c: rosidl_typesupport_fastrtps_c;rosidl_typesupport_introspection_c
[0.281s] -- Using all available rosidl_typesupport_cpp: rosidl_typesupport_fastrtps_cpp;rosidl_typesupport_introspection_cpp
[0.417s] -- Found rmw_implementation_cmake: 7.1.0 (/opt/ros/iron/share/rmw_implementation_cmake/cmake)
[0.419s] -- Found rmw_fastrtps_cpp: 7.1.1 (/opt/ros/iron/share/rmw_fastrtps_cpp/cmake)
[0.542s] -- Using RMW implementation 'rmw_fastrtps_cpp' as default
[0.683s] -- Found geometry_msgs: 5.0.0 (/opt/ros/iron/share/geometry_msgs/cmake)
[0.761s] -- Found ament_lint_auto: 0.14.1 (/opt/ros/iron/share/ament_lint_auto/cmake)
[0.820s] -- Added test 'cppcheck' to perform static code analysis on C / C++ code
[0.820s] -- Configured cppcheck include dirs: 
[0.820s] -- Configured cppcheck exclude dirs and/or files: 
[0.820s] -- Added test 'lint_cmake' to check CMake code style
[0.821s] -- Added test 'uncrustify' to check C / C++ code style
[0.821s] -- Configured uncrustify additional arguments: 
[0.821s] -- Added test 'xmllint' to check XML markup files
[0.823s] -- Configuring done (0.7s)
[0.836s] -- Generating done (0.0s)
[0.837s] -- Build files have been written to: /home/sid/ros2_ws/build/rviz_control
[0.853s] [ 50%] [32mBuilding CXX object CMakeFiles/move.dir/src/publish_move.cpp.o[0m
[5.915s] [100%] [32m[1mLinking CXX executable move[0m
[6.235s] [100%] Built target move
[6.248s] Invoked command in '/home/sid/ros2_ws/build/rviz_control' returned '0': CMAKE_PREFIX_PATH=${CMAKE_PREFIX_PATH}:/home/sid/ros2_ws/install/my_first_pkg:/opt/ros/iron /home/sid/.local/bin/cmake --build /home/sid/ros2_ws/build/rviz_control -- -j8 -l8
[6.310s] Invoking command in '/home/sid/ros2_ws/build/rviz_control': CMAKE_PREFIX_PATH=${CMAKE_PREFIX_PATH}:/home/sid/ros2_ws/install/my_first_pkg:/opt/ros/iron /home/sid/.local/bin/cmake --install /home/sid/ros2_ws/build/rviz_control
[6.332s] -- Install configuration: ""
[6.332s] -- Installing: /home/sid/ros2_ws/install/rviz_control/lib/rviz_control/move
[6.335s] -- Set runtime path of "/home/sid/ros2_ws/install/rviz_control/lib/rviz_control/move" to ""
[6.335s] -- Up-to-date: /home/sid/ros2_ws/install/rviz_control/share/ament_index/resource_index/package_run_dependencies/rviz_control
[6.335s] -- Installing: /home/sid/ros2_ws/install/rviz_control/share/ament_index/resource_index/parent_prefix_path/rviz_control
[6.335s] -- Up-to-date: /home/sid/ros2_ws/install/rviz_control/share/rviz_control/environment/ament_prefix_path.sh
[6.335s] -- Up-to-date: /home/sid/ros2_ws/install/rviz_control/share/rviz_control/environment/ament_prefix_path.dsv
[6.335s] -- Up-to-date: /home/sid/ros2_ws/install/rviz_control/share/rviz_control/environment/path.sh
[6.335s] -- Up-to-date: /home/sid/ros2_ws/install/rviz_control/share/rviz_control/environment/path.dsv
[6.335s] -- Up-to-date: /home/sid/ros2_ws/install/rviz_control/share/rviz_control/local_setup.bash
[6.335s] -- Up-to-date: /home/sid/ros2_ws/install/rviz_control/share/rviz_control/local_setup.sh
[6.335s] -- Up-to-date: /home/sid/ros2_ws/install/rviz_control/share/rviz_control/local_setup.zsh
[6.335s] -- Up-to-date: /home/sid/ros2_ws/install/rviz_control/share/rviz_control/local_setup.dsv
[6.335s] -- Installing: /home/sid/ros2_ws/install/rviz_control/share/rviz_control/package.dsv
[6.335s] -- Up-to-date: /home/sid/ros2_ws/install/rviz_control/share/ament_index/resource_index/packages/rviz_control
[6.335s] -- Up-to-date: /home/sid/ros2_ws/install/rviz_control/share/rviz_control/cmake/rviz_controlConfig.cmake
[6.335s] -- Up-to-date: /home/sid/ros2_ws/install/rviz_control/share/rviz_control/cmake/rviz_controlConfig-version.cmake
[6.335s] -- Up-to-date: /home/sid/ros2_ws/install/rviz_control/share/rviz_control/package.xml
[6.340s] Invoked command in '/home/sid/ros2_ws/build/rviz_control' returned '0': CMAKE_PREFIX_PATH=${CMAKE_PREFIX_PATH}:/home/sid/ros2_ws/install/my_first_pkg:/opt/ros/iron /home/sid/.local/bin/cmake --install /home/sid/ros2_ws/build/rviz_control
