[0.014s] Invoking command in '/home/sid/ros2_ws/build/tut_interfaces': CMAKE_PREFIX_PATH=${CMAKE_PREFIX_PATH}:/home/sid/ros2_ws/install/my_first_pkg:/opt/ros/iron /home/sid/.local/bin/cmake --build /home/sid/ros2_ws/build/tut_interfaces -- -j8 -l8
[0.053s] -- Found ament_cmake: 2.0.3 (/opt/ros/iron/share/ament_cmake/cmake)
[0.158s] -- Found rclcpp: 21.0.1 (/opt/ros/iron/share/rclcpp/cmake)
[0.196s] -- Found rosidl_generator_c: 4.0.0 (/opt/ros/iron/share/rosidl_generator_c/cmake)
[0.206s] -- Found rosidl_generator_cpp: 4.0.0 (/opt/ros/iron/share/rosidl_generator_cpp/cmake)
[0.221s] -- Using all available rosidl_typesupport_c: rosidl_typesupport_fastrtps_c;rosidl_typesupport_introspection_c
[0.240s] -- Using all available rosidl_typesupport_cpp: rosidl_typesupport_fastrtps_cpp;rosidl_typesupport_introspection_cpp
[0.392s] -- Found rmw_implementation_cmake: 7.1.0 (/opt/ros/iron/share/rmw_implementation_cmake/cmake)
[0.395s] -- Found rmw_fastrtps_cpp: 7.1.1 (/opt/ros/iron/share/rmw_fastrtps_cpp/cmake)
[0.517s] -- Using RMW implementation 'rmw_fastrtps_cpp' as default
[0.671s] -- Found rosidl_default_generators: 1.5.0 (/opt/ros/iron/share/rosidl_default_generators/cmake)
[0.680s] -- Found rosidl_adapter: 4.0.0 (/opt/ros/iron/share/rosidl_adapter/cmake)
[0.863s] -- Found ament_cmake_ros: 0.11.2 (/opt/ros/iron/share/ament_cmake_ros/cmake)
[0.998s] -- Using all available rosidl_typesupport_c: rosidl_typesupport_fastrtps_c;rosidl_typesupport_introspection_c
[1.049s] -- Using all available rosidl_typesupport_cpp: rosidl_typesupport_fastrtps_cpp;rosidl_typesupport_introspection_cpp
[1.068s] -- Found python_cmake_module: 0.10.2 (/opt/ros/iron/share/python_cmake_module/cmake)
[1.090s] -- Using PYTHON_EXECUTABLE: /usr/bin/python3
[1.090s] -- Using PYTHON_INCLUDE_DIRS: /usr/include/python3.10
[1.090s] -- Using PYTHON_LIBRARIES: /usr/lib/x86_64-linux-gnu/libpython3.10.so
[1.116s] -- Configuring done (1.1s)
[1.175s] -- Generating done (0.0s)
[1.178s] -- Build files have been written to: /home/sid/ros2_ws/build/tut_interfaces
[1.198s] [  2%] Built target tut_interfaces__rosidl_generator_type_description
[1.204s] [  2%] Built target ament_cmake_python_copy_tut_interfaces
[1.206s] [  4%] Built target tut_interfaces__cpp
[1.211s] [ 22%] Built target tut_interfaces__rosidl_generator_c
[1.224s] [ 31%] Built target tut_interfaces__rosidl_typesupport_c
[1.226s] [ 40%] Built target tut_interfaces__rosidl_typesupport_introspection_c
[1.229s] [ 56%] Built target tut_interfaces__rosidl_typesupport_introspection_cpp
[1.229s] [ 59%] Built target tut_interfaces__rosidl_typesupport_cpp
[1.230s] [ 68%] Built target tut_interfaces__rosidl_typesupport_fastrtps_c
[1.230s] [ 77%] Built target tut_interfaces__rosidl_typesupport_fastrtps_cpp
[1.237s] [ 77%] Built target tut_interfaces
[1.247s] [ 79%] Built target tut_interfaces__py
[1.259s] [ 86%] Built target tut_interfaces__rosidl_generator_py
[1.269s] [ 95%] Built target tut_interfaces__rosidl_typesupport_introspection_c__pyext
[1.269s] [ 95%] Built target tut_interfaces__rosidl_typesupport_fastrtps_c__pyext
[1.270s] [100%] Built target tut_interfaces__rosidl_typesupport_c__pyext
[1.448s] running egg_info
[1.449s] writing tut_interfaces.egg-info/PKG-INFO
[1.449s] writing dependency_links to tut_interfaces.egg-info/dependency_links.txt
[1.449s] writing top-level names to tut_interfaces.egg-info/top_level.txt
[1.452s] reading manifest file 'tut_interfaces.egg-info/SOURCES.txt'
[1.453s] writing manifest file 'tut_interfaces.egg-info/SOURCES.txt'
[1.474s] [100%] Built target ament_cmake_python_build_tut_interfaces_egg
[1.481s] Invoked command in '/home/sid/ros2_ws/build/tut_interfaces' returned '0': CMAKE_PREFIX_PATH=${CMAKE_PREFIX_PATH}:/home/sid/ros2_ws/install/my_first_pkg:/opt/ros/iron /home/sid/.local/bin/cmake --build /home/sid/ros2_ws/build/tut_interfaces -- -j8 -l8
[1.579s] Invoking command in '/home/sid/ros2_ws/build/tut_interfaces': CMAKE_PREFIX_PATH=${CMAKE_PREFIX_PATH}:/home/sid/ros2_ws/install/my_first_pkg:/opt/ros/iron /home/sid/.local/bin/cmake --install /home/sid/ros2_ws/build/tut_interfaces
[1.600s] -- Install configuration: ""
[1.601s] -- Up-to-date: /home/sid/ros2_ws/install/tut_interfaces/share/ament_index/resource_index/rosidl_interfaces/tut_interfaces
[1.601s] -- Up-to-date: /home/sid/ros2_ws/install/tut_interfaces/share/tut_interfaces/msg/Message.json
[1.601s] -- Up-to-date: /home/sid/ros2_ws/install/tut_interfaces/share/tut_interfaces/srv/CheckFib.json
[1.601s] -- Up-to-date: /home/sid/ros2_ws/install/tut_interfaces/include/tut_interfaces/tut_interfaces
[1.601s] -- Up-to-date: /home/sid/ros2_ws/install/tut_interfaces/include/tut_interfaces/tut_interfaces/srv
[1.602s] -- Up-to-date: /home/sid/ros2_ws/install/tut_interfaces/include/tut_interfaces/tut_interfaces/srv/check_fib.h
[1.602s] -- Up-to-date: /home/sid/ros2_ws/install/tut_interfaces/include/tut_interfaces/tut_interfaces/srv/detail
[1.602s] -- Up-to-date: /home/sid/ros2_ws/install/tut_interfaces/include/tut_interfaces/tut_interfaces/srv/detail/check_fib__functions.c
[1.602s] -- Up-to-date: /home/sid/ros2_ws/install/tut_interfaces/include/tut_interfaces/tut_interfaces/srv/detail/check_fib__struct.h
[1.602s] -- Up-to-date: /home/sid/ros2_ws/install/tut_interfaces/include/tut_interfaces/tut_interfaces/srv/detail/check_fib__type_support.h
[1.602s] -- Up-to-date: /home/sid/ros2_ws/install/tut_interfaces/include/tut_interfaces/tut_interfaces/srv/detail/check_fib__description.c
[1.602s] -- Up-to-date: /home/sid/ros2_ws/install/tut_interfaces/include/tut_interfaces/tut_interfaces/srv/detail/check_fib__type_support.c
[1.602s] -- Up-to-date: /home/sid/ros2_ws/install/tut_interfaces/include/tut_interfaces/tut_interfaces/srv/detail/check_fib__functions.h
[1.602s] -- Up-to-date: /home/sid/ros2_ws/install/tut_interfaces/include/tut_interfaces/tut_interfaces/msg
[1.602s] -- Up-to-date: /home/sid/ros2_ws/install/tut_interfaces/include/tut_interfaces/tut_interfaces/msg/message.h
[1.602s] -- Up-to-date: /home/sid/ros2_ws/install/tut_interfaces/include/tut_interfaces/tut_interfaces/msg/detail
[1.602s] -- Up-to-date: /home/sid/ros2_ws/install/tut_interfaces/include/tut_interfaces/tut_interfaces/msg/detail/message__functions.c
[1.602s] -- Up-to-date: /home/sid/ros2_ws/install/tut_interfaces/include/tut_interfaces/tut_interfaces/msg/detail/ans__functions.h
[1.602s] -- Up-to-date: /home/sid/ros2_ws/install/tut_interfaces/include/tut_interfaces/tut_interfaces/msg/detail/message__description.c
[1.602s] -- Up-to-date: /home/sid/ros2_ws/install/tut_interfaces/include/tut_interfaces/tut_interfaces/msg/detail/ans__functions.c
[1.603s] -- Up-to-date: /home/sid/ros2_ws/install/tut_interfaces/include/tut_interfaces/tut_interfaces/msg/detail/message__functions.h
[1.603s] -- Up-to-date: /home/sid/ros2_ws/install/tut_interfaces/include/tut_interfaces/tut_interfaces/msg/detail/ans__struct.h
[1.603s] -- Up-to-date: /home/sid/ros2_ws/install/tut_interfaces/include/tut_interfaces/tut_interfaces/msg/detail/message__struct.h
[1.603s] -- Up-to-date: /home/sid/ros2_ws/install/tut_interfaces/include/tut_interfaces/tut_interfaces/msg/detail/message__type_support.c
[1.603s] -- Up-to-date: /home/sid/ros2_ws/install/tut_interfaces/include/tut_interfaces/tut_interfaces/msg/detail/message__type_support.h
[1.603s] -- Up-to-date: /home/sid/ros2_ws/install/tut_interfaces/include/tut_interfaces/tut_interfaces/msg/detail/ans__description.c
[1.603s] -- Up-to-date: /home/sid/ros2_ws/install/tut_interfaces/include/tut_interfaces/tut_interfaces/msg/detail/ans__type_support.c
[1.603s] -- Up-to-date: /home/sid/ros2_ws/install/tut_interfaces/include/tut_interfaces/tut_interfaces/msg/detail/ans__type_support.h
[1.603s] -- Up-to-date: /home/sid/ros2_ws/install/tut_interfaces/include/tut_interfaces/tut_interfaces/msg/rosidl_generator_c__visibility_control.h
[1.603s] -- Up-to-date: /home/sid/ros2_ws/install/tut_interfaces/include/tut_interfaces/tut_interfaces/msg/ans.h
[1.603s] -- Up-to-date: /home/sid/ros2_ws/install/tut_interfaces/share/tut_interfaces/environment/library_path.sh
[1.603s] -- Up-to-date: /home/sid/ros2_ws/install/tut_interfaces/share/tut_interfaces/environment/library_path.dsv
[1.603s] -- Up-to-date: /home/sid/ros2_ws/install/tut_interfaces/lib/libtut_interfaces__rosidl_generator_c.so
[1.604s] -- Up-to-date: /home/sid/ros2_ws/install/tut_interfaces/include/tut_interfaces/tut_interfaces
[1.604s] -- Up-to-date: /home/sid/ros2_ws/install/tut_interfaces/include/tut_interfaces/tut_interfaces/srv
[1.604s] -- Up-to-date: /home/sid/ros2_ws/install/tut_interfaces/include/tut_interfaces/tut_interfaces/srv/detail
[1.604s] -- Up-to-date: /home/sid/ros2_ws/install/tut_interfaces/include/tut_interfaces/tut_interfaces/srv/detail/check_fib__rosidl_typesupport_fastrtps_c.h
[1.604s] -- Up-to-date: /home/sid/ros2_ws/install/tut_interfaces/include/tut_interfaces/tut_interfaces/msg
[1.604s] -- Up-to-date: /home/sid/ros2_ws/install/tut_interfaces/include/tut_interfaces/tut_interfaces/msg/detail
[1.604s] -- Up-to-date: /home/sid/ros2_ws/install/tut_interfaces/include/tut_interfaces/tut_interfaces/msg/detail/message__rosidl_typesupport_fastrtps_c.h
[1.604s] -- Up-to-date: /home/sid/ros2_ws/install/tut_interfaces/include/tut_interfaces/tut_interfaces/msg/detail/ans__rosidl_typesupport_fastrtps_c.h
[1.604s] -- Up-to-date: /home/sid/ros2_ws/install/tut_interfaces/include/tut_interfaces/tut_interfaces/msg/rosidl_typesupport_fastrtps_c__visibility_control.h
[1.604s] -- Up-to-date: /home/sid/ros2_ws/install/tut_interfaces/lib/libtut_interfaces__rosidl_typesupport_fastrtps_c.so
[1.604s] -- Up-to-date: /home/sid/ros2_ws/install/tut_interfaces/include/tut_interfaces/tut_interfaces
[1.604s] -- Up-to-date: /home/sid/ros2_ws/install/tut_interfaces/include/tut_interfaces/tut_interfaces/srv
[1.604s] -- Up-to-date: /home/sid/ros2_ws/install/tut_interfaces/include/tut_interfaces/tut_interfaces/srv/detail
[1.604s] -- Up-to-date: /home/sid/ros2_ws/install/tut_interfaces/include/tut_interfaces/tut_interfaces/srv/detail/check_fib__builder.hpp
[1.604s] -- Up-to-date: /home/sid/ros2_ws/install/tut_interfaces/include/tut_interfaces/tut_interfaces/srv/detail/check_fib__traits.hpp
[1.605s] -- Up-to-date: /home/sid/ros2_ws/install/tut_interfaces/include/tut_interfaces/tut_interfaces/srv/detail/check_fib__struct.hpp
[1.605s] -- Up-to-date: /home/sid/ros2_ws/install/tut_interfaces/include/tut_interfaces/tut_interfaces/srv/check_fib.hpp
[1.605s] -- Up-to-date: /home/sid/ros2_ws/install/tut_interfaces/include/tut_interfaces/tut_interfaces/msg
[1.605s] -- Up-to-date: /home/sid/ros2_ws/install/tut_interfaces/include/tut_interfaces/tut_interfaces/msg/detail
[1.605s] -- Up-to-date: /home/sid/ros2_ws/install/tut_interfaces/include/tut_interfaces/tut_interfaces/msg/detail/message__struct.hpp
[1.605s] -- Up-to-date: /home/sid/ros2_ws/install/tut_interfaces/include/tut_interfaces/tut_interfaces/msg/detail/ans__builder.hpp
[1.605s] -- Up-to-date: /home/sid/ros2_ws/install/tut_interfaces/include/tut_interfaces/tut_interfaces/msg/detail/ans__traits.hpp
[1.605s] -- Up-to-date: /home/sid/ros2_ws/install/tut_interfaces/include/tut_interfaces/tut_interfaces/msg/detail/message__builder.hpp
[1.605s] -- Up-to-date: /home/sid/ros2_ws/install/tut_interfaces/include/tut_interfaces/tut_interfaces/msg/detail/ans__struct.hpp
[1.605s] -- Up-to-date: /home/sid/ros2_ws/install/tut_interfaces/include/tut_interfaces/tut_interfaces/msg/detail/message__traits.hpp
[1.605s] -- Up-to-date: /home/sid/ros2_ws/install/tut_interfaces/include/tut_interfaces/tut_interfaces/msg/message.hpp
[1.605s] -- Up-to-date: /home/sid/ros2_ws/install/tut_interfaces/include/tut_interfaces/tut_interfaces/msg/ans.hpp
[1.605s] -- Up-to-date: /home/sid/ros2_ws/install/tut_interfaces/include/tut_interfaces/tut_interfaces
[1.605s] -- Up-to-date: /home/sid/ros2_ws/install/tut_interfaces/include/tut_interfaces/tut_interfaces/srv
[1.605s] -- Up-to-date: /home/sid/ros2_ws/install/tut_interfaces/include/tut_interfaces/tut_interfaces/srv/detail
[1.605s] -- Up-to-date: /home/sid/ros2_ws/install/tut_interfaces/include/tut_interfaces/tut_interfaces/srv/detail/dds_fastrtps
[1.605s] -- Up-to-date: /home/sid/ros2_ws/install/tut_interfaces/include/tut_interfaces/tut_interfaces/srv/detail/check_fib__rosidl_typesupport_fastrtps_cpp.hpp
[1.605s] -- Up-to-date: /home/sid/ros2_ws/install/tut_interfaces/include/tut_interfaces/tut_interfaces/msg
[1.605s] -- Up-to-date: /home/sid/ros2_ws/install/tut_interfaces/include/tut_interfaces/tut_interfaces/msg/detail
[1.605s] -- Up-to-date: /home/sid/ros2_ws/install/tut_interfaces/include/tut_interfaces/tut_interfaces/msg/detail/dds_fastrtps
[1.605s] -- Up-to-date: /home/sid/ros2_ws/install/tut_interfaces/include/tut_interfaces/tut_interfaces/msg/detail/ans__rosidl_typesupport_fastrtps_cpp.hpp
[1.605s] -- Up-to-date: /home/sid/ros2_ws/install/tut_interfaces/include/tut_interfaces/tut_interfaces/msg/detail/message__rosidl_typesupport_fastrtps_cpp.hpp
[1.606s] -- Up-to-date: /home/sid/ros2_ws/install/tut_interfaces/include/tut_interfaces/tut_interfaces/msg/rosidl_typesupport_fastrtps_cpp__visibility_control.h
[1.606s] -- Up-to-date: /home/sid/ros2_ws/install/tut_interfaces/lib/libtut_interfaces__rosidl_typesupport_fastrtps_cpp.so
[1.606s] -- Up-to-date: /home/sid/ros2_ws/install/tut_interfaces/include/tut_interfaces/tut_interfaces
[1.606s] -- Up-to-date: /home/sid/ros2_ws/install/tut_interfaces/include/tut_interfaces/tut_interfaces/srv
[1.606s] -- Up-to-date: /home/sid/ros2_ws/install/tut_interfaces/include/tut_interfaces/tut_interfaces/srv/detail
[1.606s] -- Up-to-date: /home/sid/ros2_ws/install/tut_interfaces/include/tut_interfaces/tut_interfaces/srv/detail/check_fib__type_support.c
[1.606s] -- Up-to-date: /home/sid/ros2_ws/install/tut_interfaces/include/tut_interfaces/tut_interfaces/srv/detail/check_fib__rosidl_typesupport_introspection_c.h
[1.606s] -- Up-to-date: /home/sid/ros2_ws/install/tut_interfaces/include/tut_interfaces/tut_interfaces/msg
[1.606s] -- Up-to-date: /home/sid/ros2_ws/install/tut_interfaces/include/tut_interfaces/tut_interfaces/msg/rosidl_typesupport_introspection_c__visibility_control.h
[1.606s] -- Up-to-date: /home/sid/ros2_ws/install/tut_interfaces/include/tut_interfaces/tut_interfaces/msg/detail
[1.606s] -- Up-to-date: /home/sid/ros2_ws/install/tut_interfaces/include/tut_interfaces/tut_interfaces/msg/detail/ans__rosidl_typesupport_introspection_c.h
[1.606s] -- Up-to-date: /home/sid/ros2_ws/install/tut_interfaces/include/tut_interfaces/tut_interfaces/msg/detail/message__rosidl_typesupport_introspection_c.h
[1.606s] -- Up-to-date: /home/sid/ros2_ws/install/tut_interfaces/include/tut_interfaces/tut_interfaces/msg/detail/message__type_support.c
[1.606s] -- Up-to-date: /home/sid/ros2_ws/install/tut_interfaces/include/tut_interfaces/tut_interfaces/msg/detail/ans__type_support.c
[1.606s] -- Up-to-date: /home/sid/ros2_ws/install/tut_interfaces/lib/libtut_interfaces__rosidl_typesupport_introspection_c.so
[1.606s] -- Up-to-date: /home/sid/ros2_ws/install/tut_interfaces/lib/libtut_interfaces__rosidl_typesupport_c.so
[1.606s] -- Up-to-date: /home/sid/ros2_ws/install/tut_interfaces/include/tut_interfaces/tut_interfaces
[1.606s] -- Up-to-date: /home/sid/ros2_ws/install/tut_interfaces/include/tut_interfaces/tut_interfaces/srv
[1.606s] -- Up-to-date: /home/sid/ros2_ws/install/tut_interfaces/include/tut_interfaces/tut_interfaces/srv/detail
[1.606s] -- Up-to-date: /home/sid/ros2_ws/install/tut_interfaces/include/tut_interfaces/tut_interfaces/srv/detail/check_fib__type_support.cpp
[1.606s] -- Up-to-date: /home/sid/ros2_ws/install/tut_interfaces/include/tut_interfaces/tut_interfaces/srv/detail/check_fib__rosidl_typesupport_introspection_cpp.hpp
[1.606s] -- Up-to-date: /home/sid/ros2_ws/install/tut_interfaces/include/tut_interfaces/tut_interfaces/msg
[1.606s] -- Up-to-date: /home/sid/ros2_ws/install/tut_interfaces/include/tut_interfaces/tut_interfaces/msg/detail
[1.606s] -- Up-to-date: /home/sid/ros2_ws/install/tut_interfaces/include/tut_interfaces/tut_interfaces/msg/detail/ans__type_support.cpp
[1.606s] -- Up-to-date: /home/sid/ros2_ws/install/tut_interfaces/include/tut_interfaces/tut_interfaces/msg/detail/message__type_support.cpp
[1.606s] -- Up-to-date: /home/sid/ros2_ws/install/tut_interfaces/include/tut_interfaces/tut_interfaces/msg/detail/message__rosidl_typesupport_introspection_cpp.hpp
[1.606s] -- Up-to-date: /home/sid/ros2_ws/install/tut_interfaces/include/tut_interfaces/tut_interfaces/msg/detail/ans__rosidl_typesupport_introspection_cpp.hpp
[1.607s] -- Up-to-date: /home/sid/ros2_ws/install/tut_interfaces/lib/libtut_interfaces__rosidl_typesupport_introspection_cpp.so
[1.607s] -- Up-to-date: /home/sid/ros2_ws/install/tut_interfaces/lib/libtut_interfaces__rosidl_typesupport_cpp.so
[1.607s] -- Up-to-date: /home/sid/ros2_ws/install/tut_interfaces/share/tut_interfaces/environment/pythonpath.sh
[1.607s] -- Up-to-date: /home/sid/ros2_ws/install/tut_interfaces/share/tut_interfaces/environment/pythonpath.dsv
[1.607s] -- Up-to-date: /home/sid/ros2_ws/install/tut_interfaces/lib/python3.10/site-packages/tut_interfaces-0.0.0-py3.10.egg-info
[1.607s] -- Installing: /home/sid/ros2_ws/install/tut_interfaces/lib/python3.10/site-packages/tut_interfaces-0.0.0-py3.10.egg-info/SOURCES.txt
[1.607s] -- Installing: /home/sid/ros2_ws/install/tut_interfaces/lib/python3.10/site-packages/tut_interfaces-0.0.0-py3.10.egg-info/dependency_links.txt
[1.607s] -- Installing: /home/sid/ros2_ws/install/tut_interfaces/lib/python3.10/site-packages/tut_interfaces-0.0.0-py3.10.egg-info/top_level.txt
[1.607s] -- Installing: /home/sid/ros2_ws/install/tut_interfaces/lib/python3.10/site-packages/tut_interfaces-0.0.0-py3.10.egg-info/PKG-INFO
[1.607s] -- Up-to-date: /home/sid/ros2_ws/install/tut_interfaces/lib/python3.10/site-packages/tut_interfaces
[1.607s] -- Up-to-date: /home/sid/ros2_ws/install/tut_interfaces/lib/python3.10/site-packages/tut_interfaces/libtut_interfaces__rosidl_generator_py.so
[1.608s] -- Up-to-date: /home/sid/ros2_ws/install/tut_interfaces/lib/python3.10/site-packages/tut_interfaces/srv
[1.608s] -- Up-to-date: /home/sid/ros2_ws/install/tut_interfaces/lib/python3.10/site-packages/tut_interfaces/srv/_check_fib.py
[1.608s] -- Up-to-date: /home/sid/ros2_ws/install/tut_interfaces/lib/python3.10/site-packages/tut_interfaces/srv/__init__.py
[1.608s] -- Up-to-date: /home/sid/ros2_ws/install/tut_interfaces/lib/python3.10/site-packages/tut_interfaces/srv/_check_fib_s.c
[1.608s] -- Up-to-date: /home/sid/ros2_ws/install/tut_interfaces/lib/python3.10/site-packages/tut_interfaces/_tut_interfaces_s.ep.rosidl_typesupport_c.c
[1.608s] -- Up-to-date: /home/sid/ros2_ws/install/tut_interfaces/lib/python3.10/site-packages/tut_interfaces/tut_interfaces_s__rosidl_typesupport_fastrtps_c.cpython-310-x86_64-linux-gnu.so
[1.608s] -- Up-to-date: /home/sid/ros2_ws/install/tut_interfaces/lib/python3.10/site-packages/tut_interfaces/tut_interfaces_s__rosidl_typesupport_introspection_c.cpython-310-x86_64-linux-gnu.so
[1.608s] -- Up-to-date: /home/sid/ros2_ws/install/tut_interfaces/lib/python3.10/site-packages/tut_interfaces/tut_interfaces_s__rosidl_typesupport_c.cpython-310-x86_64-linux-gnu.so
[1.608s] -- Installing: /home/sid/ros2_ws/install/tut_interfaces/lib/python3.10/site-packages/tut_interfaces/__init__.py
[1.608s] -- Up-to-date: /home/sid/ros2_ws/install/tut_interfaces/lib/python3.10/site-packages/tut_interfaces/_tut_interfaces_s.ep.rosidl_typesupport_fastrtps_c.c
[1.608s] -- Up-to-date: /home/sid/ros2_ws/install/tut_interfaces/lib/python3.10/site-packages/tut_interfaces/msg
[1.608s] -- Up-to-date: /home/sid/ros2_ws/install/tut_interfaces/lib/python3.10/site-packages/tut_interfaces/msg/_message.py
[1.608s] -- Up-to-date: /home/sid/ros2_ws/install/tut_interfaces/lib/python3.10/site-packages/tut_interfaces/msg/__init__.py
[1.608s] -- Up-to-date: /home/sid/ros2_ws/install/tut_interfaces/lib/python3.10/site-packages/tut_interfaces/msg/_message_s.c
[1.608s] -- Up-to-date: /home/sid/ros2_ws/install/tut_interfaces/lib/python3.10/site-packages/tut_interfaces/msg/_ans.py
[1.608s] -- Up-to-date: /home/sid/ros2_ws/install/tut_interfaces/lib/python3.10/site-packages/tut_interfaces/msg/_ans_s.c
[1.608s] -- Up-to-date: /home/sid/ros2_ws/install/tut_interfaces/lib/python3.10/site-packages/tut_interfaces/_tut_interfaces_s.ep.rosidl_typesupport_introspection_c.c
[1.633s] Listing '/home/sid/ros2_ws/install/tut_interfaces/lib/python3.10/site-packages/tut_interfaces'...
[1.633s] Compiling '/home/sid/ros2_ws/install/tut_interfaces/lib/python3.10/site-packages/tut_interfaces/__init__.py'...
[1.633s] Listing '/home/sid/ros2_ws/install/tut_interfaces/lib/python3.10/site-packages/tut_interfaces/msg'...
[1.633s] Listing '/home/sid/ros2_ws/install/tut_interfaces/lib/python3.10/site-packages/tut_interfaces/srv'...
[1.638s] -- Up-to-date: /home/sid/ros2_ws/install/tut_interfaces/lib/python3.10/site-packages/tut_interfaces/tut_interfaces_s__rosidl_typesupport_fastrtps_c.cpython-310-x86_64-linux-gnu.so
[1.638s] -- Up-to-date: /home/sid/ros2_ws/install/tut_interfaces/lib/python3.10/site-packages/tut_interfaces/tut_interfaces_s__rosidl_typesupport_introspection_c.cpython-310-x86_64-linux-gnu.so
[1.639s] -- Up-to-date: /home/sid/ros2_ws/install/tut_interfaces/lib/python3.10/site-packages/tut_interfaces/tut_interfaces_s__rosidl_typesupport_c.cpython-310-x86_64-linux-gnu.so
[1.639s] -- Up-to-date: /home/sid/ros2_ws/install/tut_interfaces/lib/libtut_interfaces__rosidl_generator_py.so
[1.639s] -- Up-to-date: /home/sid/ros2_ws/install/tut_interfaces/share/tut_interfaces/msg/Message.idl
[1.639s] -- Up-to-date: /home/sid/ros2_ws/install/tut_interfaces/share/tut_interfaces/srv/CheckFib.idl
[1.639s] -- Up-to-date: /home/sid/ros2_ws/install/tut_interfaces/share/tut_interfaces/msg/Message.msg
[1.639s] -- Up-to-date: /home/sid/ros2_ws/install/tut_interfaces/share/tut_interfaces/srv/CheckFib.srv
[1.639s] -- Up-to-date: /home/sid/ros2_ws/install/tut_interfaces/share/tut_interfaces/srv/CheckFib_Request.msg
[1.639s] -- Up-to-date: /home/sid/ros2_ws/install/tut_interfaces/share/tut_interfaces/srv/CheckFib_Response.msg
[1.640s] -- Up-to-date: /home/sid/ros2_ws/install/tut_interfaces/share/ament_index/resource_index/package_run_dependencies/tut_interfaces
[1.640s] -- Up-to-date: /home/sid/ros2_ws/install/tut_interfaces/share/ament_index/resource_index/parent_prefix_path/tut_interfaces
[1.640s] -- Up-to-date: /home/sid/ros2_ws/install/tut_interfaces/share/tut_interfaces/environment/ament_prefix_path.sh
[1.640s] -- Up-to-date: /home/sid/ros2_ws/install/tut_interfaces/share/tut_interfaces/environment/ament_prefix_path.dsv
[1.640s] -- Up-to-date: /home/sid/ros2_ws/install/tut_interfaces/share/tut_interfaces/environment/path.sh
[1.640s] -- Up-to-date: /home/sid/ros2_ws/install/tut_interfaces/share/tut_interfaces/environment/path.dsv
[1.640s] -- Up-to-date: /home/sid/ros2_ws/install/tut_interfaces/share/tut_interfaces/local_setup.bash
[1.640s] -- Up-to-date: /home/sid/ros2_ws/install/tut_interfaces/share/tut_interfaces/local_setup.sh
[1.640s] -- Up-to-date: /home/sid/ros2_ws/install/tut_interfaces/share/tut_interfaces/local_setup.zsh
[1.640s] -- Up-to-date: /home/sid/ros2_ws/install/tut_interfaces/share/tut_interfaces/local_setup.dsv
[1.640s] -- Installing: /home/sid/ros2_ws/install/tut_interfaces/share/tut_interfaces/package.dsv
[1.640s] -- Up-to-date: /home/sid/ros2_ws/install/tut_interfaces/share/ament_index/resource_index/packages/tut_interfaces
[1.640s] -- Up-to-date: /home/sid/ros2_ws/install/tut_interfaces/share/tut_interfaces/cmake/export_tut_interfaces__rosidl_generator_cExport.cmake
[1.640s] -- Up-to-date: /home/sid/ros2_ws/install/tut_interfaces/share/tut_interfaces/cmake/export_tut_interfaces__rosidl_generator_cExport-noconfig.cmake
[1.640s] -- Up-to-date: /home/sid/ros2_ws/install/tut_interfaces/share/tut_interfaces/cmake/export_tut_interfaces__rosidl_typesupport_fastrtps_cExport.cmake
[1.641s] -- Up-to-date: /home/sid/ros2_ws/install/tut_interfaces/share/tut_interfaces/cmake/export_tut_interfaces__rosidl_typesupport_fastrtps_cExport-noconfig.cmake
[1.641s] -- Up-to-date: /home/sid/ros2_ws/install/tut_interfaces/share/tut_interfaces/cmake/export_tut_interfaces__rosidl_generator_cppExport.cmake
[1.641s] -- Up-to-date: /home/sid/ros2_ws/install/tut_interfaces/share/tut_interfaces/cmake/export_tut_interfaces__rosidl_typesupport_fastrtps_cppExport.cmake
[1.641s] -- Up-to-date: /home/sid/ros2_ws/install/tut_interfaces/share/tut_interfaces/cmake/export_tut_interfaces__rosidl_typesupport_fastrtps_cppExport-noconfig.cmake
[1.641s] -- Up-to-date: /home/sid/ros2_ws/install/tut_interfaces/share/tut_interfaces/cmake/tut_interfaces__rosidl_typesupport_introspection_cExport.cmake
[1.641s] -- Up-to-date: /home/sid/ros2_ws/install/tut_interfaces/share/tut_interfaces/cmake/tut_interfaces__rosidl_typesupport_introspection_cExport-noconfig.cmake
[1.641s] -- Up-to-date: /home/sid/ros2_ws/install/tut_interfaces/share/tut_interfaces/cmake/tut_interfaces__rosidl_typesupport_cExport.cmake
[1.641s] -- Up-to-date: /home/sid/ros2_ws/install/tut_interfaces/share/tut_interfaces/cmake/tut_interfaces__rosidl_typesupport_cExport-noconfig.cmake
[1.641s] -- Up-to-date: /home/sid/ros2_ws/install/tut_interfaces/share/tut_interfaces/cmake/tut_interfaces__rosidl_typesupport_introspection_cppExport.cmake
[1.642s] -- Up-to-date: /home/sid/ros2_ws/install/tut_interfaces/share/tut_interfaces/cmake/tut_interfaces__rosidl_typesupport_introspection_cppExport-noconfig.cmake
[1.642s] -- Up-to-date: /home/sid/ros2_ws/install/tut_interfaces/share/tut_interfaces/cmake/tut_interfaces__rosidl_typesupport_cppExport.cmake
[1.642s] -- Up-to-date: /home/sid/ros2_ws/install/tut_interfaces/share/tut_interfaces/cmake/tut_interfaces__rosidl_typesupport_cppExport-noconfig.cmake
[1.642s] -- Up-to-date: /home/sid/ros2_ws/install/tut_interfaces/share/tut_interfaces/cmake/export_tut_interfaces__rosidl_generator_pyExport.cmake
[1.642s] -- Up-to-date: /home/sid/ros2_ws/install/tut_interfaces/share/tut_interfaces/cmake/export_tut_interfaces__rosidl_generator_pyExport-noconfig.cmake
[1.642s] -- Up-to-date: /home/sid/ros2_ws/install/tut_interfaces/share/tut_interfaces/cmake/rosidl_cmake-extras.cmake
[1.642s] -- Installing: /home/sid/ros2_ws/install/tut_interfaces/share/tut_interfaces/cmake/ament_cmake_export_dependencies-extras.cmake
[1.642s] -- Up-to-date: /home/sid/ros2_ws/install/tut_interfaces/share/tut_interfaces/cmake/ament_cmake_export_include_directories-extras.cmake
[1.642s] -- Up-to-date: /home/sid/ros2_ws/install/tut_interfaces/share/tut_interfaces/cmake/ament_cmake_export_libraries-extras.cmake
[1.642s] -- Up-to-date: /home/sid/ros2_ws/install/tut_interfaces/share/tut_interfaces/cmake/ament_cmake_export_targets-extras.cmake
[1.642s] -- Up-to-date: /home/sid/ros2_ws/install/tut_interfaces/share/tut_interfaces/cmake/rosidl_cmake_export_typesupport_targets-extras.cmake
[1.642s] -- Up-to-date: /home/sid/ros2_ws/install/tut_interfaces/share/tut_interfaces/cmake/rosidl_cmake_export_typesupport_libraries-extras.cmake
[1.642s] -- Up-to-date: /home/sid/ros2_ws/install/tut_interfaces/share/tut_interfaces/cmake/tut_interfacesConfig.cmake
[1.642s] -- Up-to-date: /home/sid/ros2_ws/install/tut_interfaces/share/tut_interfaces/cmake/tut_interfacesConfig-version.cmake
[1.642s] -- Installing: /home/sid/ros2_ws/install/tut_interfaces/share/tut_interfaces/package.xml
[1.648s] Invoked command in '/home/sid/ros2_ws/build/tut_interfaces' returned '0': CMAKE_PREFIX_PATH=${CMAKE_PREFIX_PATH}:/home/sid/ros2_ws/install/my_first_pkg:/opt/ros/iron /home/sid/.local/bin/cmake --install /home/sid/ros2_ws/build/tut_interfaces
