-- Install configuration: ""
-- Up-to-date: /home/sid/ros2_ws/install/model_4wd/share/model_4wd/config
-- Up-to-date: /home/sid/ros2_ws/install/model_4wd/share/model_4wd/launch
-- Up-to-date: /home/sid/ros2_ws/install/model_4wd/share/model_4wd/launch/fwd.launch.py
-- Up-to-date: /home/sid/ros2_ws/install/model_4wd/share/model_4wd/maps
-- Up-to-date: /home/sid/ros2_ws/install/model_4wd/share/model_4wd/meshes
-- Up-to-date: /home/sid/ros2_ws/install/model_4wd/share/model_4wd/meshes/robot_base.stl
-- Up-to-date: /home/sid/ros2_ws/install/model_4wd/share/model_4wd/models
-- Up-to-date: /home/sid/ros2_ws/install/model_4wd/share/model_4wd/params
-- Up-to-date: /home/sid/ros2_ws/install/model_4wd/share/model_4wd/rviz
-- Up-to-date: /home/sid/ros2_ws/install/model_4wd/share/model_4wd/rviz/rviz_basic_settings.rviz
-- Up-to-date: /home/sid/ros2_ws/install/model_4wd/share/model_4wd/src
-- Up-to-date: /home/sid/ros2_ws/install/model_4wd/share/model_4wd/urdf
-- Installing: /home/sid/ros2_ws/install/model_4wd/share/model_4wd/urdf/model.urdf
-- Up-to-date: /home/sid/ros2_ws/install/model_4wd/share/model_4wd/worlds
-- Up-to-date: /home/sid/ros2_ws/install/model_4wd/share/ament_index/resource_index/package_run_dependencies/model_4wd
-- Up-to-date: /home/sid/ros2_ws/install/model_4wd/share/ament_index/resource_index/parent_prefix_path/model_4wd
-- Up-to-date: /home/sid/ros2_ws/install/model_4wd/share/model_4wd/environment/ament_prefix_path.sh
-- Up-to-date: /home/sid/ros2_ws/install/model_4wd/share/model_4wd/environment/ament_prefix_path.dsv
-- Up-to-date: /home/sid/ros2_ws/install/model_4wd/share/model_4wd/environment/path.sh
-- Up-to-date: /home/sid/ros2_ws/install/model_4wd/share/model_4wd/environment/path.dsv
-- Up-to-date: /home/sid/ros2_ws/install/model_4wd/share/model_4wd/local_setup.bash
-- Up-to-date: /home/sid/ros2_ws/install/model_4wd/share/model_4wd/local_setup.sh
-- Up-to-date: /home/sid/ros2_ws/install/model_4wd/share/model_4wd/local_setup.zsh
-- Up-to-date: /home/sid/ros2_ws/install/model_4wd/share/model_4wd/local_setup.dsv
-- Installing: /home/sid/ros2_ws/install/model_4wd/share/model_4wd/package.dsv
-- Up-to-date: /home/sid/ros2_ws/install/model_4wd/share/ament_index/resource_index/packages/model_4wd
-- Up-to-date: /home/sid/ros2_ws/install/model_4wd/share/model_4wd/cmake/model_4wdConfig.cmake
-- Up-to-date: /home/sid/ros2_ws/install/model_4wd/share/model_4wd/cmake/model_4wdConfig-version.cmake
-- Up-to-date: /home/sid/ros2_ws/install/model_4wd/share/model_4wd/package.xml
