[0.008s] Invoking command in '/home/sid/ros2_ws/build/arm_checker': CMAKE_PREFIX_PATH=/home/sid/ros2_ws/install/tut_interfaces:/home/sid/ros2_ws/install/arm_checker:/home/sid/ros2_ws/install/fib_test:/home/sid/ros2_ws/install/my_package:/home/sid/ros2_ws/install/cpp_srvcli:/home/sid/ros2_ws/install/cpp_pubsub:/home/sid/ros2_ws/install/cpp_pub:/home/sid/ros2_ws/install/my_first_pkg:/opt/ros/iron /home/sid/.local/bin/cmake --build /home/sid/ros2_ws/build/arm_checker -- -j8 -l8
[0.045s] [ 50%] Built target server
[0.048s] [ 75%] [32mBuilding CXX object CMakeFiles/client.dir/src/arm_client.cpp.o[0m
[2.862s] [100%] [32m[1mLinking CXX executable client[0m
[2.973s] [100%] Built target client
[2.985s] Invoked command in '/home/sid/ros2_ws/build/arm_checker' returned '0': CMAKE_PREFIX_PATH=/home/sid/ros2_ws/install/tut_interfaces:/home/sid/ros2_ws/install/arm_checker:/home/sid/ros2_ws/install/fib_test:/home/sid/ros2_ws/install/my_package:/home/sid/ros2_ws/install/cpp_srvcli:/home/sid/ros2_ws/install/cpp_pubsub:/home/sid/ros2_ws/install/cpp_pub:/home/sid/ros2_ws/install/my_first_pkg:/opt/ros/iron /home/sid/.local/bin/cmake --build /home/sid/ros2_ws/build/arm_checker -- -j8 -l8
[3.017s] Invoking command in '/home/sid/ros2_ws/build/arm_checker': CMAKE_PREFIX_PATH=/home/sid/ros2_ws/install/tut_interfaces:/home/sid/ros2_ws/install/arm_checker:/home/sid/ros2_ws/install/fib_test:/home/sid/ros2_ws/install/my_package:/home/sid/ros2_ws/install/cpp_srvcli:/home/sid/ros2_ws/install/cpp_pubsub:/home/sid/ros2_ws/install/cpp_pub:/home/sid/ros2_ws/install/my_first_pkg:/opt/ros/iron /home/sid/.local/bin/cmake --install /home/sid/ros2_ws/build/arm_checker
[3.035s] -- Install configuration: ""
[3.035s] -- Up-to-date: /home/sid/ros2_ws/install/arm_checker/lib/arm_checker/server
[3.035s] -- Installing: /home/sid/ros2_ws/install/arm_checker/lib/arm_checker/client
[3.036s] -- Set runtime path of "/home/sid/ros2_ws/install/arm_checker/lib/arm_checker/client" to ""
[3.036s] -- Up-to-date: /home/sid/ros2_ws/install/arm_checker/share/ament_index/resource_index/package_run_dependencies/arm_checker
[3.036s] -- Up-to-date: /home/sid/ros2_ws/install/arm_checker/share/ament_index/resource_index/parent_prefix_path/arm_checker
[3.036s] -- Up-to-date: /home/sid/ros2_ws/install/arm_checker/share/arm_checker/environment/ament_prefix_path.sh
[3.036s] -- Up-to-date: /home/sid/ros2_ws/install/arm_checker/share/arm_checker/environment/ament_prefix_path.dsv
[3.036s] -- Up-to-date: /home/sid/ros2_ws/install/arm_checker/share/arm_checker/environment/path.sh
[3.036s] -- Up-to-date: /home/sid/ros2_ws/install/arm_checker/share/arm_checker/environment/path.dsv
[3.036s] -- Up-to-date: /home/sid/ros2_ws/install/arm_checker/share/arm_checker/local_setup.bash
[3.036s] -- Up-to-date: /home/sid/ros2_ws/install/arm_checker/share/arm_checker/local_setup.sh
[3.036s] -- Up-to-date: /home/sid/ros2_ws/install/arm_checker/share/arm_checker/local_setup.zsh
[3.036s] -- Up-to-date: /home/sid/ros2_ws/install/arm_checker/share/arm_checker/local_setup.dsv
[3.036s] -- Installing: /home/sid/ros2_ws/install/arm_checker/share/arm_checker/package.dsv
[3.036s] -- Up-to-date: /home/sid/ros2_ws/install/arm_checker/share/ament_index/resource_index/packages/arm_checker
[3.036s] -- Up-to-date: /home/sid/ros2_ws/install/arm_checker/share/arm_checker/cmake/arm_checkerConfig.cmake
[3.036s] -- Up-to-date: /home/sid/ros2_ws/install/arm_checker/share/arm_checker/cmake/arm_checkerConfig-version.cmake
[3.036s] -- Up-to-date: /home/sid/ros2_ws/install/arm_checker/share/arm_checker/package.xml
[3.040s] Invoked command in '/home/sid/ros2_ws/build/arm_checker' returned '0': CMAKE_PREFIX_PATH=/home/sid/ros2_ws/install/tut_interfaces:/home/sid/ros2_ws/install/arm_checker:/home/sid/ros2_ws/install/fib_test:/home/sid/ros2_ws/install/my_package:/home/sid/ros2_ws/install/cpp_srvcli:/home/sid/ros2_ws/install/cpp_pubsub:/home/sid/ros2_ws/install/cpp_pub:/home/sid/ros2_ws/install/my_first_pkg:/opt/ros/iron /home/sid/.local/bin/cmake --install /home/sid/ros2_ws/build/arm_checker
