[0.184s] Invoking command in '/home/sid/ros2_ws/build/my_package': CMAKE_PREFIX_PATH=/home/sid/ros2_ws/install/my_first_pkg:/opt/ros/iron /usr/bin/cmake /home/sid/ros2_ws/src/my_package -DAMENT_CMAKE_SYMLINK_INSTALL=1 -DCMAKE_INSTALL_PREFIX=/home/sid/ros2_ws/install/my_package
[0.261s] -- The C compiler identification is GNU 11.3.0
[0.321s] -- The CXX compiler identification is GNU 11.3.0
[0.328s] -- Detecting C compiler ABI info
[0.374s] -- Detecting C compiler ABI info - done
[0.379s] -- Check for working C compiler: /usr/bin/cc - skipped
[0.379s] -- Detecting C compile features
[0.380s] -- Detecting C compile features - done
[0.383s] -- Detecting CXX compiler ABI info
[0.441s] -- Detecting CXX compiler ABI info - done
[0.446s] -- Check for working CXX compiler: /usr/bin/c++ - skipped
[0.446s] -- Detecting CXX compile features
[0.447s] -- Detecting CXX compile features - done
[0.452s] -- Found ament_cmake: 2.0.3 (/opt/ros/iron/share/ament_cmake/cmake)
[0.568s] -- Found Python3: /usr/bin/python3.10 (found version "3.10.6") found components: Interpreter 
[0.617s] -- Override CMake install command with custom implementation using symlinks instead of copying resources
[0.646s] -- Found rclcpp: 21.0.1 (/opt/ros/iron/share/rclcpp/cmake)
[0.688s] -- Found rosidl_generator_c: 4.0.0 (/opt/ros/iron/share/rosidl_generator_c/cmake)
[0.698s] -- Found rosidl_generator_cpp: 4.0.0 (/opt/ros/iron/share/rosidl_generator_cpp/cmake)
[0.716s] -- Using all available rosidl_typesupport_c: rosidl_typesupport_fastrtps_c;rosidl_typesupport_introspection_c
[0.734s] -- Using all available rosidl_typesupport_cpp: rosidl_typesupport_fastrtps_cpp;rosidl_typesupport_introspection_cpp
[0.856s] -- Found rmw_implementation_cmake: 7.1.0 (/opt/ros/iron/share/rmw_implementation_cmake/cmake)
[0.859s] -- Found rmw_fastrtps_cpp: 7.1.1 (/opt/ros/iron/share/rmw_fastrtps_cpp/cmake)
[0.931s] -- Found OpenSSL: /usr/lib/x86_64-linux-gnu/libcrypto.so (found version "3.0.2")  
[0.949s] -- Found FastRTPS: /opt/ros/iron/include  
[0.976s] -- Using RMW implementation 'rmw_fastrtps_cpp' as default
[1.096s] -- Found std_msgs: 5.0.0 (/opt/ros/iron/share/std_msgs/cmake)
[1.120s] -- Found ament_lint_auto: 0.14.1 (/opt/ros/iron/share/ament_lint_auto/cmake)
[1.176s] -- Added test 'cppcheck' to perform static code analysis on C / C++ code
[1.176s] -- Configured cppcheck include dirs: 
[1.176s] -- Configured cppcheck exclude dirs and/or files: 
[1.176s] -- Added test 'lint_cmake' to check CMake code style
[1.177s] -- Added test 'uncrustify' to check C / C++ code style
[1.177s] -- Configured uncrustify additional arguments: 
[1.178s] -- Added test 'xmllint' to check XML markup files
[1.179s] -- Configuring done
[1.182s] -- Generating done
[1.183s] -- Build files have been written to: /home/sid/ros2_ws/build/my_package
[1.190s] Invoked command in '/home/sid/ros2_ws/build/my_package' returned '0': CMAKE_PREFIX_PATH=/home/sid/ros2_ws/install/my_first_pkg:/opt/ros/iron /usr/bin/cmake /home/sid/ros2_ws/src/my_package -DAMENT_CMAKE_SYMLINK_INSTALL=1 -DCMAKE_INSTALL_PREFIX=/home/sid/ros2_ws/install/my_package
[1.191s] Invoking command in '/home/sid/ros2_ws/build/my_package': CMAKE_PREFIX_PATH=/home/sid/ros2_ws/install/my_first_pkg:/opt/ros/iron /usr/bin/cmake --build /home/sid/ros2_ws/build/my_package -- -j8 -l8
[1.226s] Invoked command in '/home/sid/ros2_ws/build/my_package' returned '0': CMAKE_PREFIX_PATH=/home/sid/ros2_ws/install/my_first_pkg:/opt/ros/iron /usr/bin/cmake --build /home/sid/ros2_ws/build/my_package -- -j8 -l8
[1.264s] Invoking command in '/home/sid/ros2_ws/build/my_package': CMAKE_PREFIX_PATH=/home/sid/ros2_ws/install/my_first_pkg:/opt/ros/iron /usr/bin/cmake --install /home/sid/ros2_ws/build/my_package
[1.274s] -- Install configuration: ""
[1.274s] -- Execute custom install script
[1.274s] -- Symlinking: /home/sid/ros2_ws/install/my_package/share/ament_index/resource_index/package_run_dependencies/my_package
[1.284s] -- Symlinking: /home/sid/ros2_ws/install/my_package/share/ament_index/resource_index/parent_prefix_path/my_package
[1.294s] -- Symlinking: /home/sid/ros2_ws/install/my_package/share/my_package/environment/ament_prefix_path.sh
[1.307s] -- Symlinking: /home/sid/ros2_ws/install/my_package/share/my_package/environment/ament_prefix_path.dsv
[1.319s] -- Symlinking: /home/sid/ros2_ws/install/my_package/share/my_package/environment/path.sh
[1.327s] -- Symlinking: /home/sid/ros2_ws/install/my_package/share/my_package/environment/path.dsv
[1.332s] -- Symlinking: /home/sid/ros2_ws/install/my_package/share/my_package/local_setup.bash
[1.339s] -- Symlinking: /home/sid/ros2_ws/install/my_package/share/my_package/local_setup.sh
[1.345s] -- Symlinking: /home/sid/ros2_ws/install/my_package/share/my_package/local_setup.zsh
[1.351s] -- Symlinking: /home/sid/ros2_ws/install/my_package/share/my_package/local_setup.dsv
[1.357s] -- Symlinking: /home/sid/ros2_ws/install/my_package/share/my_package/package.dsv
[1.362s] -- Symlinking: /home/sid/ros2_ws/install/my_package/share/ament_index/resource_index/packages/my_package
[1.368s] -- Symlinking: /home/sid/ros2_ws/install/my_package/share/my_package/cmake/my_packageConfig.cmake
[1.373s] -- Symlinking: /home/sid/ros2_ws/install/my_package/share/my_package/cmake/my_packageConfig-version.cmake
[1.379s] -- Symlinking: /home/sid/ros2_ws/install/my_package/share/my_package/package.xml
[1.387s] Invoked command in '/home/sid/ros2_ws/build/my_package' returned '0': CMAKE_PREFIX_PATH=/home/sid/ros2_ws/install/my_first_pkg:/opt/ros/iron /usr/bin/cmake --install /home/sid/ros2_ws/build/my_package
