[0.263s] DEBUG:colcon:Command line arguments: ['/usr/bin/colcon', 'build']
[0.263s] DEBUG:colcon:Parsed command line arguments: Namespace(log_base=None, log_level=None, verb_name='build', build_base='build', install_base='install', merge_install=False, symlink_install=False, test_result_base=None, continue_on_error=False, executor='parallel', parallel_workers=8, event_handlers=None, ignore_user_meta=False, metas=['./colcon.meta'], base_paths=['.'], packages_ignore=None, packages_ignore_regex=None, paths=None, packages_up_to=None, packages_up_to_regex=None, packages_above=None, packages_above_and_dependencies=None, packages_above_depth=None, packages_select_by_dep=None, packages_skip_by_dep=None, packages_skip_up_to=None, packages_select_build_failed=False, packages_skip_build_finished=False, packages_select_test_failures=False, packages_skip_test_passed=False, packages_select=None, packages_skip=None, packages_select_regex=None, packages_skip_regex=None, packages_start=None, packages_end=None, allow_overriding=[], cmake_args=None, cmake_target=None, cmake_target_skip_unavailable=False, cmake_clean_cache=False, cmake_clean_first=False, cmake_force_configure=False, ament_cmake_args=None, catkin_cmake_args=None, catkin_skip_building_tests=False, verb_parser=<colcon_defaults.argument_parser.defaults.DefaultArgumentsDecorator object at 0x7f3991edae30>, verb_extension=<colcon_core.verb.build.BuildVerb object at 0x7f3991eda8c0>, main=<bound method BuildVerb.main of <colcon_core.verb.build.BuildVerb object at 0x7f3991eda8c0>>)
[0.278s] Level 1:colcon.colcon_core.package_discovery:discover_packages(colcon_meta) check parameters
[0.278s] Level 1:colcon.colcon_core.package_discovery:discover_packages(recursive) check parameters
[0.278s] Level 1:colcon.colcon_core.package_discovery:discover_packages(ignore) check parameters
[0.278s] Level 1:colcon.colcon_core.package_discovery:discover_packages(path) check parameters
[0.278s] Level 1:colcon.colcon_core.package_discovery:discover_packages(colcon_meta) discover
[0.278s] Level 1:colcon.colcon_core.package_discovery:discover_packages(recursive) discover
[0.278s] INFO:colcon.colcon_core.package_discovery:Crawling recursively for packages in '/home/sid/ros2_ws'
[0.278s] Level 1:colcon.colcon_core.package_identification:_identify(.) by extensions ['ignore', 'ignore_ament_install']
[0.278s] Level 1:colcon.colcon_core.package_identification:_identify(.) by extension 'ignore'
[0.278s] Level 1:colcon.colcon_core.package_identification:_identify(.) by extension 'ignore_ament_install'
[0.278s] Level 1:colcon.colcon_core.package_identification:_identify(.) by extensions ['colcon_pkg']
[0.278s] Level 1:colcon.colcon_core.package_identification:_identify(.) by extension 'colcon_pkg'
[0.278s] Level 1:colcon.colcon_core.package_identification:_identify(.) by extensions ['colcon_meta']
[0.278s] Level 1:colcon.colcon_core.package_identification:_identify(.) by extension 'colcon_meta'
[0.278s] Level 1:colcon.colcon_core.package_identification:_identify(.) by extensions ['ros']
[0.278s] Level 1:colcon.colcon_core.package_identification:_identify(.) by extension 'ros'
[0.285s] Level 1:colcon.colcon_core.package_identification:_identify(.) by extensions ['cmake', 'python']
[0.285s] Level 1:colcon.colcon_core.package_identification:_identify(.) by extension 'cmake'
[0.285s] Level 1:colcon.colcon_core.package_identification:_identify(.) by extension 'python'
[0.285s] Level 1:colcon.colcon_core.package_identification:_identify(.) by extensions ['python_setup_py']
[0.285s] Level 1:colcon.colcon_core.package_identification:_identify(.) by extension 'python_setup_py'
[0.285s] Level 1:colcon.colcon_core.package_identification:_identify(build) by extensions ['ignore', 'ignore_ament_install']
[0.285s] Level 1:colcon.colcon_core.package_identification:_identify(build) by extension 'ignore'
[0.285s] Level 1:colcon.colcon_core.package_identification:_identify(build) ignored
[0.285s] Level 1:colcon.colcon_core.package_identification:_identify(install) by extensions ['ignore', 'ignore_ament_install']
[0.286s] Level 1:colcon.colcon_core.package_identification:_identify(install) by extension 'ignore'
[0.286s] Level 1:colcon.colcon_core.package_identification:_identify(install) ignored
[0.286s] Level 1:colcon.colcon_core.package_identification:_identify(log) by extensions ['ignore', 'ignore_ament_install']
[0.286s] Level 1:colcon.colcon_core.package_identification:_identify(log) by extension 'ignore'
[0.286s] Level 1:colcon.colcon_core.package_identification:_identify(log) ignored
[0.286s] Level 1:colcon.colcon_core.package_identification:_identify(src) by extensions ['ignore', 'ignore_ament_install']
[0.286s] Level 1:colcon.colcon_core.package_identification:_identify(src) by extension 'ignore'
[0.286s] Level 1:colcon.colcon_core.package_identification:_identify(src) by extension 'ignore_ament_install'
[0.286s] Level 1:colcon.colcon_core.package_identification:_identify(src) by extensions ['colcon_pkg']
[0.286s] Level 1:colcon.colcon_core.package_identification:_identify(src) by extension 'colcon_pkg'
[0.286s] Level 1:colcon.colcon_core.package_identification:_identify(src) by extensions ['colcon_meta']
[0.286s] Level 1:colcon.colcon_core.package_identification:_identify(src) by extension 'colcon_meta'
[0.286s] Level 1:colcon.colcon_core.package_identification:_identify(src) by extensions ['ros']
[0.286s] Level 1:colcon.colcon_core.package_identification:_identify(src) by extension 'ros'
[0.286s] Level 1:colcon.colcon_core.package_identification:_identify(src) by extensions ['cmake', 'python']
[0.286s] Level 1:colcon.colcon_core.package_identification:_identify(src) by extension 'cmake'
[0.286s] Level 1:colcon.colcon_core.package_identification:_identify(src) by extension 'python'
[0.286s] Level 1:colcon.colcon_core.package_identification:_identify(src) by extensions ['python_setup_py']
[0.286s] Level 1:colcon.colcon_core.package_identification:_identify(src) by extension 'python_setup_py'
[0.286s] Level 1:colcon.colcon_core.package_identification:_identify(src/cpp_pub) by extensions ['ignore', 'ignore_ament_install']
[0.286s] Level 1:colcon.colcon_core.package_identification:_identify(src/cpp_pub) by extension 'ignore'
[0.286s] Level 1:colcon.colcon_core.package_identification:_identify(src/cpp_pub) by extension 'ignore_ament_install'
[0.286s] Level 1:colcon.colcon_core.package_identification:_identify(src/cpp_pub) by extensions ['colcon_pkg']
[0.286s] Level 1:colcon.colcon_core.package_identification:_identify(src/cpp_pub) by extension 'colcon_pkg'
[0.286s] Level 1:colcon.colcon_core.package_identification:_identify(src/cpp_pub) by extensions ['colcon_meta']
[0.286s] Level 1:colcon.colcon_core.package_identification:_identify(src/cpp_pub) by extension 'colcon_meta'
[0.286s] Level 1:colcon.colcon_core.package_identification:_identify(src/cpp_pub) by extensions ['ros']
[0.286s] Level 1:colcon.colcon_core.package_identification:_identify(src/cpp_pub) by extension 'ros'
[0.288s] DEBUG:colcon.colcon_core.package_identification:Package 'src/cpp_pub' with type 'ros.ament_cmake' and name 'cpp_pub'
[0.288s] Level 1:colcon.colcon_core.package_identification:_identify(src/my_first_pkg) by extensions ['ignore', 'ignore_ament_install']
[0.288s] Level 1:colcon.colcon_core.package_identification:_identify(src/my_first_pkg) by extension 'ignore'
[0.288s] Level 1:colcon.colcon_core.package_identification:_identify(src/my_first_pkg) by extension 'ignore_ament_install'
[0.288s] Level 1:colcon.colcon_core.package_identification:_identify(src/my_first_pkg) by extensions ['colcon_pkg']
[0.288s] Level 1:colcon.colcon_core.package_identification:_identify(src/my_first_pkg) by extension 'colcon_pkg'
[0.288s] Level 1:colcon.colcon_core.package_identification:_identify(src/my_first_pkg) by extensions ['colcon_meta']
[0.288s] Level 1:colcon.colcon_core.package_identification:_identify(src/my_first_pkg) by extension 'colcon_meta'
[0.288s] Level 1:colcon.colcon_core.package_identification:_identify(src/my_first_pkg) by extensions ['ros']
[0.288s] Level 1:colcon.colcon_core.package_identification:_identify(src/my_first_pkg) by extension 'ros'
[0.289s] DEBUG:colcon.colcon_core.package_identification:Package 'src/my_first_pkg' with type 'ros.ament_python' and name 'my_first_pkg'
[0.289s] Level 1:colcon.colcon_core.package_identification:_identify(src/my_package) by extensions ['ignore', 'ignore_ament_install']
[0.289s] Level 1:colcon.colcon_core.package_identification:_identify(src/my_package) by extension 'ignore'
[0.289s] Level 1:colcon.colcon_core.package_identification:_identify(src/my_package) by extension 'ignore_ament_install'
[0.289s] Level 1:colcon.colcon_core.package_identification:_identify(src/my_package) by extensions ['colcon_pkg']
[0.289s] Level 1:colcon.colcon_core.package_identification:_identify(src/my_package) by extension 'colcon_pkg'
[0.289s] Level 1:colcon.colcon_core.package_identification:_identify(src/my_package) by extensions ['colcon_meta']
[0.289s] Level 1:colcon.colcon_core.package_identification:_identify(src/my_package) by extension 'colcon_meta'
[0.289s] Level 1:colcon.colcon_core.package_identification:_identify(src/my_package) by extensions ['ros']
[0.289s] Level 1:colcon.colcon_core.package_identification:_identify(src/my_package) by extension 'ros'
[0.289s] DEBUG:colcon.colcon_core.package_identification:Package 'src/my_package' with type 'ros.ament_cmake' and name 'my_package'
[0.289s] Level 1:colcon.colcon_core.package_discovery:discover_packages(recursive) using defaults
[0.289s] Level 1:colcon.colcon_core.package_discovery:discover_packages(ignore) discover
[0.289s] Level 1:colcon.colcon_core.package_discovery:discover_packages(ignore) using defaults
[0.289s] Level 1:colcon.colcon_core.package_discovery:discover_packages(path) discover
[0.289s] Level 1:colcon.colcon_core.package_discovery:discover_packages(path) using defaults
[0.306s] Level 1:colcon.colcon_core.package_discovery:discover_packages(prefix_path) check parameters
[0.306s] Level 1:colcon.colcon_core.package_discovery:discover_packages(prefix_path) discover
[0.308s] DEBUG:colcon.colcon_installed_package_information.package_discovery:Found 4 installed packages in /home/sid/ros2_ws/install
[0.309s] DEBUG:colcon.colcon_installed_package_information.package_discovery:Found 382 installed packages in /opt/ros/iron
[0.310s] Level 1:colcon.colcon_core.package_discovery:discover_packages(prefix_path) using defaults
[0.380s] Level 5:colcon.colcon_core.verb:set package 'cpp_pub' build argument 'cmake_args' from command line to 'None'
[0.381s] Level 5:colcon.colcon_core.verb:set package 'cpp_pub' build argument 'cmake_target' from command line to 'None'
[0.381s] Level 5:colcon.colcon_core.verb:set package 'cpp_pub' build argument 'cmake_target_skip_unavailable' from command line to 'False'
[0.381s] Level 5:colcon.colcon_core.verb:set package 'cpp_pub' build argument 'cmake_clean_cache' from command line to 'False'
[0.381s] Level 5:colcon.colcon_core.verb:set package 'cpp_pub' build argument 'cmake_clean_first' from command line to 'False'
[0.381s] Level 5:colcon.colcon_core.verb:set package 'cpp_pub' build argument 'cmake_force_configure' from command line to 'False'
[0.381s] Level 5:colcon.colcon_core.verb:set package 'cpp_pub' build argument 'ament_cmake_args' from command line to 'None'
[0.381s] Level 5:colcon.colcon_core.verb:set package 'cpp_pub' build argument 'catkin_cmake_args' from command line to 'None'
[0.381s] Level 5:colcon.colcon_core.verb:set package 'cpp_pub' build argument 'catkin_skip_building_tests' from command line to 'False'
[0.381s] DEBUG:colcon.colcon_core.verb:Building package 'cpp_pub' with the following arguments: {'ament_cmake_args': None, 'build_base': '/home/sid/ros2_ws/build/cpp_pub', 'catkin_cmake_args': None, 'catkin_skip_building_tests': False, 'cmake_args': None, 'cmake_clean_cache': False, 'cmake_clean_first': False, 'cmake_force_configure': False, 'cmake_target': None, 'cmake_target_skip_unavailable': False, 'install_base': '/home/sid/ros2_ws/install/cpp_pub', 'merge_install': False, 'path': '/home/sid/ros2_ws/src/cpp_pub', 'symlink_install': False, 'test_result_base': None}
[0.381s] Level 5:colcon.colcon_core.verb:set package 'my_first_pkg' build argument 'cmake_args' from command line to 'None'
[0.382s] Level 5:colcon.colcon_core.verb:set package 'my_first_pkg' build argument 'cmake_target' from command line to 'None'
[0.382s] Level 5:colcon.colcon_core.verb:set package 'my_first_pkg' build argument 'cmake_target_skip_unavailable' from command line to 'False'
[0.382s] Level 5:colcon.colcon_core.verb:set package 'my_first_pkg' build argument 'cmake_clean_cache' from command line to 'False'
[0.382s] Level 5:colcon.colcon_core.verb:set package 'my_first_pkg' build argument 'cmake_clean_first' from command line to 'False'
[0.382s] Level 5:colcon.colcon_core.verb:set package 'my_first_pkg' build argument 'cmake_force_configure' from command line to 'False'
[0.382s] Level 5:colcon.colcon_core.verb:set package 'my_first_pkg' build argument 'ament_cmake_args' from command line to 'None'
[0.382s] Level 5:colcon.colcon_core.verb:set package 'my_first_pkg' build argument 'catkin_cmake_args' from command line to 'None'
[0.382s] Level 5:colcon.colcon_core.verb:set package 'my_first_pkg' build argument 'catkin_skip_building_tests' from command line to 'False'
[0.382s] DEBUG:colcon.colcon_core.verb:Building package 'my_first_pkg' with the following arguments: {'ament_cmake_args': None, 'build_base': '/home/sid/ros2_ws/build/my_first_pkg', 'catkin_cmake_args': None, 'catkin_skip_building_tests': False, 'cmake_args': None, 'cmake_clean_cache': False, 'cmake_clean_first': False, 'cmake_force_configure': False, 'cmake_target': None, 'cmake_target_skip_unavailable': False, 'install_base': '/home/sid/ros2_ws/install/my_first_pkg', 'merge_install': False, 'path': '/home/sid/ros2_ws/src/my_first_pkg', 'symlink_install': False, 'test_result_base': None}
[0.382s] Level 5:colcon.colcon_core.verb:set package 'my_package' build argument 'cmake_args' from command line to 'None'
[0.382s] Level 5:colcon.colcon_core.verb:set package 'my_package' build argument 'cmake_target' from command line to 'None'
[0.382s] Level 5:colcon.colcon_core.verb:set package 'my_package' build argument 'cmake_target_skip_unavailable' from command line to 'False'
[0.382s] Level 5:colcon.colcon_core.verb:set package 'my_package' build argument 'cmake_clean_cache' from command line to 'False'
[0.382s] Level 5:colcon.colcon_core.verb:set package 'my_package' build argument 'cmake_clean_first' from command line to 'False'
[0.383s] Level 5:colcon.colcon_core.verb:set package 'my_package' build argument 'cmake_force_configure' from command line to 'False'
[0.383s] Level 5:colcon.colcon_core.verb:set package 'my_package' build argument 'ament_cmake_args' from command line to 'None'
[0.383s] Level 5:colcon.colcon_core.verb:set package 'my_package' build argument 'catkin_cmake_args' from command line to 'None'
[0.383s] Level 5:colcon.colcon_core.verb:set package 'my_package' build argument 'catkin_skip_building_tests' from command line to 'False'
[0.383s] DEBUG:colcon.colcon_core.verb:Building package 'my_package' with the following arguments: {'ament_cmake_args': None, 'build_base': '/home/sid/ros2_ws/build/my_package', 'catkin_cmake_args': None, 'catkin_skip_building_tests': False, 'cmake_args': None, 'cmake_clean_cache': False, 'cmake_clean_first': False, 'cmake_force_configure': False, 'cmake_target': None, 'cmake_target_skip_unavailable': False, 'install_base': '/home/sid/ros2_ws/install/my_package', 'merge_install': False, 'path': '/home/sid/ros2_ws/src/my_package', 'symlink_install': False, 'test_result_base': None}
[0.383s] INFO:colcon.colcon_core.executor:Executing jobs using 'parallel' executor
[0.385s] DEBUG:colcon.colcon_parallel_executor.executor.parallel:run_until_complete
[0.386s] INFO:colcon.colcon_ros.task.ament_cmake.build:Building ROS package in '/home/sid/ros2_ws/src/cpp_pub' with build type 'ament_cmake'
[0.386s] INFO:colcon.colcon_cmake.task.cmake.build:Building CMake package in '/home/sid/ros2_ws/src/cpp_pub'
[0.388s] INFO:colcon.colcon_core.plugin_system:Skipping extension 'colcon_core.shell.bat': Not used on non-Windows systems
[0.388s] INFO:colcon.colcon_core.shell:Skip shell extension 'powershell' for command environment: Not usable outside of PowerShell
[0.388s] DEBUG:colcon.colcon_core.shell:Skip shell extension 'dsv' for command environment
[0.392s] INFO:colcon.colcon_ros.task.ament_python.build:Building ROS package in '/home/sid/ros2_ws/src/my_first_pkg' with build type 'ament_python'
[0.392s] Level 1:colcon.colcon_core.shell:create_environment_hook('my_first_pkg', 'ament_prefix_path')
[0.393s] INFO:colcon.colcon_core.shell:Creating environment hook '/home/sid/ros2_ws/install/my_first_pkg/share/my_first_pkg/hook/ament_prefix_path.ps1'
[0.393s] INFO:colcon.colcon_core.shell:Creating environment descriptor '/home/sid/ros2_ws/install/my_first_pkg/share/my_first_pkg/hook/ament_prefix_path.dsv'
[0.394s] INFO:colcon.colcon_core.shell:Creating environment hook '/home/sid/ros2_ws/install/my_first_pkg/share/my_first_pkg/hook/ament_prefix_path.sh'
[0.395s] INFO:colcon.colcon_core.shell:Skip shell extension 'powershell' for command environment: Not usable outside of PowerShell
[0.395s] DEBUG:colcon.colcon_core.shell:Skip shell extension 'dsv' for command environment
[0.399s] INFO:colcon.colcon_ros.task.ament_cmake.build:Building ROS package in '/home/sid/ros2_ws/src/my_package' with build type 'ament_cmake'
[0.399s] INFO:colcon.colcon_cmake.task.cmake.build:Building CMake package in '/home/sid/ros2_ws/src/my_package'
[0.400s] INFO:colcon.colcon_core.shell:Skip shell extension 'powershell' for command environment: Not usable outside of PowerShell
[0.400s] DEBUG:colcon.colcon_core.shell:Skip shell extension 'dsv' for command environment
[0.408s] DEBUG:colcon.colcon_core.event_handler.log_command:Invoking command in '/home/sid/ros2_ws/build/cpp_pub': CMAKE_PREFIX_PATH=${CMAKE_PREFIX_PATH}:/home/sid/ros2_ws/install/my_first_pkg:/opt/ros/iron /home/sid/.local/bin/cmake --build /home/sid/ros2_ws/build/cpp_pub -- -j8 -l8
[0.646s] INFO:colcon.colcon_core.task.python.build:Building Python package in '/home/sid/ros2_ws/src/my_first_pkg'
[0.648s] INFO:colcon.colcon_core.shell:Skip shell extension 'powershell' for command environment: Not usable outside of PowerShell
[0.648s] DEBUG:colcon.colcon_core.shell:Skip shell extension 'dsv' for command environment
[0.656s] DEBUG:colcon.colcon_core.event_handler.log_command:Invoking command in '/home/sid/ros2_ws/build/my_package': CMAKE_PREFIX_PATH=${CMAKE_PREFIX_PATH}:/home/sid/ros2_ws/install/my_first_pkg:/opt/ros/iron /home/sid/.local/bin/cmake --build /home/sid/ros2_ws/build/my_package -- -j8 -l8
[0.705s] DEBUG:colcon.colcon_core.event_handler.log_command:Invoked command in '/home/sid/ros2_ws/build/my_package' returned '0': CMAKE_PREFIX_PATH=${CMAKE_PREFIX_PATH}:/home/sid/ros2_ws/install/my_first_pkg:/opt/ros/iron /home/sid/.local/bin/cmake --build /home/sid/ros2_ws/build/my_package -- -j8 -l8
[0.782s] DEBUG:colcon.colcon_core.event_handler.log_command:Invoking command in '/home/sid/ros2_ws/build/my_package': CMAKE_PREFIX_PATH=${CMAKE_PREFIX_PATH}:/home/sid/ros2_ws/install/my_first_pkg:/opt/ros/iron /home/sid/.local/bin/cmake --install /home/sid/ros2_ws/build/my_package
[0.818s] Level 1:colcon.colcon_core.environment:create_environment_scripts_only(my_package)
[0.820s] DEBUG:colcon.colcon_core.event_handler.log_command:Invoked command in '/home/sid/ros2_ws/build/my_package' returned '0': CMAKE_PREFIX_PATH=${CMAKE_PREFIX_PATH}:/home/sid/ros2_ws/install/my_first_pkg:/opt/ros/iron /home/sid/.local/bin/cmake --install /home/sid/ros2_ws/build/my_package
[0.825s] Level 1:colcon.colcon_core.environment:checking '/home/sid/ros2_ws/install/my_package' for CMake module files
[0.825s] Level 1:colcon.colcon_core.environment:checking '/home/sid/ros2_ws/install/my_package' for CMake config files
[0.826s] Level 1:colcon.colcon_core.shell:create_environment_hook('my_package', 'cmake_prefix_path')
[0.828s] INFO:colcon.colcon_core.shell:Creating environment hook '/home/sid/ros2_ws/install/my_package/share/my_package/hook/cmake_prefix_path.ps1'
[0.828s] INFO:colcon.colcon_core.shell:Creating environment descriptor '/home/sid/ros2_ws/install/my_package/share/my_package/hook/cmake_prefix_path.dsv'
[0.829s] INFO:colcon.colcon_core.shell:Creating environment hook '/home/sid/ros2_ws/install/my_package/share/my_package/hook/cmake_prefix_path.sh'
[0.829s] Level 1:colcon.colcon_core.environment:checking '/home/sid/ros2_ws/install/my_package/lib'
[0.830s] Level 1:colcon.colcon_core.environment:checking '/home/sid/ros2_ws/install/my_package/bin'
[0.830s] Level 1:colcon.colcon_core.environment:checking '/home/sid/ros2_ws/install/my_package/lib/pkgconfig/my_package.pc'
[0.830s] Level 1:colcon.colcon_core.environment:checking '/home/sid/ros2_ws/install/my_package/lib/python3.10/site-packages'
[0.830s] Level 1:colcon.colcon_core.environment:checking '/home/sid/ros2_ws/install/my_package/bin'
[0.832s] INFO:colcon.colcon_core.shell:Creating package script '/home/sid/ros2_ws/install/my_package/share/my_package/package.ps1'
[0.833s] INFO:colcon.colcon_core.shell:Creating package descriptor '/home/sid/ros2_ws/install/my_package/share/my_package/package.dsv'
[0.834s] INFO:colcon.colcon_core.shell:Creating package script '/home/sid/ros2_ws/install/my_package/share/my_package/package.sh'
[0.835s] INFO:colcon.colcon_core.shell:Creating package script '/home/sid/ros2_ws/install/my_package/share/my_package/package.bash'
[0.836s] INFO:colcon.colcon_core.shell:Creating package script '/home/sid/ros2_ws/install/my_package/share/my_package/package.zsh'
[0.836s] Level 1:colcon.colcon_core.environment:create_file_with_runtime_dependencies(/home/sid/ros2_ws/install/my_package/share/colcon-core/packages/my_package)
[0.878s] Level 1:colcon.colcon_core.environment:create_environment_scripts_only(my_package)
[0.881s] Level 1:colcon.colcon_core.environment:checking '/home/sid/ros2_ws/install/my_package' for CMake module files
[0.882s] Level 1:colcon.colcon_core.environment:checking '/home/sid/ros2_ws/install/my_package' for CMake config files
[0.882s] Level 1:colcon.colcon_core.shell:create_environment_hook('my_package', 'cmake_prefix_path')
[0.885s] INFO:colcon.colcon_core.shell:Creating environment hook '/home/sid/ros2_ws/install/my_package/share/my_package/hook/cmake_prefix_path.ps1'
[0.885s] INFO:colcon.colcon_core.shell:Creating environment descriptor '/home/sid/ros2_ws/install/my_package/share/my_package/hook/cmake_prefix_path.dsv'
[0.886s] INFO:colcon.colcon_core.shell:Creating environment hook '/home/sid/ros2_ws/install/my_package/share/my_package/hook/cmake_prefix_path.sh'
[0.887s] Level 1:colcon.colcon_core.environment:checking '/home/sid/ros2_ws/install/my_package/lib'
[0.887s] Level 1:colcon.colcon_core.environment:checking '/home/sid/ros2_ws/install/my_package/bin'
[0.887s] Level 1:colcon.colcon_core.environment:checking '/home/sid/ros2_ws/install/my_package/lib/pkgconfig/my_package.pc'
[0.887s] Level 1:colcon.colcon_core.environment:checking '/home/sid/ros2_ws/install/my_package/lib/python3.10/site-packages'
[0.887s] Level 1:colcon.colcon_core.environment:checking '/home/sid/ros2_ws/install/my_package/bin'
[0.890s] INFO:colcon.colcon_core.shell:Creating package script '/home/sid/ros2_ws/install/my_package/share/my_package/package.ps1'
[0.891s] INFO:colcon.colcon_core.shell:Creating package descriptor '/home/sid/ros2_ws/install/my_package/share/my_package/package.dsv'
[0.891s] INFO:colcon.colcon_core.shell:Creating package script '/home/sid/ros2_ws/install/my_package/share/my_package/package.sh'
[0.892s] INFO:colcon.colcon_core.shell:Creating package script '/home/sid/ros2_ws/install/my_package/share/my_package/package.bash'
[0.892s] INFO:colcon.colcon_core.shell:Creating package script '/home/sid/ros2_ws/install/my_package/share/my_package/package.zsh'
[0.893s] Level 1:colcon.colcon_core.environment:create_file_with_runtime_dependencies(/home/sid/ros2_ws/install/my_package/share/colcon-core/packages/my_package)
[1.060s] DEBUG:colcon.colcon_core.event_handler.log_command:Invoking command in '/home/sid/ros2_ws/build/my_first_pkg': PYTHONPATH=/home/sid/ros2_ws/build/my_first_pkg/prefix_override:/home/sid/ros2_ws/install/my_first_pkg/lib/python3.10/site-packages:${PYTHONPATH} /usr/bin/python3 setup.py develop --uninstall --editable --build-directory /home/sid/ros2_ws/build/my_first_pkg/build
[1.543s] DEBUG:colcon.colcon_core.event_handler.log_command:Invoked command in '/home/sid/ros2_ws/build/my_first_pkg' returned '0': PYTHONPATH=/home/sid/ros2_ws/build/my_first_pkg/prefix_override:/home/sid/ros2_ws/install/my_first_pkg/lib/python3.10/site-packages:${PYTHONPATH} /usr/bin/python3 setup.py develop --uninstall --editable --build-directory /home/sid/ros2_ws/build/my_first_pkg/build
[1.544s] DEBUG:colcon.colcon_core.event_handler.log_command:Invoking command in '/home/sid/ros2_ws/src/my_first_pkg': PYTHONPATH=/home/sid/ros2_ws/build/my_first_pkg/prefix_override:/home/sid/ros2_ws/install/my_first_pkg/lib/python3.10/site-packages:${PYTHONPATH} /usr/bin/python3 setup.py egg_info --egg-base ../../build/my_first_pkg build --build-base /home/sid/ros2_ws/build/my_first_pkg/build install --record /home/sid/ros2_ws/build/my_first_pkg/install.log --single-version-externally-managed
[1.823s] Level 1:colcon.colcon_core.environment:checking '/home/sid/ros2_ws/install/my_first_pkg' for CMake module files
[1.824s] DEBUG:colcon.colcon_core.event_handler.log_command:Invoked command in '/home/sid/ros2_ws/src/my_first_pkg' returned '0': PYTHONPATH=/home/sid/ros2_ws/build/my_first_pkg/prefix_override:/home/sid/ros2_ws/install/my_first_pkg/lib/python3.10/site-packages:${PYTHONPATH} /usr/bin/python3 setup.py egg_info --egg-base ../../build/my_first_pkg build --build-base /home/sid/ros2_ws/build/my_first_pkg/build install --record /home/sid/ros2_ws/build/my_first_pkg/install.log --single-version-externally-managed
[1.824s] Level 1:colcon.colcon_core.environment:checking '/home/sid/ros2_ws/install/my_first_pkg' for CMake config files
[1.824s] Level 1:colcon.colcon_core.environment:checking '/home/sid/ros2_ws/install/my_first_pkg/lib'
[1.825s] Level 1:colcon.colcon_core.environment:checking '/home/sid/ros2_ws/install/my_first_pkg/bin'
[1.825s] Level 1:colcon.colcon_core.environment:checking '/home/sid/ros2_ws/install/my_first_pkg/lib/pkgconfig/my_first_pkg.pc'
[1.825s] Level 1:colcon.colcon_core.environment:checking '/home/sid/ros2_ws/install/my_first_pkg/lib/python3.10/site-packages'
[1.825s] Level 1:colcon.colcon_core.shell:create_environment_hook('my_first_pkg', 'pythonpath')
[1.826s] INFO:colcon.colcon_core.shell:Creating environment hook '/home/sid/ros2_ws/install/my_first_pkg/share/my_first_pkg/hook/pythonpath.ps1'
[1.826s] INFO:colcon.colcon_core.shell:Creating environment descriptor '/home/sid/ros2_ws/install/my_first_pkg/share/my_first_pkg/hook/pythonpath.dsv'
[1.826s] INFO:colcon.colcon_core.shell:Creating environment hook '/home/sid/ros2_ws/install/my_first_pkg/share/my_first_pkg/hook/pythonpath.sh'
[1.827s] Level 1:colcon.colcon_core.environment:checking '/home/sid/ros2_ws/install/my_first_pkg/bin'
[1.827s] Level 1:colcon.colcon_core.environment:create_environment_scripts_only(my_first_pkg)
[1.828s] INFO:colcon.colcon_core.shell:Creating package script '/home/sid/ros2_ws/install/my_first_pkg/share/my_first_pkg/package.ps1'
[1.828s] INFO:colcon.colcon_core.shell:Creating package descriptor '/home/sid/ros2_ws/install/my_first_pkg/share/my_first_pkg/package.dsv'
[1.828s] INFO:colcon.colcon_core.shell:Creating package script '/home/sid/ros2_ws/install/my_first_pkg/share/my_first_pkg/package.sh'
[1.829s] INFO:colcon.colcon_core.shell:Creating package script '/home/sid/ros2_ws/install/my_first_pkg/share/my_first_pkg/package.bash'
[1.829s] INFO:colcon.colcon_core.shell:Creating package script '/home/sid/ros2_ws/install/my_first_pkg/share/my_first_pkg/package.zsh'
[1.829s] Level 1:colcon.colcon_core.environment:create_file_with_runtime_dependencies(/home/sid/ros2_ws/install/my_first_pkg/share/colcon-core/packages/my_first_pkg)
[4.399s] DEBUG:colcon.colcon_core.event_handler.log_command:Invoked command in '/home/sid/ros2_ws/build/cpp_pub' returned '2': CMAKE_PREFIX_PATH=${CMAKE_PREFIX_PATH}:/home/sid/ros2_ws/install/my_first_pkg:/opt/ros/iron /home/sid/.local/bin/cmake --build /home/sid/ros2_ws/build/cpp_pub -- -j8 -l8
[4.434s] Level 1:colcon.colcon_core.environment:create_environment_scripts_only(cpp_pub)
[4.436s] Level 1:colcon.colcon_core.environment:checking '/home/sid/ros2_ws/install/cpp_pub' for CMake module files
[4.436s] Level 1:colcon.colcon_core.environment:checking '/home/sid/ros2_ws/install/cpp_pub' for CMake config files
[4.437s] Level 1:colcon.colcon_core.shell:create_environment_hook('cpp_pub', 'cmake_prefix_path')
[4.437s] INFO:colcon.colcon_core.shell:Creating environment hook '/home/sid/ros2_ws/install/cpp_pub/share/cpp_pub/hook/cmake_prefix_path.ps1'
[4.438s] INFO:colcon.colcon_core.shell:Creating environment descriptor '/home/sid/ros2_ws/install/cpp_pub/share/cpp_pub/hook/cmake_prefix_path.dsv'
[4.438s] INFO:colcon.colcon_core.shell:Creating environment hook '/home/sid/ros2_ws/install/cpp_pub/share/cpp_pub/hook/cmake_prefix_path.sh'
[4.438s] Level 1:colcon.colcon_core.environment:checking '/home/sid/ros2_ws/install/cpp_pub/lib'
[4.439s] Level 1:colcon.colcon_core.environment:checking '/home/sid/ros2_ws/install/cpp_pub/bin'
[4.439s] Level 1:colcon.colcon_core.environment:checking '/home/sid/ros2_ws/install/cpp_pub/lib/pkgconfig/cpp_pub.pc'
[4.439s] Level 1:colcon.colcon_core.environment:checking '/home/sid/ros2_ws/install/cpp_pub/lib/python3.10/site-packages'
[4.439s] Level 1:colcon.colcon_core.environment:checking '/home/sid/ros2_ws/install/cpp_pub/bin'
[4.440s] INFO:colcon.colcon_core.shell:Creating package script '/home/sid/ros2_ws/install/cpp_pub/share/cpp_pub/package.ps1'
[4.441s] INFO:colcon.colcon_core.shell:Creating package descriptor '/home/sid/ros2_ws/install/cpp_pub/share/cpp_pub/package.dsv'
[4.441s] INFO:colcon.colcon_core.shell:Creating package script '/home/sid/ros2_ws/install/cpp_pub/share/cpp_pub/package.sh'
[4.441s] INFO:colcon.colcon_core.shell:Creating package script '/home/sid/ros2_ws/install/cpp_pub/share/cpp_pub/package.bash'
[4.442s] INFO:colcon.colcon_core.shell:Creating package script '/home/sid/ros2_ws/install/cpp_pub/share/cpp_pub/package.zsh'
[4.442s] Level 1:colcon.colcon_core.environment:create_file_with_runtime_dependencies(/home/sid/ros2_ws/install/cpp_pub/share/colcon-core/packages/cpp_pub)
[4.452s] DEBUG:colcon.colcon_parallel_executor.executor.parallel:closing loop
[4.453s] DEBUG:colcon.colcon_parallel_executor.executor.parallel:loop closed
[4.453s] DEBUG:colcon.colcon_parallel_executor.executor.parallel:run_until_complete finished with '2'
[4.453s] DEBUG:colcon.colcon_core.event_reactor:joining thread
[4.467s] INFO:colcon.colcon_core.plugin_system:Skipping extension 'colcon_notification.desktop_notification.terminal_notifier': Not used on non-Darwin systems
[4.468s] INFO:colcon.colcon_core.plugin_system:Skipping extension 'colcon_notification.desktop_notification.win32': Not used on non-Windows systems
[4.468s] INFO:colcon.colcon_notification.desktop_notification:Sending desktop notification using 'notify2'
[4.484s] DEBUG:colcon.colcon_core.event_reactor:joined thread
[4.486s] INFO:colcon.colcon_core.shell:Creating prefix script '/home/sid/ros2_ws/install/local_setup.ps1'
[4.487s] INFO:colcon.colcon_core.shell:Creating prefix util module '/home/sid/ros2_ws/install/_local_setup_util_ps1.py'
[4.489s] INFO:colcon.colcon_core.shell:Creating prefix chain script '/home/sid/ros2_ws/install/setup.ps1'
[4.490s] INFO:colcon.colcon_core.shell:Creating prefix script '/home/sid/ros2_ws/install/local_setup.sh'
[4.491s] INFO:colcon.colcon_core.shell:Creating prefix util module '/home/sid/ros2_ws/install/_local_setup_util_sh.py'
[4.491s] INFO:colcon.colcon_core.shell:Creating prefix chain script '/home/sid/ros2_ws/install/setup.sh'
[4.493s] INFO:colcon.colcon_core.shell:Creating prefix script '/home/sid/ros2_ws/install/local_setup.bash'
[4.494s] INFO:colcon.colcon_core.shell:Creating prefix chain script '/home/sid/ros2_ws/install/setup.bash'
[4.495s] INFO:colcon.colcon_core.shell:Creating prefix script '/home/sid/ros2_ws/install/local_setup.zsh'
[4.496s] INFO:colcon.colcon_core.shell:Creating prefix chain script '/home/sid/ros2_ws/install/setup.zsh'
