-- Found ament_cmake: 2.0.3 (/opt/ros/iron/share/ament_cmake/cmake)
-- Override CMake install command with custom implementation using symlinks instead of copying resources
-- Found rclcpp: 21.0.1 (/opt/ros/iron/share/rclcpp/cmake)
-- Found rosidl_generator_c: 4.0.0 (/opt/ros/iron/share/rosidl_generator_c/cmake)
-- Found rosidl_generator_cpp: 4.0.0 (/opt/ros/iron/share/rosidl_generator_cpp/cmake)
-- Using all available rosidl_typesupport_c: rosidl_typesupport_fastrtps_c;rosidl_typesupport_introspection_c
-- Using all available rosidl_typesupport_cpp: rosidl_typesupport_fastrtps_cpp;rosidl_typesupport_introspection_cpp
-- Found rmw_implementation_cmake: 7.1.0 (/opt/ros/iron/share/rmw_implementation_cmake/cmake)
-- Found rmw_fastrtps_cpp: 7.1.1 (/opt/ros/iron/share/rmw_fastrtps_cpp/cmake)
-- Using RMW implementation 'rmw_fastrtps_cpp' as default
-- Found std_msgs: 5.0.0 (/opt/ros/iron/share/std_msgs/cmake)
-- Found ament_lint_auto: 0.14.1 (/opt/ros/iron/share/ament_lint_auto/cmake)
-- Added test 'cppcheck' to perform static code analysis on C / C++ code
-- Configured cppcheck include dirs: 
-- Configured cppcheck exclude dirs and/or files: 
-- Added test 'lint_cmake' to check CMake code style
-- Added test 'uncrustify' to check C / C++ code style
-- Configured uncrustify additional arguments: 
-- Added test 'xmllint' to check XML markup files
-- Configuring done (0.7s)
-- Generating done (0.0s)
-- Build files have been written to: /home/sid/ros2_ws/build/cpp_pub
[ 50%] [32mBuilding CXX object CMakeFiles/simple_pub.dir/src/simple_pub.cpp.o[0m
[100%] [32m[1mLinking CXX executable simple_pub[0m
[100%] Built target simple_pub
-- Install configuration: ""
-- Execute custom install script
-- Symlinking: /home/sid/ros2_ws/install/cpp_pub/lib/cpp_pub/simple_pub
-- Symlinking: /home/sid/ros2_ws/install/cpp_pub/share/ament_index/resource_index/package_run_dependencies/cpp_pub
-- Symlinking: /home/sid/ros2_ws/install/cpp_pub/share/ament_index/resource_index/parent_prefix_path/cpp_pub
-- Symlinking: /home/sid/ros2_ws/install/cpp_pub/share/cpp_pub/environment/ament_prefix_path.sh
-- Symlinking: /home/sid/ros2_ws/install/cpp_pub/share/cpp_pub/environment/ament_prefix_path.dsv
-- Symlinking: /home/sid/ros2_ws/install/cpp_pub/share/cpp_pub/environment/path.sh
-- Symlinking: /home/sid/ros2_ws/install/cpp_pub/share/cpp_pub/environment/path.dsv
-- Symlinking: /home/sid/ros2_ws/install/cpp_pub/share/cpp_pub/local_setup.bash
-- Symlinking: /home/sid/ros2_ws/install/cpp_pub/share/cpp_pub/local_setup.sh
-- Symlinking: /home/sid/ros2_ws/install/cpp_pub/share/cpp_pub/local_setup.zsh
-- Symlinking: /home/sid/ros2_ws/install/cpp_pub/share/cpp_pub/local_setup.dsv
-- Symlinking: /home/sid/ros2_ws/install/cpp_pub/share/cpp_pub/package.dsv
-- Symlinking: /home/sid/ros2_ws/install/cpp_pub/share/ament_index/resource_index/packages/cpp_pub
-- Symlinking: /home/sid/ros2_ws/install/cpp_pub/share/cpp_pub/cmake/cpp_pubConfig.cmake
-- Symlinking: /home/sid/ros2_ws/install/cpp_pub/share/cpp_pub/cmake/cpp_pubConfig-version.cmake
-- Symlinking: /home/sid/ros2_ws/install/cpp_pub/share/cpp_pub/package.xml
