[0.009s] Invoking command in '/home/sid/ros2_ws/build/cpp_srvcli': CMAKE_PREFIX_PATH=${CMAKE_PREFIX_PATH}:/home/sid/ros2_ws/install/my_first_pkg:/opt/ros/iron /home/sid/.local/bin/cmake --build /home/sid/ros2_ws/build/cpp_srvcli -- -j8 -l8
[0.049s] [ 75%] [32mBuilding CXX object CMakeFiles/client.dir/src/add_two_ints_client.cpp.o[0m
[0.049s] [ 75%] Built target server
[2.953s] [100%] [32m[1mLinking CXX executable client[0m
[3.070s] [100%] Built target client
[3.082s] Invoked command in '/home/sid/ros2_ws/build/cpp_srvcli' returned '0': CMAKE_PREFIX_PATH=${CMAKE_PREFIX_PATH}:/home/sid/ros2_ws/install/my_first_pkg:/opt/ros/iron /home/sid/.local/bin/cmake --build /home/sid/ros2_ws/build/cpp_srvcli -- -j8 -l8
[3.141s] Invoking command in '/home/sid/ros2_ws/build/cpp_srvcli': CMAKE_PREFIX_PATH=${CMAKE_PREFIX_PATH}:/home/sid/ros2_ws/install/my_first_pkg:/opt/ros/iron /home/sid/.local/bin/cmake --install /home/sid/ros2_ws/build/cpp_srvcli
[3.160s] -- Install configuration: ""
[3.160s] -- Up-to-date: /home/sid/ros2_ws/install/cpp_srvcli/lib/cpp_srvcli/server
[3.160s] -- Installing: /home/sid/ros2_ws/install/cpp_srvcli/lib/cpp_srvcli/client
[3.161s] -- Set runtime path of "/home/sid/ros2_ws/install/cpp_srvcli/lib/cpp_srvcli/client" to ""
[3.161s] -- Up-to-date: /home/sid/ros2_ws/install/cpp_srvcli/share/ament_index/resource_index/package_run_dependencies/cpp_srvcli
[3.161s] -- Up-to-date: /home/sid/ros2_ws/install/cpp_srvcli/share/ament_index/resource_index/parent_prefix_path/cpp_srvcli
[3.161s] -- Up-to-date: /home/sid/ros2_ws/install/cpp_srvcli/share/cpp_srvcli/environment/ament_prefix_path.sh
[3.161s] -- Up-to-date: /home/sid/ros2_ws/install/cpp_srvcli/share/cpp_srvcli/environment/ament_prefix_path.dsv
[3.162s] -- Up-to-date: /home/sid/ros2_ws/install/cpp_srvcli/share/cpp_srvcli/environment/path.sh
[3.162s] -- Up-to-date: /home/sid/ros2_ws/install/cpp_srvcli/share/cpp_srvcli/environment/path.dsv
[3.162s] -- Up-to-date: /home/sid/ros2_ws/install/cpp_srvcli/share/cpp_srvcli/local_setup.bash
[3.162s] -- Up-to-date: /home/sid/ros2_ws/install/cpp_srvcli/share/cpp_srvcli/local_setup.sh
[3.162s] -- Up-to-date: /home/sid/ros2_ws/install/cpp_srvcli/share/cpp_srvcli/local_setup.zsh
[3.162s] -- Up-to-date: /home/sid/ros2_ws/install/cpp_srvcli/share/cpp_srvcli/local_setup.dsv
[3.162s] -- Installing: /home/sid/ros2_ws/install/cpp_srvcli/share/cpp_srvcli/package.dsv
[3.162s] -- Up-to-date: /home/sid/ros2_ws/install/cpp_srvcli/share/ament_index/resource_index/packages/cpp_srvcli
[3.162s] -- Up-to-date: /home/sid/ros2_ws/install/cpp_srvcli/share/cpp_srvcli/cmake/cpp_srvcliConfig.cmake
[3.162s] -- Up-to-date: /home/sid/ros2_ws/install/cpp_srvcli/share/cpp_srvcli/cmake/cpp_srvcliConfig-version.cmake
[3.162s] -- Up-to-date: /home/sid/ros2_ws/install/cpp_srvcli/share/cpp_srvcli/package.xml
[3.166s] Invoked command in '/home/sid/ros2_ws/build/cpp_srvcli' returned '0': CMAKE_PREFIX_PATH=${CMAKE_PREFIX_PATH}:/home/sid/ros2_ws/install/my_first_pkg:/opt/ros/iron /home/sid/.local/bin/cmake --install /home/sid/ros2_ws/build/cpp_srvcli
