[0.607s] Invoking command in '/home/sid/ros2_ws/build/my_first_pkg': PYTHONPATH=/home/sid/ros2_ws/build/my_first_pkg/prefix_override:/home/sid/ros2_ws/install/my_first_pkg/lib/python3.10/site-packages:${PYTHONPATH} /usr/bin/python3 setup.py develop --uninstall --editable --build-directory /home/sid/ros2_ws/build/my_first_pkg/build
[0.846s] running develop
[1.007s] Removing /home/sid/ros2_ws/install/my_first_pkg/lib/python3.10/site-packages/my-first-pkg.egg-link (link to .)
[1.048s] Invoked command in '/home/sid/ros2_ws/build/my_first_pkg' returned '0': PYTHONPATH=/home/sid/ros2_ws/build/my_first_pkg/prefix_override:/home/sid/ros2_ws/install/my_first_pkg/lib/python3.10/site-packages:${PYTHONPATH} /usr/bin/python3 setup.py develop --uninstall --editable --build-directory /home/sid/ros2_ws/build/my_first_pkg/build
[1.049s] Invoking command in '/home/sid/ros2_ws/src/my_first_pkg': PYTHONPATH=/home/sid/ros2_ws/build/my_first_pkg/prefix_override:/home/sid/ros2_ws/install/my_first_pkg/lib/python3.10/site-packages:${PYTHONPATH} /usr/bin/python3 setup.py egg_info --egg-base ../../build/my_first_pkg build --build-base /home/sid/ros2_ws/build/my_first_pkg/build install --record /home/sid/ros2_ws/build/my_first_pkg/install.log --single-version-externally-managed
[1.250s] running egg_info
[1.250s] writing ../../build/my_first_pkg/my_first_pkg.egg-info/PKG-INFO
[1.251s] writing dependency_links to ../../build/my_first_pkg/my_first_pkg.egg-info/dependency_links.txt
[1.251s] writing entry points to ../../build/my_first_pkg/my_first_pkg.egg-info/entry_points.txt
[1.251s] writing requirements to ../../build/my_first_pkg/my_first_pkg.egg-info/requires.txt
[1.251s] writing top-level names to ../../build/my_first_pkg/my_first_pkg.egg-info/top_level.txt
[1.252s] reading manifest file '../../build/my_first_pkg/my_first_pkg.egg-info/SOURCES.txt'
[1.259s] writing manifest file '../../build/my_first_pkg/my_first_pkg.egg-info/SOURCES.txt'
[1.259s] running build
[1.260s] running build_py
[1.260s] copying my_first_pkg/turtle_draw.py -> /home/sid/ros2_ws/build/my_first_pkg/build/lib/my_first_pkg
[1.260s] running install
[1.260s] running install_lib
[1.261s] creating /home/sid/ros2_ws/install/my_first_pkg/lib/python3.10/site-packages/my_first_pkg
[1.261s] copying /home/sid/ros2_ws/build/my_first_pkg/build/lib/my_first_pkg/my_first_node.py -> /home/sid/ros2_ws/install/my_first_pkg/lib/python3.10/site-packages/my_first_pkg
[1.261s] copying /home/sid/ros2_ws/build/my_first_pkg/build/lib/my_first_pkg/turtle_draw.py -> /home/sid/ros2_ws/install/my_first_pkg/lib/python3.10/site-packages/my_first_pkg
[1.261s] copying /home/sid/ros2_ws/build/my_first_pkg/build/lib/my_first_pkg/__init__.py -> /home/sid/ros2_ws/install/my_first_pkg/lib/python3.10/site-packages/my_first_pkg
[1.262s] byte-compiling /home/sid/ros2_ws/install/my_first_pkg/lib/python3.10/site-packages/my_first_pkg/my_first_node.py to my_first_node.cpython-310.pyc
[1.262s] byte-compiling /home/sid/ros2_ws/install/my_first_pkg/lib/python3.10/site-packages/my_first_pkg/turtle_draw.py to turtle_draw.cpython-310.pyc
[1.262s] byte-compiling /home/sid/ros2_ws/install/my_first_pkg/lib/python3.10/site-packages/my_first_pkg/__init__.py to __init__.cpython-310.pyc
[1.262s] running install_data
[1.263s] running install_egg_info
[1.265s] Copying ../../build/my_first_pkg/my_first_pkg.egg-info to /home/sid/ros2_ws/install/my_first_pkg/lib/python3.10/site-packages/my_first_pkg-0.0.0-py3.10.egg-info
[1.266s] running install_scripts
[1.282s] Installing test_node script to /home/sid/ros2_ws/install/my_first_pkg/lib/my_first_pkg
[1.283s] writing list of installed files to '/home/sid/ros2_ws/build/my_first_pkg/install.log'
[1.315s] Invoked command in '/home/sid/ros2_ws/src/my_first_pkg' returned '0': PYTHONPATH=/home/sid/ros2_ws/build/my_first_pkg/prefix_override:/home/sid/ros2_ws/install/my_first_pkg/lib/python3.10/site-packages:${PYTHONPATH} /usr/bin/python3 setup.py egg_info --egg-base ../../build/my_first_pkg build --build-base /home/sid/ros2_ws/build/my_first_pkg/build install --record /home/sid/ros2_ws/build/my_first_pkg/install.log --single-version-externally-managed
