[0.267s] Invoking command in '/home/sid/ros2_ws/build/my_package': CMAKE_PREFIX_PATH=${CMAKE_PREFIX_PATH}:/home/sid/ros2_ws/install/my_first_pkg:/opt/ros/iron /home/sid/.local/bin/cmake --build /home/sid/ros2_ws/build/my_package -- -j8 -l8
[0.311s] [ 50%] [32mBuilding CXX object CMakeFiles/simple.dir/src/simple.cpp.o[0m
[3.111s] [100%] [32m[1mLinking CXX executable simple[0m
[3.248s] [100%] Built target simple
[3.256s] Invoked command in '/home/sid/ros2_ws/build/my_package' returned '0': CMAKE_PREFIX_PATH=${CMAKE_PREFIX_PATH}:/home/sid/ros2_ws/install/my_first_pkg:/opt/ros/iron /home/sid/.local/bin/cmake --build /home/sid/ros2_ws/build/my_package -- -j8 -l8
[3.317s] Invoking command in '/home/sid/ros2_ws/build/my_package': CMAKE_PREFIX_PATH=${CMAKE_PREFIX_PATH}:/home/sid/ros2_ws/install/my_first_pkg:/opt/ros/iron /home/sid/.local/bin/cmake --install /home/sid/ros2_ws/build/my_package
[3.337s] -- Install configuration: ""
[3.337s] -- Execute custom install script
[3.338s] -- Up-to-date symlink: /home/sid/ros2_ws/install/my_package/lib/my_package/simple
[3.338s] -- Up-to-date symlink: /home/sid/ros2_ws/install/my_package/share/ament_index/resource_index/package_run_dependencies/my_package
[3.338s] -- Up-to-date symlink: /home/sid/ros2_ws/install/my_package/share/ament_index/resource_index/parent_prefix_path/my_package
[3.338s] -- Up-to-date symlink: /home/sid/ros2_ws/install/my_package/share/my_package/environment/ament_prefix_path.sh
[3.338s] -- Up-to-date symlink: /home/sid/ros2_ws/install/my_package/share/my_package/environment/ament_prefix_path.dsv
[3.338s] -- Up-to-date symlink: /home/sid/ros2_ws/install/my_package/share/my_package/environment/path.sh
[3.338s] -- Up-to-date symlink: /home/sid/ros2_ws/install/my_package/share/my_package/environment/path.dsv
[3.338s] -- Up-to-date symlink: /home/sid/ros2_ws/install/my_package/share/my_package/local_setup.bash
[3.338s] -- Up-to-date symlink: /home/sid/ros2_ws/install/my_package/share/my_package/local_setup.sh
[3.338s] -- Up-to-date symlink: /home/sid/ros2_ws/install/my_package/share/my_package/local_setup.zsh
[3.339s] -- Up-to-date symlink: /home/sid/ros2_ws/install/my_package/share/my_package/local_setup.dsv
[3.339s] -- Symlinking: /home/sid/ros2_ws/install/my_package/share/my_package/package.dsv
[3.341s] -- Up-to-date symlink: /home/sid/ros2_ws/install/my_package/share/ament_index/resource_index/packages/my_package
[3.341s] -- Up-to-date symlink: /home/sid/ros2_ws/install/my_package/share/my_package/cmake/my_packageConfig.cmake
[3.341s] -- Up-to-date symlink: /home/sid/ros2_ws/install/my_package/share/my_package/cmake/my_packageConfig-version.cmake
[3.341s] -- Up-to-date symlink: /home/sid/ros2_ws/install/my_package/share/my_package/package.xml
[3.348s] Invoked command in '/home/sid/ros2_ws/build/my_package' returned '0': CMAKE_PREFIX_PATH=${CMAKE_PREFIX_PATH}:/home/sid/ros2_ws/install/my_first_pkg:/opt/ros/iron /home/sid/.local/bin/cmake --install /home/sid/ros2_ws/build/my_package
