[0.010s] Invoking command in '/home/sid/ros2_ws/build/polygon_base': CMAKE_PREFIX_PATH=${CMAKE_PREFIX_PATH}:/home/sid/ros2_ws/install/my_first_pkg:/opt/ros/iron /home/sid/.local/bin/cmake --build /home/sid/ros2_ws/build/polygon_base -- -j8 -l8
[0.059s] [100%] Built target area_node
[0.065s] Invoked command in '/home/sid/ros2_ws/build/polygon_base' returned '0': CMAKE_PREFIX_PATH=${CMAKE_PREFIX_PATH}:/home/sid/ros2_ws/install/my_first_pkg:/opt/ros/iron /home/sid/.local/bin/cmake --build /home/sid/ros2_ws/build/polygon_base -- -j8 -l8
[0.119s] Invoking command in '/home/sid/ros2_ws/build/polygon_base': CMAKE_PREFIX_PATH=${CMAKE_PREFIX_PATH}:/home/sid/ros2_ws/install/my_first_pkg:/opt/ros/iron /home/sid/.local/bin/cmake --install /home/sid/ros2_ws/build/polygon_base
[0.139s] -- Install configuration: ""
[0.139s] -- Up-to-date: /home/sid/ros2_ws/install/polygon_base/include
[0.139s] -- Up-to-date: /home/sid/ros2_ws/install/polygon_base/include/polygon_base
[0.139s] -- Up-to-date: /home/sid/ros2_ws/install/polygon_base/include/polygon_base/regular_polygon.hpp
[0.139s] -- Up-to-date: /home/sid/ros2_ws/install/polygon_base/lib/polygon_base/area_node
[0.139s] -- Up-to-date: /home/sid/ros2_ws/install/polygon_base/share/ament_index/resource_index/package_run_dependencies/polygon_base
[0.139s] -- Up-to-date: /home/sid/ros2_ws/install/polygon_base/share/ament_index/resource_index/parent_prefix_path/polygon_base
[0.139s] -- Up-to-date: /home/sid/ros2_ws/install/polygon_base/share/polygon_base/environment/ament_prefix_path.sh
[0.139s] -- Up-to-date: /home/sid/ros2_ws/install/polygon_base/share/polygon_base/environment/ament_prefix_path.dsv
[0.139s] -- Up-to-date: /home/sid/ros2_ws/install/polygon_base/share/polygon_base/environment/path.sh
[0.139s] -- Up-to-date: /home/sid/ros2_ws/install/polygon_base/share/polygon_base/environment/path.dsv
[0.139s] -- Up-to-date: /home/sid/ros2_ws/install/polygon_base/share/polygon_base/local_setup.bash
[0.139s] -- Up-to-date: /home/sid/ros2_ws/install/polygon_base/share/polygon_base/local_setup.sh
[0.139s] -- Up-to-date: /home/sid/ros2_ws/install/polygon_base/share/polygon_base/local_setup.zsh
[0.139s] -- Up-to-date: /home/sid/ros2_ws/install/polygon_base/share/polygon_base/local_setup.dsv
[0.139s] -- Installing: /home/sid/ros2_ws/install/polygon_base/share/polygon_base/package.dsv
[0.139s] -- Up-to-date: /home/sid/ros2_ws/install/polygon_base/share/ament_index/resource_index/packages/polygon_base
[0.139s] -- Up-to-date: /home/sid/ros2_ws/install/polygon_base/share/polygon_base/cmake/ament_cmake_export_include_directories-extras.cmake
[0.140s] -- Up-to-date: /home/sid/ros2_ws/install/polygon_base/share/polygon_base/cmake/polygon_baseConfig.cmake
[0.140s] -- Up-to-date: /home/sid/ros2_ws/install/polygon_base/share/polygon_base/cmake/polygon_baseConfig-version.cmake
[0.140s] -- Up-to-date: /home/sid/ros2_ws/install/polygon_base/share/polygon_base/package.xml
[0.144s] Invoked command in '/home/sid/ros2_ws/build/polygon_base' returned '0': CMAKE_PREFIX_PATH=${CMAKE_PREFIX_PATH}:/home/sid/ros2_ws/install/my_first_pkg:/opt/ros/iron /home/sid/.local/bin/cmake --install /home/sid/ros2_ws/build/polygon_base
