[  2%] Built target tut_interfaces__rosidl_generator_type_description
[  2%] Built target ament_cmake_python_copy_tut_interfaces
[  4%] Built target tut_interfaces__cpp
[ 22%] Built target tut_interfaces__rosidl_generator_c
[ 31%] Built target tut_interfaces__rosidl_typesupport_cpp
[ 40%] Built target tut_interfaces__rosidl_typesupport_c
[ 50%] Built target tut_interfaces__rosidl_typesupport_fastrtps_cpp
[ 59%] Built target tut_interfaces__rosidl_typesupport_fastrtps_c
[ 68%] Built target tut_interfaces__rosidl_typesupport_introspection_c
[ 77%] Built target tut_interfaces__rosidl_typesupport_introspection_cpp
[ 77%] Built target tut_interfaces
[ 79%] Built target tut_interfaces__py
[ 86%] Built target tut_interfaces__rosidl_generator_py
[ 90%] Built target tut_interfaces__rosidl_typesupport_c__pyext
[ 97%] Built target tut_interfaces__rosidl_typesupport_fastrtps_c__pyext
[100%] Built target tut_interfaces__rosidl_typesupport_introspection_c__pyext
running egg_info
writing tut_interfaces.egg-info/PKG-INFO
writing dependency_links to tut_interfaces.egg-info/dependency_links.txt
writing top-level names to tut_interfaces.egg-info/top_level.txt
reading manifest file 'tut_interfaces.egg-info/SOURCES.txt'
writing manifest file 'tut_interfaces.egg-info/SOURCES.txt'
[100%] Built target ament_cmake_python_build_tut_interfaces_egg
-- Install configuration: ""
-- Up-to-date: /home/sid/ros2_ws/install/tut_interfaces/share/ament_index/resource_index/rosidl_interfaces/tut_interfaces
-- Up-to-date: /home/sid/ros2_ws/install/tut_interfaces/share/tut_interfaces/msg/Message.json
-- Up-to-date: /home/sid/ros2_ws/install/tut_interfaces/share/tut_interfaces/srv/CheckFib.json
-- Up-to-date: /home/sid/ros2_ws/install/tut_interfaces/include/tut_interfaces/tut_interfaces
-- Up-to-date: /home/sid/ros2_ws/install/tut_interfaces/include/tut_interfaces/tut_interfaces/srv
-- Up-to-date: /home/sid/ros2_ws/install/tut_interfaces/include/tut_interfaces/tut_interfaces/srv/check_fib.h
-- Up-to-date: /home/sid/ros2_ws/install/tut_interfaces/include/tut_interfaces/tut_interfaces/srv/detail
-- Up-to-date: /home/sid/ros2_ws/install/tut_interfaces/include/tut_interfaces/tut_interfaces/srv/detail/check_fib__functions.c
-- Up-to-date: /home/sid/ros2_ws/install/tut_interfaces/include/tut_interfaces/tut_interfaces/srv/detail/check_fib__struct.h
-- Up-to-date: /home/sid/ros2_ws/install/tut_interfaces/include/tut_interfaces/tut_interfaces/srv/detail/check_fib__type_support.h
-- Up-to-date: /home/sid/ros2_ws/install/tut_interfaces/include/tut_interfaces/tut_interfaces/srv/detail/check_fib__description.c
-- Up-to-date: /home/sid/ros2_ws/install/tut_interfaces/include/tut_interfaces/tut_interfaces/srv/detail/check_fib__type_support.c
-- Up-to-date: /home/sid/ros2_ws/install/tut_interfaces/include/tut_interfaces/tut_interfaces/srv/detail/check_fib__functions.h
-- Up-to-date: /home/sid/ros2_ws/install/tut_interfaces/include/tut_interfaces/tut_interfaces/msg
-- Up-to-date: /home/sid/ros2_ws/install/tut_interfaces/include/tut_interfaces/tut_interfaces/msg/message.h
-- Up-to-date: /home/sid/ros2_ws/install/tut_interfaces/include/tut_interfaces/tut_interfaces/msg/detail
-- Up-to-date: /home/sid/ros2_ws/install/tut_interfaces/include/tut_interfaces/tut_interfaces/msg/detail/message__functions.c
-- Up-to-date: /home/sid/ros2_ws/install/tut_interfaces/include/tut_interfaces/tut_interfaces/msg/detail/ans__functions.h
-- Up-to-date: /home/sid/ros2_ws/install/tut_interfaces/include/tut_interfaces/tut_interfaces/msg/detail/message__description.c
-- Up-to-date: /home/sid/ros2_ws/install/tut_interfaces/include/tut_interfaces/tut_interfaces/msg/detail/ans__functions.c
-- Up-to-date: /home/sid/ros2_ws/install/tut_interfaces/include/tut_interfaces/tut_interfaces/msg/detail/message__functions.h
-- Up-to-date: /home/sid/ros2_ws/install/tut_interfaces/include/tut_interfaces/tut_interfaces/msg/detail/ans__struct.h
-- Up-to-date: /home/sid/ros2_ws/install/tut_interfaces/include/tut_interfaces/tut_interfaces/msg/detail/message__struct.h
-- Up-to-date: /home/sid/ros2_ws/install/tut_interfaces/include/tut_interfaces/tut_interfaces/msg/detail/message__type_support.c
-- Up-to-date: /home/sid/ros2_ws/install/tut_interfaces/include/tut_interfaces/tut_interfaces/msg/detail/message__type_support.h
-- Up-to-date: /home/sid/ros2_ws/install/tut_interfaces/include/tut_interfaces/tut_interfaces/msg/detail/ans__description.c
-- Up-to-date: /home/sid/ros2_ws/install/tut_interfaces/include/tut_interfaces/tut_interfaces/msg/detail/ans__type_support.c
-- Up-to-date: /home/sid/ros2_ws/install/tut_interfaces/include/tut_interfaces/tut_interfaces/msg/detail/ans__type_support.h
-- Up-to-date: /home/sid/ros2_ws/install/tut_interfaces/include/tut_interfaces/tut_interfaces/msg/rosidl_generator_c__visibility_control.h
-- Up-to-date: /home/sid/ros2_ws/install/tut_interfaces/include/tut_interfaces/tut_interfaces/msg/ans.h
-- Up-to-date: /home/sid/ros2_ws/install/tut_interfaces/share/tut_interfaces/environment/library_path.sh
-- Up-to-date: /home/sid/ros2_ws/install/tut_interfaces/share/tut_interfaces/environment/library_path.dsv
-- Up-to-date: /home/sid/ros2_ws/install/tut_interfaces/lib/libtut_interfaces__rosidl_generator_c.so
-- Up-to-date: /home/sid/ros2_ws/install/tut_interfaces/include/tut_interfaces/tut_interfaces
-- Up-to-date: /home/sid/ros2_ws/install/tut_interfaces/include/tut_interfaces/tut_interfaces/srv
-- Up-to-date: /home/sid/ros2_ws/install/tut_interfaces/include/tut_interfaces/tut_interfaces/srv/detail
-- Up-to-date: /home/sid/ros2_ws/install/tut_interfaces/include/tut_interfaces/tut_interfaces/srv/detail/check_fib__rosidl_typesupport_fastrtps_c.h
-- Up-to-date: /home/sid/ros2_ws/install/tut_interfaces/include/tut_interfaces/tut_interfaces/msg
-- Up-to-date: /home/sid/ros2_ws/install/tut_interfaces/include/tut_interfaces/tut_interfaces/msg/detail
-- Up-to-date: /home/sid/ros2_ws/install/tut_interfaces/include/tut_interfaces/tut_interfaces/msg/detail/message__rosidl_typesupport_fastrtps_c.h
-- Up-to-date: /home/sid/ros2_ws/install/tut_interfaces/include/tut_interfaces/tut_interfaces/msg/detail/ans__rosidl_typesupport_fastrtps_c.h
-- Up-to-date: /home/sid/ros2_ws/install/tut_interfaces/include/tut_interfaces/tut_interfaces/msg/rosidl_typesupport_fastrtps_c__visibility_control.h
-- Up-to-date: /home/sid/ros2_ws/install/tut_interfaces/lib/libtut_interfaces__rosidl_typesupport_fastrtps_c.so
-- Up-to-date: /home/sid/ros2_ws/install/tut_interfaces/include/tut_interfaces/tut_interfaces
-- Up-to-date: /home/sid/ros2_ws/install/tut_interfaces/include/tut_interfaces/tut_interfaces/srv
-- Up-to-date: /home/sid/ros2_ws/install/tut_interfaces/include/tut_interfaces/tut_interfaces/srv/detail
-- Up-to-date: /home/sid/ros2_ws/install/tut_interfaces/include/tut_interfaces/tut_interfaces/srv/detail/check_fib__builder.hpp
-- Up-to-date: /home/sid/ros2_ws/install/tut_interfaces/include/tut_interfaces/tut_interfaces/srv/detail/check_fib__traits.hpp
-- Up-to-date: /home/sid/ros2_ws/install/tut_interfaces/include/tut_interfaces/tut_interfaces/srv/detail/check_fib__struct.hpp
-- Up-to-date: /home/sid/ros2_ws/install/tut_interfaces/include/tut_interfaces/tut_interfaces/srv/check_fib.hpp
-- Up-to-date: /home/sid/ros2_ws/install/tut_interfaces/include/tut_interfaces/tut_interfaces/msg
-- Up-to-date: /home/sid/ros2_ws/install/tut_interfaces/include/tut_interfaces/tut_interfaces/msg/detail
-- Up-to-date: /home/sid/ros2_ws/install/tut_interfaces/include/tut_interfaces/tut_interfaces/msg/detail/message__struct.hpp
-- Up-to-date: /home/sid/ros2_ws/install/tut_interfaces/include/tut_interfaces/tut_interfaces/msg/detail/ans__builder.hpp
-- Up-to-date: /home/sid/ros2_ws/install/tut_interfaces/include/tut_interfaces/tut_interfaces/msg/detail/ans__traits.hpp
-- Up-to-date: /home/sid/ros2_ws/install/tut_interfaces/include/tut_interfaces/tut_interfaces/msg/detail/message__builder.hpp
-- Up-to-date: /home/sid/ros2_ws/install/tut_interfaces/include/tut_interfaces/tut_interfaces/msg/detail/ans__struct.hpp
-- Up-to-date: /home/sid/ros2_ws/install/tut_interfaces/include/tut_interfaces/tut_interfaces/msg/detail/message__traits.hpp
-- Up-to-date: /home/sid/ros2_ws/install/tut_interfaces/include/tut_interfaces/tut_interfaces/msg/message.hpp
-- Up-to-date: /home/sid/ros2_ws/install/tut_interfaces/include/tut_interfaces/tut_interfaces/msg/ans.hpp
-- Up-to-date: /home/sid/ros2_ws/install/tut_interfaces/include/tut_interfaces/tut_interfaces
-- Up-to-date: /home/sid/ros2_ws/install/tut_interfaces/include/tut_interfaces/tut_interfaces/srv
-- Up-to-date: /home/sid/ros2_ws/install/tut_interfaces/include/tut_interfaces/tut_interfaces/srv/detail
-- Up-to-date: /home/sid/ros2_ws/install/tut_interfaces/include/tut_interfaces/tut_interfaces/srv/detail/dds_fastrtps
-- Up-to-date: /home/sid/ros2_ws/install/tut_interfaces/include/tut_interfaces/tut_interfaces/srv/detail/check_fib__rosidl_typesupport_fastrtps_cpp.hpp
-- Up-to-date: /home/sid/ros2_ws/install/tut_interfaces/include/tut_interfaces/tut_interfaces/msg
-- Up-to-date: /home/sid/ros2_ws/install/tut_interfaces/include/tut_interfaces/tut_interfaces/msg/detail
-- Up-to-date: /home/sid/ros2_ws/install/tut_interfaces/include/tut_interfaces/tut_interfaces/msg/detail/dds_fastrtps
-- Up-to-date: /home/sid/ros2_ws/install/tut_interfaces/include/tut_interfaces/tut_interfaces/msg/detail/ans__rosidl_typesupport_fastrtps_cpp.hpp
-- Up-to-date: /home/sid/ros2_ws/install/tut_interfaces/include/tut_interfaces/tut_interfaces/msg/detail/message__rosidl_typesupport_fastrtps_cpp.hpp
-- Up-to-date: /home/sid/ros2_ws/install/tut_interfaces/include/tut_interfaces/tut_interfaces/msg/rosidl_typesupport_fastrtps_cpp__visibility_control.h
-- Up-to-date: /home/sid/ros2_ws/install/tut_interfaces/lib/libtut_interfaces__rosidl_typesupport_fastrtps_cpp.so
-- Up-to-date: /home/sid/ros2_ws/install/tut_interfaces/include/tut_interfaces/tut_interfaces
-- Up-to-date: /home/sid/ros2_ws/install/tut_interfaces/include/tut_interfaces/tut_interfaces/srv
-- Up-to-date: /home/sid/ros2_ws/install/tut_interfaces/include/tut_interfaces/tut_interfaces/srv/detail
-- Up-to-date: /home/sid/ros2_ws/install/tut_interfaces/include/tut_interfaces/tut_interfaces/srv/detail/check_fib__type_support.c
-- Up-to-date: /home/sid/ros2_ws/install/tut_interfaces/include/tut_interfaces/tut_interfaces/srv/detail/check_fib__rosidl_typesupport_introspection_c.h
-- Up-to-date: /home/sid/ros2_ws/install/tut_interfaces/include/tut_interfaces/tut_interfaces/msg
-- Up-to-date: /home/sid/ros2_ws/install/tut_interfaces/include/tut_interfaces/tut_interfaces/msg/rosidl_typesupport_introspection_c__visibility_control.h
-- Up-to-date: /home/sid/ros2_ws/install/tut_interfaces/include/tut_interfaces/tut_interfaces/msg/detail
-- Up-to-date: /home/sid/ros2_ws/install/tut_interfaces/include/tut_interfaces/tut_interfaces/msg/detail/ans__rosidl_typesupport_introspection_c.h
-- Up-to-date: /home/sid/ros2_ws/install/tut_interfaces/include/tut_interfaces/tut_interfaces/msg/detail/message__rosidl_typesupport_introspection_c.h
-- Up-to-date: /home/sid/ros2_ws/install/tut_interfaces/include/tut_interfaces/tut_interfaces/msg/detail/message__type_support.c
-- Up-to-date: /home/sid/ros2_ws/install/tut_interfaces/include/tut_interfaces/tut_interfaces/msg/detail/ans__type_support.c
-- Up-to-date: /home/sid/ros2_ws/install/tut_interfaces/lib/libtut_interfaces__rosidl_typesupport_introspection_c.so
-- Up-to-date: /home/sid/ros2_ws/install/tut_interfaces/lib/libtut_interfaces__rosidl_typesupport_c.so
-- Up-to-date: /home/sid/ros2_ws/install/tut_interfaces/include/tut_interfaces/tut_interfaces
-- Up-to-date: /home/sid/ros2_ws/install/tut_interfaces/include/tut_interfaces/tut_interfaces/srv
-- Up-to-date: /home/sid/ros2_ws/install/tut_interfaces/include/tut_interfaces/tut_interfaces/srv/detail
-- Up-to-date: /home/sid/ros2_ws/install/tut_interfaces/include/tut_interfaces/tut_interfaces/srv/detail/check_fib__type_support.cpp
-- Up-to-date: /home/sid/ros2_ws/install/tut_interfaces/include/tut_interfaces/tut_interfaces/srv/detail/check_fib__rosidl_typesupport_introspection_cpp.hpp
-- Up-to-date: /home/sid/ros2_ws/install/tut_interfaces/include/tut_interfaces/tut_interfaces/msg
-- Up-to-date: /home/sid/ros2_ws/install/tut_interfaces/include/tut_interfaces/tut_interfaces/msg/detail
-- Up-to-date: /home/sid/ros2_ws/install/tut_interfaces/include/tut_interfaces/tut_interfaces/msg/detail/ans__type_support.cpp
-- Up-to-date: /home/sid/ros2_ws/install/tut_interfaces/include/tut_interfaces/tut_interfaces/msg/detail/message__type_support.cpp
-- Up-to-date: /home/sid/ros2_ws/install/tut_interfaces/include/tut_interfaces/tut_interfaces/msg/detail/message__rosidl_typesupport_introspection_cpp.hpp
-- Up-to-date: /home/sid/ros2_ws/install/tut_interfaces/include/tut_interfaces/tut_interfaces/msg/detail/ans__rosidl_typesupport_introspection_cpp.hpp
-- Up-to-date: /home/sid/ros2_ws/install/tut_interfaces/lib/libtut_interfaces__rosidl_typesupport_introspection_cpp.so
-- Up-to-date: /home/sid/ros2_ws/install/tut_interfaces/lib/libtut_interfaces__rosidl_typesupport_cpp.so
-- Up-to-date: /home/sid/ros2_ws/install/tut_interfaces/share/tut_interfaces/environment/pythonpath.sh
-- Up-to-date: /home/sid/ros2_ws/install/tut_interfaces/share/tut_interfaces/environment/pythonpath.dsv
-- Up-to-date: /home/sid/ros2_ws/install/tut_interfaces/lib/python3.10/site-packages/tut_interfaces-0.0.0-py3.10.egg-info
-- Installing: /home/sid/ros2_ws/install/tut_interfaces/lib/python3.10/site-packages/tut_interfaces-0.0.0-py3.10.egg-info/SOURCES.txt
-- Installing: /home/sid/ros2_ws/install/tut_interfaces/lib/python3.10/site-packages/tut_interfaces-0.0.0-py3.10.egg-info/dependency_links.txt
-- Installing: /home/sid/ros2_ws/install/tut_interfaces/lib/python3.10/site-packages/tut_interfaces-0.0.0-py3.10.egg-info/top_level.txt
-- Installing: /home/sid/ros2_ws/install/tut_interfaces/lib/python3.10/site-packages/tut_interfaces-0.0.0-py3.10.egg-info/PKG-INFO
-- Up-to-date: /home/sid/ros2_ws/install/tut_interfaces/lib/python3.10/site-packages/tut_interfaces
-- Up-to-date: /home/sid/ros2_ws/install/tut_interfaces/lib/python3.10/site-packages/tut_interfaces/libtut_interfaces__rosidl_generator_py.so
-- Up-to-date: /home/sid/ros2_ws/install/tut_interfaces/lib/python3.10/site-packages/tut_interfaces/srv
-- Up-to-date: /home/sid/ros2_ws/install/tut_interfaces/lib/python3.10/site-packages/tut_interfaces/srv/_check_fib.py
-- Up-to-date: /home/sid/ros2_ws/install/tut_interfaces/lib/python3.10/site-packages/tut_interfaces/srv/__init__.py
-- Up-to-date: /home/sid/ros2_ws/install/tut_interfaces/lib/python3.10/site-packages/tut_interfaces/srv/_check_fib_s.c
-- Up-to-date: /home/sid/ros2_ws/install/tut_interfaces/lib/python3.10/site-packages/tut_interfaces/_tut_interfaces_s.ep.rosidl_typesupport_c.c
-- Up-to-date: /home/sid/ros2_ws/install/tut_interfaces/lib/python3.10/site-packages/tut_interfaces/tut_interfaces_s__rosidl_typesupport_fastrtps_c.cpython-310-x86_64-linux-gnu.so
-- Up-to-date: /home/sid/ros2_ws/install/tut_interfaces/lib/python3.10/site-packages/tut_interfaces/tut_interfaces_s__rosidl_typesupport_introspection_c.cpython-310-x86_64-linux-gnu.so
-- Up-to-date: /home/sid/ros2_ws/install/tut_interfaces/lib/python3.10/site-packages/tut_interfaces/tut_interfaces_s__rosidl_typesupport_c.cpython-310-x86_64-linux-gnu.so
-- Up-to-date: /home/sid/ros2_ws/install/tut_interfaces/lib/python3.10/site-packages/tut_interfaces/__init__.py
-- Up-to-date: /home/sid/ros2_ws/install/tut_interfaces/lib/python3.10/site-packages/tut_interfaces/_tut_interfaces_s.ep.rosidl_typesupport_fastrtps_c.c
-- Up-to-date: /home/sid/ros2_ws/install/tut_interfaces/lib/python3.10/site-packages/tut_interfaces/msg
-- Up-to-date: /home/sid/ros2_ws/install/tut_interfaces/lib/python3.10/site-packages/tut_interfaces/msg/_message.py
-- Up-to-date: /home/sid/ros2_ws/install/tut_interfaces/lib/python3.10/site-packages/tut_interfaces/msg/__init__.py
-- Up-to-date: /home/sid/ros2_ws/install/tut_interfaces/lib/python3.10/site-packages/tut_interfaces/msg/_message_s.c
-- Up-to-date: /home/sid/ros2_ws/install/tut_interfaces/lib/python3.10/site-packages/tut_interfaces/msg/_ans.py
-- Up-to-date: /home/sid/ros2_ws/install/tut_interfaces/lib/python3.10/site-packages/tut_interfaces/msg/_ans_s.c
-- Up-to-date: /home/sid/ros2_ws/install/tut_interfaces/lib/python3.10/site-packages/tut_interfaces/_tut_interfaces_s.ep.rosidl_typesupport_introspection_c.c
Listing '/home/sid/ros2_ws/install/tut_interfaces/lib/python3.10/site-packages/tut_interfaces'...
Listing '/home/sid/ros2_ws/install/tut_interfaces/lib/python3.10/site-packages/tut_interfaces/msg'...
Listing '/home/sid/ros2_ws/install/tut_interfaces/lib/python3.10/site-packages/tut_interfaces/srv'...
-- Up-to-date: /home/sid/ros2_ws/install/tut_interfaces/lib/python3.10/site-packages/tut_interfaces/tut_interfaces_s__rosidl_typesupport_fastrtps_c.cpython-310-x86_64-linux-gnu.so
-- Up-to-date: /home/sid/ros2_ws/install/tut_interfaces/lib/python3.10/site-packages/tut_interfaces/tut_interfaces_s__rosidl_typesupport_introspection_c.cpython-310-x86_64-linux-gnu.so
-- Up-to-date: /home/sid/ros2_ws/install/tut_interfaces/lib/python3.10/site-packages/tut_interfaces/tut_interfaces_s__rosidl_typesupport_c.cpython-310-x86_64-linux-gnu.so
-- Up-to-date: /home/sid/ros2_ws/install/tut_interfaces/lib/libtut_interfaces__rosidl_generator_py.so
-- Up-to-date: /home/sid/ros2_ws/install/tut_interfaces/share/tut_interfaces/msg/Message.idl
-- Up-to-date: /home/sid/ros2_ws/install/tut_interfaces/share/tut_interfaces/srv/CheckFib.idl
-- Up-to-date: /home/sid/ros2_ws/install/tut_interfaces/share/tut_interfaces/msg/Message.msg
-- Up-to-date: /home/sid/ros2_ws/install/tut_interfaces/share/tut_interfaces/srv/CheckFib.srv
-- Up-to-date: /home/sid/ros2_ws/install/tut_interfaces/share/tut_interfaces/srv/CheckFib_Request.msg
-- Up-to-date: /home/sid/ros2_ws/install/tut_interfaces/share/tut_interfaces/srv/CheckFib_Response.msg
-- Up-to-date: /home/sid/ros2_ws/install/tut_interfaces/share/ament_index/resource_index/package_run_dependencies/tut_interfaces
-- Up-to-date: /home/sid/ros2_ws/install/tut_interfaces/share/ament_index/resource_index/parent_prefix_path/tut_interfaces
-- Up-to-date: /home/sid/ros2_ws/install/tut_interfaces/share/tut_interfaces/environment/ament_prefix_path.sh
-- Up-to-date: /home/sid/ros2_ws/install/tut_interfaces/share/tut_interfaces/environment/ament_prefix_path.dsv
-- Up-to-date: /home/sid/ros2_ws/install/tut_interfaces/share/tut_interfaces/environment/path.sh
-- Up-to-date: /home/sid/ros2_ws/install/tut_interfaces/share/tut_interfaces/environment/path.dsv
-- Up-to-date: /home/sid/ros2_ws/install/tut_interfaces/share/tut_interfaces/local_setup.bash
-- Up-to-date: /home/sid/ros2_ws/install/tut_interfaces/share/tut_interfaces/local_setup.sh
-- Up-to-date: /home/sid/ros2_ws/install/tut_interfaces/share/tut_interfaces/local_setup.zsh
-- Up-to-date: /home/sid/ros2_ws/install/tut_interfaces/share/tut_interfaces/local_setup.dsv
-- Installing: /home/sid/ros2_ws/install/tut_interfaces/share/tut_interfaces/package.dsv
-- Up-to-date: /home/sid/ros2_ws/install/tut_interfaces/share/ament_index/resource_index/packages/tut_interfaces
-- Up-to-date: /home/sid/ros2_ws/install/tut_interfaces/share/tut_interfaces/cmake/export_tut_interfaces__rosidl_generator_cExport.cmake
-- Up-to-date: /home/sid/ros2_ws/install/tut_interfaces/share/tut_interfaces/cmake/export_tut_interfaces__rosidl_generator_cExport-noconfig.cmake
-- Up-to-date: /home/sid/ros2_ws/install/tut_interfaces/share/tut_interfaces/cmake/export_tut_interfaces__rosidl_typesupport_fastrtps_cExport.cmake
-- Up-to-date: /home/sid/ros2_ws/install/tut_interfaces/share/tut_interfaces/cmake/export_tut_interfaces__rosidl_typesupport_fastrtps_cExport-noconfig.cmake
-- Up-to-date: /home/sid/ros2_ws/install/tut_interfaces/share/tut_interfaces/cmake/export_tut_interfaces__rosidl_generator_cppExport.cmake
-- Up-to-date: /home/sid/ros2_ws/install/tut_interfaces/share/tut_interfaces/cmake/export_tut_interfaces__rosidl_typesupport_fastrtps_cppExport.cmake
-- Up-to-date: /home/sid/ros2_ws/install/tut_interfaces/share/tut_interfaces/cmake/export_tut_interfaces__rosidl_typesupport_fastrtps_cppExport-noconfig.cmake
-- Up-to-date: /home/sid/ros2_ws/install/tut_interfaces/share/tut_interfaces/cmake/tut_interfaces__rosidl_typesupport_introspection_cExport.cmake
-- Up-to-date: /home/sid/ros2_ws/install/tut_interfaces/share/tut_interfaces/cmake/tut_interfaces__rosidl_typesupport_introspection_cExport-noconfig.cmake
-- Up-to-date: /home/sid/ros2_ws/install/tut_interfaces/share/tut_interfaces/cmake/tut_interfaces__rosidl_typesupport_cExport.cmake
-- Up-to-date: /home/sid/ros2_ws/install/tut_interfaces/share/tut_interfaces/cmake/tut_interfaces__rosidl_typesupport_cExport-noconfig.cmake
-- Up-to-date: /home/sid/ros2_ws/install/tut_interfaces/share/tut_interfaces/cmake/tut_interfaces__rosidl_typesupport_introspection_cppExport.cmake
-- Up-to-date: /home/sid/ros2_ws/install/tut_interfaces/share/tut_interfaces/cmake/tut_interfaces__rosidl_typesupport_introspection_cppExport-noconfig.cmake
-- Up-to-date: /home/sid/ros2_ws/install/tut_interfaces/share/tut_interfaces/cmake/tut_interfaces__rosidl_typesupport_cppExport.cmake
-- Up-to-date: /home/sid/ros2_ws/install/tut_interfaces/share/tut_interfaces/cmake/tut_interfaces__rosidl_typesupport_cppExport-noconfig.cmake
-- Up-to-date: /home/sid/ros2_ws/install/tut_interfaces/share/tut_interfaces/cmake/export_tut_interfaces__rosidl_generator_pyExport.cmake
-- Up-to-date: /home/sid/ros2_ws/install/tut_interfaces/share/tut_interfaces/cmake/export_tut_interfaces__rosidl_generator_pyExport-noconfig.cmake
-- Up-to-date: /home/sid/ros2_ws/install/tut_interfaces/share/tut_interfaces/cmake/rosidl_cmake-extras.cmake
-- Up-to-date: /home/sid/ros2_ws/install/tut_interfaces/share/tut_interfaces/cmake/ament_cmake_export_dependencies-extras.cmake
-- Up-to-date: /home/sid/ros2_ws/install/tut_interfaces/share/tut_interfaces/cmake/ament_cmake_export_include_directories-extras.cmake
-- Up-to-date: /home/sid/ros2_ws/install/tut_interfaces/share/tut_interfaces/cmake/ament_cmake_export_libraries-extras.cmake
-- Up-to-date: /home/sid/ros2_ws/install/tut_interfaces/share/tut_interfaces/cmake/ament_cmake_export_targets-extras.cmake
-- Up-to-date: /home/sid/ros2_ws/install/tut_interfaces/share/tut_interfaces/cmake/rosidl_cmake_export_typesupport_targets-extras.cmake
-- Up-to-date: /home/sid/ros2_ws/install/tut_interfaces/share/tut_interfaces/cmake/rosidl_cmake_export_typesupport_libraries-extras.cmake
-- Up-to-date: /home/sid/ros2_ws/install/tut_interfaces/share/tut_interfaces/cmake/tut_interfacesConfig.cmake
-- Up-to-date: /home/sid/ros2_ws/install/tut_interfaces/share/tut_interfaces/cmake/tut_interfacesConfig-version.cmake
-- Up-to-date: /home/sid/ros2_ws/install/tut_interfaces/share/tut_interfaces/package.xml
