[0.010s] Invoking command in '/home/sid/ros2_ws/build/parameter_handler': CMAKE_PREFIX_PATH=${CMAKE_PREFIX_PATH}:/home/sid/ros2_ws/install/my_first_pkg:/opt/ros/iron /home/sid/.local/bin/cmake --build /home/sid/ros2_ws/build/parameter_handler -- -j8 -l8
[0.058s] [ 50%] [32mBuilding CXX object CMakeFiles/parameter_handler.dir/src/cpp_parameter_handler.cpp.o[0m
[5.100s] [100%] [32m[1mLinking CXX executable parameter_handler[0m
[5.350s] [100%] Built target parameter_handler
[5.363s] Invoked command in '/home/sid/ros2_ws/build/parameter_handler' returned '0': CMAKE_PREFIX_PATH=${CMAKE_PREFIX_PATH}:/home/sid/ros2_ws/install/my_first_pkg:/opt/ros/iron /home/sid/.local/bin/cmake --build /home/sid/ros2_ws/build/parameter_handler -- -j8 -l8
[5.426s] Invoking command in '/home/sid/ros2_ws/build/parameter_handler': CMAKE_PREFIX_PATH=${CMAKE_PREFIX_PATH}:/home/sid/ros2_ws/install/my_first_pkg:/opt/ros/iron /home/sid/.local/bin/cmake --install /home/sid/ros2_ws/build/parameter_handler
[5.447s] -- Install configuration: ""
[5.448s] -- Execute custom install script
[5.448s] -- Up-to-date symlink: /home/sid/ros2_ws/install/parameter_handler/lib/parameter_handler/parameter_handler
[5.448s] -- Up-to-date symlink: /home/sid/ros2_ws/install/parameter_handler/share/ament_index/resource_index/package_run_dependencies/parameter_handler
[5.448s] -- Up-to-date symlink: /home/sid/ros2_ws/install/parameter_handler/share/ament_index/resource_index/parent_prefix_path/parameter_handler
[5.448s] -- Up-to-date symlink: /home/sid/ros2_ws/install/parameter_handler/share/parameter_handler/environment/ament_prefix_path.sh
[5.448s] -- Up-to-date symlink: /home/sid/ros2_ws/install/parameter_handler/share/parameter_handler/environment/ament_prefix_path.dsv
[5.448s] -- Up-to-date symlink: /home/sid/ros2_ws/install/parameter_handler/share/parameter_handler/environment/path.sh
[5.448s] -- Up-to-date symlink: /home/sid/ros2_ws/install/parameter_handler/share/parameter_handler/environment/path.dsv
[5.448s] -- Up-to-date symlink: /home/sid/ros2_ws/install/parameter_handler/share/parameter_handler/local_setup.bash
[5.448s] -- Up-to-date symlink: /home/sid/ros2_ws/install/parameter_handler/share/parameter_handler/local_setup.sh
[5.449s] -- Up-to-date symlink: /home/sid/ros2_ws/install/parameter_handler/share/parameter_handler/local_setup.zsh
[5.449s] -- Up-to-date symlink: /home/sid/ros2_ws/install/parameter_handler/share/parameter_handler/local_setup.dsv
[5.449s] -- Symlinking: /home/sid/ros2_ws/install/parameter_handler/share/parameter_handler/package.dsv
[5.451s] -- Up-to-date symlink: /home/sid/ros2_ws/install/parameter_handler/share/ament_index/resource_index/packages/parameter_handler
[5.451s] -- Up-to-date symlink: /home/sid/ros2_ws/install/parameter_handler/share/parameter_handler/cmake/parameter_handlerConfig.cmake
[5.451s] -- Up-to-date symlink: /home/sid/ros2_ws/install/parameter_handler/share/parameter_handler/cmake/parameter_handlerConfig-version.cmake
[5.451s] -- Up-to-date symlink: /home/sid/ros2_ws/install/parameter_handler/share/parameter_handler/package.xml
[5.456s] Invoked command in '/home/sid/ros2_ws/build/parameter_handler' returned '0': CMAKE_PREFIX_PATH=${CMAKE_PREFIX_PATH}:/home/sid/ros2_ws/install/my_first_pkg:/opt/ros/iron /home/sid/.local/bin/cmake --install /home/sid/ros2_ws/build/parameter_handler
