[0.021s] Invoking command in '/home/sid/ros2_ws/build/cpp_pubsub': CMAKE_PREFIX_PATH=${CMAKE_PREFIX_PATH}:/home/sid/ros2_ws/install/my_first_pkg:/opt/ros/iron /home/sid/.local/bin/cmake /home/sid/ros2_ws/src/cpp_pubsub -DCMAKE_INSTALL_PREFIX=/home/sid/ros2_ws/install/cpp_pubsub
[0.266s] -- The C compiler identification is GNU 11.3.0
[0.266s] -- The CXX compiler identification is GNU 11.3.0
[0.266s] -- Detecting C compiler ABI info
[0.266s] -- Detecting C compiler ABI info - done
[0.266s] -- Check for working C compiler: /usr/bin/cc - skipped
[0.266s] -- Detecting C compile features
[0.266s] -- Detecting C compile features - done
[0.266s] -- Detecting CXX compiler ABI info
[0.266s] -- Detecting CXX compiler ABI info - done
[0.266s] -- Check for working CXX compiler: /usr/bin/c++ - skipped
[0.267s] -- Detecting CXX compile features
[0.267s] -- Detecting CXX compile features - done
[0.267s] -- Found ament_cmake: 2.0.3 (/opt/ros/iron/share/ament_cmake/cmake)
[0.512s] -- Found Python3: /usr/bin/python3.10 (found version "3.10.6") found components: Interpreter 
[0.575s] -- Found ament_lint_auto: 0.14.1 (/opt/ros/iron/share/ament_lint_auto/cmake)
[0.634s] -- Added test 'cppcheck' to perform static code analysis on C / C++ code
[0.634s] -- Configured cppcheck include dirs: 
[0.634s] -- Configured cppcheck exclude dirs and/or files: 
[0.634s] -- Added test 'lint_cmake' to check CMake code style
[0.635s] -- Added test 'uncrustify' to check C / C++ code style
[0.635s] -- Configured uncrustify additional arguments: 
[0.635s] -- Added test 'xmllint' to check XML markup files
[0.636s] -- Configuring done (0.6s)
[0.638s] -- Generating done (0.0s)
[0.639s] -- Build files have been written to: /home/sid/ros2_ws/build/cpp_pubsub
[0.646s] Invoked command in '/home/sid/ros2_ws/build/cpp_pubsub' returned '0': CMAKE_PREFIX_PATH=${CMAKE_PREFIX_PATH}:/home/sid/ros2_ws/install/my_first_pkg:/opt/ros/iron /home/sid/.local/bin/cmake /home/sid/ros2_ws/src/cpp_pubsub -DCMAKE_INSTALL_PREFIX=/home/sid/ros2_ws/install/cpp_pubsub
[0.647s] Invoking command in '/home/sid/ros2_ws/build/cpp_pubsub': CMAKE_PREFIX_PATH=${CMAKE_PREFIX_PATH}:/home/sid/ros2_ws/install/my_first_pkg:/opt/ros/iron /home/sid/.local/bin/cmake --build /home/sid/ros2_ws/build/cpp_pubsub -- -j8 -l8
[0.679s] Invoked command in '/home/sid/ros2_ws/build/cpp_pubsub' returned '0': CMAKE_PREFIX_PATH=${CMAKE_PREFIX_PATH}:/home/sid/ros2_ws/install/my_first_pkg:/opt/ros/iron /home/sid/.local/bin/cmake --build /home/sid/ros2_ws/build/cpp_pubsub -- -j8 -l8
[0.711s] Invoking command in '/home/sid/ros2_ws/build/cpp_pubsub': CMAKE_PREFIX_PATH=${CMAKE_PREFIX_PATH}:/home/sid/ros2_ws/install/my_first_pkg:/opt/ros/iron /home/sid/.local/bin/cmake --install /home/sid/ros2_ws/build/cpp_pubsub
[0.731s] -- Install configuration: ""
[0.731s] -- Installing: /home/sid/ros2_ws/install/cpp_pubsub/share/ament_index/resource_index/package_run_dependencies/cpp_pubsub
[0.731s] -- Installing: /home/sid/ros2_ws/install/cpp_pubsub/share/ament_index/resource_index/parent_prefix_path/cpp_pubsub
[0.731s] -- Installing: /home/sid/ros2_ws/install/cpp_pubsub/share/cpp_pubsub/environment/ament_prefix_path.sh
[0.731s] -- Installing: /home/sid/ros2_ws/install/cpp_pubsub/share/cpp_pubsub/environment/ament_prefix_path.dsv
[0.731s] -- Installing: /home/sid/ros2_ws/install/cpp_pubsub/share/cpp_pubsub/environment/path.sh
[0.731s] -- Installing: /home/sid/ros2_ws/install/cpp_pubsub/share/cpp_pubsub/environment/path.dsv
[0.731s] -- Installing: /home/sid/ros2_ws/install/cpp_pubsub/share/cpp_pubsub/local_setup.bash
[0.731s] -- Installing: /home/sid/ros2_ws/install/cpp_pubsub/share/cpp_pubsub/local_setup.sh
[0.731s] -- Installing: /home/sid/ros2_ws/install/cpp_pubsub/share/cpp_pubsub/local_setup.zsh
[0.731s] -- Installing: /home/sid/ros2_ws/install/cpp_pubsub/share/cpp_pubsub/local_setup.dsv
[0.732s] -- Installing: /home/sid/ros2_ws/install/cpp_pubsub/share/cpp_pubsub/package.dsv
[0.732s] -- Installing: /home/sid/ros2_ws/install/cpp_pubsub/share/ament_index/resource_index/packages/cpp_pubsub
[0.732s] -- Installing: /home/sid/ros2_ws/install/cpp_pubsub/share/cpp_pubsub/cmake/cpp_pubsubConfig.cmake
[0.732s] -- Installing: /home/sid/ros2_ws/install/cpp_pubsub/share/cpp_pubsub/cmake/cpp_pubsubConfig-version.cmake
[0.732s] -- Installing: /home/sid/ros2_ws/install/cpp_pubsub/share/cpp_pubsub/package.xml
[0.738s] Invoked command in '/home/sid/ros2_ws/build/cpp_pubsub' returned '0': CMAKE_PREFIX_PATH=${CMAKE_PREFIX_PATH}:/home/sid/ros2_ws/install/my_first_pkg:/opt/ros/iron /home/sid/.local/bin/cmake --install /home/sid/ros2_ws/build/cpp_pubsub
