[0.013s] Invoking command in '/home/sid/ros2_ws/build/polygon_base': CMAKE_PREFIX_PATH=${CMAKE_PREFIX_PATH}:/home/sid/ros2_ws/install/my_first_pkg:/opt/ros/iron /home/sid/.local/bin/cmake --build /home/sid/ros2_ws/build/polygon_base -- -j8 -l8
[0.038s] -- Found ament_cmake: 2.0.3 (/opt/ros/iron/share/ament_cmake/cmake)
[0.114s] -- Found pluginlib: 5.2.2 (/opt/ros/iron/share/pluginlib/cmake)
[0.138s] -- Found ament_lint_auto: 0.14.1 (/opt/ros/iron/share/ament_lint_auto/cmake)
[0.183s] -- Added test 'cppcheck' to perform static code analysis on C / C++ code
[0.183s] -- Configured cppcheck include dirs: $<BUILD_INTERFACE:/home/sid/ros2_ws/src/polygon_base/include>
[0.183s] -- Configured cppcheck exclude dirs and/or files: 
[0.183s] -- Added test 'lint_cmake' to check CMake code style
[0.184s] -- Added test 'uncrustify' to check C / C++ code style
[0.184s] -- Configured uncrustify additional arguments: 
[0.184s] -- Added test 'xmllint' to check XML markup files
[0.185s] -- Configuring done (0.2s)
[0.188s] -- Generating done (0.0s)
[0.189s] -- Build files have been written to: /home/sid/ros2_ws/build/polygon_base
[0.202s] [100%] Built target area_node
[0.208s] Invoked command in '/home/sid/ros2_ws/build/polygon_base' returned '0': CMAKE_PREFIX_PATH=${CMAKE_PREFIX_PATH}:/home/sid/ros2_ws/install/my_first_pkg:/opt/ros/iron /home/sid/.local/bin/cmake --build /home/sid/ros2_ws/build/polygon_base -- -j8 -l8
[0.263s] Invoking command in '/home/sid/ros2_ws/build/polygon_base': CMAKE_PREFIX_PATH=${CMAKE_PREFIX_PATH}:/home/sid/ros2_ws/install/my_first_pkg:/opt/ros/iron /home/sid/.local/bin/cmake --install /home/sid/ros2_ws/build/polygon_base
[0.282s] -- Install configuration: ""
[0.282s] -- Up-to-date: /home/sid/ros2_ws/install/polygon_base/include
[0.282s] -- Up-to-date: /home/sid/ros2_ws/install/polygon_base/include/polygon_base
[0.282s] -- Up-to-date: /home/sid/ros2_ws/install/polygon_base/include/polygon_base/regular_polygon.hpp
[0.282s] -- Up-to-date: /home/sid/ros2_ws/install/polygon_base/lib/polygon_base/area_node
[0.282s] -- Up-to-date: /home/sid/ros2_ws/install/polygon_base/share/ament_index/resource_index/package_run_dependencies/polygon_base
[0.282s] -- Installing: /home/sid/ros2_ws/install/polygon_base/share/ament_index/resource_index/parent_prefix_path/polygon_base
[0.282s] -- Up-to-date: /home/sid/ros2_ws/install/polygon_base/share/polygon_base/environment/ament_prefix_path.sh
[0.282s] -- Up-to-date: /home/sid/ros2_ws/install/polygon_base/share/polygon_base/environment/ament_prefix_path.dsv
[0.282s] -- Up-to-date: /home/sid/ros2_ws/install/polygon_base/share/polygon_base/environment/path.sh
[0.283s] -- Up-to-date: /home/sid/ros2_ws/install/polygon_base/share/polygon_base/environment/path.dsv
[0.283s] -- Up-to-date: /home/sid/ros2_ws/install/polygon_base/share/polygon_base/local_setup.bash
[0.283s] -- Up-to-date: /home/sid/ros2_ws/install/polygon_base/share/polygon_base/local_setup.sh
[0.283s] -- Up-to-date: /home/sid/ros2_ws/install/polygon_base/share/polygon_base/local_setup.zsh
[0.283s] -- Up-to-date: /home/sid/ros2_ws/install/polygon_base/share/polygon_base/local_setup.dsv
[0.283s] -- Installing: /home/sid/ros2_ws/install/polygon_base/share/polygon_base/package.dsv
[0.283s] -- Up-to-date: /home/sid/ros2_ws/install/polygon_base/share/ament_index/resource_index/packages/polygon_base
[0.283s] -- Up-to-date: /home/sid/ros2_ws/install/polygon_base/share/polygon_base/cmake/ament_cmake_export_include_directories-extras.cmake
[0.283s] -- Up-to-date: /home/sid/ros2_ws/install/polygon_base/share/polygon_base/cmake/polygon_baseConfig.cmake
[0.283s] -- Up-to-date: /home/sid/ros2_ws/install/polygon_base/share/polygon_base/cmake/polygon_baseConfig-version.cmake
[0.283s] -- Up-to-date: /home/sid/ros2_ws/install/polygon_base/share/polygon_base/package.xml
[0.288s] Invoked command in '/home/sid/ros2_ws/build/polygon_base' returned '0': CMAKE_PREFIX_PATH=${CMAKE_PREFIX_PATH}:/home/sid/ros2_ws/install/my_first_pkg:/opt/ros/iron /home/sid/.local/bin/cmake --install /home/sid/ros2_ws/build/polygon_base
