[0.010s] Invoking command in '/home/sid/ros2_ws/build/tut_interfaces': CMAKE_PREFIX_PATH=${CMAKE_PREFIX_PATH}:/home/sid/ros2_ws/install/my_first_pkg:/opt/ros/iron /home/sid/.local/bin/cmake /home/sid/ros2_ws/src/tut_interfaces -DCMAKE_INSTALL_PREFIX=/home/sid/ros2_ws/install/tut_interfaces
[0.032s] -- Found ament_cmake: 2.0.3 (/opt/ros/iron/share/ament_cmake/cmake)
[0.114s] -- Found rosidl_default_generators: 1.5.0 (/opt/ros/iron/share/rosidl_default_generators/cmake)
[0.116s] -- Using all available rosidl_typesupport_c: rosidl_typesupport_fastrtps_c;rosidl_typesupport_introspection_c
[0.144s] -- Using all available rosidl_typesupport_cpp: rosidl_typesupport_fastrtps_cpp;rosidl_typesupport_introspection_cpp
[0.168s] -- Found rosidl_adapter: 4.0.0 (/opt/ros/iron/share/rosidl_adapter/cmake)
[0.372s] -- Found ament_cmake_ros: 0.11.2 (/opt/ros/iron/share/ament_cmake_ros/cmake)
[0.454s] -- Using all available rosidl_typesupport_c: rosidl_typesupport_fastrtps_c;rosidl_typesupport_introspection_c
[0.541s] -- Using all available rosidl_typesupport_cpp: rosidl_typesupport_fastrtps_cpp;rosidl_typesupport_introspection_cpp
[0.558s] -- Found PythonInterp: /usr/bin/python3 (found suitable version "3.10.6", minimum required is "3.6") 
[0.560s] -- Found python_cmake_module: 0.10.2 (/opt/ros/iron/share/python_cmake_module/cmake)
[0.580s] -- Found PythonLibs: /usr/lib/x86_64-linux-gnu/libpython3.10.so (found suitable version "3.10.6", minimum required is "3.5") 
[0.580s] -- Using PYTHON_EXECUTABLE: /usr/bin/python3
[0.580s] -- Using PYTHON_INCLUDE_DIRS: /usr/include/python3.10
[0.580s] -- Using PYTHON_LIBRARIES: /usr/lib/x86_64-linux-gnu/libpython3.10.so
[0.595s] -- Found PythonExtra: .so  
[0.625s] -- Found ament_lint_auto: 0.14.1 (/opt/ros/iron/share/ament_lint_auto/cmake)
[0.633s] -- Added test 'lint_cmake' to check CMake code style
[0.634s] -- Added test 'xmllint' to check XML markup files
[0.635s] -- Configuring done (0.6s)
[0.661s] -- Generating done (0.0s)
[0.662s] -- Build files have been written to: /home/sid/ros2_ws/build/tut_interfaces
[0.671s] Invoked command in '/home/sid/ros2_ws/build/tut_interfaces' returned '0': CMAKE_PREFIX_PATH=${CMAKE_PREFIX_PATH}:/home/sid/ros2_ws/install/my_first_pkg:/opt/ros/iron /home/sid/.local/bin/cmake /home/sid/ros2_ws/src/tut_interfaces -DCMAKE_INSTALL_PREFIX=/home/sid/ros2_ws/install/tut_interfaces
[0.673s] Invoking command in '/home/sid/ros2_ws/build/tut_interfaces': CMAKE_PREFIX_PATH=${CMAKE_PREFIX_PATH}:/home/sid/ros2_ws/install/my_first_pkg:/opt/ros/iron /home/sid/.local/bin/cmake --build /home/sid/ros2_ws/build/tut_interfaces -- -j8 -l8
[0.704s] [  2%] [34m[1mGenerating type hashes for ROS interfaces[0m
[0.707s] [  2%] Built target ament_cmake_python_copy_tut_interfaces
[0.865s] [  2%] Built target tut_interfaces__rosidl_generator_type_description
[0.868s] [  4%] [34m[1mGenerating C code for ROS interfaces[0m
[0.871s] [  6%] [34m[1mGenerating C++ code for ROS interfaces[0m
[0.934s] running egg_info
[0.935s] creating tut_interfaces.egg-info
[0.935s] writing tut_interfaces.egg-info/PKG-INFO
[0.935s] writing dependency_links to tut_interfaces.egg-info/dependency_links.txt
[0.935s] writing top-level names to tut_interfaces.egg-info/top_level.txt
[0.935s] writing manifest file 'tut_interfaces.egg-info/SOURCES.txt'
[0.938s] reading manifest file 'tut_interfaces.egg-info/SOURCES.txt'
[0.938s] writing manifest file 'tut_interfaces.egg-info/SOURCES.txt'
[0.959s] [  6%] Built target ament_cmake_python_build_tut_interfaces_egg
[1.120s] [  6%] Built target tut_interfaces__cpp
[1.147s] [  9%] [32mBuilding C object CMakeFiles/tut_interfaces__rosidl_generator_c.dir/rosidl_generator_c/tut_interfaces/msg/detail/ans__description.c.o[0m
[1.147s] [ 13%] [32mBuilding C object CMakeFiles/tut_interfaces__rosidl_generator_c.dir/rosidl_generator_c/tut_interfaces/srv/detail/check_fib__description.c.o[0m
[1.147s] [ 13%] [32mBuilding C object CMakeFiles/tut_interfaces__rosidl_generator_c.dir/rosidl_generator_c/tut_interfaces/msg/detail/ans__functions.c.o[0m
[1.147s] [ 15%] [32mBuilding C object CMakeFiles/tut_interfaces__rosidl_generator_c.dir/rosidl_generator_c/tut_interfaces/msg/detail/ans__type_support.c.o[0m
[1.147s] [ 18%] [32mBuilding C object CMakeFiles/tut_interfaces__rosidl_generator_c.dir/rosidl_generator_c/tut_interfaces/srv/detail/check_fib__functions.c.o[0m
[1.147s] [ 20%] [32mBuilding C object CMakeFiles/tut_interfaces__rosidl_generator_c.dir/rosidl_generator_c/tut_interfaces/srv/detail/check_fib__type_support.c.o[0m
[1.202s] [ 22%] [32m[1mLinking C shared library libtut_interfaces__rosidl_generator_c.so[0m
[1.221s] [ 22%] Built target tut_interfaces__rosidl_generator_c
[1.224s] [ 25%] [34m[1mGenerating C type support for eProsima Fast-RTPS[0m
[1.225s] [ 29%] [34m[1mGenerating C++ type support dispatch for ROS interfaces[0m
[1.225s] [ 29%] [34m[1mGenerating C++ type support for eProsima Fast-RTPS[0m
[1.225s] [ 31%] [34m[1mGenerating C introspection for ROS interfaces[0m
[1.225s] [ 34%] [34m[1mGenerating C++ introspection for ROS interfaces[0m
[1.225s] [ 36%] [34m[1mGenerating C type support dispatch for ROS interfaces[0m
[1.496s] [ 38%] [32mBuilding CXX object CMakeFiles/tut_interfaces__rosidl_typesupport_fastrtps_cpp.dir/rosidl_typesupport_fastrtps_cpp/tut_interfaces/msg/detail/dds_fastrtps/ans__type_support.cpp.o[0m
[1.496s] [ 40%] [32mBuilding CXX object CMakeFiles/tut_interfaces__rosidl_typesupport_fastrtps_cpp.dir/rosidl_typesupport_fastrtps_cpp/tut_interfaces/srv/detail/dds_fastrtps/check_fib__type_support.cpp.o[0m
[1.509s] [ 43%] [32mBuilding C object CMakeFiles/tut_interfaces__rosidl_typesupport_introspection_c.dir/rosidl_typesupport_introspection_c/tut_interfaces/msg/detail/ans__type_support.c.o[0m
[1.520s] [ 45%] [32mBuilding C object CMakeFiles/tut_interfaces__rosidl_typesupport_introspection_c.dir/rosidl_typesupport_introspection_c/tut_interfaces/srv/detail/check_fib__type_support.c.o[0m
[1.568s] [ 50%] [32mBuilding CXX object CMakeFiles/tut_interfaces__rosidl_typesupport_c.dir/rosidl_typesupport_c/tut_interfaces/msg/ans__type_support.cpp.o[0m
[1.568s] [ 50%] [32mBuilding CXX object CMakeFiles/tut_interfaces__rosidl_typesupport_c.dir/rosidl_typesupport_c/tut_interfaces/srv/check_fib__type_support.cpp.o[0m
[1.568s] [ 52%] [32mBuilding CXX object CMakeFiles/tut_interfaces__rosidl_typesupport_cpp.dir/rosidl_typesupport_cpp/tut_interfaces/msg/ans__type_support.cpp.o[0m
[1.581s] [ 54%] [32m[1mLinking C shared library libtut_interfaces__rosidl_typesupport_introspection_c.so[0m
[1.602s] [ 54%] Built target tut_interfaces__rosidl_typesupport_introspection_c
[1.605s] [ 56%] [32mBuilding CXX object CMakeFiles/tut_interfaces__rosidl_typesupport_cpp.dir/rosidl_typesupport_cpp/tut_interfaces/srv/check_fib__type_support.cpp.o[0m
[1.610s] [ 59%] [32mBuilding CXX object CMakeFiles/tut_interfaces__rosidl_typesupport_introspection_cpp.dir/rosidl_typesupport_introspection_cpp/tut_interfaces/msg/detail/ans__type_support.cpp.o[0m
[1.613s] [ 61%] [32mBuilding CXX object CMakeFiles/tut_interfaces__rosidl_typesupport_introspection_cpp.dir/rosidl_typesupport_introspection_cpp/tut_interfaces/srv/detail/check_fib__type_support.cpp.o[0m
[1.615s] [ 63%] [32m[1mLinking CXX shared library libtut_interfaces__rosidl_typesupport_c.so[0m
[1.649s] [ 65%] [32mBuilding CXX object CMakeFiles/tut_interfaces__rosidl_typesupport_fastrtps_c.dir/rosidl_typesupport_fastrtps_c/tut_interfaces/msg/detail/ans__type_support_c.cpp.o[0m
[1.697s] [ 65%] Built target tut_interfaces__rosidl_typesupport_c
[1.701s] [ 68%] [32mBuilding CXX object CMakeFiles/tut_interfaces__rosidl_typesupport_fastrtps_c.dir/rosidl_typesupport_fastrtps_c/tut_interfaces/srv/detail/check_fib__type_support_c.cpp.o[0m
[2.143s] [ 70%] [32m[1mLinking CXX shared library libtut_interfaces__rosidl_typesupport_cpp.so[0m
[2.183s] [ 72%] [32m[1mLinking CXX shared library libtut_interfaces__rosidl_typesupport_fastrtps_c.so[0m
[2.210s] [ 75%] [32m[1mLinking CXX shared library libtut_interfaces__rosidl_typesupport_introspection_cpp.so[0m
[2.224s] [ 77%] Built target tut_interfaces__rosidl_typesupport_cpp
[2.224s] [ 77%] [32m[1mLinking CXX shared library libtut_interfaces__rosidl_typesupport_fastrtps_cpp.so[0m
[2.287s] [ 77%] Built target tut_interfaces__rosidl_typesupport_fastrtps_c
[2.308s] [ 77%] Built target tut_interfaces__rosidl_typesupport_introspection_cpp
[2.314s] [ 77%] Built target tut_interfaces__rosidl_typesupport_fastrtps_cpp
[2.320s] [ 77%] Built target tut_interfaces
[2.327s] [ 79%] [34m[1mGenerating Python code for ROS interfaces[0m
[2.652s] [ 79%] Built target tut_interfaces__py
[2.658s] [ 84%] [32mBuilding C object CMakeFiles/tut_interfaces__rosidl_generator_py.dir/rosidl_generator_py/tut_interfaces/msg/_ans_s.c.o[0m
[2.658s] [ 84%] [32mBuilding C object CMakeFiles/tut_interfaces__rosidl_generator_py.dir/rosidl_generator_py/tut_interfaces/srv/_check_fib_s.c.o[0m
[2.734s] [ 86%] [32m[1mLinking C shared library rosidl_generator_py/tut_interfaces/libtut_interfaces__rosidl_generator_py.so[0m
[2.755s] [ 86%] Built target tut_interfaces__rosidl_generator_py
[2.761s] [ 90%] [32mBuilding C object CMakeFiles/tut_interfaces__rosidl_typesupport_c__pyext.dir/rosidl_generator_py/tut_interfaces/_tut_interfaces_s.ep.rosidl_typesupport_c.c.o[0m
[2.762s] [ 90%] [32mBuilding C object CMakeFiles/tut_interfaces__rosidl_typesupport_fastrtps_c__pyext.dir/rosidl_generator_py/tut_interfaces/_tut_interfaces_s.ep.rosidl_typesupport_fastrtps_c.c.o[0m
[2.762s] [ 93%] [32mBuilding C object CMakeFiles/tut_interfaces__rosidl_typesupport_introspection_c__pyext.dir/rosidl_generator_py/tut_interfaces/_tut_interfaces_s.ep.rosidl_typesupport_introspection_c.c.o[0m
[2.834s] [ 95%] [32m[1mLinking C shared library rosidl_generator_py/tut_interfaces/tut_interfaces_s__rosidl_typesupport_introspection_c.cpython-310-x86_64-linux-gnu.so[0m
[2.834s] [ 97%] [32m[1mLinking C shared library rosidl_generator_py/tut_interfaces/tut_interfaces_s__rosidl_typesupport_fastrtps_c.cpython-310-x86_64-linux-gnu.so[0m
[2.837s] [100%] [32m[1mLinking C shared library rosidl_generator_py/tut_interfaces/tut_interfaces_s__rosidl_typesupport_c.cpython-310-x86_64-linux-gnu.so[0m
[2.853s] [100%] Built target tut_interfaces__rosidl_typesupport_introspection_c__pyext
[2.853s] [100%] Built target tut_interfaces__rosidl_typesupport_fastrtps_c__pyext
[2.855s] [100%] Built target tut_interfaces__rosidl_typesupport_c__pyext
[2.863s] Invoked command in '/home/sid/ros2_ws/build/tut_interfaces' returned '0': CMAKE_PREFIX_PATH=${CMAKE_PREFIX_PATH}:/home/sid/ros2_ws/install/my_first_pkg:/opt/ros/iron /home/sid/.local/bin/cmake --build /home/sid/ros2_ws/build/tut_interfaces -- -j8 -l8
[2.951s] Invoking command in '/home/sid/ros2_ws/build/tut_interfaces': CMAKE_PREFIX_PATH=${CMAKE_PREFIX_PATH}:/home/sid/ros2_ws/install/my_first_pkg:/opt/ros/iron /home/sid/.local/bin/cmake --install /home/sid/ros2_ws/build/tut_interfaces
[2.970s] -- Install configuration: ""
[2.970s] -- Installing: /home/sid/ros2_ws/install/tut_interfaces/share/ament_index/resource_index/rosidl_interfaces/tut_interfaces
[2.970s] -- Installing: /home/sid/ros2_ws/install/tut_interfaces/share/tut_interfaces/msg/Ans.json
[2.970s] -- Installing: /home/sid/ros2_ws/install/tut_interfaces/share/tut_interfaces/srv/CheckFib.json
[2.970s] -- Installing: /home/sid/ros2_ws/install/tut_interfaces/include/tut_interfaces/tut_interfaces
[2.970s] -- Installing: /home/sid/ros2_ws/install/tut_interfaces/include/tut_interfaces/tut_interfaces/srv
[2.970s] -- Installing: /home/sid/ros2_ws/install/tut_interfaces/include/tut_interfaces/tut_interfaces/srv/check_fib.h
[2.971s] -- Installing: /home/sid/ros2_ws/install/tut_interfaces/include/tut_interfaces/tut_interfaces/srv/detail
[2.971s] -- Installing: /home/sid/ros2_ws/install/tut_interfaces/include/tut_interfaces/tut_interfaces/srv/detail/check_fib__functions.c
[2.971s] -- Installing: /home/sid/ros2_ws/install/tut_interfaces/include/tut_interfaces/tut_interfaces/srv/detail/check_fib__struct.h
[2.971s] -- Installing: /home/sid/ros2_ws/install/tut_interfaces/include/tut_interfaces/tut_interfaces/srv/detail/check_fib__type_support.h
[2.971s] -- Installing: /home/sid/ros2_ws/install/tut_interfaces/include/tut_interfaces/tut_interfaces/srv/detail/check_fib__description.c
[2.971s] -- Installing: /home/sid/ros2_ws/install/tut_interfaces/include/tut_interfaces/tut_interfaces/srv/detail/check_fib__type_support.c
[2.971s] -- Installing: /home/sid/ros2_ws/install/tut_interfaces/include/tut_interfaces/tut_interfaces/srv/detail/check_fib__functions.h
[2.971s] -- Installing: /home/sid/ros2_ws/install/tut_interfaces/include/tut_interfaces/tut_interfaces/msg
[2.971s] -- Installing: /home/sid/ros2_ws/install/tut_interfaces/include/tut_interfaces/tut_interfaces/msg/detail
[2.971s] -- Installing: /home/sid/ros2_ws/install/tut_interfaces/include/tut_interfaces/tut_interfaces/msg/detail/ans__functions.h
[2.971s] -- Installing: /home/sid/ros2_ws/install/tut_interfaces/include/tut_interfaces/tut_interfaces/msg/detail/ans__functions.c
[2.971s] -- Installing: /home/sid/ros2_ws/install/tut_interfaces/include/tut_interfaces/tut_interfaces/msg/detail/ans__struct.h
[2.971s] -- Installing: /home/sid/ros2_ws/install/tut_interfaces/include/tut_interfaces/tut_interfaces/msg/detail/ans__description.c
[2.971s] -- Installing: /home/sid/ros2_ws/install/tut_interfaces/include/tut_interfaces/tut_interfaces/msg/detail/ans__type_support.c
[2.971s] -- Installing: /home/sid/ros2_ws/install/tut_interfaces/include/tut_interfaces/tut_interfaces/msg/detail/ans__type_support.h
[2.971s] -- Installing: /home/sid/ros2_ws/install/tut_interfaces/include/tut_interfaces/tut_interfaces/msg/rosidl_generator_c__visibility_control.h
[2.971s] -- Installing: /home/sid/ros2_ws/install/tut_interfaces/include/tut_interfaces/tut_interfaces/msg/ans.h
[2.971s] -- Installing: /home/sid/ros2_ws/install/tut_interfaces/share/tut_interfaces/environment/library_path.sh
[2.972s] -- Installing: /home/sid/ros2_ws/install/tut_interfaces/share/tut_interfaces/environment/library_path.dsv
[2.972s] -- Installing: /home/sid/ros2_ws/install/tut_interfaces/lib/libtut_interfaces__rosidl_generator_c.so
[2.972s] -- Set runtime path of "/home/sid/ros2_ws/install/tut_interfaces/lib/libtut_interfaces__rosidl_generator_c.so" to ""
[2.972s] -- Up-to-date: /home/sid/ros2_ws/install/tut_interfaces/include/tut_interfaces/tut_interfaces
[2.972s] -- Up-to-date: /home/sid/ros2_ws/install/tut_interfaces/include/tut_interfaces/tut_interfaces/srv
[2.972s] -- Up-to-date: /home/sid/ros2_ws/install/tut_interfaces/include/tut_interfaces/tut_interfaces/srv/detail
[2.972s] -- Installing: /home/sid/ros2_ws/install/tut_interfaces/include/tut_interfaces/tut_interfaces/srv/detail/check_fib__rosidl_typesupport_fastrtps_c.h
[2.972s] -- Up-to-date: /home/sid/ros2_ws/install/tut_interfaces/include/tut_interfaces/tut_interfaces/msg
[2.972s] -- Up-to-date: /home/sid/ros2_ws/install/tut_interfaces/include/tut_interfaces/tut_interfaces/msg/detail
[2.972s] -- Installing: /home/sid/ros2_ws/install/tut_interfaces/include/tut_interfaces/tut_interfaces/msg/detail/ans__rosidl_typesupport_fastrtps_c.h
[2.972s] -- Installing: /home/sid/ros2_ws/install/tut_interfaces/include/tut_interfaces/tut_interfaces/msg/rosidl_typesupport_fastrtps_c__visibility_control.h
[2.972s] -- Installing: /home/sid/ros2_ws/install/tut_interfaces/lib/libtut_interfaces__rosidl_typesupport_fastrtps_c.so
[2.973s] -- Set runtime path of "/home/sid/ros2_ws/install/tut_interfaces/lib/libtut_interfaces__rosidl_typesupport_fastrtps_c.so" to ""
[2.973s] -- Up-to-date: /home/sid/ros2_ws/install/tut_interfaces/include/tut_interfaces/tut_interfaces
[2.973s] -- Up-to-date: /home/sid/ros2_ws/install/tut_interfaces/include/tut_interfaces/tut_interfaces/srv
[2.973s] -- Up-to-date: /home/sid/ros2_ws/install/tut_interfaces/include/tut_interfaces/tut_interfaces/srv/detail
[2.973s] -- Up-to-date: /home/sid/ros2_ws/install/tut_interfaces/include/tut_interfaces/tut_interfaces/srv/detail/check_fib__type_support.c
[2.973s] -- Installing: /home/sid/ros2_ws/install/tut_interfaces/include/tut_interfaces/tut_interfaces/srv/detail/check_fib__rosidl_typesupport_introspection_c.h
[2.973s] -- Up-to-date: /home/sid/ros2_ws/install/tut_interfaces/include/tut_interfaces/tut_interfaces/msg
[2.973s] -- Installing: /home/sid/ros2_ws/install/tut_interfaces/include/tut_interfaces/tut_interfaces/msg/rosidl_typesupport_introspection_c__visibility_control.h
[2.973s] -- Up-to-date: /home/sid/ros2_ws/install/tut_interfaces/include/tut_interfaces/tut_interfaces/msg/detail
[2.973s] -- Installing: /home/sid/ros2_ws/install/tut_interfaces/include/tut_interfaces/tut_interfaces/msg/detail/ans__rosidl_typesupport_introspection_c.h
[2.973s] -- Up-to-date: /home/sid/ros2_ws/install/tut_interfaces/include/tut_interfaces/tut_interfaces/msg/detail/ans__type_support.c
[2.973s] -- Installing: /home/sid/ros2_ws/install/tut_interfaces/lib/libtut_interfaces__rosidl_typesupport_introspection_c.so
[2.973s] -- Set runtime path of "/home/sid/ros2_ws/install/tut_interfaces/lib/libtut_interfaces__rosidl_typesupport_introspection_c.so" to ""
[2.973s] -- Installing: /home/sid/ros2_ws/install/tut_interfaces/lib/libtut_interfaces__rosidl_typesupport_c.so
[2.974s] -- Set runtime path of "/home/sid/ros2_ws/install/tut_interfaces/lib/libtut_interfaces__rosidl_typesupport_c.so" to ""
[2.974s] -- Up-to-date: /home/sid/ros2_ws/install/tut_interfaces/include/tut_interfaces/tut_interfaces
[2.974s] -- Up-to-date: /home/sid/ros2_ws/install/tut_interfaces/include/tut_interfaces/tut_interfaces/srv
[2.974s] -- Up-to-date: /home/sid/ros2_ws/install/tut_interfaces/include/tut_interfaces/tut_interfaces/srv/detail
[2.974s] -- Installing: /home/sid/ros2_ws/install/tut_interfaces/include/tut_interfaces/tut_interfaces/srv/detail/check_fib__builder.hpp
[2.974s] -- Installing: /home/sid/ros2_ws/install/tut_interfaces/include/tut_interfaces/tut_interfaces/srv/detail/check_fib__traits.hpp
[2.974s] -- Installing: /home/sid/ros2_ws/install/tut_interfaces/include/tut_interfaces/tut_interfaces/srv/detail/check_fib__struct.hpp
[2.974s] -- Installing: /home/sid/ros2_ws/install/tut_interfaces/include/tut_interfaces/tut_interfaces/srv/check_fib.hpp
[2.974s] -- Up-to-date: /home/sid/ros2_ws/install/tut_interfaces/include/tut_interfaces/tut_interfaces/msg
[2.974s] -- Up-to-date: /home/sid/ros2_ws/install/tut_interfaces/include/tut_interfaces/tut_interfaces/msg/detail
[2.974s] -- Installing: /home/sid/ros2_ws/install/tut_interfaces/include/tut_interfaces/tut_interfaces/msg/detail/ans__builder.hpp
[2.974s] -- Installing: /home/sid/ros2_ws/install/tut_interfaces/include/tut_interfaces/tut_interfaces/msg/detail/ans__traits.hpp
[2.974s] -- Installing: /home/sid/ros2_ws/install/tut_interfaces/include/tut_interfaces/tut_interfaces/msg/detail/ans__struct.hpp
[2.974s] -- Installing: /home/sid/ros2_ws/install/tut_interfaces/include/tut_interfaces/tut_interfaces/msg/ans.hpp
[2.974s] -- Up-to-date: /home/sid/ros2_ws/install/tut_interfaces/include/tut_interfaces/tut_interfaces
[2.974s] -- Up-to-date: /home/sid/ros2_ws/install/tut_interfaces/include/tut_interfaces/tut_interfaces/srv
[2.974s] -- Up-to-date: /home/sid/ros2_ws/install/tut_interfaces/include/tut_interfaces/tut_interfaces/srv/detail
[2.974s] -- Installing: /home/sid/ros2_ws/install/tut_interfaces/include/tut_interfaces/tut_interfaces/srv/detail/dds_fastrtps
[2.974s] -- Installing: /home/sid/ros2_ws/install/tut_interfaces/include/tut_interfaces/tut_interfaces/srv/detail/check_fib__rosidl_typesupport_fastrtps_cpp.hpp
[2.975s] -- Up-to-date: /home/sid/ros2_ws/install/tut_interfaces/include/tut_interfaces/tut_interfaces/msg
[2.975s] -- Up-to-date: /home/sid/ros2_ws/install/tut_interfaces/include/tut_interfaces/tut_interfaces/msg/detail
[2.975s] -- Installing: /home/sid/ros2_ws/install/tut_interfaces/include/tut_interfaces/tut_interfaces/msg/detail/dds_fastrtps
[2.975s] -- Installing: /home/sid/ros2_ws/install/tut_interfaces/include/tut_interfaces/tut_interfaces/msg/detail/ans__rosidl_typesupport_fastrtps_cpp.hpp
[2.975s] -- Installing: /home/sid/ros2_ws/install/tut_interfaces/include/tut_interfaces/tut_interfaces/msg/rosidl_typesupport_fastrtps_cpp__visibility_control.h
[2.975s] -- Installing: /home/sid/ros2_ws/install/tut_interfaces/lib/libtut_interfaces__rosidl_typesupport_fastrtps_cpp.so
[2.975s] -- Set runtime path of "/home/sid/ros2_ws/install/tut_interfaces/lib/libtut_interfaces__rosidl_typesupport_fastrtps_cpp.so" to ""
[2.975s] -- Up-to-date: /home/sid/ros2_ws/install/tut_interfaces/include/tut_interfaces/tut_interfaces
[2.975s] -- Up-to-date: /home/sid/ros2_ws/install/tut_interfaces/include/tut_interfaces/tut_interfaces/srv
[2.975s] -- Up-to-date: /home/sid/ros2_ws/install/tut_interfaces/include/tut_interfaces/tut_interfaces/srv/detail
[2.975s] -- Installing: /home/sid/ros2_ws/install/tut_interfaces/include/tut_interfaces/tut_interfaces/srv/detail/check_fib__type_support.cpp
[2.975s] -- Installing: /home/sid/ros2_ws/install/tut_interfaces/include/tut_interfaces/tut_interfaces/srv/detail/check_fib__rosidl_typesupport_introspection_cpp.hpp
[2.975s] -- Up-to-date: /home/sid/ros2_ws/install/tut_interfaces/include/tut_interfaces/tut_interfaces/msg
[2.975s] -- Up-to-date: /home/sid/ros2_ws/install/tut_interfaces/include/tut_interfaces/tut_interfaces/msg/detail
[2.975s] -- Installing: /home/sid/ros2_ws/install/tut_interfaces/include/tut_interfaces/tut_interfaces/msg/detail/ans__type_support.cpp
[2.975s] -- Installing: /home/sid/ros2_ws/install/tut_interfaces/include/tut_interfaces/tut_interfaces/msg/detail/ans__rosidl_typesupport_introspection_cpp.hpp
[2.975s] -- Installing: /home/sid/ros2_ws/install/tut_interfaces/lib/libtut_interfaces__rosidl_typesupport_introspection_cpp.so
[2.976s] -- Set runtime path of "/home/sid/ros2_ws/install/tut_interfaces/lib/libtut_interfaces__rosidl_typesupport_introspection_cpp.so" to ""
[2.976s] -- Installing: /home/sid/ros2_ws/install/tut_interfaces/lib/libtut_interfaces__rosidl_typesupport_cpp.so
[2.976s] -- Set runtime path of "/home/sid/ros2_ws/install/tut_interfaces/lib/libtut_interfaces__rosidl_typesupport_cpp.so" to ""
[2.976s] -- Installing: /home/sid/ros2_ws/install/tut_interfaces/share/tut_interfaces/environment/pythonpath.sh
[2.976s] -- Installing: /home/sid/ros2_ws/install/tut_interfaces/share/tut_interfaces/environment/pythonpath.dsv
[2.976s] -- Installing: /home/sid/ros2_ws/install/tut_interfaces/lib/python3.10/site-packages/tut_interfaces-0.0.0-py3.10.egg-info
[2.976s] -- Installing: /home/sid/ros2_ws/install/tut_interfaces/lib/python3.10/site-packages/tut_interfaces-0.0.0-py3.10.egg-info/SOURCES.txt
[2.976s] -- Installing: /home/sid/ros2_ws/install/tut_interfaces/lib/python3.10/site-packages/tut_interfaces-0.0.0-py3.10.egg-info/dependency_links.txt
[2.976s] -- Installing: /home/sid/ros2_ws/install/tut_interfaces/lib/python3.10/site-packages/tut_interfaces-0.0.0-py3.10.egg-info/top_level.txt
[2.976s] -- Installing: /home/sid/ros2_ws/install/tut_interfaces/lib/python3.10/site-packages/tut_interfaces-0.0.0-py3.10.egg-info/PKG-INFO
[2.976s] -- Installing: /home/sid/ros2_ws/install/tut_interfaces/lib/python3.10/site-packages/tut_interfaces
[2.976s] -- Installing: /home/sid/ros2_ws/install/tut_interfaces/lib/python3.10/site-packages/tut_interfaces/libtut_interfaces__rosidl_generator_py.so
[2.976s] -- Installing: /home/sid/ros2_ws/install/tut_interfaces/lib/python3.10/site-packages/tut_interfaces/srv
[2.977s] -- Installing: /home/sid/ros2_ws/install/tut_interfaces/lib/python3.10/site-packages/tut_interfaces/srv/_check_fib.py
[2.977s] -- Installing: /home/sid/ros2_ws/install/tut_interfaces/lib/python3.10/site-packages/tut_interfaces/srv/__init__.py
[2.977s] -- Installing: /home/sid/ros2_ws/install/tut_interfaces/lib/python3.10/site-packages/tut_interfaces/srv/_check_fib_s.c
[2.977s] -- Installing: /home/sid/ros2_ws/install/tut_interfaces/lib/python3.10/site-packages/tut_interfaces/_tut_interfaces_s.ep.rosidl_typesupport_c.c
[2.977s] -- Installing: /home/sid/ros2_ws/install/tut_interfaces/lib/python3.10/site-packages/tut_interfaces/tut_interfaces_s__rosidl_typesupport_fastrtps_c.cpython-310-x86_64-linux-gnu.so
[2.977s] -- Installing: /home/sid/ros2_ws/install/tut_interfaces/lib/python3.10/site-packages/tut_interfaces/tut_interfaces_s__rosidl_typesupport_introspection_c.cpython-310-x86_64-linux-gnu.so
[2.977s] -- Installing: /home/sid/ros2_ws/install/tut_interfaces/lib/python3.10/site-packages/tut_interfaces/tut_interfaces_s__rosidl_typesupport_c.cpython-310-x86_64-linux-gnu.so
[2.977s] -- Installing: /home/sid/ros2_ws/install/tut_interfaces/lib/python3.10/site-packages/tut_interfaces/__init__.py
[2.977s] -- Installing: /home/sid/ros2_ws/install/tut_interfaces/lib/python3.10/site-packages/tut_interfaces/_tut_interfaces_s.ep.rosidl_typesupport_fastrtps_c.c
[2.977s] -- Installing: /home/sid/ros2_ws/install/tut_interfaces/lib/python3.10/site-packages/tut_interfaces/msg
[2.977s] -- Installing: /home/sid/ros2_ws/install/tut_interfaces/lib/python3.10/site-packages/tut_interfaces/msg/__init__.py
[2.977s] -- Installing: /home/sid/ros2_ws/install/tut_interfaces/lib/python3.10/site-packages/tut_interfaces/msg/_ans.py
[2.977s] -- Installing: /home/sid/ros2_ws/install/tut_interfaces/lib/python3.10/site-packages/tut_interfaces/msg/_ans_s.c
[2.977s] -- Installing: /home/sid/ros2_ws/install/tut_interfaces/lib/python3.10/site-packages/tut_interfaces/_tut_interfaces_s.ep.rosidl_typesupport_introspection_c.c
[3.004s] Listing '/home/sid/ros2_ws/install/tut_interfaces/lib/python3.10/site-packages/tut_interfaces'...
[3.004s] Compiling '/home/sid/ros2_ws/install/tut_interfaces/lib/python3.10/site-packages/tut_interfaces/__init__.py'...
[3.004s] Listing '/home/sid/ros2_ws/install/tut_interfaces/lib/python3.10/site-packages/tut_interfaces/msg'...
[3.004s] Compiling '/home/sid/ros2_ws/install/tut_interfaces/lib/python3.10/site-packages/tut_interfaces/msg/__init__.py'...
[3.004s] Compiling '/home/sid/ros2_ws/install/tut_interfaces/lib/python3.10/site-packages/tut_interfaces/msg/_ans.py'...
[3.004s] Listing '/home/sid/ros2_ws/install/tut_interfaces/lib/python3.10/site-packages/tut_interfaces/srv'...
[3.004s] Compiling '/home/sid/ros2_ws/install/tut_interfaces/lib/python3.10/site-packages/tut_interfaces/srv/__init__.py'...
[3.004s] Compiling '/home/sid/ros2_ws/install/tut_interfaces/lib/python3.10/site-packages/tut_interfaces/srv/_check_fib.py'...
[3.008s] -- Installing: /home/sid/ros2_ws/install/tut_interfaces/lib/python3.10/site-packages/tut_interfaces/tut_interfaces_s__rosidl_typesupport_fastrtps_c.cpython-310-x86_64-linux-gnu.so
[3.009s] -- Set runtime path of "/home/sid/ros2_ws/install/tut_interfaces/lib/python3.10/site-packages/tut_interfaces/tut_interfaces_s__rosidl_typesupport_fastrtps_c.cpython-310-x86_64-linux-gnu.so" to ""
[3.009s] -- Installing: /home/sid/ros2_ws/install/tut_interfaces/lib/python3.10/site-packages/tut_interfaces/tut_interfaces_s__rosidl_typesupport_introspection_c.cpython-310-x86_64-linux-gnu.so
[3.009s] -- Set runtime path of "/home/sid/ros2_ws/install/tut_interfaces/lib/python3.10/site-packages/tut_interfaces/tut_interfaces_s__rosidl_typesupport_introspection_c.cpython-310-x86_64-linux-gnu.so" to ""
[3.009s] -- Installing: /home/sid/ros2_ws/install/tut_interfaces/lib/python3.10/site-packages/tut_interfaces/tut_interfaces_s__rosidl_typesupport_c.cpython-310-x86_64-linux-gnu.so
[3.009s] -- Set runtime path of "/home/sid/ros2_ws/install/tut_interfaces/lib/python3.10/site-packages/tut_interfaces/tut_interfaces_s__rosidl_typesupport_c.cpython-310-x86_64-linux-gnu.so" to ""
[3.009s] -- Installing: /home/sid/ros2_ws/install/tut_interfaces/lib/libtut_interfaces__rosidl_generator_py.so
[3.009s] -- Set runtime path of "/home/sid/ros2_ws/install/tut_interfaces/lib/libtut_interfaces__rosidl_generator_py.so" to ""
[3.009s] -- Installing: /home/sid/ros2_ws/install/tut_interfaces/share/tut_interfaces/msg/Ans.idl
[3.009s] -- Installing: /home/sid/ros2_ws/install/tut_interfaces/share/tut_interfaces/srv/CheckFib.idl
[3.009s] -- Installing: /home/sid/ros2_ws/install/tut_interfaces/share/tut_interfaces/msg/Ans.msg
[3.010s] -- Installing: /home/sid/ros2_ws/install/tut_interfaces/share/tut_interfaces/srv/CheckFib.srv
[3.010s] -- Installing: /home/sid/ros2_ws/install/tut_interfaces/share/tut_interfaces/srv/CheckFib_Request.msg
[3.010s] -- Installing: /home/sid/ros2_ws/install/tut_interfaces/share/tut_interfaces/srv/CheckFib_Response.msg
[3.010s] -- Installing: /home/sid/ros2_ws/install/tut_interfaces/share/ament_index/resource_index/package_run_dependencies/tut_interfaces
[3.010s] -- Installing: /home/sid/ros2_ws/install/tut_interfaces/share/ament_index/resource_index/parent_prefix_path/tut_interfaces
[3.010s] -- Installing: /home/sid/ros2_ws/install/tut_interfaces/share/tut_interfaces/environment/ament_prefix_path.sh
[3.010s] -- Installing: /home/sid/ros2_ws/install/tut_interfaces/share/tut_interfaces/environment/ament_prefix_path.dsv
[3.010s] -- Installing: /home/sid/ros2_ws/install/tut_interfaces/share/tut_interfaces/environment/path.sh
[3.010s] -- Installing: /home/sid/ros2_ws/install/tut_interfaces/share/tut_interfaces/environment/path.dsv
[3.010s] -- Installing: /home/sid/ros2_ws/install/tut_interfaces/share/tut_interfaces/local_setup.bash
[3.010s] -- Installing: /home/sid/ros2_ws/install/tut_interfaces/share/tut_interfaces/local_setup.sh
[3.011s] -- Installing: /home/sid/ros2_ws/install/tut_interfaces/share/tut_interfaces/local_setup.zsh
[3.011s] -- Installing: /home/sid/ros2_ws/install/tut_interfaces/share/tut_interfaces/local_setup.dsv
[3.011s] -- Installing: /home/sid/ros2_ws/install/tut_interfaces/share/tut_interfaces/package.dsv
[3.011s] -- Installing: /home/sid/ros2_ws/install/tut_interfaces/share/ament_index/resource_index/packages/tut_interfaces
[3.011s] -- Installing: /home/sid/ros2_ws/install/tut_interfaces/share/tut_interfaces/cmake/export_tut_interfaces__rosidl_generator_cExport.cmake
[3.011s] -- Installing: /home/sid/ros2_ws/install/tut_interfaces/share/tut_interfaces/cmake/export_tut_interfaces__rosidl_generator_cExport-noconfig.cmake
[3.011s] -- Installing: /home/sid/ros2_ws/install/tut_interfaces/share/tut_interfaces/cmake/export_tut_interfaces__rosidl_typesupport_fastrtps_cExport.cmake
[3.011s] -- Installing: /home/sid/ros2_ws/install/tut_interfaces/share/tut_interfaces/cmake/export_tut_interfaces__rosidl_typesupport_fastrtps_cExport-noconfig.cmake
[3.011s] -- Installing: /home/sid/ros2_ws/install/tut_interfaces/share/tut_interfaces/cmake/tut_interfaces__rosidl_typesupport_introspection_cExport.cmake
[3.011s] -- Installing: /home/sid/ros2_ws/install/tut_interfaces/share/tut_interfaces/cmake/tut_interfaces__rosidl_typesupport_introspection_cExport-noconfig.cmake
[3.011s] -- Installing: /home/sid/ros2_ws/install/tut_interfaces/share/tut_interfaces/cmake/tut_interfaces__rosidl_typesupport_cExport.cmake
[3.011s] -- Installing: /home/sid/ros2_ws/install/tut_interfaces/share/tut_interfaces/cmake/tut_interfaces__rosidl_typesupport_cExport-noconfig.cmake
[3.012s] -- Installing: /home/sid/ros2_ws/install/tut_interfaces/share/tut_interfaces/cmake/export_tut_interfaces__rosidl_generator_cppExport.cmake
[3.012s] -- Installing: /home/sid/ros2_ws/install/tut_interfaces/share/tut_interfaces/cmake/export_tut_interfaces__rosidl_typesupport_fastrtps_cppExport.cmake
[3.012s] -- Installing: /home/sid/ros2_ws/install/tut_interfaces/share/tut_interfaces/cmake/export_tut_interfaces__rosidl_typesupport_fastrtps_cppExport-noconfig.cmake
[3.012s] -- Installing: /home/sid/ros2_ws/install/tut_interfaces/share/tut_interfaces/cmake/tut_interfaces__rosidl_typesupport_introspection_cppExport.cmake
[3.012s] -- Installing: /home/sid/ros2_ws/install/tut_interfaces/share/tut_interfaces/cmake/tut_interfaces__rosidl_typesupport_introspection_cppExport-noconfig.cmake
[3.012s] -- Installing: /home/sid/ros2_ws/install/tut_interfaces/share/tut_interfaces/cmake/tut_interfaces__rosidl_typesupport_cppExport.cmake
[3.012s] -- Installing: /home/sid/ros2_ws/install/tut_interfaces/share/tut_interfaces/cmake/tut_interfaces__rosidl_typesupport_cppExport-noconfig.cmake
[3.012s] -- Installing: /home/sid/ros2_ws/install/tut_interfaces/share/tut_interfaces/cmake/export_tut_interfaces__rosidl_generator_pyExport.cmake
[3.012s] -- Installing: /home/sid/ros2_ws/install/tut_interfaces/share/tut_interfaces/cmake/export_tut_interfaces__rosidl_generator_pyExport-noconfig.cmake
[3.012s] -- Installing: /home/sid/ros2_ws/install/tut_interfaces/share/tut_interfaces/cmake/rosidl_cmake-extras.cmake
[3.012s] -- Installing: /home/sid/ros2_ws/install/tut_interfaces/share/tut_interfaces/cmake/ament_cmake_export_dependencies-extras.cmake
[3.012s] -- Installing: /home/sid/ros2_ws/install/tut_interfaces/share/tut_interfaces/cmake/ament_cmake_export_include_directories-extras.cmake
[3.012s] -- Installing: /home/sid/ros2_ws/install/tut_interfaces/share/tut_interfaces/cmake/ament_cmake_export_libraries-extras.cmake
[3.013s] -- Installing: /home/sid/ros2_ws/install/tut_interfaces/share/tut_interfaces/cmake/ament_cmake_export_targets-extras.cmake
[3.013s] -- Installing: /home/sid/ros2_ws/install/tut_interfaces/share/tut_interfaces/cmake/rosidl_cmake_export_typesupport_targets-extras.cmake
[3.013s] -- Installing: /home/sid/ros2_ws/install/tut_interfaces/share/tut_interfaces/cmake/rosidl_cmake_export_typesupport_libraries-extras.cmake
[3.013s] -- Installing: /home/sid/ros2_ws/install/tut_interfaces/share/tut_interfaces/cmake/tut_interfacesConfig.cmake
[3.013s] -- Installing: /home/sid/ros2_ws/install/tut_interfaces/share/tut_interfaces/cmake/tut_interfacesConfig-version.cmake
[3.013s] -- Installing: /home/sid/ros2_ws/install/tut_interfaces/share/tut_interfaces/package.xml
[3.018s] Invoked command in '/home/sid/ros2_ws/build/tut_interfaces' returned '0': CMAKE_PREFIX_PATH=${CMAKE_PREFIX_PATH}:/home/sid/ros2_ws/install/my_first_pkg:/opt/ros/iron /home/sid/.local/bin/cmake --install /home/sid/ros2_ws/build/tut_interfaces
