[0.457s] Invoking command in '/home/sid/ros2_ws/src/my_first_pkg': PYTHONPATH=/home/sid/ros2_ws/build/my_first_pkg/prefix_override:/home/sid/ros2_ws/install/my_first_pkg/lib/python3.10/site-packages:${PYTHONPATH} /usr/bin/python3 setup.py egg_info --egg-base ../../build/my_first_pkg build --build-base /home/sid/ros2_ws/build/my_first_pkg/build install --record /home/sid/ros2_ws/build/my_first_pkg/install.log --single-version-externally-managed
[0.619s] running egg_info
[0.619s] creating ../../build/my_first_pkg/my_first_pkg.egg-info
[0.619s] writing ../../build/my_first_pkg/my_first_pkg.egg-info/PKG-INFO
[0.619s] writing dependency_links to ../../build/my_first_pkg/my_first_pkg.egg-info/dependency_links.txt
[0.619s] writing entry points to ../../build/my_first_pkg/my_first_pkg.egg-info/entry_points.txt
[0.619s] writing requirements to ../../build/my_first_pkg/my_first_pkg.egg-info/requires.txt
[0.619s] writing top-level names to ../../build/my_first_pkg/my_first_pkg.egg-info/top_level.txt
[0.619s] writing manifest file '../../build/my_first_pkg/my_first_pkg.egg-info/SOURCES.txt'
[0.621s] reading manifest file '../../build/my_first_pkg/my_first_pkg.egg-info/SOURCES.txt'
[0.621s] writing manifest file '../../build/my_first_pkg/my_first_pkg.egg-info/SOURCES.txt'
[0.621s] running build
[0.621s] running build_py
[0.621s] creating /home/sid/ros2_ws/build/my_first_pkg/build
[0.621s] creating /home/sid/ros2_ws/build/my_first_pkg/build/lib
[0.621s] creating /home/sid/ros2_ws/build/my_first_pkg/build/lib/my_first_pkg
[0.621s] copying my_first_pkg/__init__.py -> /home/sid/ros2_ws/build/my_first_pkg/build/lib/my_first_pkg
[0.621s] running install
[0.629s] /usr/lib/python3/dist-packages/setuptools/command/install.py:34: SetuptoolsDeprecationWarning: setup.py install is deprecated. Use build and pip and other standards-based tools.
[0.629s]   warnings.warn(
[0.629s] running install_lib
[0.630s] creating /home/sid/ros2_ws/install/my_first_pkg/lib/python3.10/site-packages/my_first_pkg
[0.630s] copying /home/sid/ros2_ws/build/my_first_pkg/build/lib/my_first_pkg/__init__.py -> /home/sid/ros2_ws/install/my_first_pkg/lib/python3.10/site-packages/my_first_pkg
[0.630s] byte-compiling /home/sid/ros2_ws/install/my_first_pkg/lib/python3.10/site-packages/my_first_pkg/__init__.py to __init__.cpython-310.pyc
[0.630s] running install_data
[0.631s] creating /home/sid/ros2_ws/install/my_first_pkg/share/ament_index
[0.631s] creating /home/sid/ros2_ws/install/my_first_pkg/share/ament_index/resource_index
[0.631s] creating /home/sid/ros2_ws/install/my_first_pkg/share/ament_index/resource_index/packages
[0.631s] copying resource/my_first_pkg -> /home/sid/ros2_ws/install/my_first_pkg/share/ament_index/resource_index/packages
[0.631s] copying package.xml -> /home/sid/ros2_ws/install/my_first_pkg/share/my_first_pkg
[0.631s] running install_egg_info
[0.632s] Copying ../../build/my_first_pkg/my_first_pkg.egg-info to /home/sid/ros2_ws/install/my_first_pkg/lib/python3.10/site-packages/my_first_pkg-0.0.0-py3.10.egg-info
[0.633s] running install_scripts
[0.649s] writing list of installed files to '/home/sid/ros2_ws/build/my_first_pkg/install.log'
[0.672s] Invoked command in '/home/sid/ros2_ws/src/my_first_pkg' returned '0': PYTHONPATH=/home/sid/ros2_ws/build/my_first_pkg/prefix_override:/home/sid/ros2_ws/install/my_first_pkg/lib/python3.10/site-packages:${PYTHONPATH} /usr/bin/python3 setup.py egg_info --egg-base ../../build/my_first_pkg build --build-base /home/sid/ros2_ws/build/my_first_pkg/build install --record /home/sid/ros2_ws/build/my_first_pkg/install.log --single-version-externally-managed
