[0.011s] Invoking command in '/home/sid/ros2_ws/build/polygon_base': CMAKE_PREFIX_PATH=${CMAKE_PREFIX_PATH}:/home/sid/ros2_ws/install/my_first_pkg:/opt/ros/iron /home/sid/.local/bin/cmake /home/sid/ros2_ws/src/polygon_base -DCMAKE_INSTALL_PREFIX=/home/sid/ros2_ws/install/polygon_base
[0.105s] -- The C compiler identification is GNU 11.3.0
[0.170s] -- The CXX compiler identification is GNU 11.3.0
[0.179s] -- Detecting C compiler ABI info
[0.223s] -- Detecting C compiler ABI info - done
[0.231s] -- Check for working C compiler: /usr/bin/cc - skipped
[0.231s] -- Detecting C compile features
[0.232s] -- Detecting C compile features - done
[0.235s] -- Detecting CXX compiler ABI info
[0.282s] -- Detecting CXX compiler ABI info - done
[0.290s] -- Check for working CXX compiler: /usr/bin/c++ - skipped
[0.290s] -- Detecting CXX compile features
[0.291s] -- Detecting CXX compile features - done
[0.296s] -- Found ament_cmake: 2.0.3 (/opt/ros/iron/share/ament_cmake/cmake)
[0.556s] -- Found Python3: /usr/bin/python3.10 (found version "3.10.6") found components: Interpreter 
[0.638s] -- Found pluginlib: 5.2.2 (/opt/ros/iron/share/pluginlib/cmake)
[0.688s] -- Found ament_lint_auto: 0.14.1 (/opt/ros/iron/share/ament_lint_auto/cmake)
[0.751s] -- Added test 'cppcheck' to perform static code analysis on C / C++ code
[0.751s] -- Configured cppcheck include dirs: $<BUILD_INTERFACE:/home/sid/ros2_ws/src/polygon_base/include>
[0.751s] -- Configured cppcheck exclude dirs and/or files: 
[0.752s] -- Added test 'lint_cmake' to check CMake code style
[0.753s] -- Added test 'uncrustify' to check C / C++ code style
[0.753s] -- Configured uncrustify additional arguments: 
[0.753s] -- Added test 'xmllint' to check XML markup files
[0.755s] -- Configuring done (0.7s)
[0.759s] -- Generating done (0.0s)
[0.759s] -- Build files have been written to: /home/sid/ros2_ws/build/polygon_base
[0.767s] Invoked command in '/home/sid/ros2_ws/build/polygon_base' returned '0': CMAKE_PREFIX_PATH=${CMAKE_PREFIX_PATH}:/home/sid/ros2_ws/install/my_first_pkg:/opt/ros/iron /home/sid/.local/bin/cmake /home/sid/ros2_ws/src/polygon_base -DCMAKE_INSTALL_PREFIX=/home/sid/ros2_ws/install/polygon_base
[0.768s] Invoking command in '/home/sid/ros2_ws/build/polygon_base': CMAKE_PREFIX_PATH=${CMAKE_PREFIX_PATH}:/home/sid/ros2_ws/install/my_first_pkg:/opt/ros/iron /home/sid/.local/bin/cmake --build /home/sid/ros2_ws/build/polygon_base -- -j8 -l8
[0.797s] [ 50%] [32mBuilding CXX object CMakeFiles/area_node.dir/src/area_node.cpp.o[0m
[2.769s] [100%] [32m[1mLinking CXX executable area_node[0m
[2.866s] [100%] Built target area_node
[2.872s] Invoked command in '/home/sid/ros2_ws/build/polygon_base' returned '0': CMAKE_PREFIX_PATH=${CMAKE_PREFIX_PATH}:/home/sid/ros2_ws/install/my_first_pkg:/opt/ros/iron /home/sid/.local/bin/cmake --build /home/sid/ros2_ws/build/polygon_base -- -j8 -l8
[2.923s] Invoking command in '/home/sid/ros2_ws/build/polygon_base': CMAKE_PREFIX_PATH=${CMAKE_PREFIX_PATH}:/home/sid/ros2_ws/install/my_first_pkg:/opt/ros/iron /home/sid/.local/bin/cmake --install /home/sid/ros2_ws/build/polygon_base
[2.941s] -- Install configuration: ""
[2.941s] -- Installing: /home/sid/ros2_ws/install/polygon_base/include
[2.941s] -- Installing: /home/sid/ros2_ws/install/polygon_base/include/polygon_base
[2.941s] -- Installing: /home/sid/ros2_ws/install/polygon_base/include/polygon_base/regular_polygon.hpp
[2.941s] -- Installing: /home/sid/ros2_ws/install/polygon_base/lib/polygon_base/area_node
[2.943s] -- Set runtime path of "/home/sid/ros2_ws/install/polygon_base/lib/polygon_base/area_node" to ""
[2.943s] -- Installing: /home/sid/ros2_ws/install/polygon_base/share/ament_index/resource_index/package_run_dependencies/polygon_base
[2.943s] -- Installing: /home/sid/ros2_ws/install/polygon_base/share/ament_index/resource_index/parent_prefix_path/polygon_base
[2.943s] -- Installing: /home/sid/ros2_ws/install/polygon_base/share/polygon_base/environment/ament_prefix_path.sh
[2.943s] -- Installing: /home/sid/ros2_ws/install/polygon_base/share/polygon_base/environment/ament_prefix_path.dsv
[2.943s] -- Installing: /home/sid/ros2_ws/install/polygon_base/share/polygon_base/environment/path.sh
[2.943s] -- Installing: /home/sid/ros2_ws/install/polygon_base/share/polygon_base/environment/path.dsv
[2.943s] -- Installing: /home/sid/ros2_ws/install/polygon_base/share/polygon_base/local_setup.bash
[2.943s] -- Installing: /home/sid/ros2_ws/install/polygon_base/share/polygon_base/local_setup.sh
[2.943s] -- Installing: /home/sid/ros2_ws/install/polygon_base/share/polygon_base/local_setup.zsh
[2.943s] -- Installing: /home/sid/ros2_ws/install/polygon_base/share/polygon_base/local_setup.dsv
[2.943s] -- Installing: /home/sid/ros2_ws/install/polygon_base/share/polygon_base/package.dsv
[2.943s] -- Installing: /home/sid/ros2_ws/install/polygon_base/share/ament_index/resource_index/packages/polygon_base
[2.943s] -- Installing: /home/sid/ros2_ws/install/polygon_base/share/polygon_base/cmake/ament_cmake_export_include_directories-extras.cmake
[2.943s] -- Installing: /home/sid/ros2_ws/install/polygon_base/share/polygon_base/cmake/polygon_baseConfig.cmake
[2.943s] -- Installing: /home/sid/ros2_ws/install/polygon_base/share/polygon_base/cmake/polygon_baseConfig-version.cmake
[2.943s] -- Installing: /home/sid/ros2_ws/install/polygon_base/share/polygon_base/package.xml
[2.948s] Invoked command in '/home/sid/ros2_ws/build/polygon_base' returned '0': CMAKE_PREFIX_PATH=${CMAKE_PREFIX_PATH}:/home/sid/ros2_ws/install/my_first_pkg:/opt/ros/iron /home/sid/.local/bin/cmake --install /home/sid/ros2_ws/build/polygon_base
