[0.020s] Invoking command in '/home/sid/ros2_ws/build/cpp_pub': CMAKE_PREFIX_PATH=${CMAKE_PREFIX_PATH}:/home/sid/ros2_ws/install/my_first_pkg:/opt/ros/iron /home/sid/.local/bin/cmake --build /home/sid/ros2_ws/build/cpp_pub -- -j8 -l8
[0.261s] [ 50%] [32mBuilding CXX object CMakeFiles/simple_sub.dir/src/simple_sub.cpp.o[0m
[0.261s] [ 50%] [32mBuilding CXX object CMakeFiles/simple_pub.dir/src/simple_pub.cpp.o[0m
[3.594s] [ 75%] [32m[1mLinking CXX executable simple_pub[0m
[3.729s] [ 75%] Built target simple_pub
[5.453s] [100%] [32m[1mLinking CXX executable simple_sub[0m
[5.702s] [100%] Built target simple_sub
[5.709s] Invoked command in '/home/sid/ros2_ws/build/cpp_pub' returned '0': CMAKE_PREFIX_PATH=${CMAKE_PREFIX_PATH}:/home/sid/ros2_ws/install/my_first_pkg:/opt/ros/iron /home/sid/.local/bin/cmake --build /home/sid/ros2_ws/build/cpp_pub -- -j8 -l8
[5.748s] Invoking command in '/home/sid/ros2_ws/build/cpp_pub': CMAKE_PREFIX_PATH=${CMAKE_PREFIX_PATH}:/home/sid/ros2_ws/install/my_first_pkg:/opt/ros/iron /home/sid/.local/bin/cmake --install /home/sid/ros2_ws/build/cpp_pub
[5.767s] -- Install configuration: ""
[5.768s] -- Execute custom install script
[5.768s] -- Up-to-date symlink: /home/sid/ros2_ws/install/cpp_pub/lib/cpp_pub/simple_pub
[5.768s] -- Up-to-date symlink: /home/sid/ros2_ws/install/cpp_pub/lib/cpp_pub/simple_sub
[5.768s] -- Up-to-date symlink: /home/sid/ros2_ws/install/cpp_pub/share/ament_index/resource_index/package_run_dependencies/cpp_pub
[5.768s] -- Up-to-date symlink: /home/sid/ros2_ws/install/cpp_pub/share/ament_index/resource_index/parent_prefix_path/cpp_pub
[5.768s] -- Up-to-date symlink: /home/sid/ros2_ws/install/cpp_pub/share/cpp_pub/environment/ament_prefix_path.sh
[5.768s] -- Up-to-date symlink: /home/sid/ros2_ws/install/cpp_pub/share/cpp_pub/environment/ament_prefix_path.dsv
[5.769s] -- Up-to-date symlink: /home/sid/ros2_ws/install/cpp_pub/share/cpp_pub/environment/path.sh
[5.769s] -- Up-to-date symlink: /home/sid/ros2_ws/install/cpp_pub/share/cpp_pub/environment/path.dsv
[5.769s] -- Up-to-date symlink: /home/sid/ros2_ws/install/cpp_pub/share/cpp_pub/local_setup.bash
[5.769s] -- Up-to-date symlink: /home/sid/ros2_ws/install/cpp_pub/share/cpp_pub/local_setup.sh
[5.769s] -- Up-to-date symlink: /home/sid/ros2_ws/install/cpp_pub/share/cpp_pub/local_setup.zsh
[5.769s] -- Up-to-date symlink: /home/sid/ros2_ws/install/cpp_pub/share/cpp_pub/local_setup.dsv
[5.769s] -- Symlinking: /home/sid/ros2_ws/install/cpp_pub/share/cpp_pub/package.dsv
[5.772s] -- Up-to-date symlink: /home/sid/ros2_ws/install/cpp_pub/share/ament_index/resource_index/packages/cpp_pub
[5.772s] -- Up-to-date symlink: /home/sid/ros2_ws/install/cpp_pub/share/cpp_pub/cmake/cpp_pubConfig.cmake
[5.772s] -- Up-to-date symlink: /home/sid/ros2_ws/install/cpp_pub/share/cpp_pub/cmake/cpp_pubConfig-version.cmake
[5.772s] -- Up-to-date symlink: /home/sid/ros2_ws/install/cpp_pub/share/cpp_pub/package.xml
[5.778s] Invoked command in '/home/sid/ros2_ws/build/cpp_pub' returned '0': CMAKE_PREFIX_PATH=${CMAKE_PREFIX_PATH}:/home/sid/ros2_ws/install/my_first_pkg:/opt/ros/iron /home/sid/.local/bin/cmake --install /home/sid/ros2_ws/build/cpp_pub
