[0.521s] Invoking command in '/home/sid/ros2_ws/src/my_first_pkg': PYTHONPATH=/home/sid/ros2_ws/build/my_first_pkg/prefix_override:/home/sid/ros2_ws/install/my_first_pkg/lib/python3.10/site-packages:${PYTHONPATH} /usr/bin/python3 setup.py egg_info --egg-base ../../build/my_first_pkg build --build-base /home/sid/ros2_ws/build/my_first_pkg/build install --record /home/sid/ros2_ws/build/my_first_pkg/install.log --single-version-externally-managed
[0.726s] running egg_info
[0.727s] writing ../../build/my_first_pkg/my_first_pkg.egg-info/PKG-INFO
[0.727s] writing dependency_links to ../../build/my_first_pkg/my_first_pkg.egg-info/dependency_links.txt
[0.727s] writing entry points to ../../build/my_first_pkg/my_first_pkg.egg-info/entry_points.txt
[0.728s] writing requirements to ../../build/my_first_pkg/my_first_pkg.egg-info/requires.txt
[0.728s] writing top-level names to ../../build/my_first_pkg/my_first_pkg.egg-info/top_level.txt
[0.730s] reading manifest file '../../build/my_first_pkg/my_first_pkg.egg-info/SOURCES.txt'
[0.736s] writing manifest file '../../build/my_first_pkg/my_first_pkg.egg-info/SOURCES.txt'
[0.736s] running build
[0.736s] running build_py
[0.736s] running install
[0.736s] running install_lib
[0.737s] running install_data
[0.738s] running install_egg_info
[0.739s] removing '/home/sid/ros2_ws/install/my_first_pkg/lib/python3.10/site-packages/my_first_pkg-0.0.0-py3.10.egg-info' (and everything under it)
[0.739s] Copying ../../build/my_first_pkg/my_first_pkg.egg-info to /home/sid/ros2_ws/install/my_first_pkg/lib/python3.10/site-packages/my_first_pkg-0.0.0-py3.10.egg-info
[0.740s] running install_scripts
[0.759s] writing list of installed files to '/home/sid/ros2_ws/build/my_first_pkg/install.log'
[0.795s] Invoked command in '/home/sid/ros2_ws/src/my_first_pkg' returned '0': PYTHONPATH=/home/sid/ros2_ws/build/my_first_pkg/prefix_override:/home/sid/ros2_ws/install/my_first_pkg/lib/python3.10/site-packages:${PYTHONPATH} /usr/bin/python3 setup.py egg_info --egg-base ../../build/my_first_pkg build --build-base /home/sid/ros2_ws/build/my_first_pkg/build install --record /home/sid/ros2_ws/build/my_first_pkg/install.log --single-version-externally-managed
