[0.024s] Invoking command in '/home/sid/ros2_ws/build/cpp_pub': CMAKE_PREFIX_PATH=${CMAKE_PREFIX_PATH}:/home/sid/ros2_ws/install/my_first_pkg:/opt/ros/iron /home/sid/.local/bin/cmake --build /home/sid/ros2_ws/build/cpp_pub -- -j8 -l8
[0.282s] -- Found ament_cmake: 2.0.3 (/opt/ros/iron/share/ament_cmake/cmake)
[0.282s] -- Override CMake install command with custom implementation using symlinks instead of copying resources
[0.282s] -- Found rclcpp: 21.0.1 (/opt/ros/iron/share/rclcpp/cmake)
[0.282s] -- Found rosidl_generator_c: 4.0.0 (/opt/ros/iron/share/rosidl_generator_c/cmake)
[0.282s] -- Found rosidl_generator_cpp: 4.0.0 (/opt/ros/iron/share/rosidl_generator_cpp/cmake)
[0.282s] -- Using all available rosidl_typesupport_c: rosidl_typesupport_fastrtps_c;rosidl_typesupport_introspection_c
[0.282s] -- Using all available rosidl_typesupport_cpp: rosidl_typesupport_fastrtps_cpp;rosidl_typesupport_introspection_cpp
[0.345s] -- Found rmw_implementation_cmake: 7.1.0 (/opt/ros/iron/share/rmw_implementation_cmake/cmake)
[0.346s] -- Found rmw_fastrtps_cpp: 7.1.1 (/opt/ros/iron/share/rmw_fastrtps_cpp/cmake)
[0.457s] -- Using RMW implementation 'rmw_fastrtps_cpp' as default
[0.607s] -- Found std_msgs: 5.0.0 (/opt/ros/iron/share/std_msgs/cmake)
[0.636s] -- Found ament_lint_auto: 0.14.1 (/opt/ros/iron/share/ament_lint_auto/cmake)
[0.690s] -- Added test 'cppcheck' to perform static code analysis on C / C++ code
[0.690s] -- Configured cppcheck include dirs: 
[0.690s] -- Configured cppcheck exclude dirs and/or files: 
[0.690s] -- Added test 'lint_cmake' to check CMake code style
[0.691s] -- Added test 'uncrustify' to check C / C++ code style
[0.691s] -- Configured uncrustify additional arguments: 
[0.691s] -- Added test 'xmllint' to check XML markup files
[0.692s] -- Configuring done (0.6s)
[0.701s] -- Generating done (0.0s)
[0.702s] -- Build files have been written to: /home/sid/ros2_ws/build/cpp_pub
[0.722s] [ 50%] [32mBuilding CXX object CMakeFiles/simple_pub.dir/src/simple_pub.cpp.o[0m
[4.325s] [100%] [32m[1mLinking CXX executable simple_pub[0m
[4.462s] [100%] Built target simple_pub
[4.469s] Invoked command in '/home/sid/ros2_ws/build/cpp_pub' returned '0': CMAKE_PREFIX_PATH=${CMAKE_PREFIX_PATH}:/home/sid/ros2_ws/install/my_first_pkg:/opt/ros/iron /home/sid/.local/bin/cmake --build /home/sid/ros2_ws/build/cpp_pub -- -j8 -l8
[4.501s] Invoking command in '/home/sid/ros2_ws/build/cpp_pub': CMAKE_PREFIX_PATH=${CMAKE_PREFIX_PATH}:/home/sid/ros2_ws/install/my_first_pkg:/opt/ros/iron /home/sid/.local/bin/cmake --install /home/sid/ros2_ws/build/cpp_pub
[4.522s] -- Install configuration: ""
[4.522s] -- Execute custom install script
[4.522s] -- Up-to-date symlink: /home/sid/ros2_ws/install/cpp_pub/lib/cpp_pub/simple_pub
[4.523s] -- Up-to-date symlink: /home/sid/ros2_ws/install/cpp_pub/share/ament_index/resource_index/package_run_dependencies/cpp_pub
[4.523s] -- Up-to-date symlink: /home/sid/ros2_ws/install/cpp_pub/share/ament_index/resource_index/parent_prefix_path/cpp_pub
[4.523s] -- Up-to-date symlink: /home/sid/ros2_ws/install/cpp_pub/share/cpp_pub/environment/ament_prefix_path.sh
[4.523s] -- Up-to-date symlink: /home/sid/ros2_ws/install/cpp_pub/share/cpp_pub/environment/ament_prefix_path.dsv
[4.523s] -- Up-to-date symlink: /home/sid/ros2_ws/install/cpp_pub/share/cpp_pub/environment/path.sh
[4.523s] -- Up-to-date symlink: /home/sid/ros2_ws/install/cpp_pub/share/cpp_pub/environment/path.dsv
[4.523s] -- Up-to-date symlink: /home/sid/ros2_ws/install/cpp_pub/share/cpp_pub/local_setup.bash
[4.523s] -- Up-to-date symlink: /home/sid/ros2_ws/install/cpp_pub/share/cpp_pub/local_setup.sh
[4.523s] -- Up-to-date symlink: /home/sid/ros2_ws/install/cpp_pub/share/cpp_pub/local_setup.zsh
[4.523s] -- Up-to-date symlink: /home/sid/ros2_ws/install/cpp_pub/share/cpp_pub/local_setup.dsv
[4.523s] -- Symlinking: /home/sid/ros2_ws/install/cpp_pub/share/cpp_pub/package.dsv
[4.526s] -- Up-to-date symlink: /home/sid/ros2_ws/install/cpp_pub/share/ament_index/resource_index/packages/cpp_pub
[4.526s] -- Up-to-date symlink: /home/sid/ros2_ws/install/cpp_pub/share/cpp_pub/cmake/cpp_pubConfig.cmake
[4.526s] -- Up-to-date symlink: /home/sid/ros2_ws/install/cpp_pub/share/cpp_pub/cmake/cpp_pubConfig-version.cmake
[4.526s] -- Up-to-date symlink: /home/sid/ros2_ws/install/cpp_pub/share/cpp_pub/package.xml
[4.532s] Invoked command in '/home/sid/ros2_ws/build/cpp_pub' returned '0': CMAKE_PREFIX_PATH=${CMAKE_PREFIX_PATH}:/home/sid/ros2_ws/install/my_first_pkg:/opt/ros/iron /home/sid/.local/bin/cmake --install /home/sid/ros2_ws/build/cpp_pub
