[ 75%] [32mBuilding CXX object CMakeFiles/server.dir/src/arm_server.cpp.o[0m
[ 75%] Built target client
[100%] [32m[1mLinking CXX executable server[0m
[100%] Built target server
-- Install configuration: ""
-- Installing: /home/sid/ros2_ws/install/arm_checker/lib/arm_checker/server
-- Set runtime path of "/home/sid/ros2_ws/install/arm_checker/lib/arm_checker/server" to ""
-- Up-to-date: /home/sid/ros2_ws/install/arm_checker/lib/arm_checker/client
-- Up-to-date: /home/sid/ros2_ws/install/arm_checker/share/ament_index/resource_index/package_run_dependencies/arm_checker
-- Up-to-date: /home/sid/ros2_ws/install/arm_checker/share/ament_index/resource_index/parent_prefix_path/arm_checker
-- Up-to-date: /home/sid/ros2_ws/install/arm_checker/share/arm_checker/environment/ament_prefix_path.sh
-- Up-to-date: /home/sid/ros2_ws/install/arm_checker/share/arm_checker/environment/ament_prefix_path.dsv
-- Up-to-date: /home/sid/ros2_ws/install/arm_checker/share/arm_checker/environment/path.sh
-- Up-to-date: /home/sid/ros2_ws/install/arm_checker/share/arm_checker/environment/path.dsv
-- Up-to-date: /home/sid/ros2_ws/install/arm_checker/share/arm_checker/local_setup.bash
-- Up-to-date: /home/sid/ros2_ws/install/arm_checker/share/arm_checker/local_setup.sh
-- Up-to-date: /home/sid/ros2_ws/install/arm_checker/share/arm_checker/local_setup.zsh
-- Up-to-date: /home/sid/ros2_ws/install/arm_checker/share/arm_checker/local_setup.dsv
-- Installing: /home/sid/ros2_ws/install/arm_checker/share/arm_checker/package.dsv
-- Up-to-date: /home/sid/ros2_ws/install/arm_checker/share/ament_index/resource_index/packages/arm_checker
-- Up-to-date: /home/sid/ros2_ws/install/arm_checker/share/arm_checker/cmake/arm_checkerConfig.cmake
-- Up-to-date: /home/sid/ros2_ws/install/arm_checker/share/arm_checker/cmake/arm_checkerConfig-version.cmake
-- Up-to-date: /home/sid/ros2_ws/install/arm_checker/share/arm_checker/package.xml
