[0.010s] Invoking command in '/home/sid/ros2_ws/build/arm_checker': CMAKE_PREFIX_PATH=/home/sid/ros2_ws/install/tut_interfaces:/home/sid/ros2_ws/install/fib_test:/home/sid/ros2_ws/install/my_package:/home/sid/ros2_ws/install/cpp_srvcli:/home/sid/ros2_ws/install/cpp_pubsub:/home/sid/ros2_ws/install/cpp_pub:/home/sid/ros2_ws/install/my_first_pkg:/opt/ros/iron /home/sid/.local/bin/cmake --build /home/sid/ros2_ws/build/arm_checker -- -j8 -l8
[0.049s] [ 75%] [32mBuilding CXX object CMakeFiles/server.dir/src/arm_server.cpp.o[0m
[0.049s] [ 75%] Built target client
[2.737s] [100%] [32m[1mLinking CXX executable server[0m
[2.839s] [100%] Built target server
[2.845s] Invoked command in '/home/sid/ros2_ws/build/arm_checker' returned '0': CMAKE_PREFIX_PATH=/home/sid/ros2_ws/install/tut_interfaces:/home/sid/ros2_ws/install/fib_test:/home/sid/ros2_ws/install/my_package:/home/sid/ros2_ws/install/cpp_srvcli:/home/sid/ros2_ws/install/cpp_pubsub:/home/sid/ros2_ws/install/cpp_pub:/home/sid/ros2_ws/install/my_first_pkg:/opt/ros/iron /home/sid/.local/bin/cmake --build /home/sid/ros2_ws/build/arm_checker -- -j8 -l8
[2.878s] Invoking command in '/home/sid/ros2_ws/build/arm_checker': CMAKE_PREFIX_PATH=/home/sid/ros2_ws/install/tut_interfaces:/home/sid/ros2_ws/install/fib_test:/home/sid/ros2_ws/install/my_package:/home/sid/ros2_ws/install/cpp_srvcli:/home/sid/ros2_ws/install/cpp_pubsub:/home/sid/ros2_ws/install/cpp_pub:/home/sid/ros2_ws/install/my_first_pkg:/opt/ros/iron /home/sid/.local/bin/cmake --install /home/sid/ros2_ws/build/arm_checker
[2.895s] -- Install configuration: ""
[2.896s] -- Installing: /home/sid/ros2_ws/install/arm_checker/lib/arm_checker/server
[2.896s] -- Set runtime path of "/home/sid/ros2_ws/install/arm_checker/lib/arm_checker/server" to ""
[2.896s] -- Up-to-date: /home/sid/ros2_ws/install/arm_checker/lib/arm_checker/client
[2.896s] -- Up-to-date: /home/sid/ros2_ws/install/arm_checker/share/ament_index/resource_index/package_run_dependencies/arm_checker
[2.896s] -- Up-to-date: /home/sid/ros2_ws/install/arm_checker/share/ament_index/resource_index/parent_prefix_path/arm_checker
[2.896s] -- Up-to-date: /home/sid/ros2_ws/install/arm_checker/share/arm_checker/environment/ament_prefix_path.sh
[2.896s] -- Up-to-date: /home/sid/ros2_ws/install/arm_checker/share/arm_checker/environment/ament_prefix_path.dsv
[2.897s] -- Up-to-date: /home/sid/ros2_ws/install/arm_checker/share/arm_checker/environment/path.sh
[2.897s] -- Up-to-date: /home/sid/ros2_ws/install/arm_checker/share/arm_checker/environment/path.dsv
[2.897s] -- Up-to-date: /home/sid/ros2_ws/install/arm_checker/share/arm_checker/local_setup.bash
[2.897s] -- Up-to-date: /home/sid/ros2_ws/install/arm_checker/share/arm_checker/local_setup.sh
[2.897s] -- Up-to-date: /home/sid/ros2_ws/install/arm_checker/share/arm_checker/local_setup.zsh
[2.897s] -- Up-to-date: /home/sid/ros2_ws/install/arm_checker/share/arm_checker/local_setup.dsv
[2.897s] -- Installing: /home/sid/ros2_ws/install/arm_checker/share/arm_checker/package.dsv
[2.897s] -- Up-to-date: /home/sid/ros2_ws/install/arm_checker/share/ament_index/resource_index/packages/arm_checker
[2.897s] -- Up-to-date: /home/sid/ros2_ws/install/arm_checker/share/arm_checker/cmake/arm_checkerConfig.cmake
[2.897s] -- Up-to-date: /home/sid/ros2_ws/install/arm_checker/share/arm_checker/cmake/arm_checkerConfig-version.cmake
[2.897s] -- Up-to-date: /home/sid/ros2_ws/install/arm_checker/share/arm_checker/package.xml
[2.902s] Invoked command in '/home/sid/ros2_ws/build/arm_checker' returned '0': CMAKE_PREFIX_PATH=/home/sid/ros2_ws/install/tut_interfaces:/home/sid/ros2_ws/install/fib_test:/home/sid/ros2_ws/install/my_package:/home/sid/ros2_ws/install/cpp_srvcli:/home/sid/ros2_ws/install/cpp_pubsub:/home/sid/ros2_ws/install/cpp_pub:/home/sid/ros2_ws/install/my_first_pkg:/opt/ros/iron /home/sid/.local/bin/cmake --install /home/sid/ros2_ws/build/arm_checker
