[0.010s] Invoking command in '/home/sid/ros2_ws/build/cpp_srvcli': CMAKE_PREFIX_PATH=${CMAKE_PREFIX_PATH}:/home/sid/ros2_ws/install/my_first_pkg:/opt/ros/iron /home/sid/.local/bin/cmake --build /home/sid/ros2_ws/build/cpp_srvcli -- -j8 -l8
[0.049s] [ 25%] [32mBuilding CXX object CMakeFiles/client.dir/src/add_two_ints_client.cpp.o[0m
[0.049s] [ 50%] [32mBuilding CXX object CMakeFiles/server.dir/src/add_two_ints_server.cpp.o[0m
[3.154s] [ 75%] [32m[1mLinking CXX executable server[0m
[3.279s] [ 75%] Built target server
[3.352s] [100%] [32m[1mLinking CXX executable client[0m
[3.471s] [100%] Built target client
[3.478s] Invoked command in '/home/sid/ros2_ws/build/cpp_srvcli' returned '0': CMAKE_PREFIX_PATH=${CMAKE_PREFIX_PATH}:/home/sid/ros2_ws/install/my_first_pkg:/opt/ros/iron /home/sid/.local/bin/cmake --build /home/sid/ros2_ws/build/cpp_srvcli -- -j8 -l8
[3.539s] Invoking command in '/home/sid/ros2_ws/build/cpp_srvcli': CMAKE_PREFIX_PATH=${CMAKE_PREFIX_PATH}:/home/sid/ros2_ws/install/my_first_pkg:/opt/ros/iron /home/sid/.local/bin/cmake --install /home/sid/ros2_ws/build/cpp_srvcli
[3.557s] -- Install configuration: ""
[3.557s] -- Installing: /home/sid/ros2_ws/install/cpp_srvcli/bin/server
[3.558s] -- Set runtime path of "/home/sid/ros2_ws/install/cpp_srvcli/bin/server" to ""
[3.559s] -- Installing: /home/sid/ros2_ws/install/cpp_srvcli/bin/client
[3.559s] -- Set runtime path of "/home/sid/ros2_ws/install/cpp_srvcli/bin/client" to ""
[3.559s] -- Up-to-date: /home/sid/ros2_ws/install/cpp_srvcli/share/ament_index/resource_index/package_run_dependencies/cpp_srvcli
[3.559s] -- Up-to-date: /home/sid/ros2_ws/install/cpp_srvcli/share/ament_index/resource_index/parent_prefix_path/cpp_srvcli
[3.559s] -- Up-to-date: /home/sid/ros2_ws/install/cpp_srvcli/share/cpp_srvcli/environment/ament_prefix_path.sh
[3.559s] -- Up-to-date: /home/sid/ros2_ws/install/cpp_srvcli/share/cpp_srvcli/environment/ament_prefix_path.dsv
[3.559s] -- Up-to-date: /home/sid/ros2_ws/install/cpp_srvcli/share/cpp_srvcli/environment/path.sh
[3.560s] -- Up-to-date: /home/sid/ros2_ws/install/cpp_srvcli/share/cpp_srvcli/environment/path.dsv
[3.560s] -- Up-to-date: /home/sid/ros2_ws/install/cpp_srvcli/share/cpp_srvcli/local_setup.bash
[3.560s] -- Up-to-date: /home/sid/ros2_ws/install/cpp_srvcli/share/cpp_srvcli/local_setup.sh
[3.560s] -- Up-to-date: /home/sid/ros2_ws/install/cpp_srvcli/share/cpp_srvcli/local_setup.zsh
[3.560s] -- Up-to-date: /home/sid/ros2_ws/install/cpp_srvcli/share/cpp_srvcli/local_setup.dsv
[3.560s] -- Installing: /home/sid/ros2_ws/install/cpp_srvcli/share/cpp_srvcli/package.dsv
[3.560s] -- Up-to-date: /home/sid/ros2_ws/install/cpp_srvcli/share/ament_index/resource_index/packages/cpp_srvcli
[3.560s] -- Up-to-date: /home/sid/ros2_ws/install/cpp_srvcli/share/cpp_srvcli/cmake/cpp_srvcliConfig.cmake
[3.560s] -- Up-to-date: /home/sid/ros2_ws/install/cpp_srvcli/share/cpp_srvcli/cmake/cpp_srvcliConfig-version.cmake
[3.560s] -- Up-to-date: /home/sid/ros2_ws/install/cpp_srvcli/share/cpp_srvcli/package.xml
[3.565s] Invoked command in '/home/sid/ros2_ws/build/cpp_srvcli' returned '0': CMAKE_PREFIX_PATH=${CMAKE_PREFIX_PATH}:/home/sid/ros2_ws/install/my_first_pkg:/opt/ros/iron /home/sid/.local/bin/cmake --install /home/sid/ros2_ws/build/cpp_srvcli
