[0.024s] Invoking command in '/home/sid/ros2_ws/build/cpp_pub': CMAKE_PREFIX_PATH=${CMAKE_PREFIX_PATH}:/home/sid/ros2_ws/install/my_first_pkg:/opt/ros/iron /home/sid/.local/bin/cmake --build /home/sid/ros2_ws/build/cpp_pub -- -j8 -l8
[0.281s] [ 25%] [32mBuilding CXX object CMakeFiles/simple_sub.dir/src/simple_sub.cpp.o[0m
[0.281s] [ 50%] [32mBuilding CXX object CMakeFiles/simple_pub.dir/src/simple_pub.cpp.o[0m
[4.269s] [ 75%] [32m[1mLinking CXX executable simple_pub[0m
[4.504s] [ 75%] Built target simple_pub
[6.141s] [100%] [32m[1mLinking CXX executable simple_sub[0m
[6.383s] [100%] Built target simple_sub
[6.396s] Invoked command in '/home/sid/ros2_ws/build/cpp_pub' returned '0': CMAKE_PREFIX_PATH=${CMAKE_PREFIX_PATH}:/home/sid/ros2_ws/install/my_first_pkg:/opt/ros/iron /home/sid/.local/bin/cmake --build /home/sid/ros2_ws/build/cpp_pub -- -j8 -l8
[6.431s] Invoking command in '/home/sid/ros2_ws/build/cpp_pub': CMAKE_PREFIX_PATH=${CMAKE_PREFIX_PATH}:/home/sid/ros2_ws/install/my_first_pkg:/opt/ros/iron /home/sid/.local/bin/cmake --install /home/sid/ros2_ws/build/cpp_pub
[6.450s] -- Install configuration: ""
[6.450s] -- Execute custom install script
[6.451s] -- Up-to-date symlink: /home/sid/ros2_ws/install/cpp_pub/lib/cpp_pub/simple_pub
[6.451s] -- Up-to-date symlink: /home/sid/ros2_ws/install/cpp_pub/lib/cpp_pub/simple_sub
[6.451s] -- Up-to-date symlink: /home/sid/ros2_ws/install/cpp_pub/share/ament_index/resource_index/package_run_dependencies/cpp_pub
[6.452s] -- Up-to-date symlink: /home/sid/ros2_ws/install/cpp_pub/share/ament_index/resource_index/parent_prefix_path/cpp_pub
[6.452s] -- Up-to-date symlink: /home/sid/ros2_ws/install/cpp_pub/share/cpp_pub/environment/ament_prefix_path.sh
[6.452s] -- Up-to-date symlink: /home/sid/ros2_ws/install/cpp_pub/share/cpp_pub/environment/ament_prefix_path.dsv
[6.452s] -- Up-to-date symlink: /home/sid/ros2_ws/install/cpp_pub/share/cpp_pub/environment/path.sh
[6.452s] -- Up-to-date symlink: /home/sid/ros2_ws/install/cpp_pub/share/cpp_pub/environment/path.dsv
[6.453s] -- Up-to-date symlink: /home/sid/ros2_ws/install/cpp_pub/share/cpp_pub/local_setup.bash
[6.453s] -- Up-to-date symlink: /home/sid/ros2_ws/install/cpp_pub/share/cpp_pub/local_setup.sh
[6.453s] -- Up-to-date symlink: /home/sid/ros2_ws/install/cpp_pub/share/cpp_pub/local_setup.zsh
[6.453s] -- Up-to-date symlink: /home/sid/ros2_ws/install/cpp_pub/share/cpp_pub/local_setup.dsv
[6.453s] -- Symlinking: /home/sid/ros2_ws/install/cpp_pub/share/cpp_pub/package.dsv
[6.456s] -- Up-to-date symlink: /home/sid/ros2_ws/install/cpp_pub/share/ament_index/resource_index/packages/cpp_pub
[6.456s] -- Up-to-date symlink: /home/sid/ros2_ws/install/cpp_pub/share/cpp_pub/cmake/cpp_pubConfig.cmake
[6.456s] -- Up-to-date symlink: /home/sid/ros2_ws/install/cpp_pub/share/cpp_pub/cmake/cpp_pubConfig-version.cmake
[6.456s] -- Up-to-date symlink: /home/sid/ros2_ws/install/cpp_pub/share/cpp_pub/package.xml
[6.462s] Invoked command in '/home/sid/ros2_ws/build/cpp_pub' returned '0': CMAKE_PREFIX_PATH=${CMAKE_PREFIX_PATH}:/home/sid/ros2_ws/install/my_first_pkg:/opt/ros/iron /home/sid/.local/bin/cmake --install /home/sid/ros2_ws/build/cpp_pub
