In file included from [01m[K/opt/ros/iron/include/rclcpp/rclcpp/logging.hpp:24[m[K,
                 from [01m[K/opt/ros/iron/include/rclcpp/rclcpp/client.hpp:43[m[K,
                 from [01m[K/opt/ros/iron/include/rclcpp/rclcpp/callback_group.hpp:24[m[K,
                 from [01m[K/opt/ros/iron/include/rclcpp/rclcpp/any_executable.hpp:20[m[K,
                 from [01m[K/opt/ros/iron/include/rclcpp/rclcpp/memory_strategy.hpp:25[m[K,
                 from [01m[K/opt/ros/iron/include/rclcpp/rclcpp/memory_strategies.hpp:18[m[K,
                 from [01m[K/opt/ros/iron/include/rclcpp/rclcpp/executor_options.hpp:20[m[K,
                 from [01m[K/opt/ros/iron/include/rclcpp/rclcpp/executor.hpp:37[m[K,
                 from [01m[K/opt/ros/iron/include/rclcpp/rclcpp/executors/multi_threaded_executor.hpp:25[m[K,
                 from [01m[K/opt/ros/iron/include/rclcpp/rclcpp/executors.hpp:21[m[K,
                 from [01m[K/opt/ros/iron/include/rclcpp/rclcpp/rclcpp.hpp:167[m[K,
                 from [01m[K/home/sid/ros2_ws/src/fib_checker/src/arm_server.cpp:2[m[K:
[01m[K/home/sid/ros2_ws/src/fib_checker/src/arm_server.cpp:[m[K In function ‘[01m[Kbool armstrong(std::shared_ptr<tut_interfaces::srv::CheckFib_Request_<std::allocator<void> > >, std::shared_ptr<tut_interfaces::srv::CheckFib_Response_<std::allocator<void> > >)[m[K’:
[01m[K/home/sid/ros2_ws/src/fib_checker/src/arm_server.cpp:15:46:[m[K [01;35m[Kwarning: [m[Kformat ‘[01m[K%d[m[K’ expects argument of type ‘[01m[Kint[m[K’, but argument 5 has type ‘[01m[Ktut_interfaces::srv::CheckFib_Request_<std::allocator<void> >::_num_type[m[K’ {aka ‘[01m[Klong int[m[K’} [[01;35m[K]8;;https://gcc.gnu.org/onlinedocs/gcc/Warning-Options.html#index-Wformat=-Wformat=]8;;[m[K]
   15 |     RCLCPP_INFO(rclcpp::get_logger("rclcpp"),[01;35m[K"Requesting to check if %d is Armstrong number."[m[K,[32m[Krequest->num[m[K);
      |                                              [01;35m[K^~~~~~~~~~~~~~~~~~~~~~~~~~~~~~~~~~~~~~~~~~~~~~~~[m[K [32m[K~~~~~~~~~~~~[m[K
      |                                                                                                        [32m[K|[m[K
      |                                                                                                        [32m[Ktut_interfaces::srv::CheckFib_Request_<std::allocator<void> >::_num_type {aka long int}[m[K
[01m[K/home/sid/ros2_ws/src/fib_checker/src/arm_server.cpp:15:71:[m[K [01;36m[Knote: [m[Kformat string is defined here
   15 | _INFO(rclcpp::get_logger("rclcpp"),"Requesting to check if [01;36m[K%d[m[K is Armstrong number.",request->num);
      |                                                            [01;36m[K~^[m[K
      |                                                             [01;36m[K|[m[K
      |                                                             [01;36m[Kint[m[K
      |                                                            [32m[K%ld[m[K
[01m[K/home/sid/ros2_ws/src/fib_checker/src/arm_server.cpp:17:1:[m[K [01;35m[Kwarning: [m[Kno return statement in function returning non-void [[01;35m[K]8;;https://gcc.gnu.org/onlinedocs/gcc/Warning-Options.html#index-Wreturn-type-Wreturn-type]8;;[m[K]
   17 | [01;35m[K}[m[K
      | [01;35m[K^[m[K
