-- The C compiler identification is GNU 11.3.0
-- The CXX compiler identification is GNU 11.3.0
-- Detecting C compiler ABI info
-- Detecting C compiler ABI info - done
-- Check for working C compiler: /usr/bin/cc - skipped
-- Detecting C compile features
-- Detecting C compile features - done
-- Detecting CXX compiler ABI info
-- Detecting CXX compiler ABI info - done
-- Check for working CXX compiler: /usr/bin/c++ - skipped
-- Detecting CXX compile features
-- Detecting CXX compile features - done
-- Found ament_cmake: 2.0.3 (/opt/ros/iron/share/ament_cmake/cmake)
-- Found Python3: /usr/bin/python3.10 (found version "3.10.6") found components: Interpreter 
-- Found rclcpp: 21.0.1 (/opt/ros/iron/share/rclcpp/cmake)
-- Found rosidl_generator_c: 4.0.0 (/opt/ros/iron/share/rosidl_generator_c/cmake)
-- Found rosidl_generator_cpp: 4.0.0 (/opt/ros/iron/share/rosidl_generator_cpp/cmake)
-- Using all available rosidl_typesupport_c: rosidl_typesupport_fastrtps_c;rosidl_typesupport_introspection_c
-- Using all available rosidl_typesupport_cpp: rosidl_typesupport_fastrtps_cpp;rosidl_typesupport_introspection_cpp
-- Found rmw_implementation_cmake: 7.1.0 (/opt/ros/iron/share/rmw_implementation_cmake/cmake)
-- Found rmw_fastrtps_cpp: 7.1.1 (/opt/ros/iron/share/rmw_fastrtps_cpp/cmake)
-- Found OpenSSL: /usr/lib/x86_64-linux-gnu/libcrypto.so (found version "3.0.2")  
-- Found FastRTPS: /opt/ros/iron/include  
-- Using RMW implementation 'rmw_fastrtps_cpp' as default
-- Found tut_interfaces: 0.0.0 (/home/sid/ros2_ws/install/tut_interfaces/share/tut_interfaces/cmake)
-- Configuring done (1.2s)
-- Generating done (0.0s)
-- Build files have been written to: /home/sid/ros2_ws/build/arm_checker
[ 50%] [32mBuilding CXX object CMakeFiles/client.dir/src/arm_client.cpp.o[0m
[ 50%] [32mBuilding CXX object CMakeFiles/server.dir/src/arm_server.cpp.o[0m
[ 75%] [32m[1mLinking CXX executable server[0m
[ 75%] Built target server
[100%] [32m[1mLinking CXX executable client[0m
[100%] Built target client
-- Install configuration: ""
-- Installing: /home/sid/ros2_ws/install/arm_checker/lib/arm_checker/server
-- Set runtime path of "/home/sid/ros2_ws/install/arm_checker/lib/arm_checker/server" to ""
-- Installing: /home/sid/ros2_ws/install/arm_checker/lib/arm_checker/client
-- Set runtime path of "/home/sid/ros2_ws/install/arm_checker/lib/arm_checker/client" to ""
-- Installing: /home/sid/ros2_ws/install/arm_checker/share/ament_index/resource_index/package_run_dependencies/arm_checker
-- Installing: /home/sid/ros2_ws/install/arm_checker/share/ament_index/resource_index/parent_prefix_path/arm_checker
-- Installing: /home/sid/ros2_ws/install/arm_checker/share/arm_checker/environment/ament_prefix_path.sh
-- Installing: /home/sid/ros2_ws/install/arm_checker/share/arm_checker/environment/ament_prefix_path.dsv
-- Installing: /home/sid/ros2_ws/install/arm_checker/share/arm_checker/environment/path.sh
-- Installing: /home/sid/ros2_ws/install/arm_checker/share/arm_checker/environment/path.dsv
-- Installing: /home/sid/ros2_ws/install/arm_checker/share/arm_checker/local_setup.bash
-- Installing: /home/sid/ros2_ws/install/arm_checker/share/arm_checker/local_setup.sh
-- Installing: /home/sid/ros2_ws/install/arm_checker/share/arm_checker/local_setup.zsh
-- Installing: /home/sid/ros2_ws/install/arm_checker/share/arm_checker/local_setup.dsv
-- Installing: /home/sid/ros2_ws/install/arm_checker/share/arm_checker/package.dsv
-- Installing: /home/sid/ros2_ws/install/arm_checker/share/ament_index/resource_index/packages/arm_checker
-- Installing: /home/sid/ros2_ws/install/arm_checker/share/arm_checker/cmake/arm_checkerConfig.cmake
-- Installing: /home/sid/ros2_ws/install/arm_checker/share/arm_checker/cmake/arm_checkerConfig-version.cmake
-- Installing: /home/sid/ros2_ws/install/arm_checker/share/arm_checker/package.xml
