-- The C compiler identification is GNU 11.3.0
-- The CXX compiler identification is GNU 11.3.0
-- Detecting C compiler ABI info
-- Detecting C compiler ABI info - done
-- Check for working C compiler: /usr/bin/cc - skipped
-- Detecting C compile features
-- Detecting C compile features - done
-- Detecting CXX compiler ABI info
-- Detecting CXX compiler ABI info - done
-- Check for working CXX compiler: /usr/bin/c++ - skipped
-- Detecting CXX compile features
-- Detecting CXX compile features - done
-- Found ament_cmake: 2.0.3 (/opt/ros/iron/share/ament_cmake/cmake)
-- Found Python3: /usr/bin/python3.10 (found version "3.10.6") found components: Interpreter 
-- Found rclcpp: 21.0.1 (/opt/ros/iron/share/rclcpp/cmake)
-- Found rosidl_generator_c: 4.0.0 (/opt/ros/iron/share/rosidl_generator_c/cmake)
-- Found rosidl_generator_cpp: 4.0.0 (/opt/ros/iron/share/rosidl_generator_cpp/cmake)
-- Using all available rosidl_typesupport_c: rosidl_typesupport_fastrtps_c;rosidl_typesupport_introspection_c
-- Using all available rosidl_typesupport_cpp: rosidl_typesupport_fastrtps_cpp;rosidl_typesupport_introspection_cpp
-- Found rmw_implementation_cmake: 7.1.0 (/opt/ros/iron/share/rmw_implementation_cmake/cmake)
-- Found rmw_fastrtps_cpp: 7.1.1 (/opt/ros/iron/share/rmw_fastrtps_cpp/cmake)
-- Found OpenSSL: /usr/lib/x86_64-linux-gnu/libcrypto.so (found version "3.0.2")  
-- Found FastRTPS: /opt/ros/iron/include  
-- Using RMW implementation 'rmw_fastrtps_cpp' as default
-- Found tut_interfaces: 0.0.0 (/home/sid/ros2_ws/install/tut_interfaces/share/tut_interfaces/cmake)
-- Configuring done (1.2s)
-- Generating done (0.0s)
-- Build files have been written to: /home/sid/ros2_ws/build/arm_checker
[ 50%] [32mBuilding CXX object CMakeFiles/client.dir/src/arm_client.cpp.o[0m
[ 50%] [32mBuilding CXX object CMakeFiles/server.dir/src/arm_server.cpp.o[0m
In file included from [01m[K/opt/ros/iron/include/rclcpp/rclcpp/logging.hpp:24[m[K,
                 from [01m[K/opt/ros/iron/include/rclcpp/rclcpp/client.hpp:43[m[K,
                 from [01m[K/opt/ros/iron/include/rclcpp/rclcpp/callback_group.hpp:24[m[K,
                 from [01m[K/opt/ros/iron/include/rclcpp/rclcpp/any_executable.hpp:20[m[K,
                 from [01m[K/opt/ros/iron/include/rclcpp/rclcpp/memory_strategy.hpp:25[m[K,
                 from [01m[K/opt/ros/iron/include/rclcpp/rclcpp/memory_strategies.hpp:18[m[K,
                 from [01m[K/opt/ros/iron/include/rclcpp/rclcpp/executor_options.hpp:20[m[K,
                 from [01m[K/opt/ros/iron/include/rclcpp/rclcpp/executor.hpp:37[m[K,
                 from [01m[K/opt/ros/iron/include/rclcpp/rclcpp/executors/multi_threaded_executor.hpp:25[m[K,
                 from [01m[K/opt/ros/iron/include/rclcpp/rclcpp/executors.hpp:21[m[K,
                 from [01m[K/opt/ros/iron/include/rclcpp/rclcpp/rclcpp.hpp:167[m[K,
                 from [01m[K/home/sid/ros2_ws/src/fib_checker/src/arm_server.cpp:2[m[K:
[01m[K/home/sid/ros2_ws/src/fib_checker/src/arm_server.cpp:[m[K In function ‘[01m[Kbool armstrong(std::shared_ptr<tut_interfaces::srv::CheckFib_Request_<std::allocator<void> > >, std::shared_ptr<tut_interfaces::srv::CheckFib_Response_<std::allocator<void> > >)[m[K’:
[01m[K/home/sid/ros2_ws/src/fib_checker/src/arm_server.cpp:15:46:[m[K [01;35m[Kwarning: [m[Kformat ‘[01m[K%d[m[K’ expects argument of type ‘[01m[Kint[m[K’, but argument 5 has type ‘[01m[Ktut_interfaces::srv::CheckFib_Request_<std::allocator<void> >::_num_type[m[K’ {aka ‘[01m[Klong int[m[K’} [[01;35m[K]8;;https://gcc.gnu.org/onlinedocs/gcc/Warning-Options.html#index-Wformat=-Wformat=]8;;[m[K]
   15 |     RCLCPP_INFO(rclcpp::get_logger("rclcpp"),[01;35m[K"Requesting to check if %d is Armstrong number."[m[K,[32m[Krequest->num[m[K);
      |                                              [01;35m[K^~~~~~~~~~~~~~~~~~~~~~~~~~~~~~~~~~~~~~~~~~~~~~~~[m[K [32m[K~~~~~~~~~~~~[m[K
      |                                                                                                        [32m[K|[m[K
      |                                                                                                        [32m[Ktut_interfaces::srv::CheckFib_Request_<std::allocator<void> >::_num_type {aka long int}[m[K
[01m[K/home/sid/ros2_ws/src/fib_checker/src/arm_server.cpp:15:71:[m[K [01;36m[Knote: [m[Kformat string is defined here
   15 | _INFO(rclcpp::get_logger("rclcpp"),"Requesting to check if [01;36m[K%d[m[K is Armstrong number.",request->num);
      |                                                            [01;36m[K~^[m[K
      |                                                             [01;36m[K|[m[K
      |                                                             [01;36m[Kint[m[K
      |                                                            [32m[K%ld[m[K
[01m[K/home/sid/ros2_ws/src/fib_checker/src/arm_server.cpp:17:1:[m[K [01;35m[Kwarning: [m[Kno return statement in function returning non-void [[01;35m[K]8;;https://gcc.gnu.org/onlinedocs/gcc/Warning-Options.html#index-Wreturn-type-Wreturn-type]8;;[m[K]
   17 | [01;35m[K}[m[K
      | [01;35m[K^[m[K
[ 75%] [32m[1mLinking CXX executable server[0m
[ 75%] Built target server
[100%] [32m[1mLinking CXX executable client[0m
[100%] Built target client
-- Install configuration: ""
-- Installing: /home/sid/ros2_ws/install/arm_checker/lib/arm_checker/server
-- Set runtime path of "/home/sid/ros2_ws/install/arm_checker/lib/arm_checker/server" to ""
-- Installing: /home/sid/ros2_ws/install/arm_checker/lib/arm_checker/client
-- Set runtime path of "/home/sid/ros2_ws/install/arm_checker/lib/arm_checker/client" to ""
-- Installing: /home/sid/ros2_ws/install/arm_checker/share/ament_index/resource_index/package_run_dependencies/arm_checker
-- Installing: /home/sid/ros2_ws/install/arm_checker/share/ament_index/resource_index/parent_prefix_path/arm_checker
-- Installing: /home/sid/ros2_ws/install/arm_checker/share/arm_checker/environment/ament_prefix_path.sh
-- Installing: /home/sid/ros2_ws/install/arm_checker/share/arm_checker/environment/ament_prefix_path.dsv
-- Installing: /home/sid/ros2_ws/install/arm_checker/share/arm_checker/environment/path.sh
-- Installing: /home/sid/ros2_ws/install/arm_checker/share/arm_checker/environment/path.dsv
-- Installing: /home/sid/ros2_ws/install/arm_checker/share/arm_checker/local_setup.bash
-- Installing: /home/sid/ros2_ws/install/arm_checker/share/arm_checker/local_setup.sh
-- Installing: /home/sid/ros2_ws/install/arm_checker/share/arm_checker/local_setup.zsh
-- Installing: /home/sid/ros2_ws/install/arm_checker/share/arm_checker/local_setup.dsv
-- Installing: /home/sid/ros2_ws/install/arm_checker/share/arm_checker/package.dsv
-- Installing: /home/sid/ros2_ws/install/arm_checker/share/ament_index/resource_index/packages/arm_checker
-- Installing: /home/sid/ros2_ws/install/arm_checker/share/arm_checker/cmake/arm_checkerConfig.cmake
-- Installing: /home/sid/ros2_ws/install/arm_checker/share/arm_checker/cmake/arm_checkerConfig-version.cmake
-- Installing: /home/sid/ros2_ws/install/arm_checker/share/arm_checker/package.xml
