[0.234s] DEBUG:colcon:Command line arguments: ['/usr/bin/colcon', 'build', '--packages-select', 'model_4wd/']
[0.234s] DEBUG:colcon:Parsed command line arguments: Namespace(log_base=None, log_level=None, verb_name='build', build_base='build', install_base='install', merge_install=False, symlink_install=False, test_result_base=None, continue_on_error=False, executor='parallel', parallel_workers=8, event_handlers=None, ignore_user_meta=False, metas=['./colcon.meta'], base_paths=['.'], packages_ignore=None, packages_ignore_regex=None, paths=None, packages_up_to=None, packages_up_to_regex=None, packages_above=None, packages_above_and_dependencies=None, packages_above_depth=None, packages_select_by_dep=None, packages_skip_by_dep=None, packages_skip_up_to=None, packages_select_build_failed=False, packages_skip_build_finished=False, packages_select_test_failures=False, packages_skip_test_passed=False, packages_select=['model_4wd/'], packages_skip=None, packages_select_regex=None, packages_skip_regex=None, packages_start=None, packages_end=None, allow_overriding=[], cmake_args=None, cmake_target=None, cmake_target_skip_unavailable=False, cmake_clean_cache=False, cmake_clean_first=False, cmake_force_configure=False, ament_cmake_args=None, catkin_cmake_args=None, catkin_skip_building_tests=False, verb_parser=<colcon_defaults.argument_parser.defaults.DefaultArgumentsDecorator object at 0x7fb34870d750>, verb_extension=<colcon_core.verb.build.BuildVerb object at 0x7fb348803160>, main=<bound method BuildVerb.main of <colcon_core.verb.build.BuildVerb object at 0x7fb348803160>>)
[0.255s] Level 1:colcon.colcon_core.package_discovery:discover_packages(colcon_meta) check parameters
[0.255s] Level 1:colcon.colcon_core.package_discovery:discover_packages(recursive) check parameters
[0.255s] Level 1:colcon.colcon_core.package_discovery:discover_packages(ignore) check parameters
[0.255s] Level 1:colcon.colcon_core.package_discovery:discover_packages(path) check parameters
[0.255s] Level 1:colcon.colcon_core.package_discovery:discover_packages(colcon_meta) discover
[0.255s] Level 1:colcon.colcon_core.package_discovery:discover_packages(recursive) discover
[0.255s] INFO:colcon.colcon_core.package_discovery:Crawling recursively for packages in '/home/sid/ros2_ws/src'
[0.255s] Level 1:colcon.colcon_core.package_identification:_identify(.) by extensions ['ignore', 'ignore_ament_install']
[0.255s] Level 1:colcon.colcon_core.package_identification:_identify(.) by extension 'ignore'
[0.255s] Level 1:colcon.colcon_core.package_identification:_identify(.) by extension 'ignore_ament_install'
[0.255s] Level 1:colcon.colcon_core.package_identification:_identify(.) by extensions ['colcon_pkg']
[0.255s] Level 1:colcon.colcon_core.package_identification:_identify(.) by extension 'colcon_pkg'
[0.255s] Level 1:colcon.colcon_core.package_identification:_identify(.) by extensions ['colcon_meta']
[0.255s] Level 1:colcon.colcon_core.package_identification:_identify(.) by extension 'colcon_meta'
[0.255s] Level 1:colcon.colcon_core.package_identification:_identify(.) by extensions ['ros']
[0.255s] Level 1:colcon.colcon_core.package_identification:_identify(.) by extension 'ros'
[0.265s] Level 1:colcon.colcon_core.package_identification:_identify(.) by extensions ['cmake', 'python']
[0.266s] Level 1:colcon.colcon_core.package_identification:_identify(.) by extension 'cmake'
[0.266s] Level 1:colcon.colcon_core.package_identification:_identify(.) by extension 'python'
[0.266s] Level 1:colcon.colcon_core.package_identification:_identify(.) by extensions ['python_setup_py']
[0.266s] Level 1:colcon.colcon_core.package_identification:_identify(.) by extension 'python_setup_py'
[0.266s] Level 1:colcon.colcon_core.package_identification:_identify(build) by extensions ['ignore', 'ignore_ament_install']
[0.266s] Level 1:colcon.colcon_core.package_identification:_identify(build) by extension 'ignore'
[0.266s] Level 1:colcon.colcon_core.package_identification:_identify(build) ignored
[0.266s] Level 1:colcon.colcon_core.package_identification:_identify(cpp_parameters) by extensions ['ignore', 'ignore_ament_install']
[0.266s] Level 1:colcon.colcon_core.package_identification:_identify(cpp_parameters) by extension 'ignore'
[0.266s] Level 1:colcon.colcon_core.package_identification:_identify(cpp_parameters) by extension 'ignore_ament_install'
[0.266s] Level 1:colcon.colcon_core.package_identification:_identify(cpp_parameters) by extensions ['colcon_pkg']
[0.266s] Level 1:colcon.colcon_core.package_identification:_identify(cpp_parameters) by extension 'colcon_pkg'
[0.266s] Level 1:colcon.colcon_core.package_identification:_identify(cpp_parameters) by extensions ['colcon_meta']
[0.266s] Level 1:colcon.colcon_core.package_identification:_identify(cpp_parameters) by extension 'colcon_meta'
[0.266s] Level 1:colcon.colcon_core.package_identification:_identify(cpp_parameters) by extensions ['ros']
[0.266s] Level 1:colcon.colcon_core.package_identification:_identify(cpp_parameters) by extension 'ros'
[0.268s] DEBUG:colcon.colcon_core.package_identification:Package 'cpp_parameters' with type 'ros.ament_cmake' and name 'cpp_parameters'
[0.268s] Level 1:colcon.colcon_core.package_identification:_identify(cpp_pub) by extensions ['ignore', 'ignore_ament_install']
[0.268s] Level 1:colcon.colcon_core.package_identification:_identify(cpp_pub) by extension 'ignore'
[0.268s] Level 1:colcon.colcon_core.package_identification:_identify(cpp_pub) by extension 'ignore_ament_install'
[0.268s] Level 1:colcon.colcon_core.package_identification:_identify(cpp_pub) by extensions ['colcon_pkg']
[0.268s] Level 1:colcon.colcon_core.package_identification:_identify(cpp_pub) by extension 'colcon_pkg'
[0.268s] Level 1:colcon.colcon_core.package_identification:_identify(cpp_pub) by extensions ['colcon_meta']
[0.268s] Level 1:colcon.colcon_core.package_identification:_identify(cpp_pub) by extension 'colcon_meta'
[0.268s] Level 1:colcon.colcon_core.package_identification:_identify(cpp_pub) by extensions ['ros']
[0.268s] Level 1:colcon.colcon_core.package_identification:_identify(cpp_pub) by extension 'ros'
[0.268s] DEBUG:colcon.colcon_core.package_identification:Package 'cpp_pub' with type 'ros.ament_cmake' and name 'cpp_pub'
[0.268s] Level 1:colcon.colcon_core.package_identification:_identify(cpp_srvcli) by extensions ['ignore', 'ignore_ament_install']
[0.268s] Level 1:colcon.colcon_core.package_identification:_identify(cpp_srvcli) by extension 'ignore'
[0.268s] Level 1:colcon.colcon_core.package_identification:_identify(cpp_srvcli) by extension 'ignore_ament_install'
[0.268s] Level 1:colcon.colcon_core.package_identification:_identify(cpp_srvcli) by extensions ['colcon_pkg']
[0.268s] Level 1:colcon.colcon_core.package_identification:_identify(cpp_srvcli) by extension 'colcon_pkg'
[0.268s] Level 1:colcon.colcon_core.package_identification:_identify(cpp_srvcli) by extensions ['colcon_meta']
[0.268s] Level 1:colcon.colcon_core.package_identification:_identify(cpp_srvcli) by extension 'colcon_meta'
[0.268s] Level 1:colcon.colcon_core.package_identification:_identify(cpp_srvcli) by extensions ['ros']
[0.269s] Level 1:colcon.colcon_core.package_identification:_identify(cpp_srvcli) by extension 'ros'
[0.269s] DEBUG:colcon.colcon_core.package_identification:Package 'cpp_srvcli' with type 'ros.ament_cmake' and name 'cpp_srvcli'
[0.269s] Level 1:colcon.colcon_core.package_identification:_identify(fib_checker) by extensions ['ignore', 'ignore_ament_install']
[0.269s] Level 1:colcon.colcon_core.package_identification:_identify(fib_checker) by extension 'ignore'
[0.269s] Level 1:colcon.colcon_core.package_identification:_identify(fib_checker) by extension 'ignore_ament_install'
[0.269s] Level 1:colcon.colcon_core.package_identification:_identify(fib_checker) by extensions ['colcon_pkg']
[0.269s] Level 1:colcon.colcon_core.package_identification:_identify(fib_checker) by extension 'colcon_pkg'
[0.269s] Level 1:colcon.colcon_core.package_identification:_identify(fib_checker) by extensions ['colcon_meta']
[0.269s] Level 1:colcon.colcon_core.package_identification:_identify(fib_checker) by extension 'colcon_meta'
[0.269s] Level 1:colcon.colcon_core.package_identification:_identify(fib_checker) by extensions ['ros']
[0.269s] Level 1:colcon.colcon_core.package_identification:_identify(fib_checker) by extension 'ros'
[0.270s] DEBUG:colcon.colcon_core.package_identification:Package 'fib_checker' with type 'ros.ament_cmake' and name 'arm_checker'
[0.270s] Level 1:colcon.colcon_core.package_identification:_identify(install) by extensions ['ignore', 'ignore_ament_install']
[0.270s] Level 1:colcon.colcon_core.package_identification:_identify(install) by extension 'ignore'
[0.270s] Level 1:colcon.colcon_core.package_identification:_identify(install) ignored
[0.270s] Level 1:colcon.colcon_core.package_identification:_identify(log) by extensions ['ignore', 'ignore_ament_install']
[0.270s] Level 1:colcon.colcon_core.package_identification:_identify(log) by extension 'ignore'
[0.270s] Level 1:colcon.colcon_core.package_identification:_identify(log) ignored
[0.270s] Level 1:colcon.colcon_core.package_identification:_identify(model_4wd) by extensions ['ignore', 'ignore_ament_install']
[0.270s] Level 1:colcon.colcon_core.package_identification:_identify(model_4wd) by extension 'ignore'
[0.270s] Level 1:colcon.colcon_core.package_identification:_identify(model_4wd) by extension 'ignore_ament_install'
[0.270s] Level 1:colcon.colcon_core.package_identification:_identify(model_4wd) by extensions ['colcon_pkg']
[0.270s] Level 1:colcon.colcon_core.package_identification:_identify(model_4wd) by extension 'colcon_pkg'
[0.270s] Level 1:colcon.colcon_core.package_identification:_identify(model_4wd) by extensions ['colcon_meta']
[0.270s] Level 1:colcon.colcon_core.package_identification:_identify(model_4wd) by extension 'colcon_meta'
[0.270s] Level 1:colcon.colcon_core.package_identification:_identify(model_4wd) by extensions ['ros']
[0.270s] Level 1:colcon.colcon_core.package_identification:_identify(model_4wd) by extension 'ros'
[0.270s] Level 1:colcon.colcon_core.package_identification:_identify(model_4wd) by extensions ['cmake', 'python']
[0.270s] Level 1:colcon.colcon_core.package_identification:_identify(model_4wd) by extension 'cmake'
[0.270s] Level 1:colcon.colcon_core.package_identification:_identify(model_4wd) by extension 'python'
[0.270s] Level 1:colcon.colcon_core.package_identification:_identify(model_4wd) by extensions ['python_setup_py']
[0.270s] Level 1:colcon.colcon_core.package_identification:_identify(model_4wd) by extension 'python_setup_py'
[0.270s] Level 1:colcon.colcon_core.package_identification:_identify(model_4wd/config) by extensions ['ignore', 'ignore_ament_install']
[0.270s] Level 1:colcon.colcon_core.package_identification:_identify(model_4wd/config) by extension 'ignore'
[0.270s] Level 1:colcon.colcon_core.package_identification:_identify(model_4wd/config) by extension 'ignore_ament_install'
[0.270s] Level 1:colcon.colcon_core.package_identification:_identify(model_4wd/config) by extensions ['colcon_pkg']
[0.270s] Level 1:colcon.colcon_core.package_identification:_identify(model_4wd/config) by extension 'colcon_pkg'
[0.270s] Level 1:colcon.colcon_core.package_identification:_identify(model_4wd/config) by extensions ['colcon_meta']
[0.270s] Level 1:colcon.colcon_core.package_identification:_identify(model_4wd/config) by extension 'colcon_meta'
[0.270s] Level 1:colcon.colcon_core.package_identification:_identify(model_4wd/config) by extensions ['ros']
[0.270s] Level 1:colcon.colcon_core.package_identification:_identify(model_4wd/config) by extension 'ros'
[0.271s] Level 1:colcon.colcon_core.package_identification:_identify(model_4wd/config) by extensions ['cmake', 'python']
[0.271s] Level 1:colcon.colcon_core.package_identification:_identify(model_4wd/config) by extension 'cmake'
[0.271s] Level 1:colcon.colcon_core.package_identification:_identify(model_4wd/config) by extension 'python'
[0.271s] Level 1:colcon.colcon_core.package_identification:_identify(model_4wd/config) by extensions ['python_setup_py']
[0.271s] Level 1:colcon.colcon_core.package_identification:_identify(model_4wd/config) by extension 'python_setup_py'
[0.271s] Level 1:colcon.colcon_core.package_identification:_identify(model_4wd/launch) by extensions ['ignore', 'ignore_ament_install']
[0.271s] Level 1:colcon.colcon_core.package_identification:_identify(model_4wd/launch) by extension 'ignore'
[0.271s] Level 1:colcon.colcon_core.package_identification:_identify(model_4wd/launch) by extension 'ignore_ament_install'
[0.271s] Level 1:colcon.colcon_core.package_identification:_identify(model_4wd/launch) by extensions ['colcon_pkg']
[0.271s] Level 1:colcon.colcon_core.package_identification:_identify(model_4wd/launch) by extension 'colcon_pkg'
[0.271s] Level 1:colcon.colcon_core.package_identification:_identify(model_4wd/launch) by extensions ['colcon_meta']
[0.271s] Level 1:colcon.colcon_core.package_identification:_identify(model_4wd/launch) by extension 'colcon_meta'
[0.271s] Level 1:colcon.colcon_core.package_identification:_identify(model_4wd/launch) by extensions ['ros']
[0.271s] Level 1:colcon.colcon_core.package_identification:_identify(model_4wd/launch) by extension 'ros'
[0.271s] Level 1:colcon.colcon_core.package_identification:_identify(model_4wd/launch) by extensions ['cmake', 'python']
[0.271s] Level 1:colcon.colcon_core.package_identification:_identify(model_4wd/launch) by extension 'cmake'
[0.271s] Level 1:colcon.colcon_core.package_identification:_identify(model_4wd/launch) by extension 'python'
[0.271s] Level 1:colcon.colcon_core.package_identification:_identify(model_4wd/launch) by extensions ['python_setup_py']
[0.271s] Level 1:colcon.colcon_core.package_identification:_identify(model_4wd/launch) by extension 'python_setup_py'
[0.271s] Level 1:colcon.colcon_core.package_identification:_identify(model_4wd/maps) by extensions ['ignore', 'ignore_ament_install']
[0.271s] Level 1:colcon.colcon_core.package_identification:_identify(model_4wd/maps) by extension 'ignore'
[0.271s] Level 1:colcon.colcon_core.package_identification:_identify(model_4wd/maps) by extension 'ignore_ament_install'
[0.271s] Level 1:colcon.colcon_core.package_identification:_identify(model_4wd/maps) by extensions ['colcon_pkg']
[0.271s] Level 1:colcon.colcon_core.package_identification:_identify(model_4wd/maps) by extension 'colcon_pkg'
[0.271s] Level 1:colcon.colcon_core.package_identification:_identify(model_4wd/maps) by extensions ['colcon_meta']
[0.271s] Level 1:colcon.colcon_core.package_identification:_identify(model_4wd/maps) by extension 'colcon_meta'
[0.271s] Level 1:colcon.colcon_core.package_identification:_identify(model_4wd/maps) by extensions ['ros']
[0.271s] Level 1:colcon.colcon_core.package_identification:_identify(model_4wd/maps) by extension 'ros'
[0.271s] Level 1:colcon.colcon_core.package_identification:_identify(model_4wd/maps) by extensions ['cmake', 'python']
[0.271s] Level 1:colcon.colcon_core.package_identification:_identify(model_4wd/maps) by extension 'cmake'
[0.271s] Level 1:colcon.colcon_core.package_identification:_identify(model_4wd/maps) by extension 'python'
[0.271s] Level 1:colcon.colcon_core.package_identification:_identify(model_4wd/maps) by extensions ['python_setup_py']
[0.271s] Level 1:colcon.colcon_core.package_identification:_identify(model_4wd/maps) by extension 'python_setup_py'
[0.271s] Level 1:colcon.colcon_core.package_identification:_identify(model_4wd/meshes) by extensions ['ignore', 'ignore_ament_install']
[0.271s] Level 1:colcon.colcon_core.package_identification:_identify(model_4wd/meshes) by extension 'ignore'
[0.271s] Level 1:colcon.colcon_core.package_identification:_identify(model_4wd/meshes) by extension 'ignore_ament_install'
[0.271s] Level 1:colcon.colcon_core.package_identification:_identify(model_4wd/meshes) by extensions ['colcon_pkg']
[0.271s] Level 1:colcon.colcon_core.package_identification:_identify(model_4wd/meshes) by extension 'colcon_pkg'
[0.271s] Level 1:colcon.colcon_core.package_identification:_identify(model_4wd/meshes) by extensions ['colcon_meta']
[0.272s] Level 1:colcon.colcon_core.package_identification:_identify(model_4wd/meshes) by extension 'colcon_meta'
[0.272s] Level 1:colcon.colcon_core.package_identification:_identify(model_4wd/meshes) by extensions ['ros']
[0.272s] Level 1:colcon.colcon_core.package_identification:_identify(model_4wd/meshes) by extension 'ros'
[0.272s] Level 1:colcon.colcon_core.package_identification:_identify(model_4wd/meshes) by extensions ['cmake', 'python']
[0.272s] Level 1:colcon.colcon_core.package_identification:_identify(model_4wd/meshes) by extension 'cmake'
[0.272s] Level 1:colcon.colcon_core.package_identification:_identify(model_4wd/meshes) by extension 'python'
[0.272s] Level 1:colcon.colcon_core.package_identification:_identify(model_4wd/meshes) by extensions ['python_setup_py']
[0.272s] Level 1:colcon.colcon_core.package_identification:_identify(model_4wd/meshes) by extension 'python_setup_py'
[0.272s] Level 1:colcon.colcon_core.package_identification:_identify(model_4wd/models) by extensions ['ignore', 'ignore_ament_install']
[0.272s] Level 1:colcon.colcon_core.package_identification:_identify(model_4wd/models) by extension 'ignore'
[0.272s] Level 1:colcon.colcon_core.package_identification:_identify(model_4wd/models) by extension 'ignore_ament_install'
[0.272s] Level 1:colcon.colcon_core.package_identification:_identify(model_4wd/models) by extensions ['colcon_pkg']
[0.272s] Level 1:colcon.colcon_core.package_identification:_identify(model_4wd/models) by extension 'colcon_pkg'
[0.272s] Level 1:colcon.colcon_core.package_identification:_identify(model_4wd/models) by extensions ['colcon_meta']
[0.272s] Level 1:colcon.colcon_core.package_identification:_identify(model_4wd/models) by extension 'colcon_meta'
[0.272s] Level 1:colcon.colcon_core.package_identification:_identify(model_4wd/models) by extensions ['ros']
[0.272s] Level 1:colcon.colcon_core.package_identification:_identify(model_4wd/models) by extension 'ros'
[0.272s] Level 1:colcon.colcon_core.package_identification:_identify(model_4wd/models) by extensions ['cmake', 'python']
[0.272s] Level 1:colcon.colcon_core.package_identification:_identify(model_4wd/models) by extension 'cmake'
[0.272s] Level 1:colcon.colcon_core.package_identification:_identify(model_4wd/models) by extension 'python'
[0.272s] Level 1:colcon.colcon_core.package_identification:_identify(model_4wd/models) by extensions ['python_setup_py']
[0.272s] Level 1:colcon.colcon_core.package_identification:_identify(model_4wd/models) by extension 'python_setup_py'
[0.272s] Level 1:colcon.colcon_core.package_identification:_identify(model_4wd/params) by extensions ['ignore', 'ignore_ament_install']
[0.272s] Level 1:colcon.colcon_core.package_identification:_identify(model_4wd/params) by extension 'ignore'
[0.272s] Level 1:colcon.colcon_core.package_identification:_identify(model_4wd/params) by extension 'ignore_ament_install'
[0.272s] Level 1:colcon.colcon_core.package_identification:_identify(model_4wd/params) by extensions ['colcon_pkg']
[0.272s] Level 1:colcon.colcon_core.package_identification:_identify(model_4wd/params) by extension 'colcon_pkg'
[0.272s] Level 1:colcon.colcon_core.package_identification:_identify(model_4wd/params) by extensions ['colcon_meta']
[0.272s] Level 1:colcon.colcon_core.package_identification:_identify(model_4wd/params) by extension 'colcon_meta'
[0.272s] Level 1:colcon.colcon_core.package_identification:_identify(model_4wd/params) by extensions ['ros']
[0.272s] Level 1:colcon.colcon_core.package_identification:_identify(model_4wd/params) by extension 'ros'
[0.272s] Level 1:colcon.colcon_core.package_identification:_identify(model_4wd/params) by extensions ['cmake', 'python']
[0.272s] Level 1:colcon.colcon_core.package_identification:_identify(model_4wd/params) by extension 'cmake'
[0.272s] Level 1:colcon.colcon_core.package_identification:_identify(model_4wd/params) by extension 'python'
[0.272s] Level 1:colcon.colcon_core.package_identification:_identify(model_4wd/params) by extensions ['python_setup_py']
[0.272s] Level 1:colcon.colcon_core.package_identification:_identify(model_4wd/params) by extension 'python_setup_py'
[0.272s] Level 1:colcon.colcon_core.package_identification:_identify(model_4wd/rviz) by extensions ['ignore', 'ignore_ament_install']
[0.272s] Level 1:colcon.colcon_core.package_identification:_identify(model_4wd/rviz) by extension 'ignore'
[0.272s] Level 1:colcon.colcon_core.package_identification:_identify(model_4wd/rviz) by extension 'ignore_ament_install'
[0.273s] Level 1:colcon.colcon_core.package_identification:_identify(model_4wd/rviz) by extensions ['colcon_pkg']
[0.273s] Level 1:colcon.colcon_core.package_identification:_identify(model_4wd/rviz) by extension 'colcon_pkg'
[0.273s] Level 1:colcon.colcon_core.package_identification:_identify(model_4wd/rviz) by extensions ['colcon_meta']
[0.273s] Level 1:colcon.colcon_core.package_identification:_identify(model_4wd/rviz) by extension 'colcon_meta'
[0.273s] Level 1:colcon.colcon_core.package_identification:_identify(model_4wd/rviz) by extensions ['ros']
[0.273s] Level 1:colcon.colcon_core.package_identification:_identify(model_4wd/rviz) by extension 'ros'
[0.273s] Level 1:colcon.colcon_core.package_identification:_identify(model_4wd/rviz) by extensions ['cmake', 'python']
[0.273s] Level 1:colcon.colcon_core.package_identification:_identify(model_4wd/rviz) by extension 'cmake'
[0.273s] Level 1:colcon.colcon_core.package_identification:_identify(model_4wd/rviz) by extension 'python'
[0.273s] Level 1:colcon.colcon_core.package_identification:_identify(model_4wd/rviz) by extensions ['python_setup_py']
[0.273s] Level 1:colcon.colcon_core.package_identification:_identify(model_4wd/rviz) by extension 'python_setup_py'
[0.273s] Level 1:colcon.colcon_core.package_identification:_identify(model_4wd/urdf) by extensions ['ignore', 'ignore_ament_install']
[0.273s] Level 1:colcon.colcon_core.package_identification:_identify(model_4wd/urdf) by extension 'ignore'
[0.273s] Level 1:colcon.colcon_core.package_identification:_identify(model_4wd/urdf) by extension 'ignore_ament_install'
[0.273s] Level 1:colcon.colcon_core.package_identification:_identify(model_4wd/urdf) by extensions ['colcon_pkg']
[0.273s] Level 1:colcon.colcon_core.package_identification:_identify(model_4wd/urdf) by extension 'colcon_pkg'
[0.273s] Level 1:colcon.colcon_core.package_identification:_identify(model_4wd/urdf) by extensions ['colcon_meta']
[0.273s] Level 1:colcon.colcon_core.package_identification:_identify(model_4wd/urdf) by extension 'colcon_meta'
[0.273s] Level 1:colcon.colcon_core.package_identification:_identify(model_4wd/urdf) by extensions ['ros']
[0.273s] Level 1:colcon.colcon_core.package_identification:_identify(model_4wd/urdf) by extension 'ros'
[0.273s] Level 1:colcon.colcon_core.package_identification:_identify(model_4wd/urdf) by extensions ['cmake', 'python']
[0.273s] Level 1:colcon.colcon_core.package_identification:_identify(model_4wd/urdf) by extension 'cmake'
[0.273s] Level 1:colcon.colcon_core.package_identification:_identify(model_4wd/urdf) by extension 'python'
[0.273s] Level 1:colcon.colcon_core.package_identification:_identify(model_4wd/urdf) by extensions ['python_setup_py']
[0.273s] Level 1:colcon.colcon_core.package_identification:_identify(model_4wd/urdf) by extension 'python_setup_py'
[0.273s] Level 1:colcon.colcon_core.package_identification:_identify(model_4wd/worlds) by extensions ['ignore', 'ignore_ament_install']
[0.273s] Level 1:colcon.colcon_core.package_identification:_identify(model_4wd/worlds) by extension 'ignore'
[0.273s] Level 1:colcon.colcon_core.package_identification:_identify(model_4wd/worlds) by extension 'ignore_ament_install'
[0.273s] Level 1:colcon.colcon_core.package_identification:_identify(model_4wd/worlds) by extensions ['colcon_pkg']
[0.273s] Level 1:colcon.colcon_core.package_identification:_identify(model_4wd/worlds) by extension 'colcon_pkg'
[0.273s] Level 1:colcon.colcon_core.package_identification:_identify(model_4wd/worlds) by extensions ['colcon_meta']
[0.273s] Level 1:colcon.colcon_core.package_identification:_identify(model_4wd/worlds) by extension 'colcon_meta'
[0.273s] Level 1:colcon.colcon_core.package_identification:_identify(model_4wd/worlds) by extensions ['ros']
[0.273s] Level 1:colcon.colcon_core.package_identification:_identify(model_4wd/worlds) by extension 'ros'
[0.273s] Level 1:colcon.colcon_core.package_identification:_identify(model_4wd/worlds) by extensions ['cmake', 'python']
[0.273s] Level 1:colcon.colcon_core.package_identification:_identify(model_4wd/worlds) by extension 'cmake'
[0.273s] Level 1:colcon.colcon_core.package_identification:_identify(model_4wd/worlds) by extension 'python'
[0.273s] Level 1:colcon.colcon_core.package_identification:_identify(model_4wd/worlds) by extensions ['python_setup_py']
[0.273s] Level 1:colcon.colcon_core.package_identification:_identify(model_4wd/worlds) by extension 'python_setup_py'
[0.274s] Level 1:colcon.colcon_core.package_identification:_identify(my_first_pkg) by extensions ['ignore', 'ignore_ament_install']
[0.274s] Level 1:colcon.colcon_core.package_identification:_identify(my_first_pkg) by extension 'ignore'
[0.274s] Level 1:colcon.colcon_core.package_identification:_identify(my_first_pkg) by extension 'ignore_ament_install'
[0.274s] Level 1:colcon.colcon_core.package_identification:_identify(my_first_pkg) by extensions ['colcon_pkg']
[0.274s] Level 1:colcon.colcon_core.package_identification:_identify(my_first_pkg) by extension 'colcon_pkg'
[0.274s] Level 1:colcon.colcon_core.package_identification:_identify(my_first_pkg) by extensions ['colcon_meta']
[0.274s] Level 1:colcon.colcon_core.package_identification:_identify(my_first_pkg) by extension 'colcon_meta'
[0.274s] Level 1:colcon.colcon_core.package_identification:_identify(my_first_pkg) by extensions ['ros']
[0.274s] Level 1:colcon.colcon_core.package_identification:_identify(my_first_pkg) by extension 'ros'
[0.274s] DEBUG:colcon.colcon_core.package_identification:Package 'my_first_pkg' with type 'ros.ament_python' and name 'my_first_pkg'
[0.274s] Level 1:colcon.colcon_core.package_identification:_identify(my_package) by extensions ['ignore', 'ignore_ament_install']
[0.274s] Level 1:colcon.colcon_core.package_identification:_identify(my_package) by extension 'ignore'
[0.274s] Level 1:colcon.colcon_core.package_identification:_identify(my_package) by extension 'ignore_ament_install'
[0.274s] Level 1:colcon.colcon_core.package_identification:_identify(my_package) by extensions ['colcon_pkg']
[0.274s] Level 1:colcon.colcon_core.package_identification:_identify(my_package) by extension 'colcon_pkg'
[0.274s] Level 1:colcon.colcon_core.package_identification:_identify(my_package) by extensions ['colcon_meta']
[0.274s] Level 1:colcon.colcon_core.package_identification:_identify(my_package) by extension 'colcon_meta'
[0.274s] Level 1:colcon.colcon_core.package_identification:_identify(my_package) by extensions ['ros']
[0.274s] Level 1:colcon.colcon_core.package_identification:_identify(my_package) by extension 'ros'
[0.275s] DEBUG:colcon.colcon_core.package_identification:Package 'my_package' with type 'ros.ament_cmake' and name 'my_package'
[0.275s] Level 1:colcon.colcon_core.package_identification:_identify(parameter_handler) by extensions ['ignore', 'ignore_ament_install']
[0.275s] Level 1:colcon.colcon_core.package_identification:_identify(parameter_handler) by extension 'ignore'
[0.275s] Level 1:colcon.colcon_core.package_identification:_identify(parameter_handler) by extension 'ignore_ament_install'
[0.275s] Level 1:colcon.colcon_core.package_identification:_identify(parameter_handler) by extensions ['colcon_pkg']
[0.275s] Level 1:colcon.colcon_core.package_identification:_identify(parameter_handler) by extension 'colcon_pkg'
[0.275s] Level 1:colcon.colcon_core.package_identification:_identify(parameter_handler) by extensions ['colcon_meta']
[0.275s] Level 1:colcon.colcon_core.package_identification:_identify(parameter_handler) by extension 'colcon_meta'
[0.275s] Level 1:colcon.colcon_core.package_identification:_identify(parameter_handler) by extensions ['ros']
[0.275s] Level 1:colcon.colcon_core.package_identification:_identify(parameter_handler) by extension 'ros'
[0.275s] DEBUG:colcon.colcon_core.package_identification:Package 'parameter_handler' with type 'ros.ament_cmake' and name 'parameter_handler1'
[0.275s] Level 1:colcon.colcon_core.package_identification:_identify(polygon_base) by extensions ['ignore', 'ignore_ament_install']
[0.275s] Level 1:colcon.colcon_core.package_identification:_identify(polygon_base) by extension 'ignore'
[0.275s] Level 1:colcon.colcon_core.package_identification:_identify(polygon_base) by extension 'ignore_ament_install'
[0.275s] Level 1:colcon.colcon_core.package_identification:_identify(polygon_base) by extensions ['colcon_pkg']
[0.275s] Level 1:colcon.colcon_core.package_identification:_identify(polygon_base) by extension 'colcon_pkg'
[0.275s] Level 1:colcon.colcon_core.package_identification:_identify(polygon_base) by extensions ['colcon_meta']
[0.275s] Level 1:colcon.colcon_core.package_identification:_identify(polygon_base) by extension 'colcon_meta'
[0.275s] Level 1:colcon.colcon_core.package_identification:_identify(polygon_base) by extensions ['ros']
[0.275s] Level 1:colcon.colcon_core.package_identification:_identify(polygon_base) by extension 'ros'
[0.276s] DEBUG:colcon.colcon_core.package_identification:Package 'polygon_base' with type 'ros.ament_cmake' and name 'polygon_base'
[0.276s] Level 1:colcon.colcon_core.package_identification:_identify(polygon_plugins) by extensions ['ignore', 'ignore_ament_install']
[0.276s] Level 1:colcon.colcon_core.package_identification:_identify(polygon_plugins) by extension 'ignore'
[0.276s] Level 1:colcon.colcon_core.package_identification:_identify(polygon_plugins) by extension 'ignore_ament_install'
[0.276s] Level 1:colcon.colcon_core.package_identification:_identify(polygon_plugins) by extensions ['colcon_pkg']
[0.276s] Level 1:colcon.colcon_core.package_identification:_identify(polygon_plugins) by extension 'colcon_pkg'
[0.276s] Level 1:colcon.colcon_core.package_identification:_identify(polygon_plugins) by extensions ['colcon_meta']
[0.276s] Level 1:colcon.colcon_core.package_identification:_identify(polygon_plugins) by extension 'colcon_meta'
[0.276s] Level 1:colcon.colcon_core.package_identification:_identify(polygon_plugins) by extensions ['ros']
[0.276s] Level 1:colcon.colcon_core.package_identification:_identify(polygon_plugins) by extension 'ros'
[0.276s] DEBUG:colcon.colcon_core.package_identification:Package 'polygon_plugins' with type 'ros.ament_cmake' and name 'polygon_plugins'
[0.276s] Level 1:colcon.colcon_core.package_identification:_identify(static_broadcast) by extensions ['ignore', 'ignore_ament_install']
[0.276s] Level 1:colcon.colcon_core.package_identification:_identify(static_broadcast) by extension 'ignore'
[0.276s] Level 1:colcon.colcon_core.package_identification:_identify(static_broadcast) by extension 'ignore_ament_install'
[0.277s] Level 1:colcon.colcon_core.package_identification:_identify(static_broadcast) by extensions ['colcon_pkg']
[0.277s] Level 1:colcon.colcon_core.package_identification:_identify(static_broadcast) by extension 'colcon_pkg'
[0.277s] Level 1:colcon.colcon_core.package_identification:_identify(static_broadcast) by extensions ['colcon_meta']
[0.277s] Level 1:colcon.colcon_core.package_identification:_identify(static_broadcast) by extension 'colcon_meta'
[0.277s] Level 1:colcon.colcon_core.package_identification:_identify(static_broadcast) by extensions ['ros']
[0.277s] Level 1:colcon.colcon_core.package_identification:_identify(static_broadcast) by extension 'ros'
[0.277s] DEBUG:colcon.colcon_core.package_identification:Package 'static_broadcast' with type 'ros.ament_cmake' and name 'static_broadcast'
[0.277s] Level 1:colcon.colcon_core.package_identification:_identify(tut_interfaces) by extensions ['ignore', 'ignore_ament_install']
[0.277s] Level 1:colcon.colcon_core.package_identification:_identify(tut_interfaces) by extension 'ignore'
[0.277s] Level 1:colcon.colcon_core.package_identification:_identify(tut_interfaces) by extension 'ignore_ament_install'
[0.277s] Level 1:colcon.colcon_core.package_identification:_identify(tut_interfaces) by extensions ['colcon_pkg']
[0.277s] Level 1:colcon.colcon_core.package_identification:_identify(tut_interfaces) by extension 'colcon_pkg'
[0.277s] Level 1:colcon.colcon_core.package_identification:_identify(tut_interfaces) by extensions ['colcon_meta']
[0.277s] Level 1:colcon.colcon_core.package_identification:_identify(tut_interfaces) by extension 'colcon_meta'
[0.277s] Level 1:colcon.colcon_core.package_identification:_identify(tut_interfaces) by extensions ['ros']
[0.277s] Level 1:colcon.colcon_core.package_identification:_identify(tut_interfaces) by extension 'ros'
[0.278s] DEBUG:colcon.colcon_core.package_identification:Package 'tut_interfaces' with type 'ros.ament_cmake' and name 'tut_interfaces'
[0.278s] Level 1:colcon.colcon_core.package_discovery:discover_packages(recursive) using defaults
[0.278s] Level 1:colcon.colcon_core.package_discovery:discover_packages(ignore) discover
[0.278s] Level 1:colcon.colcon_core.package_discovery:discover_packages(ignore) using defaults
[0.278s] Level 1:colcon.colcon_core.package_discovery:discover_packages(path) discover
[0.278s] Level 1:colcon.colcon_core.package_discovery:discover_packages(path) using defaults
[0.279s] WARNING:colcon.colcon_core.package_selection:ignoring unknown package 'model_4wd/' in --packages-select
[0.295s] INFO:colcon.colcon_core.package_selection:Skipping not selected package 'cpp_parameters' in 'cpp_parameters'
[0.295s] INFO:colcon.colcon_core.package_selection:Skipping not selected package 'cpp_pub' in 'cpp_pub'
[0.295s] INFO:colcon.colcon_core.package_selection:Skipping not selected package 'cpp_srvcli' in 'cpp_srvcli'
[0.295s] INFO:colcon.colcon_core.package_selection:Skipping not selected package 'my_first_pkg' in 'my_first_pkg'
[0.295s] INFO:colcon.colcon_core.package_selection:Skipping not selected package 'my_package' in 'my_package'
[0.295s] INFO:colcon.colcon_core.package_selection:Skipping not selected package 'parameter_handler1' in 'parameter_handler'
[0.295s] INFO:colcon.colcon_core.package_selection:Skipping not selected package 'polygon_base' in 'polygon_base'
[0.295s] INFO:colcon.colcon_core.package_selection:Skipping not selected package 'static_broadcast' in 'static_broadcast'
[0.295s] INFO:colcon.colcon_core.package_selection:Skipping not selected package 'tut_interfaces' in 'tut_interfaces'
[0.295s] INFO:colcon.colcon_core.package_selection:Skipping not selected package 'arm_checker' in 'fib_checker'
[0.295s] INFO:colcon.colcon_core.package_selection:Skipping not selected package 'polygon_plugins' in 'polygon_plugins'
[0.296s] Level 1:colcon.colcon_core.package_discovery:discover_packages(prefix_path) check parameters
[0.296s] Level 1:colcon.colcon_core.package_discovery:discover_packages(prefix_path) discover
[0.298s] DEBUG:colcon.colcon_installed_package_information.package_discovery:Found 18 installed packages in /home/sid/ros2_ws/install
[0.300s] DEBUG:colcon.colcon_installed_package_information.package_discovery:Found 401 installed packages in /opt/ros/iron
[0.313s] Level 1:colcon.colcon_core.package_discovery:discover_packages(prefix_path) using defaults
[0.342s] INFO:colcon.colcon_core.executor:Executing jobs using 'parallel' executor
[0.345s] DEBUG:colcon.colcon_parallel_executor.executor.parallel:run_until_complete
[0.345s] DEBUG:colcon.colcon_parallel_executor.executor.parallel:closing loop
[0.345s] DEBUG:colcon.colcon_parallel_executor.executor.parallel:loop closed
[0.345s] DEBUG:colcon.colcon_parallel_executor.executor.parallel:run_until_complete finished with '0'
[0.345s] DEBUG:colcon.colcon_core.event_reactor:joining thread
[0.349s] INFO:colcon.colcon_core.plugin_system:Skipping extension 'colcon_notification.desktop_notification.terminal_notifier': Not used on non-Darwin systems
[0.349s] INFO:colcon.colcon_core.plugin_system:Skipping extension 'colcon_notification.desktop_notification.win32': Not used on non-Windows systems
[0.349s] INFO:colcon.colcon_notification.desktop_notification:Sending desktop notification using 'notify2'
[0.356s] DEBUG:colcon.colcon_core.event_reactor:joined thread
[0.358s] INFO:colcon.colcon_core.plugin_system:Skipping extension 'colcon_core.shell.bat': Not used on non-Windows systems
[0.359s] INFO:colcon.colcon_core.shell:Creating prefix script '/home/sid/ros2_ws/src/install/local_setup.ps1'
[0.360s] INFO:colcon.colcon_core.shell:Creating prefix util module '/home/sid/ros2_ws/src/install/_local_setup_util_ps1.py'
[0.360s] INFO:colcon.colcon_core.shell:Creating prefix chain script '/home/sid/ros2_ws/src/install/setup.ps1'
[0.362s] INFO:colcon.colcon_core.shell:Creating prefix script '/home/sid/ros2_ws/src/install/local_setup.sh'
[0.362s] INFO:colcon.colcon_core.shell:Creating prefix util module '/home/sid/ros2_ws/src/install/_local_setup_util_sh.py'
[0.362s] INFO:colcon.colcon_core.shell:Creating prefix chain script '/home/sid/ros2_ws/src/install/setup.sh'
[0.363s] INFO:colcon.colcon_core.shell:Creating prefix script '/home/sid/ros2_ws/src/install/local_setup.bash'
[0.363s] INFO:colcon.colcon_core.shell:Creating prefix chain script '/home/sid/ros2_ws/src/install/setup.bash'
[0.365s] INFO:colcon.colcon_core.shell:Creating prefix script '/home/sid/ros2_ws/src/install/local_setup.zsh'
[0.365s] INFO:colcon.colcon_core.shell:Creating prefix chain script '/home/sid/ros2_ws/src/install/setup.zsh'
