-- The C compiler identification is GNU 11.4.0
-- The CXX compiler identification is GNU 11.4.0
-- Detecting C compiler ABI info
-- Detecting C compiler ABI info - done
-- Check for working C compiler: /usr/bin/cc - skipped
-- Detecting C compile features
-- Detecting C compile features - done
-- Detecting CXX compiler ABI info
-- Detecting CXX compiler ABI info - done
-- Check for working CXX compiler: /usr/bin/c++ - skipped
-- Detecting CXX compile features
-- Detecting CXX compile features - done
-- Found ament_cmake: 2.0.3 (/opt/ros/iron/share/ament_cmake/cmake)
-- Found Python3: /usr/bin/python3.10 (found version "3.10.12") found components: Interpreter 
-- Found ament_lint_auto: 0.14.1 (/opt/ros/iron/share/ament_lint_auto/cmake)
-- Added test 'lint_cmake' to check CMake code style
-- Added test 'xmllint' to check XML markup files
-- Configuring done (0.9s)
-- Generating done (0.0s)
-- Build files have been written to: /home/sid/ros2_ws/build/4wd-robot
-- Install configuration: ""
-- Installing: /home/sid/ros2_ws/install/4wd-robot/share/ament_index/resource_index/package_run_dependencies/4wd-robot
-- Installing: /home/sid/ros2_ws/install/4wd-robot/share/ament_index/resource_index/parent_prefix_path/4wd-robot
-- Installing: /home/sid/ros2_ws/install/4wd-robot/share/4wd-robot/environment/ament_prefix_path.sh
-- Installing: /home/sid/ros2_ws/install/4wd-robot/share/4wd-robot/environment/ament_prefix_path.dsv
-- Installing: /home/sid/ros2_ws/install/4wd-robot/share/4wd-robot/environment/path.sh
-- Installing: /home/sid/ros2_ws/install/4wd-robot/share/4wd-robot/environment/path.dsv
-- Installing: /home/sid/ros2_ws/install/4wd-robot/share/4wd-robot/local_setup.bash
-- Installing: /home/sid/ros2_ws/install/4wd-robot/share/4wd-robot/local_setup.sh
-- Installing: /home/sid/ros2_ws/install/4wd-robot/share/4wd-robot/local_setup.zsh
-- Installing: /home/sid/ros2_ws/install/4wd-robot/share/4wd-robot/local_setup.dsv
-- Installing: /home/sid/ros2_ws/install/4wd-robot/share/4wd-robot/package.dsv
-- Installing: /home/sid/ros2_ws/install/4wd-robot/share/ament_index/resource_index/packages/4wd-robot
-- Installing: /home/sid/ros2_ws/install/4wd-robot/share/4wd-robot/cmake/4wd-robotConfig.cmake
-- Installing: /home/sid/ros2_ws/install/4wd-robot/share/4wd-robot/cmake/4wd-robotConfig-version.cmake
-- Installing: /home/sid/ros2_ws/install/4wd-robot/share/4wd-robot/package.xml
