[0.013s] Invoking command in '/home/sid/ros2_ws/build/4wd-robot': CMAKE_PREFIX_PATH=${CMAKE_PREFIX_PATH}:/home/sid/ros2_ws/install/my_first_pkg:/opt/ros/iron /home/sid/.local/bin/cmake /home/sid/ros2_ws/src/4wd-robot -DCMAKE_INSTALL_PREFIX=/home/sid/ros2_ws/install/4wd-robot
[0.134s] -- The C compiler identification is GNU 11.4.0
[0.200s] -- The CXX compiler identification is GNU 11.4.0
[0.210s] -- Detecting C compiler ABI info
[0.256s] -- Detecting C compiler ABI info - done
[0.263s] -- Check for working C compiler: /usr/bin/cc - skipped
[0.263s] -- Detecting C compile features
[0.264s] -- Detecting C compile features - done
[0.267s] -- Detecting CXX compiler ABI info
[0.315s] -- Detecting CXX compiler ABI info - done
[0.322s] -- Check for working CXX compiler: /usr/bin/c++ - skipped
[0.322s] -- Detecting CXX compile features
[0.323s] -- Detecting CXX compile features - done
[0.330s] -- Found ament_cmake: 2.0.3 (/opt/ros/iron/share/ament_cmake/cmake)
[0.786s] -- Found Python3: /usr/bin/python3.10 (found version "3.10.12") found components: Interpreter 
[0.885s] -- Found ament_lint_auto: 0.14.1 (/opt/ros/iron/share/ament_lint_auto/cmake)
[0.924s] WARNING: Package name "4wd-robot" does not follow the naming conventions. It should start with a lower case letter and only contain lower case letters, digits, underscores, and dashes.
[0.954s] -- Added test 'lint_cmake' to check CMake code style
[0.955s] -- Added test 'xmllint' to check XML markup files
[0.957s] -- Configuring done (0.9s)
[0.959s] -- Generating done (0.0s)
[0.960s] -- Build files have been written to: /home/sid/ros2_ws/build/4wd-robot
[0.966s] Invoked command in '/home/sid/ros2_ws/build/4wd-robot' returned '0': CMAKE_PREFIX_PATH=${CMAKE_PREFIX_PATH}:/home/sid/ros2_ws/install/my_first_pkg:/opt/ros/iron /home/sid/.local/bin/cmake /home/sid/ros2_ws/src/4wd-robot -DCMAKE_INSTALL_PREFIX=/home/sid/ros2_ws/install/4wd-robot
[0.968s] Invoking command in '/home/sid/ros2_ws/build/4wd-robot': CMAKE_PREFIX_PATH=${CMAKE_PREFIX_PATH}:/home/sid/ros2_ws/install/my_first_pkg:/opt/ros/iron /home/sid/.local/bin/cmake --build /home/sid/ros2_ws/build/4wd-robot -- -j8 -l8
[1.001s] Invoked command in '/home/sid/ros2_ws/build/4wd-robot' returned '0': CMAKE_PREFIX_PATH=${CMAKE_PREFIX_PATH}:/home/sid/ros2_ws/install/my_first_pkg:/opt/ros/iron /home/sid/.local/bin/cmake --build /home/sid/ros2_ws/build/4wd-robot -- -j8 -l8
[1.062s] Invoking command in '/home/sid/ros2_ws/build/4wd-robot': CMAKE_PREFIX_PATH=${CMAKE_PREFIX_PATH}:/home/sid/ros2_ws/install/my_first_pkg:/opt/ros/iron /home/sid/.local/bin/cmake --install /home/sid/ros2_ws/build/4wd-robot
[1.085s] -- Install configuration: ""
[1.085s] -- Installing: /home/sid/ros2_ws/install/4wd-robot/share/ament_index/resource_index/package_run_dependencies/4wd-robot
[1.085s] -- Installing: /home/sid/ros2_ws/install/4wd-robot/share/ament_index/resource_index/parent_prefix_path/4wd-robot
[1.085s] -- Installing: /home/sid/ros2_ws/install/4wd-robot/share/4wd-robot/environment/ament_prefix_path.sh
[1.085s] -- Installing: /home/sid/ros2_ws/install/4wd-robot/share/4wd-robot/environment/ament_prefix_path.dsv
[1.085s] -- Installing: /home/sid/ros2_ws/install/4wd-robot/share/4wd-robot/environment/path.sh
[1.086s] -- Installing: /home/sid/ros2_ws/install/4wd-robot/share/4wd-robot/environment/path.dsv
[1.086s] -- Installing: /home/sid/ros2_ws/install/4wd-robot/share/4wd-robot/local_setup.bash
[1.086s] -- Installing: /home/sid/ros2_ws/install/4wd-robot/share/4wd-robot/local_setup.sh
[1.086s] -- Installing: /home/sid/ros2_ws/install/4wd-robot/share/4wd-robot/local_setup.zsh
[1.086s] -- Installing: /home/sid/ros2_ws/install/4wd-robot/share/4wd-robot/local_setup.dsv
[1.086s] -- Installing: /home/sid/ros2_ws/install/4wd-robot/share/4wd-robot/package.dsv
[1.086s] -- Installing: /home/sid/ros2_ws/install/4wd-robot/share/ament_index/resource_index/packages/4wd-robot
[1.086s] -- Installing: /home/sid/ros2_ws/install/4wd-robot/share/4wd-robot/cmake/4wd-robotConfig.cmake
[1.086s] -- Installing: /home/sid/ros2_ws/install/4wd-robot/share/4wd-robot/cmake/4wd-robotConfig-version.cmake
[1.086s] -- Installing: /home/sid/ros2_ws/install/4wd-robot/share/4wd-robot/package.xml
[1.091s] Invoked command in '/home/sid/ros2_ws/build/4wd-robot' returned '0': CMAKE_PREFIX_PATH=${CMAKE_PREFIX_PATH}:/home/sid/ros2_ws/install/my_first_pkg:/opt/ros/iron /home/sid/.local/bin/cmake --install /home/sid/ros2_ws/build/4wd-robot
