[0.010s] Invoking command in '/home/sid/ros2_ws/build/cpp_srvcli': CMAKE_PREFIX_PATH=${CMAKE_PREFIX_PATH}:/home/sid/ros2_ws/install/my_first_pkg:/opt/ros/iron /home/sid/.local/bin/cmake --build /home/sid/ros2_ws/build/cpp_srvcli -- -j8 -l8
[0.041s] -- Found ament_cmake: 2.0.3 (/opt/ros/iron/share/ament_cmake/cmake)
[0.139s] -- Found rclcpp: 21.0.1 (/opt/ros/iron/share/rclcpp/cmake)
[0.183s] -- Found rosidl_generator_c: 4.0.0 (/opt/ros/iron/share/rosidl_generator_c/cmake)
[0.193s] -- Found rosidl_generator_cpp: 4.0.0 (/opt/ros/iron/share/rosidl_generator_cpp/cmake)
[0.209s] -- Using all available rosidl_typesupport_c: rosidl_typesupport_fastrtps_c;rosidl_typesupport_introspection_c
[0.232s] -- Using all available rosidl_typesupport_cpp: rosidl_typesupport_fastrtps_cpp;rosidl_typesupport_introspection_cpp
[0.384s] -- Found rmw_implementation_cmake: 7.1.0 (/opt/ros/iron/share/rmw_implementation_cmake/cmake)
[0.386s] -- Found rmw_fastrtps_cpp: 7.1.1 (/opt/ros/iron/share/rmw_fastrtps_cpp/cmake)
[0.498s] -- Using RMW implementation 'rmw_fastrtps_cpp' as default
[0.636s] -- Found example_interfaces: 0.10.2 (/opt/ros/iron/share/example_interfaces/cmake)
[0.791s] -- Found ament_lint_auto: 0.14.1 (/opt/ros/iron/share/ament_lint_auto/cmake)
[0.853s] -- Added test 'cppcheck' to perform static code analysis on C / C++ code
[0.854s] -- Configured cppcheck include dirs: 
[0.854s] -- Configured cppcheck exclude dirs and/or files: 
[0.854s] -- Added test 'lint_cmake' to check CMake code style
[0.855s] -- Added test 'uncrustify' to check C / C++ code style
[0.855s] -- Configured uncrustify additional arguments: 
[0.855s] -- Added test 'xmllint' to check XML markup files
[0.857s] -- Configuring done (0.8s)
[0.875s] -- Generating done (0.0s)
[0.876s] -- Build files have been written to: /home/sid/ros2_ws/build/cpp_srvcli
[0.900s] [100%] Built target server
[0.901s] [100%] Built target client
[0.908s] Invoked command in '/home/sid/ros2_ws/build/cpp_srvcli' returned '0': CMAKE_PREFIX_PATH=${CMAKE_PREFIX_PATH}:/home/sid/ros2_ws/install/my_first_pkg:/opt/ros/iron /home/sid/.local/bin/cmake --build /home/sid/ros2_ws/build/cpp_srvcli -- -j8 -l8
[0.973s] Invoking command in '/home/sid/ros2_ws/build/cpp_srvcli': CMAKE_PREFIX_PATH=${CMAKE_PREFIX_PATH}:/home/sid/ros2_ws/install/my_first_pkg:/opt/ros/iron /home/sid/.local/bin/cmake --install /home/sid/ros2_ws/build/cpp_srvcli
[0.994s] -- Install configuration: ""
[0.994s] -- Installing: /home/sid/ros2_ws/install/cpp_srvcli/lib/cpp_srvcli/server
[0.995s] -- Set runtime path of "/home/sid/ros2_ws/install/cpp_srvcli/lib/cpp_srvcli/server" to ""
[0.995s] -- Installing: /home/sid/ros2_ws/install/cpp_srvcli/lib/cpp_srvcli/client
[0.996s] -- Set runtime path of "/home/sid/ros2_ws/install/cpp_srvcli/lib/cpp_srvcli/client" to ""
[0.996s] -- Up-to-date: /home/sid/ros2_ws/install/cpp_srvcli/share/ament_index/resource_index/package_run_dependencies/cpp_srvcli
[0.996s] -- Up-to-date: /home/sid/ros2_ws/install/cpp_srvcli/share/ament_index/resource_index/parent_prefix_path/cpp_srvcli
[0.996s] -- Up-to-date: /home/sid/ros2_ws/install/cpp_srvcli/share/cpp_srvcli/environment/ament_prefix_path.sh
[0.996s] -- Up-to-date: /home/sid/ros2_ws/install/cpp_srvcli/share/cpp_srvcli/environment/ament_prefix_path.dsv
[0.996s] -- Up-to-date: /home/sid/ros2_ws/install/cpp_srvcli/share/cpp_srvcli/environment/path.sh
[0.996s] -- Up-to-date: /home/sid/ros2_ws/install/cpp_srvcli/share/cpp_srvcli/environment/path.dsv
[0.996s] -- Up-to-date: /home/sid/ros2_ws/install/cpp_srvcli/share/cpp_srvcli/local_setup.bash
[0.996s] -- Up-to-date: /home/sid/ros2_ws/install/cpp_srvcli/share/cpp_srvcli/local_setup.sh
[0.996s] -- Up-to-date: /home/sid/ros2_ws/install/cpp_srvcli/share/cpp_srvcli/local_setup.zsh
[0.996s] -- Up-to-date: /home/sid/ros2_ws/install/cpp_srvcli/share/cpp_srvcli/local_setup.dsv
[0.996s] -- Installing: /home/sid/ros2_ws/install/cpp_srvcli/share/cpp_srvcli/package.dsv
[0.996s] -- Up-to-date: /home/sid/ros2_ws/install/cpp_srvcli/share/ament_index/resource_index/packages/cpp_srvcli
[0.996s] -- Up-to-date: /home/sid/ros2_ws/install/cpp_srvcli/share/cpp_srvcli/cmake/cpp_srvcliConfig.cmake
[0.997s] -- Up-to-date: /home/sid/ros2_ws/install/cpp_srvcli/share/cpp_srvcli/cmake/cpp_srvcliConfig-version.cmake
[0.997s] -- Up-to-date: /home/sid/ros2_ws/install/cpp_srvcli/share/cpp_srvcli/package.xml
[1.002s] Invoked command in '/home/sid/ros2_ws/build/cpp_srvcli' returned '0': CMAKE_PREFIX_PATH=${CMAKE_PREFIX_PATH}:/home/sid/ros2_ws/install/my_first_pkg:/opt/ros/iron /home/sid/.local/bin/cmake --install /home/sid/ros2_ws/build/cpp_srvcli
